2026-07-19 14:32:59 INFO     Query: SRR15852400                  download.py:373
                    INFO     Archive: ENA                        download.py:374
                    INFO     Total Runs To Download: 1           download.py:379
                    INFO     Working on run SRR15852400...       download.py:402
                    INFO     /mnt/nvme0n1/e3_work/3b_D2_subset_PRJNA7 ena.py:202
                             62469_fastq-dl_rep2/SRR15852400_1.fastq.           
                             gz FTP download attempt 1                          
2026-07-19 14:33:54 INFO     Successfully downloaded                  ena.py:232
                             /mnt/nvme0n1/e3_work/3b_D2_subset_PRJNA7           
                             62469_fastq-dl_rep2/SRR15852400_1.fastq.           
                             gz                                                 
                    INFO     /mnt/nvme0n1/e3_work/3b_D2_subset_PRJNA7 ena.py:202
                             62469_fastq-dl_rep2/SRR15852400_2.fastq.           
                             gz FTP download attempt 1                          
2026-07-19 14:34:52 INFO     Successfully downloaded                  ena.py:232
                             /mnt/nvme0n1/e3_work/3b_D2_subset_PRJNA7           
                             62469_fastq-dl_rep2/SRR15852400_2.fastq.           
                             gz                                                 
                    INFO     Writing metadata to                 download.py:469
                             /mnt/nvme0n1/e3_work/3b_D2_subset_P                
                             RJNA762469_fastq-dl_rep2/fastq-run-                
                             info.tsv                                           
2026-07-19 14:34:53 INFO     Query: SRR15852404                  download.py:373
                    INFO     Archive: ENA                        download.py:374
                    INFO     Total Runs To Download: 1           download.py:379
                    INFO     Working on run SRR15852404...       download.py:402
                    INFO     /mnt/nvme0n1/e3_work/3b_D2_subset_PRJNA7 ena.py:202
                             62469_fastq-dl_rep2/SRR15852404_1.fastq.           
                             gz FTP download attempt 1                          
2026-07-19 14:36:05 INFO     Successfully downloaded                  ena.py:232
                             /mnt/nvme0n1/e3_work/3b_D2_subset_PRJNA7           
                             62469_fastq-dl_rep2/SRR15852404_1.fastq.           
                             gz                                                 
                    INFO     /mnt/nvme0n1/e3_work/3b_D2_subset_PRJNA7 ena.py:202
                             62469_fastq-dl_rep2/SRR15852404_2.fastq.           
                             gz FTP download attempt 1                          
2026-07-19 14:37:48 INFO     Successfully downloaded                  ena.py:232
                             /mnt/nvme0n1/e3_work/3b_D2_subset_PRJNA7           
                             62469_fastq-dl_rep2/SRR15852404_2.fastq.           
                             gz                                                 
                    INFO     Writing metadata to                 download.py:469
                             /mnt/nvme0n1/e3_work/3b_D2_subset_P                
                             RJNA762469_fastq-dl_rep2/fastq-run-                
                             info.tsv                                           
2026-07-19 14:37:49 INFO     Query: SRR15852406                  download.py:373
                    INFO     Archive: ENA                        download.py:374
                    INFO     Total Runs To Download: 1           download.py:379
                    INFO     Working on run SRR15852406...       download.py:402
                    INFO     /mnt/nvme0n1/e3_work/3b_D2_subset_PRJNA7 ena.py:202
                             62469_fastq-dl_rep2/SRR15852406_1.fastq.           
                             gz FTP download attempt 1                          
2026-07-19 14:38:37 INFO     Successfully downloaded                  ena.py:232
                             /mnt/nvme0n1/e3_work/3b_D2_subset_PRJNA7           
                             62469_fastq-dl_rep2/SRR15852406_1.fastq.           
                             gz                                                 
                    INFO     /mnt/nvme0n1/e3_work/3b_D2_subset_PRJNA7 ena.py:202
                             62469_fastq-dl_rep2/SRR15852406_2.fastq.           
                             gz FTP download attempt 1                          
2026-07-19 14:39:18 INFO     Successfully downloaded                  ena.py:232
                             /mnt/nvme0n1/e3_work/3b_D2_subset_PRJNA7           
                             62469_fastq-dl_rep2/SRR15852406_2.fastq.           
                             gz                                                 
                    INFO     Writing metadata to                 download.py:469
                             /mnt/nvme0n1/e3_work/3b_D2_subset_P                
                             RJNA762469_fastq-dl_rep2/fastq-run-                
                             info.tsv                                           
2026-07-19 14:39:19 INFO     Query: SRR15852407                  download.py:373
                    INFO     Archive: ENA                        download.py:374
                    INFO     Total Runs To Download: 1           download.py:379
                    INFO     Working on run SRR15852407...       download.py:402
                    INFO     /mnt/nvme0n1/e3_work/3b_D2_subset_PRJNA7 ena.py:202
                             62469_fastq-dl_rep2/SRR15852407_1.fastq.           
                             gz FTP download attempt 1                          
2026-07-19 14:40:25 INFO     Successfully downloaded                  ena.py:232
                             /mnt/nvme0n1/e3_work/3b_D2_subset_PRJNA7           
                             62469_fastq-dl_rep2/SRR15852407_1.fastq.           
                             gz                                                 
                    INFO     /mnt/nvme0n1/e3_work/3b_D2_subset_PRJNA7 ena.py:202
                             62469_fastq-dl_rep2/SRR15852407_2.fastq.           
                             gz FTP download attempt 1                          
2026-07-19 14:41:17 INFO     Successfully downloaded                  ena.py:232
                             /mnt/nvme0n1/e3_work/3b_D2_subset_PRJNA7           
                             62469_fastq-dl_rep2/SRR15852407_2.fastq.           
                             gz                                                 
                    INFO     Writing metadata to                 download.py:469
                             /mnt/nvme0n1/e3_work/3b_D2_subset_P                
                             RJNA762469_fastq-dl_rep2/fastq-run-                
                             info.tsv                                           
2026-07-19 14:41:18 INFO     Query: SRR15852411                  download.py:373
                    INFO     Archive: ENA                        download.py:374
                    INFO     Total Runs To Download: 1           download.py:379
                    INFO     Working on run SRR15852411...       download.py:402
                    INFO     /mnt/nvme0n1/e3_work/3b_D2_subset_PRJNA7 ena.py:202
                             62469_fastq-dl_rep2/SRR15852411_1.fastq.           
                             gz FTP download attempt 1                          
2026-07-19 14:41:57 INFO     Successfully downloaded                  ena.py:232
                             /mnt/nvme0n1/e3_work/3b_D2_subset_PRJNA7           
                             62469_fastq-dl_rep2/SRR15852411_1.fastq.           
                             gz                                                 
                    INFO     /mnt/nvme0n1/e3_work/3b_D2_subset_PRJNA7 ena.py:202
                             62469_fastq-dl_rep2/SRR15852411_2.fastq.           
                             gz FTP download attempt 1                          
2026-07-19 14:42:34 INFO     Successfully downloaded                  ena.py:232
                             /mnt/nvme0n1/e3_work/3b_D2_subset_PRJNA7           
                             62469_fastq-dl_rep2/SRR15852411_2.fastq.           
                             gz                                                 
                    INFO     Writing metadata to                 download.py:469
                             /mnt/nvme0n1/e3_work/3b_D2_subset_P                
                             RJNA762469_fastq-dl_rep2/fastq-run-                
                             info.tsv                                           
2026-07-19 14:42:36 INFO     Query: SRR15852415                  download.py:373
                    INFO     Archive: ENA                        download.py:374
                    INFO     Total Runs To Download: 1           download.py:379
                    INFO     Working on run SRR15852415...       download.py:402
                    INFO     /mnt/nvme0n1/e3_work/3b_D2_subset_PRJNA7 ena.py:202
                             62469_fastq-dl_rep2/SRR15852415_1.fastq.           
                             gz FTP download attempt 1                          
2026-07-19 14:43:45 INFO     Successfully downloaded                  ena.py:232
                             /mnt/nvme0n1/e3_work/3b_D2_subset_PRJNA7           
                             62469_fastq-dl_rep2/SRR15852415_1.fastq.           
                             gz                                                 
                    INFO     /mnt/nvme0n1/e3_work/3b_D2_subset_PRJNA7 ena.py:202
                             62469_fastq-dl_rep2/SRR15852415_2.fastq.           
                             gz FTP download attempt 1                          
2026-07-19 14:46:26 INFO     Successfully downloaded                  ena.py:232
                             /mnt/nvme0n1/e3_work/3b_D2_subset_PRJNA7           
                             62469_fastq-dl_rep2/SRR15852415_2.fastq.           
                             gz                                                 
                    INFO     Writing metadata to                 download.py:469
                             /mnt/nvme0n1/e3_work/3b_D2_subset_P                
                             RJNA762469_fastq-dl_rep2/fastq-run-                
                             info.tsv                                           
2026-07-19 14:46:27 INFO     Query: SRR15852425                  download.py:373
                    INFO     Archive: ENA                        download.py:374
                    INFO     Total Runs To Download: 1           download.py:379
                    INFO     Working on run SRR15852425...       download.py:402
                    INFO     /mnt/nvme0n1/e3_work/3b_D2_subset_PRJNA7 ena.py:202
                             62469_fastq-dl_rep2/SRR15852425_1.fastq.           
                             gz FTP download attempt 1                          
2026-07-19 14:47:19 INFO     Successfully downloaded                  ena.py:232
                             /mnt/nvme0n1/e3_work/3b_D2_subset_PRJNA7           
                             62469_fastq-dl_rep2/SRR15852425_1.fastq.           
                             gz                                                 
                    INFO     /mnt/nvme0n1/e3_work/3b_D2_subset_PRJNA7 ena.py:202
                             62469_fastq-dl_rep2/SRR15852425_2.fastq.           
                             gz FTP download attempt 1                          
2026-07-19 14:48:44 INFO     Successfully downloaded                  ena.py:232
                             /mnt/nvme0n1/e3_work/3b_D2_subset_PRJNA7           
                             62469_fastq-dl_rep2/SRR15852425_2.fastq.           
                             gz                                                 
                    INFO     Writing metadata to                 download.py:469
                             /mnt/nvme0n1/e3_work/3b_D2_subset_P                
                             RJNA762469_fastq-dl_rep2/fastq-run-                
                             info.tsv                                           
2026-07-19 14:48:45 INFO     Query: SRR15852430                  download.py:373
                    INFO     Archive: ENA                        download.py:374
                    INFO     Total Runs To Download: 1           download.py:379
                    INFO     Working on run SRR15852430...       download.py:402
                    INFO     /mnt/nvme0n1/e3_work/3b_D2_subset_PRJNA7 ena.py:202
                             62469_fastq-dl_rep2/SRR15852430_1.fastq.           
                             gz FTP download attempt 1                          
2026-07-19 14:49:46 INFO     Successfully downloaded                  ena.py:232
                             /mnt/nvme0n1/e3_work/3b_D2_subset_PRJNA7           
                             62469_fastq-dl_rep2/SRR15852430_1.fastq.           
                             gz                                                 
                    INFO     /mnt/nvme0n1/e3_work/3b_D2_subset_PRJNA7 ena.py:202
                             62469_fastq-dl_rep2/SRR15852430_2.fastq.           
                             gz FTP download attempt 1                          
2026-07-19 14:50:36 INFO     Successfully downloaded                  ena.py:232
                             /mnt/nvme0n1/e3_work/3b_D2_subset_PRJNA7           
                             62469_fastq-dl_rep2/SRR15852430_2.fastq.           
                             gz                                                 
                    INFO     Writing metadata to                 download.py:469
                             /mnt/nvme0n1/e3_work/3b_D2_subset_P                
                             RJNA762469_fastq-dl_rep2/fastq-run-                
                             info.tsv                                           
