2026-07-19 16:09:54 INFO     Query: SRR15852400                  download.py:373
                    INFO     Archive: ENA                        download.py:374
                    INFO     Total Runs To Download: 1           download.py:379
                    INFO     Working on run SRR15852400...       download.py:402
                    INFO     /mnt/nvme0n1/e3_work/3b_D2_subset_PRJNA7 ena.py:202
                             62469_fastq-dl_rep3/SRR15852400_1.fastq.           
                             gz FTP download attempt 1                          
2026-07-19 16:11:31 INFO     Successfully downloaded                  ena.py:232
                             /mnt/nvme0n1/e3_work/3b_D2_subset_PRJNA7           
                             62469_fastq-dl_rep3/SRR15852400_1.fastq.           
                             gz                                                 
                    INFO     /mnt/nvme0n1/e3_work/3b_D2_subset_PRJNA7 ena.py:202
                             62469_fastq-dl_rep3/SRR15852400_2.fastq.           
                             gz FTP download attempt 1                          
2026-07-19 16:12:12 INFO     Successfully downloaded                  ena.py:232
                             /mnt/nvme0n1/e3_work/3b_D2_subset_PRJNA7           
                             62469_fastq-dl_rep3/SRR15852400_2.fastq.           
                             gz                                                 
                    INFO     Writing metadata to                 download.py:469
                             /mnt/nvme0n1/e3_work/3b_D2_subset_P                
                             RJNA762469_fastq-dl_rep3/fastq-run-                
                             info.tsv                                           
2026-07-19 16:12:13 INFO     Query: SRR15852404                  download.py:373
                    INFO     Archive: ENA                        download.py:374
                    INFO     Total Runs To Download: 1           download.py:379
                    INFO     Working on run SRR15852404...       download.py:402
                    INFO     /mnt/nvme0n1/e3_work/3b_D2_subset_PRJNA7 ena.py:202
                             62469_fastq-dl_rep3/SRR15852404_1.fastq.           
                             gz FTP download attempt 1                          
2026-07-19 16:13:01 INFO     Successfully downloaded                  ena.py:232
                             /mnt/nvme0n1/e3_work/3b_D2_subset_PRJNA7           
                             62469_fastq-dl_rep3/SRR15852404_1.fastq.           
                             gz                                                 
                    INFO     /mnt/nvme0n1/e3_work/3b_D2_subset_PRJNA7 ena.py:202
                             62469_fastq-dl_rep3/SRR15852404_2.fastq.           
                             gz FTP download attempt 1                          
2026-07-19 16:14:13 INFO     Successfully downloaded                  ena.py:232
                             /mnt/nvme0n1/e3_work/3b_D2_subset_PRJNA7           
                             62469_fastq-dl_rep3/SRR15852404_2.fastq.           
                             gz                                                 
                    INFO     Writing metadata to                 download.py:469
                             /mnt/nvme0n1/e3_work/3b_D2_subset_P                
                             RJNA762469_fastq-dl_rep3/fastq-run-                
                             info.tsv                                           
2026-07-19 16:14:14 INFO     Query: SRR15852406                  download.py:373
                    INFO     Archive: ENA                        download.py:374
                    INFO     Total Runs To Download: 1           download.py:379
                    INFO     Working on run SRR15852406...       download.py:402
                    INFO     /mnt/nvme0n1/e3_work/3b_D2_subset_PRJNA7 ena.py:202
                             62469_fastq-dl_rep3/SRR15852406_1.fastq.           
                             gz FTP download attempt 1                          
2026-07-19 16:15:53 INFO     Successfully downloaded                  ena.py:232
                             /mnt/nvme0n1/e3_work/3b_D2_subset_PRJNA7           
                             62469_fastq-dl_rep3/SRR15852406_1.fastq.           
                             gz                                                 
                    INFO     /mnt/nvme0n1/e3_work/3b_D2_subset_PRJNA7 ena.py:202
                             62469_fastq-dl_rep3/SRR15852406_2.fastq.           
                             gz FTP download attempt 1                          
2026-07-19 16:16:39 INFO     Successfully downloaded                  ena.py:232
                             /mnt/nvme0n1/e3_work/3b_D2_subset_PRJNA7           
                             62469_fastq-dl_rep3/SRR15852406_2.fastq.           
                             gz                                                 
                    INFO     Writing metadata to                 download.py:469
                             /mnt/nvme0n1/e3_work/3b_D2_subset_P                
                             RJNA762469_fastq-dl_rep3/fastq-run-                
                             info.tsv                                           
2026-07-19 16:16:40 INFO     Query: SRR15852407                  download.py:373
                    INFO     Archive: ENA                        download.py:374
                    INFO     Total Runs To Download: 1           download.py:379
                    INFO     Working on run SRR15852407...       download.py:402
                    INFO     /mnt/nvme0n1/e3_work/3b_D2_subset_PRJNA7 ena.py:202
                             62469_fastq-dl_rep3/SRR15852407_1.fastq.           
                             gz FTP download attempt 1                          
2026-07-19 16:17:52 INFO     Successfully downloaded                  ena.py:232
                             /mnt/nvme0n1/e3_work/3b_D2_subset_PRJNA7           
                             62469_fastq-dl_rep3/SRR15852407_1.fastq.           
                             gz                                                 
                    INFO     /mnt/nvme0n1/e3_work/3b_D2_subset_PRJNA7 ena.py:202
                             62469_fastq-dl_rep3/SRR15852407_2.fastq.           
                             gz FTP download attempt 1                          
2026-07-19 16:20:05 INFO     Successfully downloaded                  ena.py:232
                             /mnt/nvme0n1/e3_work/3b_D2_subset_PRJNA7           
                             62469_fastq-dl_rep3/SRR15852407_2.fastq.           
                             gz                                                 
                    INFO     Writing metadata to                 download.py:469
                             /mnt/nvme0n1/e3_work/3b_D2_subset_P                
                             RJNA762469_fastq-dl_rep3/fastq-run-                
                             info.tsv                                           
2026-07-19 16:20:06 INFO     Query: SRR15852411                  download.py:373
                    INFO     Archive: ENA                        download.py:374
                    INFO     Total Runs To Download: 1           download.py:379
                    INFO     Working on run SRR15852411...       download.py:402
                    INFO     /mnt/nvme0n1/e3_work/3b_D2_subset_PRJNA7 ena.py:202
                             62469_fastq-dl_rep3/SRR15852411_1.fastq.           
                             gz FTP download attempt 1                          
2026-07-19 16:20:42 INFO     Successfully downloaded                  ena.py:232
                             /mnt/nvme0n1/e3_work/3b_D2_subset_PRJNA7           
                             62469_fastq-dl_rep3/SRR15852411_1.fastq.           
                             gz                                                 
                    INFO     /mnt/nvme0n1/e3_work/3b_D2_subset_PRJNA7 ena.py:202
                             62469_fastq-dl_rep3/SRR15852411_2.fastq.           
                             gz FTP download attempt 1                          
2026-07-19 16:21:48 INFO     Successfully downloaded                  ena.py:232
                             /mnt/nvme0n1/e3_work/3b_D2_subset_PRJNA7           
                             62469_fastq-dl_rep3/SRR15852411_2.fastq.           
                             gz                                                 
                    INFO     Writing metadata to                 download.py:469
                             /mnt/nvme0n1/e3_work/3b_D2_subset_P                
                             RJNA762469_fastq-dl_rep3/fastq-run-                
                             info.tsv                                           
2026-07-19 16:21:50 INFO     Query: SRR15852415                  download.py:373
                    INFO     Archive: ENA                        download.py:374
                    INFO     Total Runs To Download: 1           download.py:379
                    INFO     Working on run SRR15852415...       download.py:402
                    INFO     /mnt/nvme0n1/e3_work/3b_D2_subset_PRJNA7 ena.py:202
                             62469_fastq-dl_rep3/SRR15852415_1.fastq.           
                             gz FTP download attempt 1                          
2026-07-19 16:22:57 INFO     Successfully downloaded                  ena.py:232
                             /mnt/nvme0n1/e3_work/3b_D2_subset_PRJNA7           
                             62469_fastq-dl_rep3/SRR15852415_1.fastq.           
                             gz                                                 
                    INFO     /mnt/nvme0n1/e3_work/3b_D2_subset_PRJNA7 ena.py:202
                             62469_fastq-dl_rep3/SRR15852415_2.fastq.           
                             gz FTP download attempt 1                          
2026-07-19 16:25:34 INFO     Successfully downloaded                  ena.py:232
                             /mnt/nvme0n1/e3_work/3b_D2_subset_PRJNA7           
                             62469_fastq-dl_rep3/SRR15852415_2.fastq.           
                             gz                                                 
                    INFO     Writing metadata to                 download.py:469
                             /mnt/nvme0n1/e3_work/3b_D2_subset_P                
                             RJNA762469_fastq-dl_rep3/fastq-run-                
                             info.tsv                                           
2026-07-19 16:25:35 INFO     Query: SRR15852425                  download.py:373
                    INFO     Archive: ENA                        download.py:374
                    INFO     Total Runs To Download: 1           download.py:379
                    INFO     Working on run SRR15852425...       download.py:402
                    INFO     /mnt/nvme0n1/e3_work/3b_D2_subset_PRJNA7 ena.py:202
                             62469_fastq-dl_rep3/SRR15852425_1.fastq.           
                             gz FTP download attempt 1                          
2026-07-19 16:26:27 INFO     Successfully downloaded                  ena.py:232
                             /mnt/nvme0n1/e3_work/3b_D2_subset_PRJNA7           
                             62469_fastq-dl_rep3/SRR15852425_1.fastq.           
                             gz                                                 
                    INFO     /mnt/nvme0n1/e3_work/3b_D2_subset_PRJNA7 ena.py:202
                             62469_fastq-dl_rep3/SRR15852425_2.fastq.           
                             gz FTP download attempt 1                          
2026-07-19 16:28:39 INFO     Successfully downloaded                  ena.py:232
                             /mnt/nvme0n1/e3_work/3b_D2_subset_PRJNA7           
                             62469_fastq-dl_rep3/SRR15852425_2.fastq.           
                             gz                                                 
                    INFO     Writing metadata to                 download.py:469
                             /mnt/nvme0n1/e3_work/3b_D2_subset_P                
                             RJNA762469_fastq-dl_rep3/fastq-run-                
                             info.tsv                                           
2026-07-19 16:28:40 INFO     Query: SRR15852430                  download.py:373
                    INFO     Archive: ENA                        download.py:374
                    INFO     Total Runs To Download: 1           download.py:379
                    INFO     Working on run SRR15852430...       download.py:402
                    INFO     /mnt/nvme0n1/e3_work/3b_D2_subset_PRJNA7 ena.py:202
                             62469_fastq-dl_rep3/SRR15852430_1.fastq.           
                             gz FTP download attempt 1                          
2026-07-19 16:30:00 INFO     Successfully downloaded                  ena.py:232
                             /mnt/nvme0n1/e3_work/3b_D2_subset_PRJNA7           
                             62469_fastq-dl_rep3/SRR15852430_1.fastq.           
                             gz                                                 
                    INFO     /mnt/nvme0n1/e3_work/3b_D2_subset_PRJNA7 ena.py:202
                             62469_fastq-dl_rep3/SRR15852430_2.fastq.           
                             gz FTP download attempt 1                          
2026-07-19 16:30:53 INFO     Successfully downloaded                  ena.py:232
                             /mnt/nvme0n1/e3_work/3b_D2_subset_PRJNA7           
                             62469_fastq-dl_rep3/SRR15852430_2.fastq.           
                             gz                                                 
                    INFO     Writing metadata to                 download.py:469
                             /mnt/nvme0n1/e3_work/3b_D2_subset_P                
                             RJNA762469_fastq-dl_rep3/fastq-run-                
                             info.tsv                                           
