[32mNote[0m: batch downloading 16 file(s) across 8 accession(s) with up to 16 worker(s) (configured max 20) (adaptive concurrency)
16:50:09.168 adaptiseq.engine.seam: Transport for ftp.sra.ebi.ac.uk: HTTPS mirror is range-capable; segmented HTTPS
16:50:09.393 adaptiseq.engine.seam: Transport for ftp.sra.ebi.ac.uk: HTTPS mirror is range-capable; segmented HTTPS
16:50:16.529 adaptiseq.engine.seam: Transport for ftp.sra.ebi.ac.uk: HTTPS mirror is range-capable; segmented HTTPS
16:50:16.529 adaptiseq.engine.seam: Transport for ftp.sra.ebi.ac.uk: HTTPS mirror is range-capable; segmented HTTPS
16:50:16.530 adaptiseq.engine.seam: Transport for ftp.sra.ebi.ac.uk: HTTPS mirror is range-capable; segmented HTTPS
16:50:16.530 adaptiseq.engine.seam: Transport for ftp.sra.ebi.ac.uk: HTTPS mirror is range-capable; segmented HTTPS
16:50:16.530 adaptiseq.engine.seam: Transport for ftp.sra.ebi.ac.uk: HTTPS mirror is range-capable; segmented HTTPS
16:50:16.531 adaptiseq.engine.seam: Transport for ftp.sra.ebi.ac.uk: HTTPS mirror is range-capable; segmented HTTPS
16:50:16.531 adaptiseq.engine.seam: Transport for ftp.sra.ebi.ac.uk: HTTPS mirror is range-capable; segmented HTTPS
16:50:16.531 adaptiseq.engine.seam: Transport for ftp.sra.ebi.ac.uk: HTTPS mirror is range-capable; segmented HTTPS
16:50:16.531 adaptiseq.engine.seam: Transport for ftp.sra.ebi.ac.uk: HTTPS mirror is range-capable; segmented HTTPS
16:50:16.533 adaptiseq.engine.seam: Transport for ftp.sra.ebi.ac.uk: HTTPS mirror is range-capable; segmented HTTPS
16:50:16.534 adaptiseq.engine.seam: Transport for ftp.sra.ebi.ac.uk: HTTPS mirror is range-capable; segmented HTTPS
16:50:16.534 adaptiseq.engine.seam: Transport for ftp.sra.ebi.ac.uk: HTTPS mirror is range-capable; segmented HTTPS
16:50:16.534 adaptiseq.engine.seam: Transport for ftp.sra.ebi.ac.uk: HTTPS mirror is range-capable; segmented HTTPS
16:50:16.534 adaptiseq.engine.seam: Transport for ftp.sra.ebi.ac.uk: HTTPS mirror is range-capable; segmented HTTPS
16:50:25.905 adaptiseq.batch: adaptive probe: workers=16 throughput=3837.2Mbps score=-3837
16:50:28.682 adaptiseq.batch: downloaded SRR15852400_1.fastq.gz
16:50:33.023 adaptiseq.batch: downloaded SRR15852400_2.fastq.gz
16:50:35.407 adaptiseq.batch: adaptive probe: workers=8 throughput=2374.1Mbps score=-2374
16:50:35.407 adaptiseq.batch: adaptive commit: workers=16
16:50:58.499 adaptiseq.batch: downloaded SRR15852407_1.fastq.gz
16:51:18.214 adaptiseq.batch: downloaded SRR15852415_2.fastq.gz
16:51:20.893 adaptiseq.batch: downloaded SRR15852411_2.fastq.gz
16:51:31.686 adaptiseq.batch: downloaded SRR15852406_2.fastq.gz
16:51:46.395 adaptiseq.batch: downloaded SRR15852407_2.fastq.gz
16:52:02.451 adaptiseq.batch: downloaded SRR15852425_2.fastq.gz
16:52:03.561 adaptiseq.batch: downloaded SRR15852404_2.fastq.gz
16:52:07.079 adaptiseq.batch: downloaded SRR15852415_1.fastq.gz
16:52:11.460 adaptiseq.batch: downloaded SRR15852430_2.fastq.gz
16:52:19.323 adaptiseq.batch: downloaded SRR15852425_1.fastq.gz
16:52:24.704 adaptiseq.batch: downloaded SRR15852404_1.fastq.gz
16:52:34.039 adaptiseq.batch: downloaded SRR15852406_1.fastq.gz
16:52:35.607 adaptiseq.batch: downloaded SRR15852411_1.fastq.gz
16:52:37.867 adaptiseq.batch: downloaded SRR15852430_1.fastq.gz
[32mNote[0m: adaptive worker summary: 2 probe(s); best 3837 Mbps at 16 worker(s); last 2374 Mbps at 8 worker(s); recent: 16w@3837Mbps, 8w@2374Mbps
[32mNote[0m: SRR15852400.metadata.tsv exists, skip downloading metadata for SRR15852400
      SRR15852400_1.fastq.gz 1.23G 	       SRR15852400_2.fastq.gz 1.24G 	 
[32mNote[0m: Above Run will be downloaded. You can see the details in SRR15852400.metadata.tsv
[92mSRR15852400 download and md5 check successful, save SRR15852400 in success.log[0m
=======================SRR15852400 download finished=======================
[32mNote[0m: SRR15852404.metadata.tsv exists, skip downloading metadata for SRR15852404
      SRR15852404_1.fastq.gz 1.31G 	       SRR15852404_2.fastq.gz 1.36G 	 
[32mNote[0m: Above Run will be downloaded. You can see the details in SRR15852404.metadata.tsv
[92mSRR15852404 download and md5 check successful, save SRR15852404 in success.log[0m
=======================SRR15852404 download finished=======================
[32mNote[0m: SRR15852406.metadata.tsv exists, skip downloading metadata for SRR15852406
      SRR15852406_1.fastq.gz 1.48G 	       SRR15852406_2.fastq.gz 1.53G 	 
[32mNote[0m: Above Run will be downloaded. You can see the details in SRR15852406.metadata.tsv
[92mSRR15852406 download and md5 check successful, save SRR15852406 in success.log[0m
=======================SRR15852406 download finished=======================
[32mNote[0m: SRR15852407.metadata.tsv exists, skip downloading metadata for SRR15852407
      SRR15852407_1.fastq.gz 1.15G 	       SRR15852407_2.fastq.gz 1.18G 	 
[32mNote[0m: Above Run will be downloaded. You can see the details in SRR15852407.metadata.tsv
[92mSRR15852407 download and md5 check successful, save SRR15852407 in success.log[0m
=======================SRR15852407 download finished=======================
[32mNote[0m: SRR15852411.metadata.tsv exists, skip downloading metadata for SRR15852411
      SRR15852411_1.fastq.gz 1.30G 	       SRR15852411_2.fastq.gz 1.35G 	 
[32mNote[0m: Above Run will be downloaded. You can see the details in SRR15852411.metadata.tsv
[92mSRR15852411 download and md5 check successful, save SRR15852411 in success.log[0m
=======================SRR15852411 download finished=======================
[32mNote[0m: SRR15852415.metadata.tsv exists, skip downloading metadata for SRR15852415
      SRR15852415_1.fastq.gz 1.81G 	       SRR15852415_2.fastq.gz 1.86G 	 
[32mNote[0m: Above Run will be downloaded. You can see the details in SRR15852415.metadata.tsv
[92mSRR15852415 download and md5 check successful, save SRR15852415 in success.log[0m
=======================SRR15852415 download finished=======================
[32mNote[0m: SRR15852425.metadata.tsv exists, skip downloading metadata for SRR15852425
      SRR15852425_1.fastq.gz 1.75G 	       SRR15852425_2.fastq.gz 1.79G 	 
[32mNote[0m: Above Run will be downloaded. You can see the details in SRR15852425.metadata.tsv
[92mSRR15852425 download and md5 check successful, save SRR15852425 in success.log[0m
=======================SRR15852425 download finished=======================
[32mNote[0m: SRR15852430.metadata.tsv exists, skip downloading metadata for SRR15852430
      SRR15852430_1.fastq.gz 1.84G 	       SRR15852430_2.fastq.gz 1.91G 	 
[32mNote[0m: Above Run will be downloaded. You can see the details in SRR15852430.metadata.tsv
[92mSRR15852430 download and md5 check successful, save SRR15852430 in success.log[0m
=======================SRR15852430 download finished=======================
