[32mNote[0m: batch downloading 16 file(s) across 8 accession(s) with up to 16 worker(s) (configured max 40) (adaptive concurrency)
17:05:15.564 adaptiseq.engine.seam: Transport for ftp.sra.ebi.ac.uk: HTTPS mirror is range-capable; segmented HTTPS
17:05:15.650 adaptiseq.engine.seam: Transport for ftp.sra.ebi.ac.uk: HTTPS mirror is range-capable; segmented HTTPS
17:05:23.127 adaptiseq.engine.seam: Transport for ftp.sra.ebi.ac.uk: HTTPS mirror is range-capable; segmented HTTPS
17:05:23.129 adaptiseq.engine.seam: Transport for ftp.sra.ebi.ac.uk: HTTPS mirror is range-capable; segmented HTTPS
17:05:23.129 adaptiseq.engine.seam: Transport for ftp.sra.ebi.ac.uk: HTTPS mirror is range-capable; segmented HTTPS
17:05:23.129 adaptiseq.engine.seam: Transport for ftp.sra.ebi.ac.uk: HTTPS mirror is range-capable; segmented HTTPS
17:05:23.129 adaptiseq.engine.seam: Transport for ftp.sra.ebi.ac.uk: HTTPS mirror is range-capable; segmented HTTPS
17:05:23.130 adaptiseq.engine.seam: Transport for ftp.sra.ebi.ac.uk: HTTPS mirror is range-capable; segmented HTTPS
17:05:23.130 adaptiseq.engine.seam: Transport for ftp.sra.ebi.ac.uk: HTTPS mirror is range-capable; segmented HTTPS
17:05:23.131 adaptiseq.engine.seam: Transport for ftp.sra.ebi.ac.uk: HTTPS mirror is range-capable; segmented HTTPS
17:05:23.131 adaptiseq.engine.seam: Transport for ftp.sra.ebi.ac.uk: HTTPS mirror is range-capable; segmented HTTPS
17:05:23.131 adaptiseq.engine.seam: Transport for ftp.sra.ebi.ac.uk: HTTPS mirror is range-capable; segmented HTTPS
17:05:23.132 adaptiseq.engine.seam: Transport for ftp.sra.ebi.ac.uk: HTTPS mirror is range-capable; segmented HTTPS
17:05:23.132 adaptiseq.engine.seam: Transport for ftp.sra.ebi.ac.uk: HTTPS mirror is range-capable; segmented HTTPS
17:05:23.132 adaptiseq.engine.seam: Transport for ftp.sra.ebi.ac.uk: HTTPS mirror is range-capable; segmented HTTPS
17:05:23.132 adaptiseq.engine.seam: Transport for ftp.sra.ebi.ac.uk: HTTPS mirror is range-capable; segmented HTTPS
17:05:32.510 adaptiseq.batch: adaptive probe: workers=16 throughput=3466.1Mbps score=-3466
17:05:42.017 adaptiseq.batch: adaptive probe: workers=8 throughput=3309.2Mbps score=-3309
17:05:42.017 adaptiseq.batch: adaptive commit: workers=16
17:05:42.331 adaptiseq.batch: downloaded SRR15852406_2.fastq.gz
17:05:47.590 adaptiseq.batch: downloaded SRR15852406_1.fastq.gz
17:06:15.879 adaptiseq.batch: downloaded SRR15852407_2.fastq.gz
17:06:20.105 adaptiseq.batch: downloaded SRR15852425_1.fastq.gz
17:06:20.648 adaptiseq.batch: downloaded SRR15852404_2.fastq.gz
17:06:24.404 adaptiseq.batch: downloaded SRR15852400_1.fastq.gz
17:06:34.872 adaptiseq.batch: downloaded SRR15852415_2.fastq.gz
17:06:41.332 adaptiseq.batch: downloaded SRR15852400_2.fastq.gz
17:06:41.769 adaptiseq.batch: downloaded SRR15852407_1.fastq.gz
17:06:47.416 adaptiseq.batch: downloaded SRR15852430_2.fastq.gz
17:07:12.546 adaptiseq.batch: downloaded SRR15852430_1.fastq.gz
17:07:22.035 adaptiseq.batch: downloaded SRR15852404_1.fastq.gz
17:07:33.544 adaptiseq.batch: downloaded SRR15852411_2.fastq.gz
17:07:51.427 adaptiseq.batch: downloaded SRR15852425_2.fastq.gz
17:07:54.164 adaptiseq.batch: downloaded SRR15852411_1.fastq.gz
17:09:08.582 adaptiseq.batch: downloaded SRR15852415_1.fastq.gz
[32mNote[0m: adaptive worker summary: 5 probe(s); best 3466 Mbps at 16 worker(s); last 11 Mbps at 1 worker(s); recent: 16w@3466Mbps, 8w@3309Mbps, 1w@0Mbps, 1w@0Mbps, 1w@11Mbps
[32mNote[0m: SRR15852400.metadata.tsv exists, skip downloading metadata for SRR15852400
      SRR15852400_1.fastq.gz 1.23G 	       SRR15852400_2.fastq.gz 1.24G 	 
[32mNote[0m: Above Run will be downloaded. You can see the details in SRR15852400.metadata.tsv
[92mSRR15852400 download and md5 check successful, save SRR15852400 in success.log[0m
=======================SRR15852400 download finished=======================
[32mNote[0m: SRR15852404.metadata.tsv exists, skip downloading metadata for SRR15852404
      SRR15852404_1.fastq.gz 1.31G 	       SRR15852404_2.fastq.gz 1.36G 	 
[32mNote[0m: Above Run will be downloaded. You can see the details in SRR15852404.metadata.tsv
[92mSRR15852404 download and md5 check successful, save SRR15852404 in success.log[0m
=======================SRR15852404 download finished=======================
[32mNote[0m: SRR15852406.metadata.tsv exists, skip downloading metadata for SRR15852406
      SRR15852406_1.fastq.gz 1.48G 	       SRR15852406_2.fastq.gz 1.53G 	 
[32mNote[0m: Above Run will be downloaded. You can see the details in SRR15852406.metadata.tsv
[92mSRR15852406 download and md5 check successful, save SRR15852406 in success.log[0m
=======================SRR15852406 download finished=======================
[32mNote[0m: SRR15852407.metadata.tsv exists, skip downloading metadata for SRR15852407
      SRR15852407_1.fastq.gz 1.15G 	       SRR15852407_2.fastq.gz 1.18G 	 
[32mNote[0m: Above Run will be downloaded. You can see the details in SRR15852407.metadata.tsv
[92mSRR15852407 download and md5 check successful, save SRR15852407 in success.log[0m
=======================SRR15852407 download finished=======================
[32mNote[0m: SRR15852411.metadata.tsv exists, skip downloading metadata for SRR15852411
      SRR15852411_1.fastq.gz 1.30G 	       SRR15852411_2.fastq.gz 1.35G 	 
[32mNote[0m: Above Run will be downloaded. You can see the details in SRR15852411.metadata.tsv
[92mSRR15852411 download and md5 check successful, save SRR15852411 in success.log[0m
=======================SRR15852411 download finished=======================
[32mNote[0m: SRR15852415.metadata.tsv exists, skip downloading metadata for SRR15852415
      SRR15852415_1.fastq.gz 1.81G 	       SRR15852415_2.fastq.gz 1.86G 	 
[32mNote[0m: Above Run will be downloaded. You can see the details in SRR15852415.metadata.tsv
[92mSRR15852415 download and md5 check successful, save SRR15852415 in success.log[0m
=======================SRR15852415 download finished=======================
[32mNote[0m: SRR15852425.metadata.tsv exists, skip downloading metadata for SRR15852425
      SRR15852425_1.fastq.gz 1.75G 	       SRR15852425_2.fastq.gz 1.79G 	 
[32mNote[0m: Above Run will be downloaded. You can see the details in SRR15852425.metadata.tsv
[92mSRR15852425 download and md5 check successful, save SRR15852425 in success.log[0m
=======================SRR15852425 download finished=======================
[32mNote[0m: SRR15852430.metadata.tsv exists, skip downloading metadata for SRR15852430
      SRR15852430_1.fastq.gz 1.84G 	       SRR15852430_2.fastq.gz 1.91G 	 
[32mNote[0m: Above Run will be downloaded. You can see the details in SRR15852430.metadata.tsv
[92mSRR15852430 download and md5 check successful, save SRR15852430 in success.log[0m
=======================SRR15852430 download finished=======================
