[32mNote[0m: batch downloading 16 file(s) across 8 accession(s) with up to 16 worker(s) (configured max 20) (fixed concurrency)
12:49:04.825 adaptiseq.engine.seam: Transport for ftp.sra.ebi.ac.uk: HTTPS mirror is range-capable; segmented HTTPS
12:49:04.934 adaptiseq.engine.seam: Transport for ftp.sra.ebi.ac.uk: HTTPS mirror is range-capable; segmented HTTPS
12:49:04.942 adaptiseq.engine.seam: Transport for ftp.sra.ebi.ac.uk: HTTPS mirror is range-capable; segmented HTTPS
12:49:04.948 adaptiseq.engine.seam: Transport for ftp.sra.ebi.ac.uk: HTTPS mirror is range-capable; segmented HTTPS
12:49:05.027 adaptiseq.engine.seam: Transport for ftp.sra.ebi.ac.uk: HTTPS mirror is range-capable; segmented HTTPS
12:49:05.033 adaptiseq.engine.seam: Transport for ftp.sra.ebi.ac.uk: HTTPS mirror is range-capable; segmented HTTPS
12:49:05.087 adaptiseq.engine.seam: Transport for ftp.sra.ebi.ac.uk: HTTPS mirror is range-capable; segmented HTTPS
12:49:05.101 adaptiseq.engine.seam: Transport for ftp.sra.ebi.ac.uk: HTTPS mirror is range-capable; segmented HTTPS
12:49:05.137 adaptiseq.engine.seam: Transport for ftp.sra.ebi.ac.uk: HTTPS mirror is range-capable; segmented HTTPS
12:49:05.210 adaptiseq.engine.seam: Transport for ftp.sra.ebi.ac.uk: HTTPS mirror is range-capable; segmented HTTPS
12:49:05.239 adaptiseq.engine.seam: Transport for ftp.sra.ebi.ac.uk: HTTPS mirror is range-capable; segmented HTTPS
12:49:05.243 adaptiseq.engine.seam: Transport for ftp.sra.ebi.ac.uk: HTTPS mirror is range-capable; segmented HTTPS
12:49:05.245 adaptiseq.engine.seam: Transport for ftp.sra.ebi.ac.uk: HTTPS mirror is range-capable; segmented HTTPS
12:49:05.249 adaptiseq.engine.seam: Transport for ftp.sra.ebi.ac.uk: HTTPS mirror is range-capable; segmented HTTPS
12:49:05.296 adaptiseq.engine.seam: Transport for ftp.sra.ebi.ac.uk: HTTPS mirror is range-capable; segmented HTTPS
12:49:05.395 adaptiseq.engine.seam: Transport for ftp.sra.ebi.ac.uk: HTTPS mirror is range-capable; segmented HTTPS
12:50:02.136 adaptiseq.batch: downloaded SRR15852411_1.fastq.gz
12:50:05.538 adaptiseq.batch: downloaded SRR15852404_1.fastq.gz
12:50:18.708 adaptiseq.batch: downloaded SRR15852425_2.fastq.gz
12:50:24.111 adaptiseq.batch: downloaded SRR15852425_1.fastq.gz
12:50:33.453 adaptiseq.batch: downloaded SRR15852406_1.fastq.gz
12:50:38.788 adaptiseq.batch: downloaded SRR15852404_2.fastq.gz
12:50:43.154 adaptiseq.batch: downloaded SRR15852415_2.fastq.gz
12:50:43.863 adaptiseq.batch: downloaded SRR15852411_2.fastq.gz
12:50:51.904 adaptiseq.batch: downloaded SRR15852415_1.fastq.gz
12:51:04.840 adaptiseq.batch: downloaded SRR15852407_1.fastq.gz
12:51:20.611 adaptiseq.batch: downloaded SRR15852400_2.fastq.gz
12:51:25.123 adaptiseq.batch: downloaded SRR15852400_1.fastq.gz
12:51:27.941 adaptiseq.batch: downloaded SRR15852430_2.fastq.gz
12:51:29.076 adaptiseq.batch: downloaded SRR15852430_1.fastq.gz
12:51:43.295 adaptiseq.batch: downloaded SRR15852407_2.fastq.gz
12:51:50.836 adaptiseq.batch: downloaded SRR15852406_2.fastq.gz
[32mNote[0m: SRR15852400.metadata.tsv exists, skip downloading metadata for SRR15852400
      SRR15852400_1.fastq.gz 1.23G 	       SRR15852400_2.fastq.gz 1.24G 	 
[32mNote[0m: Above Run will be downloaded. You can see the details in SRR15852400.metadata.tsv
[92mSRR15852400 download and md5 check successful, save SRR15852400 in success.log[0m
=======================SRR15852400 download finished=======================
[32mNote[0m: SRR15852404.metadata.tsv exists, skip downloading metadata for SRR15852404
      SRR15852404_1.fastq.gz 1.31G 	       SRR15852404_2.fastq.gz 1.36G 	 
[32mNote[0m: Above Run will be downloaded. You can see the details in SRR15852404.metadata.tsv
[92mSRR15852404 download and md5 check successful, save SRR15852404 in success.log[0m
=======================SRR15852404 download finished=======================
[32mNote[0m: SRR15852406.metadata.tsv exists, skip downloading metadata for SRR15852406
      SRR15852406_1.fastq.gz 1.48G 	       SRR15852406_2.fastq.gz 1.53G 	 
[32mNote[0m: Above Run will be downloaded. You can see the details in SRR15852406.metadata.tsv
[92mSRR15852406 download and md5 check successful, save SRR15852406 in success.log[0m
=======================SRR15852406 download finished=======================
[32mNote[0m: SRR15852407.metadata.tsv exists, skip downloading metadata for SRR15852407
      SRR15852407_1.fastq.gz 1.15G 	       SRR15852407_2.fastq.gz 1.18G 	 
[32mNote[0m: Above Run will be downloaded. You can see the details in SRR15852407.metadata.tsv
[92mSRR15852407 download and md5 check successful, save SRR15852407 in success.log[0m
=======================SRR15852407 download finished=======================
[32mNote[0m: SRR15852411.metadata.tsv exists, skip downloading metadata for SRR15852411
      SRR15852411_1.fastq.gz 1.30G 	       SRR15852411_2.fastq.gz 1.35G 	 
[32mNote[0m: Above Run will be downloaded. You can see the details in SRR15852411.metadata.tsv
[92mSRR15852411 download and md5 check successful, save SRR15852411 in success.log[0m
=======================SRR15852411 download finished=======================
[32mNote[0m: SRR15852415.metadata.tsv exists, skip downloading metadata for SRR15852415
      SRR15852415_1.fastq.gz 1.81G 	       SRR15852415_2.fastq.gz 1.86G 	 
[32mNote[0m: Above Run will be downloaded. You can see the details in SRR15852415.metadata.tsv
[92mSRR15852415 download and md5 check successful, save SRR15852415 in success.log[0m
=======================SRR15852415 download finished=======================
[32mNote[0m: SRR15852425.metadata.tsv exists, skip downloading metadata for SRR15852425
      SRR15852425_1.fastq.gz 1.75G 	       SRR15852425_2.fastq.gz 1.79G 	 
[32mNote[0m: Above Run will be downloaded. You can see the details in SRR15852425.metadata.tsv
[92mSRR15852425 download and md5 check successful, save SRR15852425 in success.log[0m
=======================SRR15852425 download finished=======================
[32mNote[0m: SRR15852430.metadata.tsv exists, skip downloading metadata for SRR15852430
      SRR15852430_1.fastq.gz 1.84G 	       SRR15852430_2.fastq.gz 1.91G 	 
[32mNote[0m: Above Run will be downloaded. You can see the details in SRR15852430.metadata.tsv
[92mSRR15852430 download and md5 check successful, save SRR15852430 in success.log[0m
=======================SRR15852430 download finished=======================
