[32mNote[0m: batch downloading 16 file(s) across 8 accession(s) with up to 16 worker(s) (configured max 40) (adaptive concurrency)
23:02:27.417 adaptiseq.engine.seam: Transport for ftp.sra.ebi.ac.uk: HTTPS mirror is range-capable; segmented HTTPS
23:02:27.504 adaptiseq.engine.seam: Transport for ftp.sra.ebi.ac.uk: HTTPS mirror is range-capable; segmented HTTPS
23:02:36.783 adaptiseq.batch: adaptive probe: workers=1 throughput=531.7Mbps score=-526
23:02:41.784 adaptiseq.batch: adaptive probe: workers=2 throughput=563.4Mbps score=-552
23:02:41.822 adaptiseq.engine.seam: Transport for ftp.sra.ebi.ac.uk: HTTPS mirror is range-capable; segmented HTTPS
23:02:46.785 adaptiseq.batch: adaptive probe: workers=3 throughput=577.8Mbps score=-561
23:02:46.786 adaptiseq.engine.seam: Transport for ftp.sra.ebi.ac.uk: HTTPS mirror is range-capable; segmented HTTPS
23:02:51.787 adaptiseq.batch: adaptive probe: workers=4 throughput=1011.0Mbps score=-972
23:02:51.898 adaptiseq.engine.seam: Transport for ftp.sra.ebi.ac.uk: HTTPS mirror is range-capable; segmented HTTPS
23:02:51.901 adaptiseq.engine.seam: Transport for ftp.sra.ebi.ac.uk: HTTPS mirror is range-capable; segmented HTTPS
23:02:51.901 adaptiseq.engine.seam: Transport for ftp.sra.ebi.ac.uk: HTTPS mirror is range-capable; segmented HTTPS
23:02:56.789 adaptiseq.batch: adaptive probe: workers=7 throughput=2076.7Mbps score=-1937
23:02:56.894 adaptiseq.engine.seam: Transport for ftp.sra.ebi.ac.uk: HTTPS mirror is range-capable; segmented HTTPS
23:02:56.895 adaptiseq.engine.seam: Transport for ftp.sra.ebi.ac.uk: HTTPS mirror is range-capable; segmented HTTPS
23:03:01.792 adaptiseq.batch: adaptive probe: workers=9 throughput=2779.7Mbps score=-2542
23:03:01.916 adaptiseq.engine.seam: Transport for ftp.sra.ebi.ac.uk: HTTPS mirror is range-capable; segmented HTTPS
23:03:06.794 adaptiseq.batch: adaptive probe: workers=10 throughput=2483.5Mbps score=-2248
23:03:11.796 adaptiseq.batch: adaptive probe: workers=9 throughput=1937.0Mbps score=-1771
23:03:11.893 adaptiseq.engine.seam: Transport for ftp.sra.ebi.ac.uk: HTTPS mirror is range-capable; segmented HTTPS
23:03:13.361 adaptiseq.batch: downloaded SRR15852407_1.fastq.gz
23:03:13.362 adaptiseq.engine.seam: Transport for ftp.sra.ebi.ac.uk: HTTPS mirror is range-capable; segmented HTTPS
23:03:16.800 adaptiseq.batch: adaptive probe: workers=11 throughput=2098.1Mbps score=-1881
23:03:16.886 adaptiseq.engine.seam: Transport for ftp.sra.ebi.ac.uk: HTTPS mirror is range-capable; segmented HTTPS
23:03:21.810 adaptiseq.batch: adaptive probe: workers=12 throughput=2598.9Mbps score=-2306
23:03:27.019 adaptiseq.batch: adaptive probe: workers=12 throughput=2412.8Mbps score=-2141
23:03:32.045 adaptiseq.batch: adaptive probe: workers=11 throughput=1911.3Mbps score=-1713
23:03:32.119 adaptiseq.engine.seam: Transport for ftp.sra.ebi.ac.uk: HTTPS mirror is range-capable; segmented HTTPS
23:03:37.048 adaptiseq.batch: adaptive probe: workers=13 throughput=1767.5Mbps score=-1553
23:03:42.050 adaptiseq.batch: adaptive probe: workers=12 throughput=1538.8Mbps score=-1366
23:03:47.053 adaptiseq.batch: adaptive probe: workers=13 throughput=1975.1Mbps score=-1735
23:03:47.056 adaptiseq.engine.seam: Transport for ftp.sra.ebi.ac.uk: HTTPS mirror is range-capable; segmented HTTPS
23:03:47.056 adaptiseq.engine.seam: Transport for ftp.sra.ebi.ac.uk: HTTPS mirror is range-capable; segmented HTTPS
23:03:51.426 adaptiseq.batch: downloaded SRR15852400_1.fastq.gz
23:03:52.058 adaptiseq.batch: adaptive probe: workers=14 throughput=1839.9Mbps score=-1601
23:03:57.064 adaptiseq.batch: adaptive probe: workers=14 throughput=1413.3Mbps score=-1229
23:03:57.359 adaptiseq.batch: downloaded SRR15852411_2.fastq.gz
23:04:02.067 adaptiseq.batch: adaptive probe: workers=13 throughput=952.7Mbps score=-837
23:04:07.079 adaptiseq.batch: adaptive probe: workers=11 throughput=1022.4Mbps score=-916
23:04:08.889 adaptiseq.batch: downloaded SRR15852404_1.fastq.gz
23:04:12.082 adaptiseq.batch: adaptive probe: workers=10 throughput=1016.3Mbps score=-920
23:04:13.172 adaptiseq.engine.segmented: Segment errors for SRR15852425_1.fastq.gz: Cannot connect to host ftp.sra.ebi.ac.uk:443 ssl:default [Connect call failed ('193.62.193.165', 443)]
23:04:13.217 adaptiseq.engine.seam: Transport for ftp.sra.ebi.ac.uk: HTTPS mirror is range-capable; segmented HTTPS
23:04:17.085 adaptiseq.batch: adaptive probe: workers=7 throughput=779.0Mbps score=-727
23:04:22.088 adaptiseq.batch: adaptive probe: workers=8 throughput=713.4Mbps score=-659
23:04:23.678 adaptiseq.batch: downloaded SRR15852415_1.fastq.gz
23:04:27.091 adaptiseq.batch: adaptive probe: workers=7 throughput=700.8Mbps score=-654
23:04:32.092 adaptiseq.batch: adaptive probe: workers=8 throughput=822.5Mbps score=-760
23:04:33.071 adaptiseq.batch: downloaded SRR15852406_2.fastq.gz
23:04:37.094 adaptiseq.batch: adaptive probe: workers=9 throughput=783.6Mbps score=-716
23:04:42.095 adaptiseq.batch: adaptive probe: workers=8 throughput=791.5Mbps score=-731
23:04:42.916 adaptiseq.batch: downloaded SRR15852404_2.fastq.gz
23:04:47.096 adaptiseq.batch: adaptive probe: workers=7 throughput=657.5Mbps score=-613
23:04:51.424 adaptiseq.batch: downloaded SRR15852411_1.fastq.gz
23:04:52.098 adaptiseq.batch: adaptive probe: workers=8 throughput=612.6Mbps score=-566
23:04:53.005 adaptiseq.batch: downloaded SRR15852407_2.fastq.gz
23:04:57.100 adaptiseq.batch: adaptive probe: workers=7 throughput=402.8Mbps score=-376
23:04:58.226 adaptiseq.batch: downloaded SRR15852415_2.fastq.gz
23:05:02.101 adaptiseq.batch: adaptive probe: workers=6 throughput=222.4Mbps score=-210
23:05:07.103 adaptiseq.batch: adaptive probe: workers=6 throughput=118.3Mbps score=-111
23:05:08.510 adaptiseq.batch: downloaded SRR15852400_2.fastq.gz
23:05:12.104 adaptiseq.batch: adaptive probe: workers=5 throughput=130.8Mbps score=-124
23:05:17.106 adaptiseq.batch: adaptive probe: workers=5 throughput=122.0Mbps score=-116
23:05:22.107 adaptiseq.batch: adaptive probe: workers=5 throughput=157.3Mbps score=-150
23:05:27.108 adaptiseq.batch: adaptive probe: workers=5 throughput=308.7Mbps score=-294
23:05:29.465 adaptiseq.batch: downloaded SRR15852430_1.fastq.gz
23:05:31.027 adaptiseq.batch: downloaded SRR15852425_1.fastq.gz
23:05:32.110 adaptiseq.batch: adaptive probe: workers=3 throughput=456.0Mbps score=-443
23:05:32.454 adaptiseq.batch: downloaded SRR15852425_2.fastq.gz
23:05:37.111 adaptiseq.batch: adaptive probe: workers=2 throughput=139.8Mbps score=-137
23:05:42.112 adaptiseq.batch: adaptive probe: workers=2 throughput=142.1Mbps score=-139
23:05:42.725 adaptiseq.batch: downloaded SRR15852406_1.fastq.gz
23:05:47.113 adaptiseq.batch: adaptive probe: workers=1 throughput=94.4Mbps score=-93
23:05:48.637 adaptiseq.batch: downloaded SRR15852430_2.fastq.gz
[32mNote[0m: adaptive worker summary: 39 probe(s); best 2780 Mbps at 9 worker(s); last 94 Mbps at 1 worker(s); recent: 8w@613Mbps, 7w@403Mbps, 6w@222Mbps, 6w@118Mbps, 5w@131Mbps, 5w@122Mbps, 5w@157Mbps, 5w@309Mbps, 3w@456Mbps, 2w@140Mbps, 2w@142Mbps, 1w@94Mbps
[32mNote[0m: SRR15852400.metadata.tsv exists, skip downloading metadata for SRR15852400
      SRR15852400_1.fastq.gz 1.23G 	       SRR15852400_2.fastq.gz 1.24G 	 
[32mNote[0m: Above Run will be downloaded. You can see the details in SRR15852400.metadata.tsv
[92mSRR15852400 download and md5 check successful, save SRR15852400 in success.log[0m
=======================SRR15852400 download finished=======================
[32mNote[0m: SRR15852404.metadata.tsv exists, skip downloading metadata for SRR15852404
      SRR15852404_1.fastq.gz 1.31G 	       SRR15852404_2.fastq.gz 1.36G 	 
[32mNote[0m: Above Run will be downloaded. You can see the details in SRR15852404.metadata.tsv
[92mSRR15852404 download and md5 check successful, save SRR15852404 in success.log[0m
=======================SRR15852404 download finished=======================
[32mNote[0m: SRR15852406.metadata.tsv exists, skip downloading metadata for SRR15852406
      SRR15852406_1.fastq.gz 1.48G 	       SRR15852406_2.fastq.gz 1.53G 	 
[32mNote[0m: Above Run will be downloaded. You can see the details in SRR15852406.metadata.tsv
[92mSRR15852406 download and md5 check successful, save SRR15852406 in success.log[0m
=======================SRR15852406 download finished=======================
[32mNote[0m: SRR15852407.metadata.tsv exists, skip downloading metadata for SRR15852407
      SRR15852407_1.fastq.gz 1.15G 	       SRR15852407_2.fastq.gz 1.18G 	 
[32mNote[0m: Above Run will be downloaded. You can see the details in SRR15852407.metadata.tsv
[92mSRR15852407 download and md5 check successful, save SRR15852407 in success.log[0m
=======================SRR15852407 download finished=======================
[32mNote[0m: SRR15852411.metadata.tsv exists, skip downloading metadata for SRR15852411
      SRR15852411_1.fastq.gz 1.30G 	       SRR15852411_2.fastq.gz 1.35G 	 
[32mNote[0m: Above Run will be downloaded. You can see the details in SRR15852411.metadata.tsv
[92mSRR15852411 download and md5 check successful, save SRR15852411 in success.log[0m
=======================SRR15852411 download finished=======================
[32mNote[0m: SRR15852415.metadata.tsv exists, skip downloading metadata for SRR15852415
      SRR15852415_1.fastq.gz 1.81G 	       SRR15852415_2.fastq.gz 1.86G 	 
[32mNote[0m: Above Run will be downloaded. You can see the details in SRR15852415.metadata.tsv
[92mSRR15852415 download and md5 check successful, save SRR15852415 in success.log[0m
=======================SRR15852415 download finished=======================
[32mNote[0m: SRR15852425.metadata.tsv exists, skip downloading metadata for SRR15852425
      SRR15852425_1.fastq.gz 1.75G 	       SRR15852425_2.fastq.gz 1.79G 	 
[32mNote[0m: Above Run will be downloaded. You can see the details in SRR15852425.metadata.tsv
[92mSRR15852425 download and md5 check successful, save SRR15852425 in success.log[0m
=======================SRR15852425 download finished=======================
[32mNote[0m: SRR15852430.metadata.tsv exists, skip downloading metadata for SRR15852430
      SRR15852430_1.fastq.gz 1.84G 	       SRR15852430_2.fastq.gz 1.91G 	 
[32mNote[0m: Above Run will be downloaded. You can see the details in SRR15852430.metadata.tsv
[92mSRR15852430 download and md5 check successful, save SRR15852430 in success.log[0m
=======================SRR15852430 download finished=======================
