[32mNote[0m: batch downloading 16 file(s) across 8 accession(s) with up to 16 worker(s) (configured max 40) (adaptive concurrency)
17:44:44.765 adaptiseq.engine.seam: Transport for ftp.sra.ebi.ac.uk: HTTPS mirror is range-capable; segmented HTTPS
17:44:44.970 adaptiseq.engine.seam: Transport for ftp.sra.ebi.ac.uk: HTTPS mirror is range-capable; segmented HTTPS
17:44:54.177 adaptiseq.batch: adaptive probe: workers=1 throughput=445.1Mbps score=-441
17:44:59.179 adaptiseq.batch: adaptive probe: workers=2 throughput=415.6Mbps score=-407
17:45:04.181 adaptiseq.batch: adaptive probe: workers=1 throughput=415.1Mbps score=-411
17:45:09.185 adaptiseq.batch: adaptive probe: workers=1 throughput=423.4Mbps score=-419
17:45:14.187 adaptiseq.batch: adaptive probe: workers=2 throughput=418.3Mbps score=-410
17:45:19.189 adaptiseq.batch: adaptive probe: workers=1 throughput=752.8Mbps score=-745
17:45:24.190 adaptiseq.batch: adaptive probe: workers=1 throughput=543.3Mbps score=-538
17:45:29.192 adaptiseq.batch: adaptive probe: workers=1 throughput=516.1Mbps score=-511
17:45:30.407 adaptiseq.batch: downloaded SRR15852404_2.fastq.gz
17:45:34.193 adaptiseq.batch: adaptive probe: workers=1 throughput=313.6Mbps score=-311
17:45:39.194 adaptiseq.batch: adaptive probe: workers=1 throughput=100.1Mbps score=-99
17:45:40.800 adaptiseq.batch: downloaded SRR15852404_1.fastq.gz
17:45:40.800 adaptiseq.engine.seam: Transport for ftp.sra.ebi.ac.uk: HTTPS mirror is range-capable; segmented HTTPS
17:45:44.197 adaptiseq.batch: adaptive probe: workers=1 throughput=127.1Mbps score=-126
17:45:44.264 adaptiseq.engine.seam: Transport for ftp.sra.ebi.ac.uk: HTTPS mirror is range-capable; segmented HTTPS
17:45:49.198 adaptiseq.batch: adaptive probe: workers=2 throughput=499.3Mbps score=-489
17:45:49.231 adaptiseq.engine.seam: Transport for ftp.sra.ebi.ac.uk: HTTPS mirror is range-capable; segmented HTTPS
17:45:49.231 adaptiseq.engine.seam: Transport for ftp.sra.ebi.ac.uk: HTTPS mirror is range-capable; segmented HTTPS
17:45:49.232 adaptiseq.engine.seam: Transport for ftp.sra.ebi.ac.uk: HTTPS mirror is range-capable; segmented HTTPS
17:45:49.232 adaptiseq.engine.seam: Transport for ftp.sra.ebi.ac.uk: HTTPS mirror is range-capable; segmented HTTPS
17:45:49.232 adaptiseq.engine.seam: Transport for ftp.sra.ebi.ac.uk: HTTPS mirror is range-capable; segmented HTTPS
17:45:54.200 adaptiseq.batch: adaptive probe: workers=7 throughput=1532.3Mbps score=-1429
17:45:54.212 adaptiseq.engine.seam: Transport for ftp.sra.ebi.ac.uk: HTTPS mirror is range-capable; segmented HTTPS
17:45:54.213 adaptiseq.engine.seam: Transport for ftp.sra.ebi.ac.uk: HTTPS mirror is range-capable; segmented HTTPS
17:45:54.213 adaptiseq.engine.seam: Transport for ftp.sra.ebi.ac.uk: HTTPS mirror is range-capable; segmented HTTPS
17:45:59.202 adaptiseq.batch: adaptive probe: workers=10 throughput=2481.3Mbps score=-2246
17:45:59.242 adaptiseq.engine.seam: Transport for ftp.sra.ebi.ac.uk: HTTPS mirror is range-capable; segmented HTTPS
17:45:59.242 adaptiseq.engine.seam: Transport for ftp.sra.ebi.ac.uk: HTTPS mirror is range-capable; segmented HTTPS
17:46:04.206 adaptiseq.batch: adaptive probe: workers=12 throughput=2934.5Mbps score=-2604
17:46:04.224 adaptiseq.engine.seam: Transport for ftp.sra.ebi.ac.uk: HTTPS mirror is range-capable; segmented HTTPS
17:46:09.216 adaptiseq.batch: adaptive probe: workers=13 throughput=3207.6Mbps score=-2818
17:46:09.262 adaptiseq.engine.seam: Transport for ftp.sra.ebi.ac.uk: HTTPS mirror is range-capable; segmented HTTPS
17:46:13.799 adaptiseq.batch: downloaded SRR15852400_2.fastq.gz
17:46:14.230 adaptiseq.batch: adaptive probe: workers=13 throughput=3189.7Mbps score=-2803
17:46:19.535 adaptiseq.batch: adaptive probe: workers=13 throughput=2229.5Mbps score=-1959
17:46:24.540 adaptiseq.batch: adaptive probe: workers=13 throughput=2128.1Mbps score=-1870
17:46:25.626 adaptiseq.batch: downloaded SRR15852400_1.fastq.gz
17:46:29.541 adaptiseq.batch: adaptive probe: workers=12 throughput=1497.7Mbps score=-1329
17:46:34.544 adaptiseq.batch: adaptive probe: workers=12 throughput=2345.2Mbps score=-2081
17:46:35.590 adaptiseq.batch: downloaded SRR15852407_1.fastq.gz
17:46:39.549 adaptiseq.batch: adaptive probe: workers=9 throughput=2110.9Mbps score=-1930
17:46:39.798 adaptiseq.batch: downloaded SRR15852407_2.fastq.gz
17:46:44.551 adaptiseq.batch: adaptive probe: workers=10 throughput=1286.1Mbps score=-1164
17:46:46.799 adaptiseq.batch: downloaded SRR15852406_2.fastq.gz
17:46:47.770 adaptiseq.batch: downloaded SRR15852411_1.fastq.gz
17:46:49.552 adaptiseq.batch: adaptive probe: workers=6 throughput=756.3Mbps score=-712
17:46:54.651 adaptiseq.batch: adaptive probe: workers=7 throughput=522.7Mbps score=-488
17:46:59.652 adaptiseq.batch: adaptive probe: workers=5 throughput=459.8Mbps score=-437
17:47:04.654 adaptiseq.batch: adaptive probe: workers=6 throughput=456.1Mbps score=-430
17:47:09.655 adaptiseq.batch: adaptive probe: workers=5 throughput=660.3Mbps score=-628
17:47:14.657 adaptiseq.batch: adaptive probe: workers=3 throughput=1120.0Mbps score=-1087
17:47:19.131 adaptiseq.batch: downloaded SRR15852411_2.fastq.gz
17:47:19.659 adaptiseq.batch: adaptive probe: workers=2 throughput=1479.2Mbps score=-1450
17:47:23.824 adaptiseq.batch: downloaded SRR15852415_2.fastq.gz
17:47:24.659 adaptiseq.batch: adaptive probe: workers=1 throughput=1399.7Mbps score=-1386
17:47:26.655 adaptiseq.batch: downloaded SRR15852425_1.fastq.gz
17:47:29.661 adaptiseq.batch: adaptive probe: workers=2 throughput=780.9Mbps score=-766
17:47:34.322 adaptiseq.batch: downloaded SRR15852406_1.fastq.gz
17:47:34.663 adaptiseq.batch: adaptive probe: workers=1 throughput=806.5Mbps score=-798
17:47:39.665 adaptiseq.batch: adaptive probe: workers=1 throughput=635.4Mbps score=-629
17:47:40.204 adaptiseq.batch: downloaded SRR15852415_1.fastq.gz
17:47:44.666 adaptiseq.batch: adaptive probe: workers=1 throughput=323.5Mbps score=-320
17:47:49.668 adaptiseq.batch: adaptive probe: workers=1 throughput=259.8Mbps score=-257
17:47:54.669 adaptiseq.batch: adaptive probe: workers=1 throughput=210.9Mbps score=-209
17:47:59.670 adaptiseq.batch: adaptive probe: workers=1 throughput=216.6Mbps score=-214
17:48:03.124 adaptiseq.batch: downloaded SRR15852430_2.fastq.gz
17:48:04.673 adaptiseq.batch: adaptive probe: workers=2 throughput=226.3Mbps score=-222
17:48:09.674 adaptiseq.batch: adaptive probe: workers=2 throughput=213.1Mbps score=-209
17:48:11.701 adaptiseq.batch: downloaded SRR15852425_2.fastq.gz
17:48:14.676 adaptiseq.batch: adaptive probe: workers=1 throughput=310.1Mbps score=-307
17:48:18.838 adaptiseq.batch: downloaded SRR15852430_1.fastq.gz
[32mNote[0m: adaptive worker summary: 41 probe(s); best 3208 Mbps at 13 worker(s); last 310 Mbps at 1 worker(s); recent: 2w@1479Mbps, 1w@1400Mbps, 2w@781Mbps, 1w@806Mbps, 1w@635Mbps, 1w@323Mbps, 1w@260Mbps, 1w@211Mbps, 1w@217Mbps, 2w@226Mbps, 2w@213Mbps, 1w@310Mbps
[32mNote[0m: SRR15852400.metadata.tsv exists, skip downloading metadata for SRR15852400
      SRR15852400_1.fastq.gz 1.23G 	       SRR15852400_2.fastq.gz 1.24G 	 
[32mNote[0m: Above Run will be downloaded. You can see the details in SRR15852400.metadata.tsv
[92mSRR15852400 download and md5 check successful, save SRR15852400 in success.log[0m
=======================SRR15852400 download finished=======================
[32mNote[0m: SRR15852404.metadata.tsv exists, skip downloading metadata for SRR15852404
      SRR15852404_1.fastq.gz 1.31G 	       SRR15852404_2.fastq.gz 1.36G 	 
[32mNote[0m: Above Run will be downloaded. You can see the details in SRR15852404.metadata.tsv
[92mSRR15852404 download and md5 check successful, save SRR15852404 in success.log[0m
=======================SRR15852404 download finished=======================
[32mNote[0m: SRR15852406.metadata.tsv exists, skip downloading metadata for SRR15852406
      SRR15852406_1.fastq.gz 1.48G 	       SRR15852406_2.fastq.gz 1.53G 	 
[32mNote[0m: Above Run will be downloaded. You can see the details in SRR15852406.metadata.tsv
[92mSRR15852406 download and md5 check successful, save SRR15852406 in success.log[0m
=======================SRR15852406 download finished=======================
[32mNote[0m: SRR15852407.metadata.tsv exists, skip downloading metadata for SRR15852407
      SRR15852407_1.fastq.gz 1.15G 	       SRR15852407_2.fastq.gz 1.18G 	 
[32mNote[0m: Above Run will be downloaded. You can see the details in SRR15852407.metadata.tsv
[92mSRR15852407 download and md5 check successful, save SRR15852407 in success.log[0m
=======================SRR15852407 download finished=======================
[32mNote[0m: SRR15852411.metadata.tsv exists, skip downloading metadata for SRR15852411
      SRR15852411_1.fastq.gz 1.30G 	       SRR15852411_2.fastq.gz 1.35G 	 
[32mNote[0m: Above Run will be downloaded. You can see the details in SRR15852411.metadata.tsv
[92mSRR15852411 download and md5 check successful, save SRR15852411 in success.log[0m
=======================SRR15852411 download finished=======================
[32mNote[0m: SRR15852415.metadata.tsv exists, skip downloading metadata for SRR15852415
      SRR15852415_1.fastq.gz 1.81G 	       SRR15852415_2.fastq.gz 1.86G 	 
[32mNote[0m: Above Run will be downloaded. You can see the details in SRR15852415.metadata.tsv
[92mSRR15852415 download and md5 check successful, save SRR15852415 in success.log[0m
=======================SRR15852415 download finished=======================
[32mNote[0m: SRR15852425.metadata.tsv exists, skip downloading metadata for SRR15852425
      SRR15852425_1.fastq.gz 1.75G 	       SRR15852425_2.fastq.gz 1.79G 	 
[32mNote[0m: Above Run will be downloaded. You can see the details in SRR15852425.metadata.tsv
[92mSRR15852425 download and md5 check successful, save SRR15852425 in success.log[0m
=======================SRR15852425 download finished=======================
[32mNote[0m: SRR15852430.metadata.tsv exists, skip downloading metadata for SRR15852430
      SRR15852430_1.fastq.gz 1.84G 	       SRR15852430_2.fastq.gz 1.91G 	 
[32mNote[0m: Above Run will be downloaded. You can see the details in SRR15852430.metadata.tsv
[92mSRR15852430 download and md5 check successful, save SRR15852430 in success.log[0m
=======================SRR15852430 download finished=======================
