2026-07-19 17:52:59 INFO     Query: SRR15852400                  download.py:373
                    INFO     Archive: ENA                        download.py:374
                    INFO     Total Runs To Download: 1           download.py:379
                    INFO     Working on run SRR15852400...       download.py:402
                    INFO     /mnt/nvme0n1/e3_work/3b_D2_subset_PRJNA7 ena.py:202
                             62469_fastq-dl_rep4/SRR15852400_1.fastq.           
                             gz FTP download attempt 1                          
2026-07-19 17:55:30 INFO     Successfully downloaded                  ena.py:232
                             /mnt/nvme0n1/e3_work/3b_D2_subset_PRJNA7           
                             62469_fastq-dl_rep4/SRR15852400_1.fastq.           
                             gz                                                 
                    INFO     /mnt/nvme0n1/e3_work/3b_D2_subset_PRJNA7 ena.py:202
                             62469_fastq-dl_rep4/SRR15852400_2.fastq.           
                             gz FTP download attempt 1                          
2026-07-19 17:57:08 INFO     Successfully downloaded                  ena.py:232
                             /mnt/nvme0n1/e3_work/3b_D2_subset_PRJNA7           
                             62469_fastq-dl_rep4/SRR15852400_2.fastq.           
                             gz                                                 
                    INFO     Writing metadata to                 download.py:469
                             /mnt/nvme0n1/e3_work/3b_D2_subset_P                
                             RJNA762469_fastq-dl_rep4/fastq-run-                
                             info.tsv                                           
2026-07-19 17:57:09 INFO     Query: SRR15852404                  download.py:373
                    INFO     Archive: ENA                        download.py:374
                    INFO     Total Runs To Download: 1           download.py:379
                    INFO     Working on run SRR15852404...       download.py:402
                    INFO     /mnt/nvme0n1/e3_work/3b_D2_subset_PRJNA7 ena.py:202
                             62469_fastq-dl_rep4/SRR15852404_1.fastq.           
                             gz FTP download attempt 1                          
2026-07-19 18:00:23 INFO     Successfully downloaded                  ena.py:232
                             /mnt/nvme0n1/e3_work/3b_D2_subset_PRJNA7           
                             62469_fastq-dl_rep4/SRR15852404_1.fastq.           
                             gz                                                 
                    INFO     /mnt/nvme0n1/e3_work/3b_D2_subset_PRJNA7 ena.py:202
                             62469_fastq-dl_rep4/SRR15852404_2.fastq.           
                             gz FTP download attempt 1                          
2026-07-19 18:04:05 INFO     Successfully downloaded                  ena.py:232
                             /mnt/nvme0n1/e3_work/3b_D2_subset_PRJNA7           
                             62469_fastq-dl_rep4/SRR15852404_2.fastq.           
                             gz                                                 
                    INFO     Writing metadata to                 download.py:469
                             /mnt/nvme0n1/e3_work/3b_D2_subset_P                
                             RJNA762469_fastq-dl_rep4/fastq-run-                
                             info.tsv                                           
2026-07-19 18:04:06 INFO     Query: SRR15852406                  download.py:373
                    INFO     Archive: ENA                        download.py:374
                    INFO     Total Runs To Download: 1           download.py:379
                    INFO     Working on run SRR15852406...       download.py:402
                    INFO     /mnt/nvme0n1/e3_work/3b_D2_subset_PRJNA7 ena.py:202
                             62469_fastq-dl_rep4/SRR15852406_1.fastq.           
                             gz FTP download attempt 1                          
2026-07-19 18:10:04 INFO     Successfully downloaded                  ena.py:232
                             /mnt/nvme0n1/e3_work/3b_D2_subset_PRJNA7           
                             62469_fastq-dl_rep4/SRR15852406_1.fastq.           
                             gz                                                 
                    INFO     /mnt/nvme0n1/e3_work/3b_D2_subset_PRJNA7 ena.py:202
                             62469_fastq-dl_rep4/SRR15852406_2.fastq.           
                             gz FTP download attempt 1                          
2026-07-19 18:14:31 INFO     Successfully downloaded                  ena.py:232
                             /mnt/nvme0n1/e3_work/3b_D2_subset_PRJNA7           
                             62469_fastq-dl_rep4/SRR15852406_2.fastq.           
                             gz                                                 
                    INFO     Writing metadata to                 download.py:469
                             /mnt/nvme0n1/e3_work/3b_D2_subset_P                
                             RJNA762469_fastq-dl_rep4/fastq-run-                
                             info.tsv                                           
2026-07-19 18:14:32 INFO     Query: SRR15852407                  download.py:373
                    INFO     Archive: ENA                        download.py:374
                    INFO     Total Runs To Download: 1           download.py:379
                    INFO     Working on run SRR15852407...       download.py:402
                    INFO     /mnt/nvme0n1/e3_work/3b_D2_subset_PRJNA7 ena.py:202
                             62469_fastq-dl_rep4/SRR15852407_1.fastq.           
                             gz FTP download attempt 1                          
2026-07-19 18:17:28 INFO     Successfully downloaded                  ena.py:232
                             /mnt/nvme0n1/e3_work/3b_D2_subset_PRJNA7           
                             62469_fastq-dl_rep4/SRR15852407_1.fastq.           
                             gz                                                 
                    INFO     /mnt/nvme0n1/e3_work/3b_D2_subset_PRJNA7 ena.py:202
                             62469_fastq-dl_rep4/SRR15852407_2.fastq.           
                             gz FTP download attempt 1                          
2026-07-19 18:21:47 INFO     Successfully downloaded                  ena.py:232
                             /mnt/nvme0n1/e3_work/3b_D2_subset_PRJNA7           
                             62469_fastq-dl_rep4/SRR15852407_2.fastq.           
                             gz                                                 
                    INFO     Writing metadata to                 download.py:469
                             /mnt/nvme0n1/e3_work/3b_D2_subset_P                
                             RJNA762469_fastq-dl_rep4/fastq-run-                
                             info.tsv                                           
2026-07-19 18:21:49 INFO     Query: SRR15852411                  download.py:373
                    INFO     Archive: ENA                        download.py:374
                    INFO     Total Runs To Download: 1           download.py:379
                    INFO     Working on run SRR15852411...       download.py:402
                    INFO     /mnt/nvme0n1/e3_work/3b_D2_subset_PRJNA7 ena.py:202
                             62469_fastq-dl_rep4/SRR15852411_1.fastq.           
                             gz FTP download attempt 1                          
2026-07-19 18:23:55 INFO     Successfully downloaded                  ena.py:232
                             /mnt/nvme0n1/e3_work/3b_D2_subset_PRJNA7           
                             62469_fastq-dl_rep4/SRR15852411_1.fastq.           
                             gz                                                 
                    INFO     /mnt/nvme0n1/e3_work/3b_D2_subset_PRJNA7 ena.py:202
                             62469_fastq-dl_rep4/SRR15852411_2.fastq.           
                             gz FTP download attempt 1                          
2026-07-19 18:26:30 INFO     Successfully downloaded                  ena.py:232
                             /mnt/nvme0n1/e3_work/3b_D2_subset_PRJNA7           
                             62469_fastq-dl_rep4/SRR15852411_2.fastq.           
                             gz                                                 
                    INFO     Writing metadata to                 download.py:469
                             /mnt/nvme0n1/e3_work/3b_D2_subset_P                
                             RJNA762469_fastq-dl_rep4/fastq-run-                
                             info.tsv                                           
2026-07-19 18:26:31 INFO     Query: SRR15852415                  download.py:373
                    INFO     Archive: ENA                        download.py:374
                    INFO     Total Runs To Download: 1           download.py:379
                    INFO     Working on run SRR15852415...       download.py:402
                    INFO     /mnt/nvme0n1/e3_work/3b_D2_subset_PRJNA7 ena.py:202
                             62469_fastq-dl_rep4/SRR15852415_1.fastq.           
                             gz FTP download attempt 1                          
2026-07-19 18:33:46 INFO     Successfully downloaded                  ena.py:232
                             /mnt/nvme0n1/e3_work/3b_D2_subset_PRJNA7           
                             62469_fastq-dl_rep4/SRR15852415_1.fastq.           
                             gz                                                 
                    INFO     /mnt/nvme0n1/e3_work/3b_D2_subset_PRJNA7 ena.py:202
                             62469_fastq-dl_rep4/SRR15852415_2.fastq.           
                             gz FTP download attempt 1                          
2026-07-19 18:37:49 INFO     Successfully downloaded                  ena.py:232
                             /mnt/nvme0n1/e3_work/3b_D2_subset_PRJNA7           
                             62469_fastq-dl_rep4/SRR15852415_2.fastq.           
                             gz                                                 
                    INFO     Writing metadata to                 download.py:469
                             /mnt/nvme0n1/e3_work/3b_D2_subset_P                
                             RJNA762469_fastq-dl_rep4/fastq-run-                
                             info.tsv                                           
2026-07-19 18:37:50 INFO     Query: SRR15852425                  download.py:373
                    INFO     Archive: ENA                        download.py:374
                    INFO     Total Runs To Download: 1           download.py:379
                    INFO     Working on run SRR15852425...       download.py:402
                    INFO     /mnt/nvme0n1/e3_work/3b_D2_subset_PRJNA7 ena.py:202
                             62469_fastq-dl_rep4/SRR15852425_1.fastq.           
                             gz FTP download attempt 1                          
2026-07-19 18:43:02 INFO     Successfully downloaded                  ena.py:232
                             /mnt/nvme0n1/e3_work/3b_D2_subset_PRJNA7           
                             62469_fastq-dl_rep4/SRR15852425_1.fastq.           
                             gz                                                 
                    INFO     /mnt/nvme0n1/e3_work/3b_D2_subset_PRJNA7 ena.py:202
                             62469_fastq-dl_rep4/SRR15852425_2.fastq.           
                             gz FTP download attempt 1                          
2026-07-19 18:46:53 INFO     Successfully downloaded                  ena.py:232
                             /mnt/nvme0n1/e3_work/3b_D2_subset_PRJNA7           
                             62469_fastq-dl_rep4/SRR15852425_2.fastq.           
                             gz                                                 
                    INFO     Writing metadata to                 download.py:469
                             /mnt/nvme0n1/e3_work/3b_D2_subset_P                
                             RJNA762469_fastq-dl_rep4/fastq-run-                
                             info.tsv                                           
2026-07-19 18:46:55 INFO     Query: SRR15852430                  download.py:373
                    INFO     Archive: ENA                        download.py:374
                    INFO     Total Runs To Download: 1           download.py:379
                    INFO     Working on run SRR15852430...       download.py:402
                    INFO     /mnt/nvme0n1/e3_work/3b_D2_subset_PRJNA7 ena.py:202
                             62469_fastq-dl_rep4/SRR15852430_1.fastq.           
                             gz FTP download attempt 1                          
2026-07-19 18:53:41 INFO     Successfully downloaded                  ena.py:232
                             /mnt/nvme0n1/e3_work/3b_D2_subset_PRJNA7           
                             62469_fastq-dl_rep4/SRR15852430_1.fastq.           
                             gz                                                 
                    INFO     /mnt/nvme0n1/e3_work/3b_D2_subset_PRJNA7 ena.py:202
                             62469_fastq-dl_rep4/SRR15852430_2.fastq.           
                             gz FTP download attempt 1                          
2026-07-19 18:57:46 INFO     Successfully downloaded                  ena.py:232
                             /mnt/nvme0n1/e3_work/3b_D2_subset_PRJNA7           
                             62469_fastq-dl_rep4/SRR15852430_2.fastq.           
                             gz                                                 
                    INFO     Writing metadata to                 download.py:469
                             /mnt/nvme0n1/e3_work/3b_D2_subset_P                
                             RJNA762469_fastq-dl_rep4/fastq-run-                
                             info.tsv                                           
