[32mNote[0m: batch downloading 18 file(s) across 18 accession(s) with up to 18 worker(s) (configured max 40) (adaptive concurrency)
01:14:11.382 adaptiseq.engine.seam: Transport for ftp.sra.ebi.ac.uk: HTTPS mirror is range-capable; segmented HTTPS
01:14:11.602 adaptiseq.engine.seam: Transport for ftp.sra.ebi.ac.uk: HTTPS mirror is range-capable; segmented HTTPS
01:14:11.694 adaptiseq.batch: downloaded SRR22904259.fastq.gz
01:14:11.694 adaptiseq.engine.seam: Transport for ftp.sra.ebi.ac.uk: HTTPS mirror is range-capable; segmented HTTPS
01:14:11.932 adaptiseq.batch: downloaded SRR22904353.fastq.gz
01:14:11.932 adaptiseq.engine.seam: Transport for ftp.sra.ebi.ac.uk: HTTPS mirror is range-capable; segmented HTTPS
01:14:12.176 adaptiseq.batch: downloaded SRR22904368.fastq.gz
01:14:12.176 adaptiseq.engine.seam: Transport for ftp.sra.ebi.ac.uk: HTTPS mirror is range-capable; segmented HTTPS
01:14:12.433 adaptiseq.batch: downloaded SRR22904389.fastq.gz
01:14:12.433 adaptiseq.engine.seam: Transport for ftp.sra.ebi.ac.uk: HTTPS mirror is range-capable; segmented HTTPS
01:14:12.690 adaptiseq.batch: downloaded SRR22904391.fastq.gz
01:14:12.690 adaptiseq.engine.seam: Transport for ftp.sra.ebi.ac.uk: HTTPS mirror is range-capable; segmented HTTPS
01:14:12.923 adaptiseq.batch: downloaded SRR22904396.fastq.gz
01:14:12.923 adaptiseq.engine.seam: Transport for ftp.sra.ebi.ac.uk: HTTPS mirror is range-capable; segmented HTTPS
01:14:13.756 adaptiseq.batch: downloaded SRR22904447.fastq.gz
01:14:13.756 adaptiseq.engine.seam: Transport for ftp.sra.ebi.ac.uk: HTTPS mirror is range-capable; segmented HTTPS
01:14:14.004 adaptiseq.batch: downloaded SRR22904461.fastq.gz
01:14:14.004 adaptiseq.engine.seam: Transport for ftp.sra.ebi.ac.uk: HTTPS mirror is range-capable; segmented HTTPS
01:14:14.266 adaptiseq.batch: downloaded SRR22904467.fastq.gz
01:14:14.266 adaptiseq.engine.seam: Transport for ftp.sra.ebi.ac.uk: HTTPS mirror is range-capable; segmented HTTPS
01:14:14.523 adaptiseq.batch: downloaded SRR22904470.fastq.gz
01:14:14.523 adaptiseq.engine.seam: Transport for ftp.sra.ebi.ac.uk: HTTPS mirror is range-capable; segmented HTTPS
01:14:14.763 adaptiseq.batch: downloaded SRR22904480.fastq.gz
01:14:14.764 adaptiseq.engine.seam: Transport for sra-pub-run-odp.s3.amazonaws.com: HTTPS mirror is range-capable; segmented HTTPS
01:14:19.554 adaptiseq.batch: downloaded SRR1031060
01:14:19.554 adaptiseq.engine.seam: Transport for sra-pub-run-odp.s3.amazonaws.com: HTTPS mirror is range-capable; segmented HTTPS
01:14:21.013 adaptiseq.batch: adaptive probe: workers=1 throughput=465.4Mbps score=-461
01:14:26.014 adaptiseq.batch: adaptive probe: workers=2 throughput=444.3Mbps score=-436
01:14:30.788 adaptiseq.batch: downloaded SRR1031066
01:14:30.789 adaptiseq.engine.seam: Transport for sra-pub-run-odp.s3.amazonaws.com: HTTPS mirror is range-capable; segmented HTTPS
01:14:31.016 adaptiseq.batch: adaptive probe: workers=1 throughput=442.6Mbps score=-438
01:14:34.806 adaptiseq.batch: downloaded SRR22904292.fastq.gz
01:14:36.019 adaptiseq.batch: adaptive probe: workers=1 throughput=423.0Mbps score=-419
01:14:41.020 adaptiseq.batch: adaptive probe: workers=1 throughput=368.6Mbps score=-365
01:14:44.670 adaptiseq.batch: downloaded SRR1031074
01:14:44.670 adaptiseq.engine.seam: Transport for sra-pub-run-odp.s3.amazonaws.com: HTTPS mirror is range-capable; segmented HTTPS
01:14:46.022 adaptiseq.batch: adaptive probe: workers=1 throughput=382.1Mbps score=-378
01:14:46.097 adaptiseq.engine.seam: Transport for sra-pub-run-odp.s3.amazonaws.com: HTTPS mirror is range-capable; segmented HTTPS
01:14:51.023 adaptiseq.batch: adaptive probe: workers=2 throughput=734.9Mbps score=-720
01:14:51.052 adaptiseq.engine.seam: Transport for sra-pub-run-odp.s3.amazonaws.com: HTTPS mirror is range-capable; segmented HTTPS
01:14:55.283 adaptiseq.batch: downloaded SRR1031090
01:14:55.526 adaptiseq.batch: downloaded SRR1031101
01:14:55.819 adaptiseq.batch: downloaded SRR1031080
[32mNote[0m: adaptive worker summary: 7 probe(s); best 735 Mbps at 2 worker(s); last 735 Mbps at 2 worker(s); recent: 1w@465Mbps, 2w@444Mbps, 1w@443Mbps, 1w@423Mbps, 1w@369Mbps, 1w@382Mbps, 2w@735Mbps
[32mNote[0m: SRR22904259.metadata.tsv exists, skip downloading metadata for SRR22904259
      SRR22904259.fastq.gz 0.00G 	 
[32mNote[0m: Above Run will be downloaded. You can see the details in SRR22904259.metadata.tsv
[92mSRR22904259 download and md5 check successful, save SRR22904259 in success.log[0m
=======================SRR22904259 download finished=======================
[32mNote[0m: SRR22904292.metadata.tsv exists, skip downloading metadata for SRR22904292
      SRR22904292.fastq.gz 0.20G 	 
[32mNote[0m: Above Run will be downloaded. You can see the details in SRR22904292.metadata.tsv
[92mSRR22904292 download and md5 check successful, save SRR22904292 in success.log[0m
=======================SRR22904292 download finished=======================
[32mNote[0m: SRR22904353.metadata.tsv exists, skip downloading metadata for SRR22904353
      SRR22904353.fastq.gz 0.00G 	 
[32mNote[0m: Above Run will be downloaded. You can see the details in SRR22904353.metadata.tsv
[92mSRR22904353 download and md5 check successful, save SRR22904353 in success.log[0m
=======================SRR22904353 download finished=======================
[32mNote[0m: SRR22904368.metadata.tsv exists, skip downloading metadata for SRR22904368
      SRR22904368.fastq.gz 0.00G 	 
[32mNote[0m: Above Run will be downloaded. You can see the details in SRR22904368.metadata.tsv
[92mSRR22904368 download and md5 check successful, save SRR22904368 in success.log[0m
=======================SRR22904368 download finished=======================
[32mNote[0m: SRR22904389.metadata.tsv exists, skip downloading metadata for SRR22904389
      SRR22904389.fastq.gz 0.00G 	 
[32mNote[0m: Above Run will be downloaded. You can see the details in SRR22904389.metadata.tsv
[92mSRR22904389 download and md5 check successful, save SRR22904389 in success.log[0m
=======================SRR22904389 download finished=======================
[32mNote[0m: SRR22904391.metadata.tsv exists, skip downloading metadata for SRR22904391
      SRR22904391.fastq.gz 0.00G 	 
[32mNote[0m: Above Run will be downloaded. You can see the details in SRR22904391.metadata.tsv
[92mSRR22904391 download and md5 check successful, save SRR22904391 in success.log[0m
=======================SRR22904391 download finished=======================
[32mNote[0m: SRR22904396.metadata.tsv exists, skip downloading metadata for SRR22904396
      SRR22904396.fastq.gz 0.00G 	 
[32mNote[0m: Above Run will be downloaded. You can see the details in SRR22904396.metadata.tsv
[92mSRR22904396 download and md5 check successful, save SRR22904396 in success.log[0m
=======================SRR22904396 download finished=======================
[32mNote[0m: SRR22904447.metadata.tsv exists, skip downloading metadata for SRR22904447
      SRR22904447.fastq.gz 0.00G 	 
[32mNote[0m: Above Run will be downloaded. You can see the details in SRR22904447.metadata.tsv
[92mSRR22904447 download and md5 check successful, save SRR22904447 in success.log[0m
=======================SRR22904447 download finished=======================
[32mNote[0m: SRR22904461.metadata.tsv exists, skip downloading metadata for SRR22904461
      SRR22904461.fastq.gz 0.00G 	 
[32mNote[0m: Above Run will be downloaded. You can see the details in SRR22904461.metadata.tsv
[92mSRR22904461 download and md5 check successful, save SRR22904461 in success.log[0m
=======================SRR22904461 download finished=======================
[32mNote[0m: SRR22904467.metadata.tsv exists, skip downloading metadata for SRR22904467
      SRR22904467.fastq.gz 0.00G 	 
[32mNote[0m: Above Run will be downloaded. You can see the details in SRR22904467.metadata.tsv
[92mSRR22904467 download and md5 check successful, save SRR22904467 in success.log[0m
=======================SRR22904467 download finished=======================
[32mNote[0m: SRR22904470.metadata.tsv exists, skip downloading metadata for SRR22904470
      SRR22904470.fastq.gz 0.00G 	 
[32mNote[0m: Above Run will be downloaded. You can see the details in SRR22904470.metadata.tsv
[92mSRR22904470 download and md5 check successful, save SRR22904470 in success.log[0m
=======================SRR22904470 download finished=======================
[32mNote[0m: SRR22904480.metadata.tsv exists, skip downloading metadata for SRR22904480
      SRR22904480.fastq.gz 0.00G 	 
[32mNote[0m: Above Run will be downloaded. You can see the details in SRR22904480.metadata.tsv
[92mSRR22904480 download and md5 check successful, save SRR22904480 in success.log[0m
=======================SRR22904480 download finished=======================
[32mNote[0m: SRR1031060.metadata.tsv exists, skip downloading metadata for SRR1031060
      SRR1031060	0.00G
[32mNote[0m: Above Run will be downloaded. You can see the details in SRR1031060.metadata.tsv
[93mNote[0m: SRR1031060 FASTQ file is also not available in the ENA database, switch to download SRA file
File size: 0.19G	Database: SRA	Mode: https
01:14:57.439 adaptiseq.engine.seam: Transport for sra-pub-run-odp.s3.amazonaws.com: HTTPS mirror is range-capable; segmented HTTPS
[93mNote[0m: No FASTQ files found for SRR1031060
[93mNote[0m: SRR1031060 FASTQ file is also not available in the ENA database, switch to download SRA file
File size: 0.19G	Database: SRA	Mode: https
01:14:58.931 adaptiseq.engine.seam: Transport for sra-pub-run-odp.s3.amazonaws.com: HTTPS mirror is range-capable; segmented HTTPS
[93mNote[0m: No FASTQ files found for SRR1031060
[93mNote[0m: SRR1031060 FASTQ file is also not available in the ENA database, switch to download SRA file
File size: 0.19G	Database: SRA	Mode: https
01:15:00.262 adaptiseq.engine.seam: Transport for sra-pub-run-odp.s3.amazonaws.com: HTTPS mirror is range-capable; segmented HTTPS
[93mNote[0m: No FASTQ files found for SRR1031060
[91mSRR1031060 failed: no FASTQ files after retry, saving to fail.log[0m
[32mNote[0m: Converting SRR1031060 to fastq files using 8 threads
[32mNote[0m: Compressing SRR1031060_1.fastq to SRR1031060_1.fastq.gz using 8 threads, may take a while
[32mNote[0m: Compressing SRR1031060_2.fastq to SRR1031060_2.fastq.gz using 8 threads, may take a while
========================SRR1031060 download finished========================
[32mNote[0m: SRR1031066.metadata.tsv exists, skip downloading metadata for SRR1031066
      SRR1031066	0.00G
[32mNote[0m: Above Run will be downloaded. You can see the details in SRR1031066.metadata.tsv
[93mNote[0m: SRR1031066 FASTQ file is also not available in the ENA database, switch to download SRA file
File size: 0.51G	Database: SRA	Mode: https
01:15:12.469 adaptiseq.engine.seam: Transport for sra-pub-run-odp.s3.amazonaws.com: HTTPS mirror is range-capable; segmented HTTPS
[93mNote[0m: No FASTQ files found for SRR1031066
[93mNote[0m: SRR1031066 FASTQ file is also not available in the ENA database, switch to download SRA file
File size: 0.51G	Database: SRA	Mode: https
01:15:13.680 adaptiseq.engine.seam: Transport for sra-pub-run-odp.s3.amazonaws.com: HTTPS mirror is range-capable; segmented HTTPS
[93mNote[0m: No FASTQ files found for SRR1031066
[93mNote[0m: SRR1031066 FASTQ file is also not available in the ENA database, switch to download SRA file
File size: 0.51G	Database: SRA	Mode: https
01:15:15.032 adaptiseq.engine.seam: Transport for sra-pub-run-odp.s3.amazonaws.com: HTTPS mirror is range-capable; segmented HTTPS
[93mNote[0m: No FASTQ files found for SRR1031066
[91mSRR1031066 failed: no FASTQ files after retry, saving to fail.log[0m
[32mNote[0m: Converting SRR1031066 to fastq files using 8 threads
[32mNote[0m: Compressing SRR1031066_1.fastq to SRR1031066_1.fastq.gz using 8 threads, may take a while
[32mNote[0m: Compressing SRR1031066_2.fastq to SRR1031066_2.fastq.gz using 8 threads, may take a while
========================SRR1031066 download finished========================
[32mNote[0m: SRR1031074.metadata.tsv exists, skip downloading metadata for SRR1031074
      SRR1031074	0.00G
[32mNote[0m: Above Run will be downloaded. You can see the details in SRR1031074.metadata.tsv
[93mNote[0m: SRR1031074 FASTQ file is also not available in the ENA database, switch to download SRA file
File size: 0.63G	Database: SRA	Mode: https
01:15:40.168 adaptiseq.engine.seam: Transport for sra-pub-run-odp.s3.amazonaws.com: HTTPS mirror is range-capable; segmented HTTPS
[93mNote[0m: No FASTQ files found for SRR1031074
[93mNote[0m: SRR1031074 FASTQ file is also not available in the ENA database, switch to download SRA file
File size: 0.63G	Database: SRA	Mode: https
01:15:41.272 adaptiseq.engine.seam: Transport for sra-pub-run-odp.s3.amazonaws.com: HTTPS mirror is range-capable; segmented HTTPS
[93mNote[0m: No FASTQ files found for SRR1031074
[93mNote[0m: SRR1031074 FASTQ file is also not available in the ENA database, switch to download SRA file
File size: 0.63G	Database: SRA	Mode: https
01:15:42.416 adaptiseq.engine.seam: Transport for sra-pub-run-odp.s3.amazonaws.com: HTTPS mirror is range-capable; segmented HTTPS
[93mNote[0m: No FASTQ files found for SRR1031074
[91mSRR1031074 failed: no FASTQ files after retry, saving to fail.log[0m
[32mNote[0m: Converting SRR1031074 to fastq files using 8 threads
[32mNote[0m: Compressing SRR1031074_1.fastq to SRR1031074_1.fastq.gz using 8 threads, may take a while
[32mNote[0m: Compressing SRR1031074_2.fastq to SRR1031074_2.fastq.gz using 8 threads, may take a while
========================SRR1031074 download finished========================
[32mNote[0m: SRR1031080.metadata.tsv exists, skip downloading metadata for SRR1031080
      SRR1031080	0.00G
[32mNote[0m: Above Run will be downloaded. You can see the details in SRR1031080.metadata.tsv
[93mNote[0m: SRR1031080 FASTQ file is also not available in the ENA database, switch to download SRA file
File size: 0.51G	Database: SRA	Mode: https
01:16:27.507 adaptiseq.engine.seam: Transport for sra-pub-run-odp.s3.amazonaws.com: HTTPS mirror is range-capable; segmented HTTPS
[93mNote[0m: No FASTQ files found for SRR1031080
[93mNote[0m: SRR1031080 FASTQ file is also not available in the ENA database, switch to download SRA file
File size: 0.51G	Database: SRA	Mode: https
01:16:28.689 adaptiseq.engine.seam: Transport for sra-pub-run-odp.s3.amazonaws.com: HTTPS mirror is range-capable; segmented HTTPS
[93mNote[0m: No FASTQ files found for SRR1031080
[93mNote[0m: SRR1031080 FASTQ file is also not available in the ENA database, switch to download SRA file
File size: 0.51G	Database: SRA	Mode: https
01:16:29.710 adaptiseq.engine.seam: Transport for sra-pub-run-odp.s3.amazonaws.com: HTTPS mirror is range-capable; segmented HTTPS
[93mNote[0m: No FASTQ files found for SRR1031080
[91mSRR1031080 failed: no FASTQ files after retry, saving to fail.log[0m
[32mNote[0m: Converting SRR1031080 to fastq files using 8 threads
[32mNote[0m: Compressing SRR1031080_1.fastq to SRR1031080_1.fastq.gz using 8 threads, may take a while
[32mNote[0m: Compressing SRR1031080_2.fastq to SRR1031080_2.fastq.gz using 8 threads, may take a while
========================SRR1031080 download finished========================
[32mNote[0m: SRR1031090.metadata.tsv exists, skip downloading metadata for SRR1031090
      SRR1031090	0.00G
[32mNote[0m: Above Run will be downloaded. You can see the details in SRR1031090.metadata.tsv
[93mNote[0m: SRR1031090 FASTQ file is also not available in the ENA database, switch to download SRA file
File size: 0.41G	Database: SRA	Mode: https
01:17:08.443 adaptiseq.engine.seam: Transport for sra-pub-run-odp.s3.amazonaws.com: HTTPS mirror is range-capable; segmented HTTPS
[93mNote[0m: No FASTQ files found for SRR1031090
[93mNote[0m: SRR1031090 FASTQ file is also not available in the ENA database, switch to download SRA file
File size: 0.41G	Database: SRA	Mode: https
01:17:09.350 adaptiseq.engine.seam: Transport for sra-pub-run-odp.s3.amazonaws.com: HTTPS mirror is range-capable; segmented HTTPS
[93mNote[0m: No FASTQ files found for SRR1031090
[93mNote[0m: SRR1031090 FASTQ file is also not available in the ENA database, switch to download SRA file
File size: 0.41G	Database: SRA	Mode: https
01:17:10.394 adaptiseq.engine.seam: Transport for sra-pub-run-odp.s3.amazonaws.com: HTTPS mirror is range-capable; segmented HTTPS
[93mNote[0m: No FASTQ files found for SRR1031090
[91mSRR1031090 failed: no FASTQ files after retry, saving to fail.log[0m
[32mNote[0m: Converting SRR1031090 to fastq files using 8 threads
[32mNote[0m: Compressing SRR1031090_1.fastq to SRR1031090_1.fastq.gz using 8 threads, may take a while
[32mNote[0m: Compressing SRR1031090_2.fastq to SRR1031090_2.fastq.gz using 8 threads, may take a while
========================SRR1031090 download finished========================
[32mNote[0m: SRR1031101.metadata.tsv exists, skip downloading metadata for SRR1031101
      SRR1031101	0.00G
[32mNote[0m: Above Run will be downloaded. You can see the details in SRR1031101.metadata.tsv
[93mNote[0m: SRR1031101 FASTQ file is also not available in the ENA database, switch to download SRA file
File size: 0.18G	Database: SRA	Mode: https
01:17:39.151 adaptiseq.engine.seam: Transport for sra-pub-run-odp.s3.amazonaws.com: HTTPS mirror is range-capable; segmented HTTPS
[93mNote[0m: No FASTQ files found for SRR1031101
[93mNote[0m: SRR1031101 FASTQ file is also not available in the ENA database, switch to download SRA file
File size: 0.18G	Database: SRA	Mode: https
01:17:40.543 adaptiseq.engine.seam: Transport for sra-pub-run-odp.s3.amazonaws.com: HTTPS mirror is range-capable; segmented HTTPS
[93mNote[0m: No FASTQ files found for SRR1031101
[93mNote[0m: SRR1031101 FASTQ file is also not available in the ENA database, switch to download SRA file
File size: 0.18G	Database: SRA	Mode: https
01:17:41.373 adaptiseq.engine.seam: Transport for sra-pub-run-odp.s3.amazonaws.com: HTTPS mirror is range-capable; segmented HTTPS
[93mNote[0m: No FASTQ files found for SRR1031101
[91mSRR1031101 failed: no FASTQ files after retry, saving to fail.log[0m
[32mNote[0m: Converting SRR1031101 to fastq files using 8 threads
[32mNote[0m: Compressing SRR1031101_1.fastq to SRR1031101_1.fastq.gz using 8 threads, may take a while
[32mNote[0m: Compressing SRR1031101_2.fastq to SRR1031101_2.fastq.gz using 8 threads, may take a while
========================SRR1031101 download finished========================
[32mNote[0m: CRX095512 belongs to CRA002399, CRA002399.metadata.xlsx will also be downloaded
      CRR120307.fastq.gz 1.99G 	 
[32mNote[0m: Above Run will be downloaded. You can see the details in CRX095512.metadata.csv
File size: 1.99G	Database: GSA	Mode: ftp
01:18:20.028 adaptiseq.engine.seam: Transport for download.big.ac.cn: FTP supports REST + concurrency; segmented FTP
01:19:28.041 adaptiseq.engine.ftp: FTP segment 1 attempt 1/3 failed: Waiting for ('2xx',) but got 426 [' Failure writing network stream.']
01:19:47.167 adaptiseq.engine.ftp: FTP segment 0 attempt 1/3 failed: Waiting for ('2xx',) but got 426 [' Failure writing network stream.']
01:19:56.953 adaptiseq.engine.ftp: Completed (ftp) CRR120307.fastq.gz
[92mCRR120307.fastq.gz download and md5 check successful, save CRR120307.fastq.gz in success.log[0m
========================CRX095512 download finished========================
[32mNote[0m: CRX917377 belongs to CRA014342, CRA014342.metadata.xlsx will also be downloaded
      CRR1007729.fq.gz 0.54G 	 
[32mNote[0m: Above Run will be downloaded. You can see the details in CRX917377.metadata.csv
File size: 0.54G	Database: GSA	Mode: ftp
01:20:21.882 adaptiseq.engine.seam: Transport for download.big.ac.cn: FTP supports REST + concurrency; segmented FTP
01:21:19.511 adaptiseq.engine.ftp: Completed (ftp) CRR1007729.fq.gz
[1;31mError[0m: Download failures detected. Please check [4mfail.log[0m for details.
[1;33mNote:[0m You can re-run the script to retry failed items.
[92mCRR1007729.fq.gz download and md5 check successful, save CRR1007729.fq.gz in success.log[0m
========================CRX917377 download finished========================
