2026/07/19 11:50:10 PM INFO: Kingfisher v0.5.0
2026/07/19 11:50:10 PM INFO: Attempting download method ena-ftp for run SRR22904259 ..
2026/07/19 11:50:10 PM INFO: Querying ENA for FTP paths for SRR22904259..
2026/07/19 11:50:11 PM INFO: Downloading ftp.sra.ebi.ac.uk/vol1/fastq/SRR229/059/SRR22904259/SRR22904259.fastq.gz ..

07/19 23:50:11 [[1;32mNOTICE[0m] Downloading 1 item(s)
[#5e3c5c 0B/0B CN:1 DL:0B]
[#5e3c5c 0B/25KiB(0%) CN:1 DL:0B]

07/19 23:50:13 [[1;32mNOTICE[0m] Download complete: /mnt/nvme0n1/e3_work/3c_D4_mixed_kingfisher_rep1/SRR22904259.fastq.gz

Download Results:
gid   |stat|avg speed  |path/URI
======+====+===========+=======================================================
5e3c5c|OK  |    46KiB/s|/mnt/nvme0n1/e3_work/3c_D4_mixed_kingfisher_rep1/SRR22904259.fastq.gz

Status Legend:
(OK):download completed.
2026/07/19 11:50:13 PM INFO: MD5sum OK for SRR22904259.fastq.gz
2026/07/19 11:50:13 PM INFO: Verifying gzip file ./SRR22904259.fastq.gz ..
2026/07/19 11:50:13 PM INFO: Method ena-ftp worked.
2026/07/19 11:50:13 PM INFO: Output files: ./SRR22904259.fastq.gz
2026/07/19 11:50:13 PM INFO: Attempting download method ena-ftp for run SRR22904292 ..
2026/07/19 11:50:13 PM INFO: Querying ENA for FTP paths for SRR22904292..
2026/07/19 11:50:13 PM INFO: Downloading ftp.sra.ebi.ac.uk/vol1/fastq/SRR229/092/SRR22904292/SRR22904292.fastq.gz ..

07/19 23:50:13 [[1;32mNOTICE[0m] Downloading 1 item(s)
[#8f19c7 0B/0B CN:1 DL:0B]
[#8f19c7 32KiB/204MiB(0%) CN:5 DL:223KiB ETA:15m36s]
[#8f19c7 9.8MiB/204MiB(4%) CN:5 DL:8.3MiB ETA:23s]
[#8f19c7 44MiB/204MiB(21%) CN:5 DL:20MiB ETA:7s]
[#8f19c7 107MiB/204MiB(52%) CN:5 DL:33MiB ETA:2s]
[#8f19c7 136MiB/204MiB(66%) CN:4 DL:32MiB ETA:2s]
[#8f19c7 176MiB/204MiB(86%) CN:3 DL:34MiB]
[#8f19c7 190MiB/204MiB(93%) CN:1 DL:30MiB]

07/19 23:50:22 [[1;32mNOTICE[0m] Download complete: /mnt/nvme0n1/e3_work/3c_D4_mixed_kingfisher_rep1/SRR22904292.fastq.gz

Download Results:
gid   |stat|avg speed  |path/URI
======+====+===========+=======================================================
8f19c7|OK  |    27MiB/s|/mnt/nvme0n1/e3_work/3c_D4_mixed_kingfisher_rep1/SRR22904292.fastq.gz

Status Legend:
(OK):download completed.
2026/07/19 11:50:23 PM INFO: MD5sum OK for SRR22904292.fastq.gz
2026/07/19 11:50:23 PM INFO: Verifying gzip file ./SRR22904292.fastq.gz ..
2026/07/19 11:50:26 PM INFO: Method ena-ftp worked.
2026/07/19 11:50:26 PM INFO: Output files: ./SRR22904292.fastq.gz
2026/07/19 11:50:26 PM INFO: Attempting download method ena-ftp for run SRR22904353 ..
2026/07/19 11:50:26 PM INFO: Querying ENA for FTP paths for SRR22904353..
2026/07/19 11:50:26 PM INFO: Downloading ftp.sra.ebi.ac.uk/vol1/fastq/SRR229/053/SRR22904353/SRR22904353.fastq.gz ..

07/19 23:50:26 [[1;32mNOTICE[0m] Downloading 1 item(s)
[#c96dc0 0B/0B CN:1 DL:0B]

07/19 23:50:28 [[1;32mNOTICE[0m] Download complete: /mnt/nvme0n1/e3_work/3c_D4_mixed_kingfisher_rep1/SRR22904353.fastq.gz

Download Results:
gid   |stat|avg speed  |path/URI
======+====+===========+=======================================================
c96dc0|OK  |    41KiB/s|/mnt/nvme0n1/e3_work/3c_D4_mixed_kingfisher_rep1/SRR22904353.fastq.gz

Status Legend:
(OK):download completed.
2026/07/19 11:50:28 PM INFO: MD5sum OK for SRR22904353.fastq.gz
2026/07/19 11:50:28 PM INFO: Verifying gzip file ./SRR22904353.fastq.gz ..
2026/07/19 11:50:28 PM INFO: Method ena-ftp worked.
2026/07/19 11:50:28 PM INFO: Output files: ./SRR22904353.fastq.gz
2026/07/19 11:50:28 PM INFO: Attempting download method ena-ftp for run SRR22904368 ..
2026/07/19 11:50:28 PM INFO: Querying ENA for FTP paths for SRR22904368..
2026/07/19 11:50:29 PM INFO: Downloading ftp.sra.ebi.ac.uk/vol1/fastq/SRR229/068/SRR22904368/SRR22904368.fastq.gz ..

07/19 23:50:29 [[1;32mNOTICE[0m] Downloading 1 item(s)
[#13889d 0B/0B CN:1 DL:0B]
[#13889d 29KiB/29KiB(100%) CN:1]

07/19 23:50:31 [[1;32mNOTICE[0m] Download complete: /mnt/nvme0n1/e3_work/3c_D4_mixed_kingfisher_rep1/SRR22904368.fastq.gz

Download Results:
gid   |stat|avg speed  |path/URI
======+====+===========+=======================================================
13889d|OK  |    52KiB/s|/mnt/nvme0n1/e3_work/3c_D4_mixed_kingfisher_rep1/SRR22904368.fastq.gz

Status Legend:
(OK):download completed.
2026/07/19 11:50:31 PM INFO: MD5sum OK for SRR22904368.fastq.gz
2026/07/19 11:50:31 PM INFO: Verifying gzip file ./SRR22904368.fastq.gz ..
2026/07/19 11:50:31 PM INFO: Method ena-ftp worked.
2026/07/19 11:50:31 PM INFO: Output files: ./SRR22904368.fastq.gz
2026/07/19 11:50:31 PM INFO: Attempting download method ena-ftp for run SRR22904389 ..
2026/07/19 11:50:31 PM INFO: Querying ENA for FTP paths for SRR22904389..
2026/07/19 11:50:31 PM INFO: Downloading ftp.sra.ebi.ac.uk/vol1/fastq/SRR229/089/SRR22904389/SRR22904389.fastq.gz ..

07/19 23:50:31 [[1;32mNOTICE[0m] Downloading 1 item(s)
[#0c83c8 0B/0B CN:1 DL:0B]

07/19 23:50:33 [[1;32mNOTICE[0m] Download complete: /mnt/nvme0n1/e3_work/3c_D4_mixed_kingfisher_rep1/SRR22904389.fastq.gz

Download Results:
gid   |stat|avg speed  |path/URI
======+====+===========+=======================================================
0c83c8|OK  |    30KiB/s|/mnt/nvme0n1/e3_work/3c_D4_mixed_kingfisher_rep1/SRR22904389.fastq.gz

Status Legend:
(OK):download completed.
2026/07/19 11:50:33 PM INFO: MD5sum OK for SRR22904389.fastq.gz
2026/07/19 11:50:33 PM INFO: Verifying gzip file ./SRR22904389.fastq.gz ..
2026/07/19 11:50:33 PM INFO: Method ena-ftp worked.
2026/07/19 11:50:33 PM INFO: Output files: ./SRR22904389.fastq.gz
2026/07/19 11:50:33 PM INFO: Attempting download method ena-ftp for run SRR22904391 ..
2026/07/19 11:50:33 PM INFO: Querying ENA for FTP paths for SRR22904391..
2026/07/19 11:50:34 PM INFO: Downloading ftp.sra.ebi.ac.uk/vol1/fastq/SRR229/091/SRR22904391/SRR22904391.fastq.gz ..

07/19 23:50:34 [[1;32mNOTICE[0m] Downloading 1 item(s)
[#92e58e 0B/0B CN:1 DL:0B]

07/19 23:50:36 [[1;32mNOTICE[0m] Download complete: /mnt/nvme0n1/e3_work/3c_D4_mixed_kingfisher_rep1/SRR22904391.fastq.gz

Download Results:
gid   |stat|avg speed  |path/URI
======+====+===========+=======================================================
92e58e|OK  |    71KiB/s|/mnt/nvme0n1/e3_work/3c_D4_mixed_kingfisher_rep1/SRR22904391.fastq.gz

Status Legend:
(OK):download completed.
2026/07/19 11:50:36 PM INFO: MD5sum OK for SRR22904391.fastq.gz
2026/07/19 11:50:36 PM INFO: Verifying gzip file ./SRR22904391.fastq.gz ..
2026/07/19 11:50:36 PM INFO: Method ena-ftp worked.
2026/07/19 11:50:36 PM INFO: Output files: ./SRR22904391.fastq.gz
2026/07/19 11:50:36 PM INFO: Attempting download method ena-ftp for run SRR22904396 ..
2026/07/19 11:50:36 PM INFO: Querying ENA for FTP paths for SRR22904396..
2026/07/19 11:50:36 PM INFO: Downloading ftp.sra.ebi.ac.uk/vol1/fastq/SRR229/096/SRR22904396/SRR22904396.fastq.gz ..

07/19 23:50:36 [[1;32mNOTICE[0m] Downloading 1 item(s)
[#5a02bb 0B/0B CN:1 DL:0B]
[#5a02bb 20KiB/20KiB(100%) CN:1]

07/19 23:50:38 [[1;32mNOTICE[0m] Download complete: /mnt/nvme0n1/e3_work/3c_D4_mixed_kingfisher_rep1/SRR22904396.fastq.gz

Download Results:
gid   |stat|avg speed  |path/URI
======+====+===========+=======================================================
5a02bb|OK  |    38KiB/s|/mnt/nvme0n1/e3_work/3c_D4_mixed_kingfisher_rep1/SRR22904396.fastq.gz

Status Legend:
(OK):download completed.
2026/07/19 11:50:38 PM INFO: MD5sum OK for SRR22904396.fastq.gz
2026/07/19 11:50:38 PM INFO: Verifying gzip file ./SRR22904396.fastq.gz ..
2026/07/19 11:50:38 PM INFO: Method ena-ftp worked.
2026/07/19 11:50:38 PM INFO: Output files: ./SRR22904396.fastq.gz
2026/07/19 11:50:38 PM INFO: Attempting download method ena-ftp for run SRR22904447 ..
2026/07/19 11:50:38 PM INFO: Querying ENA for FTP paths for SRR22904447..
2026/07/19 11:50:38 PM INFO: Downloading ftp.sra.ebi.ac.uk/vol1/fastq/SRR229/047/SRR22904447/SRR22904447.fastq.gz ..

07/19 23:50:38 [[1;32mNOTICE[0m] Downloading 1 item(s)
[#ef1822 0B/0B CN:1 DL:0B]
[#ef1822 80KiB/3.5MiB(2%) CN:1 DL:288KiB ETA:12s]

07/19 23:50:41 [[1;32mNOTICE[0m] Download complete: /mnt/nvme0n1/e3_work/3c_D4_mixed_kingfisher_rep1/SRR22904447.fastq.gz

Download Results:
gid   |stat|avg speed  |path/URI
======+====+===========+=======================================================
ef1822|OK  |   2.6MiB/s|/mnt/nvme0n1/e3_work/3c_D4_mixed_kingfisher_rep1/SRR22904447.fastq.gz

Status Legend:
(OK):download completed.
2026/07/19 11:50:41 PM INFO: MD5sum OK for SRR22904447.fastq.gz
2026/07/19 11:50:41 PM INFO: Verifying gzip file ./SRR22904447.fastq.gz ..
2026/07/19 11:50:41 PM INFO: Method ena-ftp worked.
2026/07/19 11:50:41 PM INFO: Output files: ./SRR22904447.fastq.gz
2026/07/19 11:50:41 PM INFO: Attempting download method ena-ftp for run SRR22904461 ..
2026/07/19 11:50:41 PM INFO: Querying ENA for FTP paths for SRR22904461..
2026/07/19 11:50:42 PM INFO: Downloading ftp.sra.ebi.ac.uk/vol1/fastq/SRR229/061/SRR22904461/SRR22904461.fastq.gz ..

07/19 23:50:42 [[1;32mNOTICE[0m] Downloading 1 item(s)
[#93a4eb 0B/0B CN:1 DL:0B]
[#93a4eb 24KiB/24KiB(100%) CN:1]

07/19 23:50:44 [[1;32mNOTICE[0m] Download complete: /mnt/nvme0n1/e3_work/3c_D4_mixed_kingfisher_rep1/SRR22904461.fastq.gz

Download Results:
gid   |stat|avg speed  |path/URI
======+====+===========+=======================================================
93a4eb|OK  |    42KiB/s|/mnt/nvme0n1/e3_work/3c_D4_mixed_kingfisher_rep1/SRR22904461.fastq.gz

Status Legend:
(OK):download completed.
2026/07/19 11:50:44 PM INFO: MD5sum OK for SRR22904461.fastq.gz
2026/07/19 11:50:44 PM INFO: Verifying gzip file ./SRR22904461.fastq.gz ..
2026/07/19 11:50:44 PM INFO: Method ena-ftp worked.
2026/07/19 11:50:44 PM INFO: Output files: ./SRR22904461.fastq.gz
2026/07/19 11:50:44 PM INFO: Attempting download method ena-ftp for run SRR22904467 ..
2026/07/19 11:50:44 PM INFO: Querying ENA for FTP paths for SRR22904467..
2026/07/19 11:50:44 PM INFO: Downloading ftp.sra.ebi.ac.uk/vol1/fastq/SRR229/067/SRR22904467/SRR22904467.fastq.gz ..

07/19 23:50:44 [[1;32mNOTICE[0m] Downloading 1 item(s)
[#474d09 0B/0B CN:1 DL:0B]

07/19 23:50:46 [[1;32mNOTICE[0m] Download complete: /mnt/nvme0n1/e3_work/3c_D4_mixed_kingfisher_rep1/SRR22904467.fastq.gz

Download Results:
gid   |stat|avg speed  |path/URI
======+====+===========+=======================================================
474d09|OK  |    42KiB/s|/mnt/nvme0n1/e3_work/3c_D4_mixed_kingfisher_rep1/SRR22904467.fastq.gz

Status Legend:
(OK):download completed.
2026/07/19 11:50:46 PM INFO: MD5sum OK for SRR22904467.fastq.gz
2026/07/19 11:50:46 PM INFO: Verifying gzip file ./SRR22904467.fastq.gz ..
2026/07/19 11:50:46 PM INFO: Method ena-ftp worked.
2026/07/19 11:50:46 PM INFO: Output files: ./SRR22904467.fastq.gz
2026/07/19 11:50:46 PM INFO: Attempting download method ena-ftp for run SRR22904470 ..
2026/07/19 11:50:46 PM INFO: Querying ENA for FTP paths for SRR22904470..
2026/07/19 11:50:47 PM INFO: Downloading ftp.sra.ebi.ac.uk/vol1/fastq/SRR229/070/SRR22904470/SRR22904470.fastq.gz ..

07/19 23:50:47 [[1;32mNOTICE[0m] Downloading 1 item(s)
[#e30e29 0B/0B CN:1 DL:0B]
[#e30e29 16KiB/16KiB(100%) CN:1]

07/19 23:50:49 [[1;32mNOTICE[0m] Download complete: /mnt/nvme0n1/e3_work/3c_D4_mixed_kingfisher_rep1/SRR22904470.fastq.gz

Download Results:
gid   |stat|avg speed  |path/URI
======+====+===========+=======================================================
e30e29|OK  |    30KiB/s|/mnt/nvme0n1/e3_work/3c_D4_mixed_kingfisher_rep1/SRR22904470.fastq.gz

Status Legend:
(OK):download completed.
2026/07/19 11:50:49 PM INFO: MD5sum OK for SRR22904470.fastq.gz
2026/07/19 11:50:49 PM INFO: Verifying gzip file ./SRR22904470.fastq.gz ..
2026/07/19 11:50:49 PM INFO: Method ena-ftp worked.
2026/07/19 11:50:49 PM INFO: Output files: ./SRR22904470.fastq.gz
2026/07/19 11:50:49 PM INFO: Attempting download method ena-ftp for run SRR22904480 ..
2026/07/19 11:50:49 PM INFO: Querying ENA for FTP paths for SRR22904480..
2026/07/19 11:50:49 PM INFO: Downloading ftp.sra.ebi.ac.uk/vol1/fastq/SRR229/080/SRR22904480/SRR22904480.fastq.gz ..

07/19 23:50:49 [[1;32mNOTICE[0m] Downloading 1 item(s)
[#aaca26 0B/0B CN:1 DL:0B]

07/19 23:50:51 [[1;32mNOTICE[0m] Download complete: /mnt/nvme0n1/e3_work/3c_D4_mixed_kingfisher_rep1/SRR22904480.fastq.gz

Download Results:
gid   |stat|avg speed  |path/URI
======+====+===========+=======================================================
aaca26|OK  |    47KiB/s|/mnt/nvme0n1/e3_work/3c_D4_mixed_kingfisher_rep1/SRR22904480.fastq.gz

Status Legend:
(OK):download completed.
2026/07/19 11:50:51 PM INFO: MD5sum OK for SRR22904480.fastq.gz
2026/07/19 11:50:51 PM INFO: Verifying gzip file ./SRR22904480.fastq.gz ..
2026/07/19 11:50:51 PM INFO: Method ena-ftp worked.
2026/07/19 11:50:51 PM INFO: Output files: ./SRR22904480.fastq.gz
2026/07/19 11:50:51 PM INFO: Attempting download method ena-ftp for run SRR1031060 ..
2026/07/19 11:50:51 PM INFO: Querying ENA for FTP paths for SRR1031060..
2026/07/19 11:50:52 PM ERROR: No ENA FTP download URLs found for run SRR1031060, cannot continue
2026/07/19 11:50:52 PM WARNING: Method ena-ftp failed
2026/07/19 11:50:52 PM ERROR: No more specified download methods, cannot continue
