[32mNote[0m: batch downloading 18 file(s) across 18 accession(s) with up to 18 worker(s) (configured max 40) (adaptive concurrency)
01:31:07.067 adaptiseq.engine.seam: Transport for ftp.sra.ebi.ac.uk: HTTPS mirror is range-capable; segmented HTTPS
01:31:07.379 adaptiseq.batch: downloaded SRR22904259.fastq.gz
01:31:07.379 adaptiseq.engine.seam: Transport for ftp.sra.ebi.ac.uk: HTTPS mirror is range-capable; segmented HTTPS
01:31:07.738 adaptiseq.batch: downloaded SRR22904353.fastq.gz
01:31:07.738 adaptiseq.engine.seam: Transport for ftp.sra.ebi.ac.uk: HTTPS mirror is range-capable; segmented HTTPS
01:31:08.093 adaptiseq.batch: downloaded SRR22904368.fastq.gz
01:31:08.093 adaptiseq.engine.seam: Transport for ftp.sra.ebi.ac.uk: HTTPS mirror is range-capable; segmented HTTPS
01:31:08.186 adaptiseq.engine.seam: Transport for ftp.sra.ebi.ac.uk: HTTPS mirror is range-capable; segmented HTTPS
01:31:08.433 adaptiseq.batch: downloaded SRR22904389.fastq.gz
01:31:08.433 adaptiseq.engine.seam: Transport for ftp.sra.ebi.ac.uk: HTTPS mirror is range-capable; segmented HTTPS
01:31:08.786 adaptiseq.batch: downloaded SRR22904391.fastq.gz
01:31:08.786 adaptiseq.engine.seam: Transport for ftp.sra.ebi.ac.uk: HTTPS mirror is range-capable; segmented HTTPS
01:31:09.111 adaptiseq.batch: downloaded SRR22904396.fastq.gz
01:31:09.112 adaptiseq.engine.seam: Transport for ftp.sra.ebi.ac.uk: HTTPS mirror is range-capable; segmented HTTPS
01:31:10.012 adaptiseq.batch: downloaded SRR22904447.fastq.gz
01:31:10.012 adaptiseq.engine.seam: Transport for ftp.sra.ebi.ac.uk: HTTPS mirror is range-capable; segmented HTTPS
01:31:10.345 adaptiseq.batch: downloaded SRR22904461.fastq.gz
01:31:10.346 adaptiseq.engine.seam: Transport for ftp.sra.ebi.ac.uk: HTTPS mirror is range-capable; segmented HTTPS
01:31:10.694 adaptiseq.batch: downloaded SRR22904467.fastq.gz
01:31:10.694 adaptiseq.engine.seam: Transport for ftp.sra.ebi.ac.uk: HTTPS mirror is range-capable; segmented HTTPS
01:31:11.033 adaptiseq.batch: downloaded SRR22904470.fastq.gz
01:31:11.034 adaptiseq.engine.seam: Transport for ftp.sra.ebi.ac.uk: HTTPS mirror is range-capable; segmented HTTPS
01:31:11.372 adaptiseq.batch: downloaded SRR22904480.fastq.gz
01:31:11.372 adaptiseq.engine.seam: Transport for sra-pub-run-odp.s3.amazonaws.com: HTTPS mirror is range-capable; segmented HTTPS
01:31:14.260 adaptiseq.batch: downloaded SRR22904292.fastq.gz
01:31:14.260 adaptiseq.engine.seam: Transport for sra-pub-run-odp.s3.amazonaws.com: HTTPS mirror is range-capable; segmented HTTPS
01:31:14.711 adaptiseq.engine.seam: Transport for sra-pub-run-odp.s3.amazonaws.com: HTTPS mirror is range-capable; segmented HTTPS
01:31:14.711 adaptiseq.engine.seam: Transport for sra-pub-run-odp.s3.amazonaws.com: HTTPS mirror is range-capable; segmented HTTPS
01:31:14.711 adaptiseq.engine.seam: Transport for sra-pub-run-odp.s3.amazonaws.com: HTTPS mirror is range-capable; segmented HTTPS
01:31:14.712 adaptiseq.engine.seam: Transport for sra-pub-run-odp.s3.amazonaws.com: HTTPS mirror is range-capable; segmented HTTPS
01:31:15.922 adaptiseq.batch: downloaded SRR1031060
01:31:21.993 adaptiseq.batch: downloaded SRR1031101
01:31:23.711 adaptiseq.batch: downloaded SRR1031090
01:31:24.082 adaptiseq.batch: adaptive probe: workers=3 throughput=1758.5Mbps score=-1759
01:31:25.433 adaptiseq.batch: downloaded SRR1031066
01:31:27.210 adaptiseq.batch: downloaded SRR1031080
01:31:28.270 adaptiseq.batch: downloaded SRR1031074
[32mNote[0m: adaptive worker summary: 1 probe(s); best 1759 Mbps at 3 worker(s); last 1759 Mbps at 3 worker(s); recent: 3w@1759Mbps
[32mNote[0m: SRR22904259.metadata.tsv exists, skip downloading metadata for SRR22904259
      SRR22904259.fastq.gz 0.00G 	 
[32mNote[0m: Above Run will be downloaded. You can see the details in SRR22904259.metadata.tsv
[92mSRR22904259 download and md5 check successful, save SRR22904259 in success.log[0m
=======================SRR22904259 download finished=======================
[32mNote[0m: SRR22904292.metadata.tsv exists, skip downloading metadata for SRR22904292
      SRR22904292.fastq.gz 0.20G 	 
[32mNote[0m: Above Run will be downloaded. You can see the details in SRR22904292.metadata.tsv
[92mSRR22904292 download and md5 check successful, save SRR22904292 in success.log[0m
=======================SRR22904292 download finished=======================
[32mNote[0m: SRR22904353.metadata.tsv exists, skip downloading metadata for SRR22904353
      SRR22904353.fastq.gz 0.00G 	 
[32mNote[0m: Above Run will be downloaded. You can see the details in SRR22904353.metadata.tsv
[92mSRR22904353 download and md5 check successful, save SRR22904353 in success.log[0m
=======================SRR22904353 download finished=======================
[32mNote[0m: SRR22904368.metadata.tsv exists, skip downloading metadata for SRR22904368
      SRR22904368.fastq.gz 0.00G 	 
[32mNote[0m: Above Run will be downloaded. You can see the details in SRR22904368.metadata.tsv
[92mSRR22904368 download and md5 check successful, save SRR22904368 in success.log[0m
=======================SRR22904368 download finished=======================
[32mNote[0m: SRR22904389.metadata.tsv exists, skip downloading metadata for SRR22904389
      SRR22904389.fastq.gz 0.00G 	 
[32mNote[0m: Above Run will be downloaded. You can see the details in SRR22904389.metadata.tsv
[92mSRR22904389 download and md5 check successful, save SRR22904389 in success.log[0m
=======================SRR22904389 download finished=======================
[32mNote[0m: SRR22904391.metadata.tsv exists, skip downloading metadata for SRR22904391
      SRR22904391.fastq.gz 0.00G 	 
[32mNote[0m: Above Run will be downloaded. You can see the details in SRR22904391.metadata.tsv
[92mSRR22904391 download and md5 check successful, save SRR22904391 in success.log[0m
=======================SRR22904391 download finished=======================
[32mNote[0m: SRR22904396.metadata.tsv exists, skip downloading metadata for SRR22904396
      SRR22904396.fastq.gz 0.00G 	 
[32mNote[0m: Above Run will be downloaded. You can see the details in SRR22904396.metadata.tsv
[92mSRR22904396 download and md5 check successful, save SRR22904396 in success.log[0m
=======================SRR22904396 download finished=======================
[32mNote[0m: SRR22904447.metadata.tsv exists, skip downloading metadata for SRR22904447
      SRR22904447.fastq.gz 0.00G 	 
[32mNote[0m: Above Run will be downloaded. You can see the details in SRR22904447.metadata.tsv
[92mSRR22904447 download and md5 check successful, save SRR22904447 in success.log[0m
=======================SRR22904447 download finished=======================
[32mNote[0m: SRR22904461.metadata.tsv exists, skip downloading metadata for SRR22904461
      SRR22904461.fastq.gz 0.00G 	 
[32mNote[0m: Above Run will be downloaded. You can see the details in SRR22904461.metadata.tsv
[92mSRR22904461 download and md5 check successful, save SRR22904461 in success.log[0m
=======================SRR22904461 download finished=======================
[32mNote[0m: SRR22904467.metadata.tsv exists, skip downloading metadata for SRR22904467
      SRR22904467.fastq.gz 0.00G 	 
[32mNote[0m: Above Run will be downloaded. You can see the details in SRR22904467.metadata.tsv
[92mSRR22904467 download and md5 check successful, save SRR22904467 in success.log[0m
=======================SRR22904467 download finished=======================
[32mNote[0m: SRR22904470.metadata.tsv exists, skip downloading metadata for SRR22904470
      SRR22904470.fastq.gz 0.00G 	 
[32mNote[0m: Above Run will be downloaded. You can see the details in SRR22904470.metadata.tsv
[92mSRR22904470 download and md5 check successful, save SRR22904470 in success.log[0m
=======================SRR22904470 download finished=======================
[32mNote[0m: SRR22904480.metadata.tsv exists, skip downloading metadata for SRR22904480
      SRR22904480.fastq.gz 0.00G 	 
[32mNote[0m: Above Run will be downloaded. You can see the details in SRR22904480.metadata.tsv
[92mSRR22904480 download and md5 check successful, save SRR22904480 in success.log[0m
=======================SRR22904480 download finished=======================
[32mNote[0m: SRR1031060.metadata.tsv exists, skip downloading metadata for SRR1031060
      SRR1031060	0.00G
[32mNote[0m: Above Run will be downloaded. You can see the details in SRR1031060.metadata.tsv
[93mNote[0m: SRR1031060 FASTQ file is also not available in the ENA database, switch to download SRA file
File size: 0.19G	Database: SRA	Mode: https
01:31:29.927 adaptiseq.engine.seam: Transport for sra-pub-run-odp.s3.amazonaws.com: HTTPS mirror is range-capable; segmented HTTPS
[93mNote[0m: No FASTQ files found for SRR1031060
[93mNote[0m: SRR1031060 FASTQ file is also not available in the ENA database, switch to download SRA file
File size: 0.19G	Database: SRA	Mode: https
01:31:31.494 adaptiseq.engine.seam: Transport for sra-pub-run-odp.s3.amazonaws.com: HTTPS mirror is range-capable; segmented HTTPS
[93mNote[0m: No FASTQ files found for SRR1031060
[93mNote[0m: SRR1031060 FASTQ file is also not available in the ENA database, switch to download SRA file
File size: 0.19G	Database: SRA	Mode: https
01:31:33.315 adaptiseq.engine.seam: Transport for sra-pub-run-odp.s3.amazonaws.com: HTTPS mirror is range-capable; segmented HTTPS
[93mNote[0m: No FASTQ files found for SRR1031060
[91mSRR1031060 failed: no FASTQ files after retry, saving to fail.log[0m
[32mNote[0m: Converting SRR1031060 to fastq files using 8 threads
[32mNote[0m: Compressing SRR1031060_1.fastq to SRR1031060_1.fastq.gz using 8 threads, may take a while
[32mNote[0m: Compressing SRR1031060_2.fastq to SRR1031060_2.fastq.gz using 8 threads, may take a while
========================SRR1031060 download finished========================
[32mNote[0m: SRR1031066.metadata.tsv exists, skip downloading metadata for SRR1031066
      SRR1031066	0.00G
[32mNote[0m: Above Run will be downloaded. You can see the details in SRR1031066.metadata.tsv
[93mNote[0m: SRR1031066 FASTQ file is also not available in the ENA database, switch to download SRA file
File size: 0.51G	Database: SRA	Mode: https
01:31:45.656 adaptiseq.engine.seam: Transport for sra-pub-run-odp.s3.amazonaws.com: HTTPS mirror is range-capable; segmented HTTPS
[93mNote[0m: No FASTQ files found for SRR1031066
[93mNote[0m: SRR1031066 FASTQ file is also not available in the ENA database, switch to download SRA file
File size: 0.51G	Database: SRA	Mode: https
01:31:47.194 adaptiseq.engine.seam: Transport for sra-pub-run-odp.s3.amazonaws.com: HTTPS mirror is range-capable; segmented HTTPS
[93mNote[0m: No FASTQ files found for SRR1031066
[93mNote[0m: SRR1031066 FASTQ file is also not available in the ENA database, switch to download SRA file
File size: 0.51G	Database: SRA	Mode: https
01:31:48.188 adaptiseq.engine.seam: Transport for sra-pub-run-odp.s3.amazonaws.com: HTTPS mirror is range-capable; segmented HTTPS
[93mNote[0m: No FASTQ files found for SRR1031066
[91mSRR1031066 failed: no FASTQ files after retry, saving to fail.log[0m
[32mNote[0m: Converting SRR1031066 to fastq files using 8 threads
[32mNote[0m: Compressing SRR1031066_1.fastq to SRR1031066_1.fastq.gz using 8 threads, may take a while
[32mNote[0m: Compressing SRR1031066_2.fastq to SRR1031066_2.fastq.gz using 8 threads, may take a while
========================SRR1031066 download finished========================
[32mNote[0m: SRR1031074.metadata.tsv exists, skip downloading metadata for SRR1031074
      SRR1031074	0.00G
[32mNote[0m: Above Run will be downloaded. You can see the details in SRR1031074.metadata.tsv
[93mNote[0m: SRR1031074 FASTQ file is also not available in the ENA database, switch to download SRA file
File size: 0.63G	Database: SRA	Mode: https
01:32:12.759 adaptiseq.engine.seam: Transport for sra-pub-run-odp.s3.amazonaws.com: HTTPS mirror is range-capable; segmented HTTPS
[93mNote[0m: No FASTQ files found for SRR1031074
[93mNote[0m: SRR1031074 FASTQ file is also not available in the ENA database, switch to download SRA file
File size: 0.63G	Database: SRA	Mode: https
01:32:14.147 adaptiseq.engine.seam: Transport for sra-pub-run-odp.s3.amazonaws.com: HTTPS mirror is range-capable; segmented HTTPS
[93mNote[0m: No FASTQ files found for SRR1031074
[93mNote[0m: SRR1031074 FASTQ file is also not available in the ENA database, switch to download SRA file
File size: 0.63G	Database: SRA	Mode: https
01:32:15.130 adaptiseq.engine.seam: Transport for sra-pub-run-odp.s3.amazonaws.com: HTTPS mirror is range-capable; segmented HTTPS
[93mNote[0m: No FASTQ files found for SRR1031074
[91mSRR1031074 failed: no FASTQ files after retry, saving to fail.log[0m
[32mNote[0m: Converting SRR1031074 to fastq files using 8 threads
[32mNote[0m: Compressing SRR1031074_1.fastq to SRR1031074_1.fastq.gz using 8 threads, may take a while
[32mNote[0m: Compressing SRR1031074_2.fastq to SRR1031074_2.fastq.gz using 8 threads, may take a while
========================SRR1031074 download finished========================
[32mNote[0m: SRR1031080.metadata.tsv exists, skip downloading metadata for SRR1031080
      SRR1031080	0.00G
[32mNote[0m: Above Run will be downloaded. You can see the details in SRR1031080.metadata.tsv
[93mNote[0m: SRR1031080 FASTQ file is also not available in the ENA database, switch to download SRA file
File size: 0.51G	Database: SRA	Mode: https
01:33:00.733 adaptiseq.engine.seam: Transport for sra-pub-run-odp.s3.amazonaws.com: HTTPS mirror is range-capable; segmented HTTPS
[93mNote[0m: No FASTQ files found for SRR1031080
[93mNote[0m: SRR1031080 FASTQ file is also not available in the ENA database, switch to download SRA file
File size: 0.51G	Database: SRA	Mode: https
01:33:01.951 adaptiseq.engine.seam: Transport for sra-pub-run-odp.s3.amazonaws.com: HTTPS mirror is range-capable; segmented HTTPS
[93mNote[0m: No FASTQ files found for SRR1031080
[93mNote[0m: SRR1031080 FASTQ file is also not available in the ENA database, switch to download SRA file
File size: 0.51G	Database: SRA	Mode: https
01:33:03.002 adaptiseq.engine.seam: Transport for sra-pub-run-odp.s3.amazonaws.com: HTTPS mirror is range-capable; segmented HTTPS
[93mNote[0m: No FASTQ files found for SRR1031080
[91mSRR1031080 failed: no FASTQ files after retry, saving to fail.log[0m
[32mNote[0m: Converting SRR1031080 to fastq files using 8 threads
[32mNote[0m: Compressing SRR1031080_1.fastq to SRR1031080_1.fastq.gz using 8 threads, may take a while
[32mNote[0m: Compressing SRR1031080_2.fastq to SRR1031080_2.fastq.gz using 8 threads, may take a while
========================SRR1031080 download finished========================
[32mNote[0m: SRR1031090.metadata.tsv exists, skip downloading metadata for SRR1031090
      SRR1031090	0.00G
[32mNote[0m: Above Run will be downloaded. You can see the details in SRR1031090.metadata.tsv
[93mNote[0m: SRR1031090 FASTQ file is also not available in the ENA database, switch to download SRA file
File size: 0.41G	Database: SRA	Mode: https
01:33:41.654 adaptiseq.engine.seam: Transport for sra-pub-run-odp.s3.amazonaws.com: HTTPS mirror is range-capable; segmented HTTPS
[93mNote[0m: No FASTQ files found for SRR1031090
[93mNote[0m: SRR1031090 FASTQ file is also not available in the ENA database, switch to download SRA file
File size: 0.41G	Database: SRA	Mode: https
01:33:42.925 adaptiseq.engine.seam: Transport for sra-pub-run-odp.s3.amazonaws.com: HTTPS mirror is range-capable; segmented HTTPS
[93mNote[0m: No FASTQ files found for SRR1031090
[93mNote[0m: SRR1031090 FASTQ file is also not available in the ENA database, switch to download SRA file
File size: 0.41G	Database: SRA	Mode: https
01:33:43.939 adaptiseq.engine.seam: Transport for sra-pub-run-odp.s3.amazonaws.com: HTTPS mirror is range-capable; segmented HTTPS
[93mNote[0m: No FASTQ files found for SRR1031090
[91mSRR1031090 failed: no FASTQ files after retry, saving to fail.log[0m
[32mNote[0m: Converting SRR1031090 to fastq files using 8 threads
[32mNote[0m: Compressing SRR1031090_1.fastq to SRR1031090_1.fastq.gz using 8 threads, may take a while
[32mNote[0m: Compressing SRR1031090_2.fastq to SRR1031090_2.fastq.gz using 8 threads, may take a while
========================SRR1031090 download finished========================
[32mNote[0m: SRR1031101.metadata.tsv exists, skip downloading metadata for SRR1031101
      SRR1031101	0.00G
[32mNote[0m: Above Run will be downloaded. You can see the details in SRR1031101.metadata.tsv
[93mNote[0m: SRR1031101 FASTQ file is also not available in the ENA database, switch to download SRA file
File size: 0.18G	Database: SRA	Mode: https
01:34:13.178 adaptiseq.engine.seam: Transport for sra-pub-run-odp.s3.amazonaws.com: HTTPS mirror is range-capable; segmented HTTPS
[93mNote[0m: No FASTQ files found for SRR1031101
[93mNote[0m: SRR1031101 FASTQ file is also not available in the ENA database, switch to download SRA file
File size: 0.18G	Database: SRA	Mode: https
01:34:14.368 adaptiseq.engine.seam: Transport for sra-pub-run-odp.s3.amazonaws.com: HTTPS mirror is range-capable; segmented HTTPS
[93mNote[0m: No FASTQ files found for SRR1031101
[93mNote[0m: SRR1031101 FASTQ file is also not available in the ENA database, switch to download SRA file
File size: 0.18G	Database: SRA	Mode: https
01:34:15.212 adaptiseq.engine.seam: Transport for sra-pub-run-odp.s3.amazonaws.com: HTTPS mirror is range-capable; segmented HTTPS
[93mNote[0m: No FASTQ files found for SRR1031101
[91mSRR1031101 failed: no FASTQ files after retry, saving to fail.log[0m
[32mNote[0m: Converting SRR1031101 to fastq files using 8 threads
[32mNote[0m: Compressing SRR1031101_1.fastq to SRR1031101_1.fastq.gz using 8 threads, may take a while
[32mNote[0m: Compressing SRR1031101_2.fastq to SRR1031101_2.fastq.gz using 8 threads, may take a while
========================SRR1031101 download finished========================
[32mNote[0m: CRX095512 belongs to CRA002399, CRA002399.metadata.xlsx will also be downloaded
      CRR120307.fastq.gz 1.99G 	 
[32mNote[0m: Above Run will be downloaded. You can see the details in CRX095512.metadata.csv
File size: 1.99G	Database: GSA	Mode: ftp
01:34:45.269 adaptiseq.engine.seam: Transport for download.big.ac.cn: FTP supports REST + concurrency; segmented FTP
01:35:50.980 adaptiseq.engine.ftp: FTP segment 1 attempt 1/3 failed: Waiting for ('2xx',) but got 426 [' Failure writing network stream.']
01:35:58.204 adaptiseq.engine.ftp: FTP segment 0 attempt 1/3 failed: Waiting for ('2xx',) but got 426 [' Failure writing network stream.']
01:36:02.486 adaptiseq.engine.ftp: Completed (ftp) CRR120307.fastq.gz
[32mNote[0m: Skip md5 check for CRR120307.fastq.gz, as md5sum command is not available or CRA002399.md5sum.txt is empty
[92mCRR120307.fastq.gz download successful, save CRR120307.fastq.gz in success.log[0m
========================CRX095512 download finished========================
[32mNote[0m: CRX917377 belongs to CRA014342, CRA014342.metadata.xlsx will also be downloaded
      CRR1007729.fq.gz 0.54G 	 
[32mNote[0m: Above Run will be downloaded. You can see the details in CRX917377.metadata.csv
File size: 0.54G	Database: GSA	Mode: ftp
01:36:16.989 adaptiseq.engine.seam: Transport for download.big.ac.cn: FTP supports REST + concurrency; segmented FTP
01:37:15.200 adaptiseq.engine.ftp: Completed (ftp) CRR1007729.fq.gz
[1;31mError[0m: Download failures detected. Please check [4mfail.log[0m for details.
[1;33mNote:[0m You can re-run the script to retry failed items.
[92mCRR1007729.fq.gz download and md5 check successful, save CRR1007729.fq.gz in success.log[0m
========================CRX917377 download finished========================
