[32mNote[0m: batch downloading 18 file(s) across 18 accession(s) with up to 18 worker(s) (configured max 20) (adaptive concurrency)
01:00:05.739 adaptiseq.engine.seam: Transport for ftp.sra.ebi.ac.uk: HTTPS mirror is range-capable; segmented HTTPS
01:00:05.879 adaptiseq.engine.seam: Transport for ftp.sra.ebi.ac.uk: HTTPS mirror is range-capable; segmented HTTPS
01:00:06.052 adaptiseq.batch: downloaded SRR22904259.fastq.gz
01:00:06.052 adaptiseq.engine.seam: Transport for ftp.sra.ebi.ac.uk: HTTPS mirror is range-capable; segmented HTTPS
01:00:06.287 adaptiseq.batch: downloaded SRR22904353.fastq.gz
01:00:06.287 adaptiseq.engine.seam: Transport for ftp.sra.ebi.ac.uk: HTTPS mirror is range-capable; segmented HTTPS
01:00:06.528 adaptiseq.batch: downloaded SRR22904389.fastq.gz
01:00:06.528 adaptiseq.engine.seam: Transport for ftp.sra.ebi.ac.uk: HTTPS mirror is range-capable; segmented HTTPS
01:00:06.771 adaptiseq.batch: downloaded SRR22904368.fastq.gz
01:00:06.772 adaptiseq.engine.seam: Transport for ftp.sra.ebi.ac.uk: HTTPS mirror is range-capable; segmented HTTPS
01:00:07.013 adaptiseq.batch: downloaded SRR22904391.fastq.gz
01:00:07.013 adaptiseq.engine.seam: Transport for ftp.sra.ebi.ac.uk: HTTPS mirror is range-capable; segmented HTTPS
01:00:07.268 adaptiseq.batch: downloaded SRR22904396.fastq.gz
01:00:07.268 adaptiseq.engine.seam: Transport for ftp.sra.ebi.ac.uk: HTTPS mirror is range-capable; segmented HTTPS
01:00:08.192 adaptiseq.batch: downloaded SRR22904447.fastq.gz
01:00:08.192 adaptiseq.engine.seam: Transport for ftp.sra.ebi.ac.uk: HTTPS mirror is range-capable; segmented HTTPS
01:00:08.445 adaptiseq.batch: downloaded SRR22904461.fastq.gz
01:00:08.445 adaptiseq.engine.seam: Transport for ftp.sra.ebi.ac.uk: HTTPS mirror is range-capable; segmented HTTPS
01:00:08.685 adaptiseq.batch: downloaded SRR22904467.fastq.gz
01:00:08.685 adaptiseq.engine.seam: Transport for ftp.sra.ebi.ac.uk: HTTPS mirror is range-capable; segmented HTTPS
01:00:08.925 adaptiseq.batch: downloaded SRR22904470.fastq.gz
01:00:08.925 adaptiseq.engine.seam: Transport for ftp.sra.ebi.ac.uk: HTTPS mirror is range-capable; segmented HTTPS
01:00:09.158 adaptiseq.batch: downloaded SRR22904480.fastq.gz
01:00:09.158 adaptiseq.engine.seam: Transport for sra-pub-run-odp.s3.amazonaws.com: HTTPS mirror is range-capable; segmented HTTPS
01:00:15.029 adaptiseq.batch: adaptive probe: workers=1 throughput=590.0Mbps score=-584
01:00:19.687 adaptiseq.batch: downloaded SRR1031066
01:00:19.687 adaptiseq.engine.seam: Transport for sra-pub-run-odp.s3.amazonaws.com: HTTPS mirror is range-capable; segmented HTTPS
01:00:20.030 adaptiseq.batch: adaptive probe: workers=2 throughput=528.9Mbps score=-518
01:00:22.113 adaptiseq.batch: downloaded SRR22904292.fastq.gz
01:00:25.031 adaptiseq.batch: adaptive probe: workers=1 throughput=455.0Mbps score=-450
01:00:25.128 adaptiseq.engine.seam: Transport for sra-pub-run-odp.s3.amazonaws.com: HTTPS mirror is range-capable; segmented HTTPS
01:00:30.033 adaptiseq.batch: adaptive probe: workers=2 throughput=752.0Mbps score=-737
01:00:30.150 adaptiseq.engine.seam: Transport for sra-pub-run-odp.s3.amazonaws.com: HTTPS mirror is range-capable; segmented HTTPS
01:00:33.070 adaptiseq.batch: downloaded SRR1031074
01:00:33.070 adaptiseq.engine.seam: Transport for sra-pub-run-odp.s3.amazonaws.com: HTTPS mirror is range-capable; segmented HTTPS
01:00:35.034 adaptiseq.batch: adaptive probe: workers=3 throughput=983.6Mbps score=-955
01:00:35.115 adaptiseq.engine.seam: Transport for sra-pub-run-odp.s3.amazonaws.com: HTTPS mirror is range-capable; segmented HTTPS
01:00:35.362 adaptiseq.batch: downloaded SRR1031060
01:00:37.349 adaptiseq.batch: downloaded SRR1031080
01:00:39.503 adaptiseq.batch: downloaded SRR1031101
01:00:40.035 adaptiseq.batch: adaptive probe: workers=1 throughput=971.4Mbps score=-962
01:00:42.240 adaptiseq.batch: downloaded SRR1031090
[32mNote[0m: adaptive worker summary: 6 probe(s); best 984 Mbps at 3 worker(s); last 971 Mbps at 1 worker(s); recent: 1w@590Mbps, 2w@529Mbps, 1w@455Mbps, 2w@752Mbps, 3w@984Mbps, 1w@971Mbps
[32mNote[0m: SRR22904259.metadata.tsv exists, skip downloading metadata for SRR22904259
      SRR22904259.fastq.gz 0.00G 	 
[32mNote[0m: Above Run will be downloaded. You can see the details in SRR22904259.metadata.tsv
[92mSRR22904259 download and md5 check successful, save SRR22904259 in success.log[0m
=======================SRR22904259 download finished=======================
[32mNote[0m: SRR22904292.metadata.tsv exists, skip downloading metadata for SRR22904292
      SRR22904292.fastq.gz 0.20G 	 
[32mNote[0m: Above Run will be downloaded. You can see the details in SRR22904292.metadata.tsv
[92mSRR22904292 download and md5 check successful, save SRR22904292 in success.log[0m
=======================SRR22904292 download finished=======================
[32mNote[0m: SRR22904353.metadata.tsv exists, skip downloading metadata for SRR22904353
      SRR22904353.fastq.gz 0.00G 	 
[32mNote[0m: Above Run will be downloaded. You can see the details in SRR22904353.metadata.tsv
[92mSRR22904353 download and md5 check successful, save SRR22904353 in success.log[0m
=======================SRR22904353 download finished=======================
[32mNote[0m: SRR22904368.metadata.tsv exists, skip downloading metadata for SRR22904368
      SRR22904368.fastq.gz 0.00G 	 
[32mNote[0m: Above Run will be downloaded. You can see the details in SRR22904368.metadata.tsv
[92mSRR22904368 download and md5 check successful, save SRR22904368 in success.log[0m
=======================SRR22904368 download finished=======================
[32mNote[0m: SRR22904389.metadata.tsv exists, skip downloading metadata for SRR22904389
      SRR22904389.fastq.gz 0.00G 	 
[32mNote[0m: Above Run will be downloaded. You can see the details in SRR22904389.metadata.tsv
[92mSRR22904389 download and md5 check successful, save SRR22904389 in success.log[0m
=======================SRR22904389 download finished=======================
[32mNote[0m: SRR22904391.metadata.tsv exists, skip downloading metadata for SRR22904391
      SRR22904391.fastq.gz 0.00G 	 
[32mNote[0m: Above Run will be downloaded. You can see the details in SRR22904391.metadata.tsv
[92mSRR22904391 download and md5 check successful, save SRR22904391 in success.log[0m
=======================SRR22904391 download finished=======================
[32mNote[0m: SRR22904396.metadata.tsv exists, skip downloading metadata for SRR22904396
      SRR22904396.fastq.gz 0.00G 	 
[32mNote[0m: Above Run will be downloaded. You can see the details in SRR22904396.metadata.tsv
[92mSRR22904396 download and md5 check successful, save SRR22904396 in success.log[0m
=======================SRR22904396 download finished=======================
[32mNote[0m: SRR22904447.metadata.tsv exists, skip downloading metadata for SRR22904447
      SRR22904447.fastq.gz 0.00G 	 
[32mNote[0m: Above Run will be downloaded. You can see the details in SRR22904447.metadata.tsv
[92mSRR22904447 download and md5 check successful, save SRR22904447 in success.log[0m
=======================SRR22904447 download finished=======================
[32mNote[0m: SRR22904461.metadata.tsv exists, skip downloading metadata for SRR22904461
      SRR22904461.fastq.gz 0.00G 	 
[32mNote[0m: Above Run will be downloaded. You can see the details in SRR22904461.metadata.tsv
[92mSRR22904461 download and md5 check successful, save SRR22904461 in success.log[0m
=======================SRR22904461 download finished=======================
[32mNote[0m: SRR22904467.metadata.tsv exists, skip downloading metadata for SRR22904467
      SRR22904467.fastq.gz 0.00G 	 
[32mNote[0m: Above Run will be downloaded. You can see the details in SRR22904467.metadata.tsv
[92mSRR22904467 download and md5 check successful, save SRR22904467 in success.log[0m
=======================SRR22904467 download finished=======================
[32mNote[0m: SRR22904470.metadata.tsv exists, skip downloading metadata for SRR22904470
      SRR22904470.fastq.gz 0.00G 	 
[32mNote[0m: Above Run will be downloaded. You can see the details in SRR22904470.metadata.tsv
[92mSRR22904470 download and md5 check successful, save SRR22904470 in success.log[0m
=======================SRR22904470 download finished=======================
[32mNote[0m: SRR22904480.metadata.tsv exists, skip downloading metadata for SRR22904480
      SRR22904480.fastq.gz 0.00G 	 
[32mNote[0m: Above Run will be downloaded. You can see the details in SRR22904480.metadata.tsv
[92mSRR22904480 download and md5 check successful, save SRR22904480 in success.log[0m
=======================SRR22904480 download finished=======================
[32mNote[0m: SRR1031060.metadata.tsv exists, skip downloading metadata for SRR1031060
      SRR1031060	0.00G
[32mNote[0m: Above Run will be downloaded. You can see the details in SRR1031060.metadata.tsv
[93mNote[0m: SRR1031060 FASTQ file is also not available in the ENA database, switch to download SRA file
File size: 0.19G	Database: SRA	Mode: https
01:00:43.861 adaptiseq.engine.seam: Transport for sra-pub-run-odp.s3.amazonaws.com: HTTPS mirror is range-capable; segmented HTTPS
[93mNote[0m: No FASTQ files found for SRR1031060
[93mNote[0m: SRR1031060 FASTQ file is also not available in the ENA database, switch to download SRA file
File size: 0.19G	Database: SRA	Mode: https
01:00:45.232 adaptiseq.engine.seam: Transport for sra-pub-run-odp.s3.amazonaws.com: HTTPS mirror is range-capable; segmented HTTPS
[93mNote[0m: No FASTQ files found for SRR1031060
[93mNote[0m: SRR1031060 FASTQ file is also not available in the ENA database, switch to download SRA file
File size: 0.19G	Database: SRA	Mode: https
01:00:46.538 adaptiseq.engine.seam: Transport for sra-pub-run-odp.s3.amazonaws.com: HTTPS mirror is range-capable; segmented HTTPS
[93mNote[0m: No FASTQ files found for SRR1031060
[91mSRR1031060 failed: no FASTQ files after retry, saving to fail.log[0m
[32mNote[0m: Converting SRR1031060 to fastq files using 8 threads
[32mNote[0m: Compressing SRR1031060_1.fastq to SRR1031060_1.fastq.gz using 8 threads, may take a while
[32mNote[0m: Compressing SRR1031060_2.fastq to SRR1031060_2.fastq.gz using 8 threads, may take a while
========================SRR1031060 download finished========================
[32mNote[0m: SRR1031066.metadata.tsv exists, skip downloading metadata for SRR1031066
      SRR1031066	0.00G
[32mNote[0m: Above Run will be downloaded. You can see the details in SRR1031066.metadata.tsv
[93mNote[0m: SRR1031066 FASTQ file is also not available in the ENA database, switch to download SRA file
File size: 0.51G	Database: SRA	Mode: https
01:00:59.007 adaptiseq.engine.seam: Transport for sra-pub-run-odp.s3.amazonaws.com: HTTPS mirror is range-capable; segmented HTTPS
[93mNote[0m: No FASTQ files found for SRR1031066
[93mNote[0m: SRR1031066 FASTQ file is also not available in the ENA database, switch to download SRA file
File size: 0.51G	Database: SRA	Mode: https
01:01:00.220 adaptiseq.engine.seam: Transport for sra-pub-run-odp.s3.amazonaws.com: HTTPS mirror is range-capable; segmented HTTPS
[93mNote[0m: No FASTQ files found for SRR1031066
[93mNote[0m: SRR1031066 FASTQ file is also not available in the ENA database, switch to download SRA file
File size: 0.51G	Database: SRA	Mode: https
01:01:01.200 adaptiseq.engine.seam: Transport for sra-pub-run-odp.s3.amazonaws.com: HTTPS mirror is range-capable; segmented HTTPS
[93mNote[0m: No FASTQ files found for SRR1031066
[91mSRR1031066 failed: no FASTQ files after retry, saving to fail.log[0m
[32mNote[0m: Converting SRR1031066 to fastq files using 8 threads
[32mNote[0m: Compressing SRR1031066_1.fastq to SRR1031066_1.fastq.gz using 8 threads, may take a while
[32mNote[0m: Compressing SRR1031066_2.fastq to SRR1031066_2.fastq.gz using 8 threads, may take a while
========================SRR1031066 download finished========================
[32mNote[0m: SRR1031074.metadata.tsv exists, skip downloading metadata for SRR1031074
      SRR1031074	0.00G
[32mNote[0m: Above Run will be downloaded. You can see the details in SRR1031074.metadata.tsv
[93mNote[0m: SRR1031074 FASTQ file is also not available in the ENA database, switch to download SRA file
File size: 0.63G	Database: SRA	Mode: https
01:01:25.612 adaptiseq.engine.seam: Transport for sra-pub-run-odp.s3.amazonaws.com: HTTPS mirror is range-capable; segmented HTTPS
[93mNote[0m: No FASTQ files found for SRR1031074
[93mNote[0m: SRR1031074 FASTQ file is also not available in the ENA database, switch to download SRA file
File size: 0.63G	Database: SRA	Mode: https
01:01:26.812 adaptiseq.engine.seam: Transport for sra-pub-run-odp.s3.amazonaws.com: HTTPS mirror is range-capable; segmented HTTPS
[93mNote[0m: No FASTQ files found for SRR1031074
[93mNote[0m: SRR1031074 FASTQ file is also not available in the ENA database, switch to download SRA file
File size: 0.63G	Database: SRA	Mode: https
01:01:27.941 adaptiseq.engine.seam: Transport for sra-pub-run-odp.s3.amazonaws.com: HTTPS mirror is range-capable; segmented HTTPS
[93mNote[0m: No FASTQ files found for SRR1031074
[91mSRR1031074 failed: no FASTQ files after retry, saving to fail.log[0m
[32mNote[0m: Converting SRR1031074 to fastq files using 8 threads
[32mNote[0m: Compressing SRR1031074_1.fastq to SRR1031074_1.fastq.gz using 8 threads, may take a while
[32mNote[0m: Compressing SRR1031074_2.fastq to SRR1031074_2.fastq.gz using 8 threads, may take a while
========================SRR1031074 download finished========================
[32mNote[0m: SRR1031080.metadata.tsv exists, skip downloading metadata for SRR1031080
      SRR1031080	0.00G
[32mNote[0m: Above Run will be downloaded. You can see the details in SRR1031080.metadata.tsv
[93mNote[0m: SRR1031080 FASTQ file is also not available in the ENA database, switch to download SRA file
File size: 0.51G	Database: SRA	Mode: https
01:02:12.905 adaptiseq.engine.seam: Transport for sra-pub-run-odp.s3.amazonaws.com: HTTPS mirror is range-capable; segmented HTTPS
[93mNote[0m: No FASTQ files found for SRR1031080
[93mNote[0m: SRR1031080 FASTQ file is also not available in the ENA database, switch to download SRA file
File size: 0.51G	Database: SRA	Mode: https
01:02:13.953 adaptiseq.engine.seam: Transport for sra-pub-run-odp.s3.amazonaws.com: HTTPS mirror is range-capable; segmented HTTPS
[93mNote[0m: No FASTQ files found for SRR1031080
[93mNote[0m: SRR1031080 FASTQ file is also not available in the ENA database, switch to download SRA file
File size: 0.51G	Database: SRA	Mode: https
01:02:15.300 adaptiseq.engine.seam: Transport for sra-pub-run-odp.s3.amazonaws.com: HTTPS mirror is range-capable; segmented HTTPS
[93mNote[0m: No FASTQ files found for SRR1031080
[91mSRR1031080 failed: no FASTQ files after retry, saving to fail.log[0m
[32mNote[0m: Converting SRR1031080 to fastq files using 8 threads
[32mNote[0m: Compressing SRR1031080_1.fastq to SRR1031080_1.fastq.gz using 8 threads, may take a while
[32mNote[0m: Compressing SRR1031080_2.fastq to SRR1031080_2.fastq.gz using 8 threads, may take a while
========================SRR1031080 download finished========================
[32mNote[0m: SRR1031090.metadata.tsv exists, skip downloading metadata for SRR1031090
      SRR1031090	0.00G
[32mNote[0m: Above Run will be downloaded. You can see the details in SRR1031090.metadata.tsv
[93mNote[0m: SRR1031090 FASTQ file is also not available in the ENA database, switch to download SRA file
File size: 0.41G	Database: SRA	Mode: https
01:02:52.977 adaptiseq.engine.seam: Transport for sra-pub-run-odp.s3.amazonaws.com: HTTPS mirror is range-capable; segmented HTTPS
[93mNote[0m: No FASTQ files found for SRR1031090
[93mNote[0m: SRR1031090 FASTQ file is also not available in the ENA database, switch to download SRA file
File size: 0.41G	Database: SRA	Mode: https
01:02:54.094 adaptiseq.engine.seam: Transport for sra-pub-run-odp.s3.amazonaws.com: HTTPS mirror is range-capable; segmented HTTPS
[93mNote[0m: No FASTQ files found for SRR1031090
[93mNote[0m: SRR1031090 FASTQ file is also not available in the ENA database, switch to download SRA file
File size: 0.41G	Database: SRA	Mode: https
01:02:55.105 adaptiseq.engine.seam: Transport for sra-pub-run-odp.s3.amazonaws.com: HTTPS mirror is range-capable; segmented HTTPS
[93mNote[0m: No FASTQ files found for SRR1031090
[91mSRR1031090 failed: no FASTQ files after retry, saving to fail.log[0m
[32mNote[0m: Converting SRR1031090 to fastq files using 8 threads
[32mNote[0m: Compressing SRR1031090_1.fastq to SRR1031090_1.fastq.gz using 8 threads, may take a while
[32mNote[0m: Compressing SRR1031090_2.fastq to SRR1031090_2.fastq.gz using 8 threads, may take a while
========================SRR1031090 download finished========================
[32mNote[0m: SRR1031101.metadata.tsv exists, skip downloading metadata for SRR1031101
      SRR1031101	0.00G
[32mNote[0m: Above Run will be downloaded. You can see the details in SRR1031101.metadata.tsv
[93mNote[0m: SRR1031101 FASTQ file is also not available in the ENA database, switch to download SRA file
File size: 0.18G	Database: SRA	Mode: https
01:03:23.869 adaptiseq.engine.seam: Transport for sra-pub-run-odp.s3.amazonaws.com: HTTPS mirror is range-capable; segmented HTTPS
[93mNote[0m: No FASTQ files found for SRR1031101
[93mNote[0m: SRR1031101 FASTQ file is also not available in the ENA database, switch to download SRA file
File size: 0.18G	Database: SRA	Mode: https
01:03:24.774 adaptiseq.engine.seam: Transport for sra-pub-run-odp.s3.amazonaws.com: HTTPS mirror is range-capable; segmented HTTPS
[93mNote[0m: No FASTQ files found for SRR1031101
[93mNote[0m: SRR1031101 FASTQ file is also not available in the ENA database, switch to download SRA file
File size: 0.18G	Database: SRA	Mode: https
01:03:25.602 adaptiseq.engine.seam: Transport for sra-pub-run-odp.s3.amazonaws.com: HTTPS mirror is range-capable; segmented HTTPS
[93mNote[0m: No FASTQ files found for SRR1031101
[91mSRR1031101 failed: no FASTQ files after retry, saving to fail.log[0m
[32mNote[0m: Converting SRR1031101 to fastq files using 8 threads
[32mNote[0m: Compressing SRR1031101_1.fastq to SRR1031101_1.fastq.gz using 8 threads, may take a while
[32mNote[0m: Compressing SRR1031101_2.fastq to SRR1031101_2.fastq.gz using 8 threads, may take a while
========================SRR1031101 download finished========================
[32mNote[0m: CRX095512 belongs to CRA002399, CRA002399.metadata.xlsx will also be downloaded
      CRR120307.fastq.gz 1.99G 	 
[32mNote[0m: Above Run will be downloaded. You can see the details in CRX095512.metadata.csv
File size: 1.99G	Database: GSA	Mode: ftp
01:03:53.178 adaptiseq.engine.seam: Transport for download.big.ac.cn: FTP supports REST + concurrency; segmented FTP
01:05:04.473 adaptiseq.engine.ftp: FTP segment 0 attempt 1/3 failed: Waiting for ('2xx',) but got 426 [' Failure writing network stream.']
01:05:13.126 adaptiseq.engine.ftp: FTP segment 1 attempt 1/3 failed: Waiting for ('2xx',) but got 426 [' Failure writing network stream.']
01:05:14.128 adaptiseq.engine.ftp: Completed (ftp) CRR120307.fastq.gz
[92mCRR120307.fastq.gz download and md5 check successful, save CRR120307.fastq.gz in success.log[0m
========================CRX095512 download finished========================
[32mNote[0m: CRX917377 belongs to CRA014342, CRA014342.metadata.xlsx will also be downloaded
      CRR1007729.fq.gz 0.54G 	 
[32mNote[0m: Above Run will be downloaded. You can see the details in CRX917377.metadata.csv
File size: 0.54G	Database: GSA	Mode: ftp
01:05:28.833 adaptiseq.engine.seam: Transport for download.big.ac.cn: FTP supports REST + concurrency; segmented FTP
01:06:28.569 adaptiseq.engine.ftp: Completed (ftp) CRR1007729.fq.gz
[1;31mError[0m: Download failures detected. Please check [4mfail.log[0m for details.
[1;33mNote:[0m You can re-run the script to retry failed items.
[92mCRR1007729.fq.gz download and md5 check successful, save CRR1007729.fq.gz in success.log[0m
========================CRX917377 download finished========================
