2026-07-20 04:23:26 INFO     Query: SRR22904259                  download.py:373
                    INFO     Archive: ENA                        download.py:374
                    INFO     Total Runs To Download: 1           download.py:379
                    INFO     Working on run SRR22904259...       download.py:402
                    INFO     /mnt/nvme0n1/e3_work/3c_D4_mixed_fastq-d ena.py:202
                             l_rep5/SRR22904259.fastq.gz FTP download           
                             attempt 1                                          
2026-07-20 04:23:27 INFO     Successfully downloaded                  ena.py:232
                             /mnt/nvme0n1/e3_work/3c_D4_mixed_fastq-d           
                             l_rep5/SRR22904259.fastq.gz                        
                    INFO     Writing metadata to                 download.py:469
                             /mnt/nvme0n1/e3_work/3c_D4_mixed_fa                
                             stq-dl_rep5/fastq-run-info.tsv                     
2026-07-20 04:23:28 INFO     Query: SRR22904292                  download.py:373
                    INFO     Archive: ENA                        download.py:374
                    INFO     Total Runs To Download: 1           download.py:379
                    INFO     Working on run SRR22904292...       download.py:402
                    INFO     /mnt/nvme0n1/e3_work/3c_D4_mixed_fastq-d ena.py:202
                             l_rep5/SRR22904292.fastq.gz FTP download           
                             attempt 1                                          
2026-07-20 04:23:51 INFO     Successfully downloaded                  ena.py:232
                             /mnt/nvme0n1/e3_work/3c_D4_mixed_fastq-d           
                             l_rep5/SRR22904292.fastq.gz                        
                    INFO     Writing metadata to                 download.py:469
                             /mnt/nvme0n1/e3_work/3c_D4_mixed_fa                
                             stq-dl_rep5/fastq-run-info.tsv                     
2026-07-20 04:23:52 INFO     Query: SRR22904353                  download.py:373
2026-07-20 04:23:53 INFO     Archive: ENA                        download.py:374
                    INFO     Total Runs To Download: 1           download.py:379
                    INFO     Working on run SRR22904353...       download.py:402
                    INFO     /mnt/nvme0n1/e3_work/3c_D4_mixed_fastq-d ena.py:202
                             l_rep5/SRR22904353.fastq.gz FTP download           
                             attempt 1                                          
2026-07-20 04:23:54 INFO     Successfully downloaded                  ena.py:232
                             /mnt/nvme0n1/e3_work/3c_D4_mixed_fastq-d           
                             l_rep5/SRR22904353.fastq.gz                        
                    INFO     Writing metadata to                 download.py:469
                             /mnt/nvme0n1/e3_work/3c_D4_mixed_fa                
                             stq-dl_rep5/fastq-run-info.tsv                     
2026-07-20 04:23:55 INFO     Query: SRR22904368                  download.py:373
                    INFO     Archive: ENA                        download.py:374
                    INFO     Total Runs To Download: 1           download.py:379
                    INFO     Working on run SRR22904368...       download.py:402
                    INFO     /mnt/nvme0n1/e3_work/3c_D4_mixed_fastq-d ena.py:202
                             l_rep5/SRR22904368.fastq.gz FTP download           
                             attempt 1                                          
2026-07-20 04:23:56 INFO     Successfully downloaded                  ena.py:232
                             /mnt/nvme0n1/e3_work/3c_D4_mixed_fastq-d           
                             l_rep5/SRR22904368.fastq.gz                        
                    INFO     Writing metadata to                 download.py:469
                             /mnt/nvme0n1/e3_work/3c_D4_mixed_fa                
                             stq-dl_rep5/fastq-run-info.tsv                     
2026-07-20 04:23:57 INFO     Query: SRR22904389                  download.py:373
                    INFO     Archive: ENA                        download.py:374
                    INFO     Total Runs To Download: 1           download.py:379
                    INFO     Working on run SRR22904389...       download.py:402
                    INFO     /mnt/nvme0n1/e3_work/3c_D4_mixed_fastq-d ena.py:202
                             l_rep5/SRR22904389.fastq.gz FTP download           
                             attempt 1                                          
2026-07-20 04:23:59 INFO     Successfully downloaded                  ena.py:232
                             /mnt/nvme0n1/e3_work/3c_D4_mixed_fastq-d           
                             l_rep5/SRR22904389.fastq.gz                        
                    INFO     Writing metadata to                 download.py:469
                             /mnt/nvme0n1/e3_work/3c_D4_mixed_fa                
                             stq-dl_rep5/fastq-run-info.tsv                     
2026-07-20 04:24:00 INFO     Query: SRR22904391                  download.py:373
                    INFO     Archive: ENA                        download.py:374
                    INFO     Total Runs To Download: 1           download.py:379
                    INFO     Working on run SRR22904391...       download.py:402
                    INFO     /mnt/nvme0n1/e3_work/3c_D4_mixed_fastq-d ena.py:202
                             l_rep5/SRR22904391.fastq.gz FTP download           
                             attempt 1                                          
2026-07-20 04:24:01 INFO     Successfully downloaded                  ena.py:232
                             /mnt/nvme0n1/e3_work/3c_D4_mixed_fastq-d           
                             l_rep5/SRR22904391.fastq.gz                        
                    INFO     Writing metadata to                 download.py:469
                             /mnt/nvme0n1/e3_work/3c_D4_mixed_fa                
                             stq-dl_rep5/fastq-run-info.tsv                     
2026-07-20 04:24:02 INFO     Query: SRR22904396                  download.py:373
                    INFO     Archive: ENA                        download.py:374
                    INFO     Total Runs To Download: 1           download.py:379
                    INFO     Working on run SRR22904396...       download.py:402
                    INFO     /mnt/nvme0n1/e3_work/3c_D4_mixed_fastq-d ena.py:202
                             l_rep5/SRR22904396.fastq.gz FTP download           
                             attempt 1                                          
2026-07-20 04:24:04 INFO     Successfully downloaded                  ena.py:232
                             /mnt/nvme0n1/e3_work/3c_D4_mixed_fastq-d           
                             l_rep5/SRR22904396.fastq.gz                        
                    INFO     Writing metadata to                 download.py:469
                             /mnt/nvme0n1/e3_work/3c_D4_mixed_fa                
                             stq-dl_rep5/fastq-run-info.tsv                     
2026-07-20 04:24:05 INFO     Query: SRR22904447                  download.py:373
                    INFO     Archive: ENA                        download.py:374
                    INFO     Total Runs To Download: 1           download.py:379
                    INFO     Working on run SRR22904447...       download.py:402
                    INFO     /mnt/nvme0n1/e3_work/3c_D4_mixed_fastq-d ena.py:202
                             l_rep5/SRR22904447.fastq.gz FTP download           
                             attempt 1                                          
2026-07-20 04:24:07 INFO     Successfully downloaded                  ena.py:232
                             /mnt/nvme0n1/e3_work/3c_D4_mixed_fastq-d           
                             l_rep5/SRR22904447.fastq.gz                        
                    INFO     Writing metadata to                 download.py:469
                             /mnt/nvme0n1/e3_work/3c_D4_mixed_fa                
                             stq-dl_rep5/fastq-run-info.tsv                     
2026-07-20 04:24:08 INFO     Query: SRR22904461                  download.py:373
                    INFO     Archive: ENA                        download.py:374
                    INFO     Total Runs To Download: 1           download.py:379
                    INFO     Working on run SRR22904461...       download.py:402
                    INFO     /mnt/nvme0n1/e3_work/3c_D4_mixed_fastq-d ena.py:202
                             l_rep5/SRR22904461.fastq.gz FTP download           
                             attempt 1                                          
2026-07-20 04:24:10 INFO     Successfully downloaded                  ena.py:232
                             /mnt/nvme0n1/e3_work/3c_D4_mixed_fastq-d           
                             l_rep5/SRR22904461.fastq.gz                        
                    INFO     Writing metadata to                 download.py:469
                             /mnt/nvme0n1/e3_work/3c_D4_mixed_fa                
                             stq-dl_rep5/fastq-run-info.tsv                     
2026-07-20 04:24:11 INFO     Query: SRR22904467                  download.py:373
                    INFO     Archive: ENA                        download.py:374
                    INFO     Total Runs To Download: 1           download.py:379
                    INFO     Working on run SRR22904467...       download.py:402
                    INFO     /mnt/nvme0n1/e3_work/3c_D4_mixed_fastq-d ena.py:202
                             l_rep5/SRR22904467.fastq.gz FTP download           
                             attempt 1                                          
2026-07-20 04:24:12 INFO     Successfully downloaded                  ena.py:232
                             /mnt/nvme0n1/e3_work/3c_D4_mixed_fastq-d           
                             l_rep5/SRR22904467.fastq.gz                        
                    INFO     Writing metadata to                 download.py:469
                             /mnt/nvme0n1/e3_work/3c_D4_mixed_fa                
                             stq-dl_rep5/fastq-run-info.tsv                     
2026-07-20 04:24:13 INFO     Query: SRR22904470                  download.py:373
                    INFO     Archive: ENA                        download.py:374
                    INFO     Total Runs To Download: 1           download.py:379
                    INFO     Working on run SRR22904470...       download.py:402
                    INFO     /mnt/nvme0n1/e3_work/3c_D4_mixed_fastq-d ena.py:202
                             l_rep5/SRR22904470.fastq.gz FTP download           
                             attempt 1                                          
2026-07-20 04:24:15 INFO     Successfully downloaded                  ena.py:232
                             /mnt/nvme0n1/e3_work/3c_D4_mixed_fastq-d           
                             l_rep5/SRR22904470.fastq.gz                        
                    INFO     Writing metadata to                 download.py:469
                             /mnt/nvme0n1/e3_work/3c_D4_mixed_fa                
                             stq-dl_rep5/fastq-run-info.tsv                     
2026-07-20 04:24:16 INFO     Query: SRR22904480                  download.py:373
                    INFO     Archive: ENA                        download.py:374
                    INFO     Total Runs To Download: 1           download.py:379
                    INFO     Working on run SRR22904480...       download.py:402
                    INFO     /mnt/nvme0n1/e3_work/3c_D4_mixed_fastq-d ena.py:202
                             l_rep5/SRR22904480.fastq.gz FTP download           
                             attempt 1                                          
2026-07-20 04:24:18 INFO     Successfully downloaded                  ena.py:232
                             /mnt/nvme0n1/e3_work/3c_D4_mixed_fastq-d           
                             l_rep5/SRR22904480.fastq.gz                        
                    INFO     Writing metadata to                 download.py:469
                             /mnt/nvme0n1/e3_work/3c_D4_mixed_fa                
                             stq-dl_rep5/fastq-run-info.tsv                     
2026-07-20 04:24:19 INFO     Query: SRR1031060                   download.py:373
                    INFO     Archive: ENA                        download.py:374
                    INFO     Total Runs To Download: 1           download.py:379
                    INFO     Working on run SRR1031060...        download.py:402
                    INFO     SRR1031060 not found on ENA,        download.py:586
                             retrying from SRA                                  
2026-07-20 04:24:23 INFO     Downloaded FASTQs for SRR1031060         sra.py:157
                    INFO     Writing metadata to                 download.py:469
                             /mnt/nvme0n1/e3_work/3c_D4_mixed_fa                
                             stq-dl_rep5/fastq-run-info.tsv                     
2026-07-20 04:24:24 INFO     Query: SRR1031066                   download.py:373
                    INFO     Archive: ENA                        download.py:374
                    INFO     Total Runs To Download: 1           download.py:379
                    INFO     Working on run SRR1031066...        download.py:402
                    INFO     SRR1031066 not found on ENA,        download.py:586
                             retrying from SRA                                  
2026-07-20 04:24:32 INFO     Downloaded FASTQs for SRR1031066         sra.py:157
                    INFO     Writing metadata to                 download.py:469
                             /mnt/nvme0n1/e3_work/3c_D4_mixed_fa                
                             stq-dl_rep5/fastq-run-info.tsv                     
2026-07-20 04:24:33 INFO     Query: SRR1031074                   download.py:373
                    INFO     Archive: ENA                        download.py:374
                    INFO     Total Runs To Download: 1           download.py:379
                    INFO     Working on run SRR1031074...        download.py:402
                    INFO     SRR1031074 not found on ENA,        download.py:586
                             retrying from SRA                                  
2026-07-20 04:24:42 INFO     Downloaded FASTQs for SRR1031074         sra.py:157
                    INFO     Writing metadata to                 download.py:469
                             /mnt/nvme0n1/e3_work/3c_D4_mixed_fa                
                             stq-dl_rep5/fastq-run-info.tsv                     
2026-07-20 04:24:43 INFO     Query: SRR1031080                   download.py:373
                    INFO     Archive: ENA                        download.py:374
                    INFO     Total Runs To Download: 1           download.py:379
                    INFO     Working on run SRR1031080...        download.py:402
                    INFO     SRR1031080 not found on ENA,        download.py:586
                             retrying from SRA                                  
2026-07-20 04:24:50 INFO     Downloaded FASTQs for SRR1031080         sra.py:157
                    INFO     Writing metadata to                 download.py:469
                             /mnt/nvme0n1/e3_work/3c_D4_mixed_fa                
                             stq-dl_rep5/fastq-run-info.tsv                     
2026-07-20 04:24:51 INFO     Query: SRR1031090                   download.py:373
                    INFO     Archive: ENA                        download.py:374
                    INFO     Total Runs To Download: 1           download.py:379
                    INFO     Working on run SRR1031090...        download.py:402
                    INFO     SRR1031090 not found on ENA,        download.py:586
                             retrying from SRA                                  
2026-07-20 04:24:56 INFO     Downloaded FASTQs for SRR1031090         sra.py:157
                    INFO     Writing metadata to                 download.py:469
                             /mnt/nvme0n1/e3_work/3c_D4_mixed_fa                
                             stq-dl_rep5/fastq-run-info.tsv                     
2026-07-20 04:24:57 INFO     Query: SRR1031101                   download.py:373
                    INFO     Archive: ENA                        download.py:374
                    INFO     Total Runs To Download: 1           download.py:379
                    INFO     Working on run SRR1031101...        download.py:402
                    INFO     SRR1031101 not found on ENA,        download.py:586
                             retrying from SRA                                  
2026-07-20 04:25:01 INFO     Downloaded FASTQs for SRR1031101         sra.py:157
                    INFO     Writing metadata to                 download.py:469
                             /mnt/nvme0n1/e3_work/3c_D4_mixed_fa                
                             stq-dl_rep5/fastq-run-info.tsv                     
2026-07-20 04:25:01 ERROR    CRX095512 is not a Study, Sample,   download.py:307
                             Experiment, or Run accession. See                  
                             https://ena-docs.readthedocs.io/en/                
                             latest/submit/general-guide/accessi                
                             ons.html for valid options                         
2026-07-20 04:25:02 ERROR    CRX917377 is not a Study, Sample,   download.py:307
                             Experiment, or Run accession. See                  
                             https://ena-docs.readthedocs.io/en/                
                             latest/submit/general-guide/accessi                
                             ons.html for valid options                         
