2026/07/20 12:59:13 AM INFO: Kingfisher v0.5.0
2026/07/20 12:59:13 AM INFO: Attempting download method ena-ftp for run SRR22904259 ..
2026/07/20 12:59:13 AM INFO: Querying ENA for FTP paths for SRR22904259..
2026/07/20 12:59:13 AM INFO: Downloading ftp.sra.ebi.ac.uk/vol1/fastq/SRR229/059/SRR22904259/SRR22904259.fastq.gz ..

07/20 00:59:13 [[1;32mNOTICE[0m] Downloading 1 item(s)
[#a0b2ef 0B/0B CN:1 DL:0B]
[#a0b2ef 25KiB/25KiB(100%) CN:1]

07/20 00:59:15 [[1;32mNOTICE[0m] Download complete: /mnt/nvme0n1/e3_work/3c_D4_mixed_kingfisher_rep2/SRR22904259.fastq.gz

Download Results:
gid   |stat|avg speed  |path/URI
======+====+===========+=======================================================
a0b2ef|OK  |    45KiB/s|/mnt/nvme0n1/e3_work/3c_D4_mixed_kingfisher_rep2/SRR22904259.fastq.gz

Status Legend:
(OK):download completed.
2026/07/20 12:59:15 AM INFO: MD5sum OK for SRR22904259.fastq.gz
2026/07/20 12:59:15 AM INFO: Verifying gzip file ./SRR22904259.fastq.gz ..
2026/07/20 12:59:15 AM INFO: Method ena-ftp worked.
2026/07/20 12:59:15 AM INFO: Output files: ./SRR22904259.fastq.gz
2026/07/20 12:59:15 AM INFO: Attempting download method ena-ftp for run SRR22904292 ..
2026/07/20 12:59:15 AM INFO: Querying ENA for FTP paths for SRR22904292..
2026/07/20 12:59:16 AM INFO: Downloading ftp.sra.ebi.ac.uk/vol1/fastq/SRR229/092/SRR22904292/SRR22904292.fastq.gz ..

07/20 00:59:16 [[1;32mNOTICE[0m] Downloading 1 item(s)
[#ed9bc0 0B/0B CN:1 DL:0B]
[#ed9bc0 0B/204MiB(0%) CN:5 DL:164KiB ETA:21m11s]
[#ed9bc0 1.4MiB/204MiB(0%) CN:5 DL:1.3MiB ETA:2m30s]
[#ed9bc0 13MiB/204MiB(6%) CN:5 DL:6.7MiB ETA:28s]
[#ed9bc0 131MiB/204MiB(64%) CN:5 DL:42MiB ETA:1s]
[#ed9bc0 148MiB/204MiB(72%) CN:3 DL:36MiB ETA:1s]
[#ed9bc0 162MiB/204MiB(79%) CN:2 DL:32MiB ETA:1s]
[#ed9bc0 186MiB/204MiB(91%) CN:2 DL:30MiB]
[#ed9bc0 191MiB/204MiB(93%) CN:1 DL:27MiB]
[#ed9bc0 192MiB/204MiB(94%) CN:1 DL:23MiB]
[#ed9bc0 193MiB/204MiB(94%) CN:1 DL:21MiB]
[#ed9bc0 194MiB/204MiB(95%) CN:1 DL:21MiB]
[#ed9bc0 194MiB/204MiB(95%) CN:1 DL:19MiB]

07/20 00:59:30 [[1;32mNOTICE[0m] Download complete: /mnt/nvme0n1/e3_work/3c_D4_mixed_kingfisher_rep2/SRR22904292.fastq.gz

Download Results:
gid   |stat|avg speed  |path/URI
======+====+===========+=======================================================
ed9bc0|OK  |    16MiB/s|/mnt/nvme0n1/e3_work/3c_D4_mixed_kingfisher_rep2/SRR22904292.fastq.gz

Status Legend:
(OK):download completed.
2026/07/20 12:59:30 AM INFO: MD5sum OK for SRR22904292.fastq.gz
2026/07/20 12:59:30 AM INFO: Verifying gzip file ./SRR22904292.fastq.gz ..
2026/07/20 12:59:33 AM INFO: Method ena-ftp worked.
2026/07/20 12:59:33 AM INFO: Output files: ./SRR22904292.fastq.gz
2026/07/20 12:59:33 AM INFO: Attempting download method ena-ftp for run SRR22904353 ..
2026/07/20 12:59:33 AM INFO: Querying ENA for FTP paths for SRR22904353..
2026/07/20 12:59:34 AM INFO: Downloading ftp.sra.ebi.ac.uk/vol1/fastq/SRR229/053/SRR22904353/SRR22904353.fastq.gz ..

07/20 00:59:34 [[1;32mNOTICE[0m] Downloading 1 item(s)
[#ceba63 0B/0B CN:1 DL:0B]
[#ceba63 22KiB/22KiB(100%) CN:1]

07/20 00:59:36 [[1;32mNOTICE[0m] Download complete: /mnt/nvme0n1/e3_work/3c_D4_mixed_kingfisher_rep2/SRR22904353.fastq.gz

Download Results:
gid   |stat|avg speed  |path/URI
======+====+===========+=======================================================
ceba63|OK  |    40KiB/s|/mnt/nvme0n1/e3_work/3c_D4_mixed_kingfisher_rep2/SRR22904353.fastq.gz

Status Legend:
(OK):download completed.
2026/07/20 12:59:36 AM INFO: MD5sum OK for SRR22904353.fastq.gz
2026/07/20 12:59:36 AM INFO: Verifying gzip file ./SRR22904353.fastq.gz ..
2026/07/20 12:59:36 AM INFO: Method ena-ftp worked.
2026/07/20 12:59:36 AM INFO: Output files: ./SRR22904353.fastq.gz
2026/07/20 12:59:36 AM INFO: Attempting download method ena-ftp for run SRR22904368 ..
2026/07/20 12:59:36 AM INFO: Querying ENA for FTP paths for SRR22904368..
2026/07/20 12:59:36 AM INFO: Downloading ftp.sra.ebi.ac.uk/vol1/fastq/SRR229/068/SRR22904368/SRR22904368.fastq.gz ..

07/20 00:59:36 [[1;32mNOTICE[0m] Downloading 1 item(s)
[#973460 0B/0B CN:1 DL:0B]
[#973460 29KiB/29KiB(100%) CN:1]

07/20 00:59:38 [[1;32mNOTICE[0m] Download complete: /mnt/nvme0n1/e3_work/3c_D4_mixed_kingfisher_rep2/SRR22904368.fastq.gz

Download Results:
gid   |stat|avg speed  |path/URI
======+====+===========+=======================================================
973460|OK  |    49KiB/s|/mnt/nvme0n1/e3_work/3c_D4_mixed_kingfisher_rep2/SRR22904368.fastq.gz

Status Legend:
(OK):download completed.
2026/07/20 12:59:38 AM INFO: MD5sum OK for SRR22904368.fastq.gz
2026/07/20 12:59:38 AM INFO: Verifying gzip file ./SRR22904368.fastq.gz ..
2026/07/20 12:59:38 AM INFO: Method ena-ftp worked.
2026/07/20 12:59:38 AM INFO: Output files: ./SRR22904368.fastq.gz
2026/07/20 12:59:38 AM INFO: Attempting download method ena-ftp for run SRR22904389 ..
2026/07/20 12:59:38 AM INFO: Querying ENA for FTP paths for SRR22904389..
2026/07/20 12:59:39 AM INFO: Downloading ftp.sra.ebi.ac.uk/vol1/fastq/SRR229/089/SRR22904389/SRR22904389.fastq.gz ..

07/20 00:59:39 [[1;32mNOTICE[0m] Downloading 1 item(s)
[#88baa2 0B/0B CN:1 DL:0B]

07/20 00:59:41 [[1;32mNOTICE[0m] Download complete: /mnt/nvme0n1/e3_work/3c_D4_mixed_kingfisher_rep2/SRR22904389.fastq.gz

Download Results:
gid   |stat|avg speed  |path/URI
======+====+===========+=======================================================
88baa2|OK  |    29KiB/s|/mnt/nvme0n1/e3_work/3c_D4_mixed_kingfisher_rep2/SRR22904389.fastq.gz

Status Legend:
(OK):download completed.
2026/07/20 12:59:41 AM INFO: MD5sum OK for SRR22904389.fastq.gz
2026/07/20 12:59:41 AM INFO: Verifying gzip file ./SRR22904389.fastq.gz ..
2026/07/20 12:59:41 AM INFO: Method ena-ftp worked.
2026/07/20 12:59:41 AM INFO: Output files: ./SRR22904389.fastq.gz
2026/07/20 12:59:41 AM INFO: Attempting download method ena-ftp for run SRR22904391 ..
2026/07/20 12:59:41 AM INFO: Querying ENA for FTP paths for SRR22904391..
2026/07/20 12:59:41 AM INFO: Downloading ftp.sra.ebi.ac.uk/vol1/fastq/SRR229/091/SRR22904391/SRR22904391.fastq.gz ..

07/20 00:59:41 [[1;32mNOTICE[0m] Downloading 1 item(s)
[#72304f 0B/0B CN:1 DL:0B]
[#72304f 40KiB/40KiB(100%) CN:1]

07/20 00:59:43 [[1;32mNOTICE[0m] Download complete: /mnt/nvme0n1/e3_work/3c_D4_mixed_kingfisher_rep2/SRR22904391.fastq.gz

Download Results:
gid   |stat|avg speed  |path/URI
======+====+===========+=======================================================
72304f|OK  |    71KiB/s|/mnt/nvme0n1/e3_work/3c_D4_mixed_kingfisher_rep2/SRR22904391.fastq.gz

Status Legend:
(OK):download completed.
2026/07/20 12:59:43 AM INFO: MD5sum OK for SRR22904391.fastq.gz
2026/07/20 12:59:43 AM INFO: Verifying gzip file ./SRR22904391.fastq.gz ..
2026/07/20 12:59:43 AM INFO: Method ena-ftp worked.
2026/07/20 12:59:43 AM INFO: Output files: ./SRR22904391.fastq.gz
2026/07/20 12:59:43 AM INFO: Attempting download method ena-ftp for run SRR22904396 ..
2026/07/20 12:59:43 AM INFO: Querying ENA for FTP paths for SRR22904396..
2026/07/20 12:59:44 AM INFO: Downloading ftp.sra.ebi.ac.uk/vol1/fastq/SRR229/096/SRR22904396/SRR22904396.fastq.gz ..

07/20 00:59:44 [[1;32mNOTICE[0m] Downloading 1 item(s)
[#a794ad 0B/0B CN:1 DL:0B]
[#a794ad 20KiB/20KiB(100%) CN:1]

07/20 00:59:46 [[1;32mNOTICE[0m] Download complete: /mnt/nvme0n1/e3_work/3c_D4_mixed_kingfisher_rep2/SRR22904396.fastq.gz

Download Results:
gid   |stat|avg speed  |path/URI
======+====+===========+=======================================================
a794ad|OK  |    34KiB/s|/mnt/nvme0n1/e3_work/3c_D4_mixed_kingfisher_rep2/SRR22904396.fastq.gz

Status Legend:
(OK):download completed.
2026/07/20 12:59:46 AM INFO: MD5sum OK for SRR22904396.fastq.gz
2026/07/20 12:59:46 AM INFO: Verifying gzip file ./SRR22904396.fastq.gz ..
2026/07/20 12:59:46 AM INFO: Method ena-ftp worked.
2026/07/20 12:59:46 AM INFO: Output files: ./SRR22904396.fastq.gz
2026/07/20 12:59:46 AM INFO: Attempting download method ena-ftp for run SRR22904447 ..
2026/07/20 12:59:46 AM INFO: Querying ENA for FTP paths for SRR22904447..
2026/07/20 12:59:46 AM INFO: Downloading ftp.sra.ebi.ac.uk/vol1/fastq/SRR229/047/SRR22904447/SRR22904447.fastq.gz ..

07/20 00:59:46 [[1;32mNOTICE[0m] Downloading 1 item(s)
[#8056f0 0B/0B CN:1 DL:0B]
[#8056f0 80KiB/3.5MiB(2%) CN:1 DL:291KiB ETA:12s]

07/20 00:59:49 [[1;32mNOTICE[0m] Download complete: /mnt/nvme0n1/e3_work/3c_D4_mixed_kingfisher_rep2/SRR22904447.fastq.gz

Download Results:
gid   |stat|avg speed  |path/URI
======+====+===========+=======================================================
8056f0|OK  |   2.6MiB/s|/mnt/nvme0n1/e3_work/3c_D4_mixed_kingfisher_rep2/SRR22904447.fastq.gz

Status Legend:
(OK):download completed.
2026/07/20 12:59:49 AM INFO: MD5sum OK for SRR22904447.fastq.gz
2026/07/20 12:59:49 AM INFO: Verifying gzip file ./SRR22904447.fastq.gz ..
2026/07/20 12:59:49 AM INFO: Method ena-ftp worked.
2026/07/20 12:59:49 AM INFO: Output files: ./SRR22904447.fastq.gz
2026/07/20 12:59:49 AM INFO: Attempting download method ena-ftp for run SRR22904461 ..
2026/07/20 12:59:49 AM INFO: Querying ENA for FTP paths for SRR22904461..
2026/07/20 12:59:50 AM INFO: Downloading ftp.sra.ebi.ac.uk/vol1/fastq/SRR229/061/SRR22904461/SRR22904461.fastq.gz ..

07/20 00:59:50 [[1;32mNOTICE[0m] Downloading 1 item(s)
[#321d9e 0B/0B CN:1 DL:0B]
[#321d9e 24KiB/24KiB(100%) CN:1]

07/20 00:59:52 [[1;32mNOTICE[0m] Download complete: /mnt/nvme0n1/e3_work/3c_D4_mixed_kingfisher_rep2/SRR22904461.fastq.gz

Download Results:
gid   |stat|avg speed  |path/URI
======+====+===========+=======================================================
321d9e|OK  |    42KiB/s|/mnt/nvme0n1/e3_work/3c_D4_mixed_kingfisher_rep2/SRR22904461.fastq.gz

Status Legend:
(OK):download completed.
2026/07/20 12:59:52 AM INFO: MD5sum OK for SRR22904461.fastq.gz
2026/07/20 12:59:52 AM INFO: Verifying gzip file ./SRR22904461.fastq.gz ..
2026/07/20 12:59:52 AM INFO: Method ena-ftp worked.
2026/07/20 12:59:52 AM INFO: Output files: ./SRR22904461.fastq.gz
2026/07/20 12:59:52 AM INFO: Attempting download method ena-ftp for run SRR22904467 ..
2026/07/20 12:59:52 AM INFO: Querying ENA for FTP paths for SRR22904467..
2026/07/20 12:59:52 AM INFO: Downloading ftp.sra.ebi.ac.uk/vol1/fastq/SRR229/067/SRR22904467/SRR22904467.fastq.gz ..

07/20 00:59:52 [[1;32mNOTICE[0m] Downloading 1 item(s)
[#ae9c1d 0B/0B CN:1 DL:0B]

07/20 00:59:54 [[1;32mNOTICE[0m] Download complete: /mnt/nvme0n1/e3_work/3c_D4_mixed_kingfisher_rep2/SRR22904467.fastq.gz

Download Results:
gid   |stat|avg speed  |path/URI
======+====+===========+=======================================================
ae9c1d|OK  |    42KiB/s|/mnt/nvme0n1/e3_work/3c_D4_mixed_kingfisher_rep2/SRR22904467.fastq.gz

Status Legend:
(OK):download completed.
2026/07/20 12:59:54 AM INFO: MD5sum OK for SRR22904467.fastq.gz
2026/07/20 12:59:54 AM INFO: Verifying gzip file ./SRR22904467.fastq.gz ..
2026/07/20 12:59:54 AM INFO: Method ena-ftp worked.
2026/07/20 12:59:54 AM INFO: Output files: ./SRR22904467.fastq.gz
2026/07/20 12:59:54 AM INFO: Attempting download method ena-ftp for run SRR22904470 ..
2026/07/20 12:59:54 AM INFO: Querying ENA for FTP paths for SRR22904470..
2026/07/20 12:59:55 AM INFO: Downloading ftp.sra.ebi.ac.uk/vol1/fastq/SRR229/070/SRR22904470/SRR22904470.fastq.gz ..

07/20 00:59:55 [[1;32mNOTICE[0m] Downloading 1 item(s)
[#45841b 0B/0B CN:1 DL:0B]

07/20 00:59:57 [[1;32mNOTICE[0m] Download complete: /mnt/nvme0n1/e3_work/3c_D4_mixed_kingfisher_rep2/SRR22904470.fastq.gz

Download Results:
gid   |stat|avg speed  |path/URI
======+====+===========+=======================================================
45841b|OK  |    30KiB/s|/mnt/nvme0n1/e3_work/3c_D4_mixed_kingfisher_rep2/SRR22904470.fastq.gz

Status Legend:
(OK):download completed.
2026/07/20 12:59:57 AM INFO: MD5sum OK for SRR22904470.fastq.gz
2026/07/20 12:59:57 AM INFO: Verifying gzip file ./SRR22904470.fastq.gz ..
2026/07/20 12:59:57 AM INFO: Method ena-ftp worked.
2026/07/20 12:59:57 AM INFO: Output files: ./SRR22904470.fastq.gz
2026/07/20 12:59:57 AM INFO: Attempting download method ena-ftp for run SRR22904480 ..
2026/07/20 12:59:57 AM INFO: Querying ENA for FTP paths for SRR22904480..
2026/07/20 12:59:57 AM INFO: Downloading ftp.sra.ebi.ac.uk/vol1/fastq/SRR229/080/SRR22904480/SRR22904480.fastq.gz ..

07/20 00:59:57 [[1;32mNOTICE[0m] Downloading 1 item(s)
[#2004e7 0B/0B CN:1 DL:0B]

07/20 00:59:59 [[1;32mNOTICE[0m] Download complete: /mnt/nvme0n1/e3_work/3c_D4_mixed_kingfisher_rep2/SRR22904480.fastq.gz

Download Results:
gid   |stat|avg speed  |path/URI
======+====+===========+=======================================================
2004e7|OK  |    45KiB/s|/mnt/nvme0n1/e3_work/3c_D4_mixed_kingfisher_rep2/SRR22904480.fastq.gz

Status Legend:
(OK):download completed.
2026/07/20 12:59:59 AM INFO: MD5sum OK for SRR22904480.fastq.gz
2026/07/20 12:59:59 AM INFO: Verifying gzip file ./SRR22904480.fastq.gz ..
2026/07/20 12:59:59 AM INFO: Method ena-ftp worked.
2026/07/20 12:59:59 AM INFO: Output files: ./SRR22904480.fastq.gz
2026/07/20 12:59:59 AM INFO: Attempting download method ena-ftp for run SRR1031060 ..
2026/07/20 12:59:59 AM INFO: Querying ENA for FTP paths for SRR1031060..
2026/07/20 01:00:00 AM ERROR: No ENA FTP download URLs found for run SRR1031060, cannot continue
2026/07/20 01:00:00 AM WARNING: Method ena-ftp failed
2026/07/20 01:00:00 AM ERROR: No more specified download methods, cannot continue
