2026/07/20 02:05:33 AM INFO: Kingfisher v0.5.0
2026/07/20 02:05:33 AM INFO: Attempting download method ena-ftp for run SRR22904259 ..
2026/07/20 02:05:33 AM INFO: Querying ENA for FTP paths for SRR22904259..
2026/07/20 02:05:34 AM INFO: Downloading ftp.sra.ebi.ac.uk/vol1/fastq/SRR229/059/SRR22904259/SRR22904259.fastq.gz ..

07/20 02:05:34 [[1;32mNOTICE[0m] Downloading 1 item(s)
[#185667 0B/0B CN:1 DL:0B]
[#185667 25KiB/25KiB(100%) CN:1]

07/20 02:05:36 [[1;32mNOTICE[0m] Download complete: /mnt/nvme0n1/e3_work/3c_D4_mixed_kingfisher_rep3/SRR22904259.fastq.gz

Download Results:
gid   |stat|avg speed  |path/URI
======+====+===========+=======================================================
185667|OK  |    44KiB/s|/mnt/nvme0n1/e3_work/3c_D4_mixed_kingfisher_rep3/SRR22904259.fastq.gz

Status Legend:
(OK):download completed.
2026/07/20 02:05:36 AM INFO: MD5sum OK for SRR22904259.fastq.gz
2026/07/20 02:05:36 AM INFO: Verifying gzip file ./SRR22904259.fastq.gz ..
2026/07/20 02:05:36 AM INFO: Method ena-ftp worked.
2026/07/20 02:05:36 AM INFO: Output files: ./SRR22904259.fastq.gz
2026/07/20 02:05:36 AM INFO: Attempting download method ena-ftp for run SRR22904292 ..
2026/07/20 02:05:36 AM INFO: Querying ENA for FTP paths for SRR22904292..
2026/07/20 02:05:36 AM INFO: Downloading ftp.sra.ebi.ac.uk/vol1/fastq/SRR229/092/SRR22904292/SRR22904292.fastq.gz ..

07/20 02:05:36 [[1;32mNOTICE[0m] Downloading 1 item(s)
[#b3df0d 0B/0B CN:1 DL:0B]
[#b3df0d 32KiB/204MiB(0%) CN:5 DL:372KiB ETA:9m21s]
[#b3df0d 10MiB/204MiB(5%) CN:5 DL:9.7MiB ETA:19s]
[#b3df0d 42MiB/204MiB(20%) CN:5 DL:20MiB ETA:7s]
[#b3df0d 152MiB/204MiB(74%) CN:4 DL:49MiB ETA:1s]
[#b3df0d 171MiB/204MiB(83%) CN:2 DL:41MiB]
[#b3df0d 180MiB/204MiB(88%) CN:1 DL:35MiB]

07/20 02:05:44 [[1;32mNOTICE[0m] Download complete: /mnt/nvme0n1/e3_work/3c_D4_mixed_kingfisher_rep3/SRR22904292.fastq.gz

Download Results:
gid   |stat|avg speed  |path/URI
======+====+===========+=======================================================
b3df0d|OK  |    32MiB/s|/mnt/nvme0n1/e3_work/3c_D4_mixed_kingfisher_rep3/SRR22904292.fastq.gz

Status Legend:
(OK):download completed.
2026/07/20 02:05:45 AM INFO: MD5sum OK for SRR22904292.fastq.gz
2026/07/20 02:05:45 AM INFO: Verifying gzip file ./SRR22904292.fastq.gz ..
2026/07/20 02:05:48 AM INFO: Method ena-ftp worked.
2026/07/20 02:05:48 AM INFO: Output files: ./SRR22904292.fastq.gz
2026/07/20 02:05:48 AM INFO: Attempting download method ena-ftp for run SRR22904353 ..
2026/07/20 02:05:48 AM INFO: Querying ENA for FTP paths for SRR22904353..
2026/07/20 02:05:48 AM INFO: Downloading ftp.sra.ebi.ac.uk/vol1/fastq/SRR229/053/SRR22904353/SRR22904353.fastq.gz ..

07/20 02:05:48 [[1;32mNOTICE[0m] Downloading 1 item(s)
[#43e882 0B/0B CN:1 DL:0B]

07/20 02:05:50 [[1;32mNOTICE[0m] Download complete: /mnt/nvme0n1/e3_work/3c_D4_mixed_kingfisher_rep3/SRR22904353.fastq.gz

Download Results:
gid   |stat|avg speed  |path/URI
======+====+===========+=======================================================
43e882|OK  |    41KiB/s|/mnt/nvme0n1/e3_work/3c_D4_mixed_kingfisher_rep3/SRR22904353.fastq.gz

Status Legend:
(OK):download completed.
2026/07/20 02:05:50 AM INFO: MD5sum OK for SRR22904353.fastq.gz
2026/07/20 02:05:50 AM INFO: Verifying gzip file ./SRR22904353.fastq.gz ..
2026/07/20 02:05:50 AM INFO: Method ena-ftp worked.
2026/07/20 02:05:50 AM INFO: Output files: ./SRR22904353.fastq.gz
2026/07/20 02:05:50 AM INFO: Attempting download method ena-ftp for run SRR22904368 ..
2026/07/20 02:05:50 AM INFO: Querying ENA for FTP paths for SRR22904368..
2026/07/20 02:05:51 AM INFO: Downloading ftp.sra.ebi.ac.uk/vol1/fastq/SRR229/068/SRR22904368/SRR22904368.fastq.gz ..

07/20 02:05:51 [[1;32mNOTICE[0m] Downloading 1 item(s)
[#569e8a 0B/0B CN:1 DL:0B]

07/20 02:05:53 [[1;32mNOTICE[0m] Download complete: /mnt/nvme0n1/e3_work/3c_D4_mixed_kingfisher_rep3/SRR22904368.fastq.gz

Download Results:
gid   |stat|avg speed  |path/URI
======+====+===========+=======================================================
569e8a|OK  |    52KiB/s|/mnt/nvme0n1/e3_work/3c_D4_mixed_kingfisher_rep3/SRR22904368.fastq.gz

Status Legend:
(OK):download completed.
2026/07/20 02:05:53 AM INFO: MD5sum OK for SRR22904368.fastq.gz
2026/07/20 02:05:53 AM INFO: Verifying gzip file ./SRR22904368.fastq.gz ..
2026/07/20 02:05:53 AM INFO: Method ena-ftp worked.
2026/07/20 02:05:53 AM INFO: Output files: ./SRR22904368.fastq.gz
2026/07/20 02:05:53 AM INFO: Attempting download method ena-ftp for run SRR22904389 ..
2026/07/20 02:05:53 AM INFO: Querying ENA for FTP paths for SRR22904389..
2026/07/20 02:05:53 AM INFO: Downloading ftp.sra.ebi.ac.uk/vol1/fastq/SRR229/089/SRR22904389/SRR22904389.fastq.gz ..

07/20 02:05:53 [[1;32mNOTICE[0m] Downloading 1 item(s)
[#ef3c7a 0B/0B CN:1 DL:0B]

07/20 02:05:55 [[1;32mNOTICE[0m] Download complete: /mnt/nvme0n1/e3_work/3c_D4_mixed_kingfisher_rep3/SRR22904389.fastq.gz

Download Results:
gid   |stat|avg speed  |path/URI
======+====+===========+=======================================================
ef3c7a|OK  |    30KiB/s|/mnt/nvme0n1/e3_work/3c_D4_mixed_kingfisher_rep3/SRR22904389.fastq.gz

Status Legend:
(OK):download completed.
2026/07/20 02:05:55 AM INFO: MD5sum OK for SRR22904389.fastq.gz
2026/07/20 02:05:55 AM INFO: Verifying gzip file ./SRR22904389.fastq.gz ..
2026/07/20 02:05:55 AM INFO: Method ena-ftp worked.
2026/07/20 02:05:55 AM INFO: Output files: ./SRR22904389.fastq.gz
2026/07/20 02:05:55 AM INFO: Attempting download method ena-ftp for run SRR22904391 ..
2026/07/20 02:05:55 AM INFO: Querying ENA for FTP paths for SRR22904391..
2026/07/20 02:05:56 AM INFO: Downloading ftp.sra.ebi.ac.uk/vol1/fastq/SRR229/091/SRR22904391/SRR22904391.fastq.gz ..

07/20 02:05:56 [[1;32mNOTICE[0m] Downloading 1 item(s)
[#d1dece 0B/0B CN:1 DL:0B]
[#d1dece 40KiB/40KiB(100%) CN:1]

07/20 02:05:58 [[1;32mNOTICE[0m] Download complete: /mnt/nvme0n1/e3_work/3c_D4_mixed_kingfisher_rep3/SRR22904391.fastq.gz

Download Results:
gid   |stat|avg speed  |path/URI
======+====+===========+=======================================================
d1dece|OK  |    71KiB/s|/mnt/nvme0n1/e3_work/3c_D4_mixed_kingfisher_rep3/SRR22904391.fastq.gz

Status Legend:
(OK):download completed.
2026/07/20 02:05:58 AM INFO: MD5sum OK for SRR22904391.fastq.gz
2026/07/20 02:05:58 AM INFO: Verifying gzip file ./SRR22904391.fastq.gz ..
2026/07/20 02:05:58 AM INFO: Method ena-ftp worked.
2026/07/20 02:05:58 AM INFO: Output files: ./SRR22904391.fastq.gz
2026/07/20 02:05:58 AM INFO: Attempting download method ena-ftp for run SRR22904396 ..
2026/07/20 02:05:58 AM INFO: Querying ENA for FTP paths for SRR22904396..
2026/07/20 02:05:58 AM INFO: Downloading ftp.sra.ebi.ac.uk/vol1/fastq/SRR229/096/SRR22904396/SRR22904396.fastq.gz ..

07/20 02:05:58 [[1;32mNOTICE[0m] Downloading 1 item(s)
[#54f49c 0B/0B CN:1 DL:0B]

07/20 02:06:00 [[1;32mNOTICE[0m] Download complete: /mnt/nvme0n1/e3_work/3c_D4_mixed_kingfisher_rep3/SRR22904396.fastq.gz

Download Results:
gid   |stat|avg speed  |path/URI
======+====+===========+=======================================================
54f49c|OK  |    38KiB/s|/mnt/nvme0n1/e3_work/3c_D4_mixed_kingfisher_rep3/SRR22904396.fastq.gz

Status Legend:
(OK):download completed.
2026/07/20 02:06:00 AM INFO: MD5sum OK for SRR22904396.fastq.gz
2026/07/20 02:06:00 AM INFO: Verifying gzip file ./SRR22904396.fastq.gz ..
2026/07/20 02:06:00 AM INFO: Method ena-ftp worked.
2026/07/20 02:06:00 AM INFO: Output files: ./SRR22904396.fastq.gz
2026/07/20 02:06:00 AM INFO: Attempting download method ena-ftp for run SRR22904447 ..
2026/07/20 02:06:00 AM INFO: Querying ENA for FTP paths for SRR22904447..
2026/07/20 02:06:01 AM INFO: Downloading ftp.sra.ebi.ac.uk/vol1/fastq/SRR229/047/SRR22904447/SRR22904447.fastq.gz ..

07/20 02:06:01 [[1;32mNOTICE[0m] Downloading 1 item(s)
[#999da9 0B/0B CN:1 DL:0B]
[#999da9 80KiB/3.5MiB(2%) CN:1 DL:291KiB ETA:12s]

07/20 02:06:03 [[1;32mNOTICE[0m] Download complete: /mnt/nvme0n1/e3_work/3c_D4_mixed_kingfisher_rep3/SRR22904447.fastq.gz

Download Results:
gid   |stat|avg speed  |path/URI
======+====+===========+=======================================================
999da9|OK  |   2.6MiB/s|/mnt/nvme0n1/e3_work/3c_D4_mixed_kingfisher_rep3/SRR22904447.fastq.gz

Status Legend:
(OK):download completed.
2026/07/20 02:06:03 AM INFO: MD5sum OK for SRR22904447.fastq.gz
2026/07/20 02:06:03 AM INFO: Verifying gzip file ./SRR22904447.fastq.gz ..
2026/07/20 02:06:04 AM INFO: Method ena-ftp worked.
2026/07/20 02:06:04 AM INFO: Output files: ./SRR22904447.fastq.gz
2026/07/20 02:06:04 AM INFO: Attempting download method ena-ftp for run SRR22904461 ..
2026/07/20 02:06:04 AM INFO: Querying ENA for FTP paths for SRR22904461..
2026/07/20 02:06:04 AM INFO: Downloading ftp.sra.ebi.ac.uk/vol1/fastq/SRR229/061/SRR22904461/SRR22904461.fastq.gz ..

07/20 02:06:04 [[1;32mNOTICE[0m] Downloading 1 item(s)
[#fee6fe 0B/0B CN:1 DL:0B]

07/20 02:06:06 [[1;32mNOTICE[0m] Download complete: /mnt/nvme0n1/e3_work/3c_D4_mixed_kingfisher_rep3/SRR22904461.fastq.gz

Download Results:
gid   |stat|avg speed  |path/URI
======+====+===========+=======================================================
fee6fe|OK  |    44KiB/s|/mnt/nvme0n1/e3_work/3c_D4_mixed_kingfisher_rep3/SRR22904461.fastq.gz

Status Legend:
(OK):download completed.
2026/07/20 02:06:06 AM INFO: MD5sum OK for SRR22904461.fastq.gz
2026/07/20 02:06:06 AM INFO: Verifying gzip file ./SRR22904461.fastq.gz ..
2026/07/20 02:06:06 AM INFO: Method ena-ftp worked.
2026/07/20 02:06:06 AM INFO: Output files: ./SRR22904461.fastq.gz
2026/07/20 02:06:06 AM INFO: Attempting download method ena-ftp for run SRR22904467 ..
2026/07/20 02:06:06 AM INFO: Querying ENA for FTP paths for SRR22904467..
2026/07/20 02:06:07 AM INFO: Downloading ftp.sra.ebi.ac.uk/vol1/fastq/SRR229/067/SRR22904467/SRR22904467.fastq.gz ..

07/20 02:06:07 [[1;32mNOTICE[0m] Downloading 1 item(s)
[#08f975 0B/0B CN:1 DL:0B]
[#08f975 23KiB/23KiB(100%) CN:1]

07/20 02:06:09 [[1;32mNOTICE[0m] Download complete: /mnt/nvme0n1/e3_work/3c_D4_mixed_kingfisher_rep3/SRR22904467.fastq.gz

Download Results:
gid   |stat|avg speed  |path/URI
======+====+===========+=======================================================
08f975|OK  |    41KiB/s|/mnt/nvme0n1/e3_work/3c_D4_mixed_kingfisher_rep3/SRR22904467.fastq.gz

Status Legend:
(OK):download completed.
2026/07/20 02:06:09 AM INFO: MD5sum OK for SRR22904467.fastq.gz
2026/07/20 02:06:09 AM INFO: Verifying gzip file ./SRR22904467.fastq.gz ..
2026/07/20 02:06:09 AM INFO: Method ena-ftp worked.
2026/07/20 02:06:09 AM INFO: Output files: ./SRR22904467.fastq.gz
2026/07/20 02:06:09 AM INFO: Attempting download method ena-ftp for run SRR22904470 ..
2026/07/20 02:06:09 AM INFO: Querying ENA for FTP paths for SRR22904470..
2026/07/20 02:06:09 AM INFO: Downloading ftp.sra.ebi.ac.uk/vol1/fastq/SRR229/070/SRR22904470/SRR22904470.fastq.gz ..

07/20 02:06:09 [[1;32mNOTICE[0m] Downloading 1 item(s)
[#1eacd0 0B/0B CN:1 DL:0B]

07/20 02:06:11 [[1;32mNOTICE[0m] Download complete: /mnt/nvme0n1/e3_work/3c_D4_mixed_kingfisher_rep3/SRR22904470.fastq.gz

Download Results:
gid   |stat|avg speed  |path/URI
======+====+===========+=======================================================
1eacd0|OK  |    30KiB/s|/mnt/nvme0n1/e3_work/3c_D4_mixed_kingfisher_rep3/SRR22904470.fastq.gz

Status Legend:
(OK):download completed.
2026/07/20 02:06:11 AM INFO: MD5sum OK for SRR22904470.fastq.gz
2026/07/20 02:06:11 AM INFO: Verifying gzip file ./SRR22904470.fastq.gz ..
2026/07/20 02:06:11 AM INFO: Method ena-ftp worked.
2026/07/20 02:06:11 AM INFO: Output files: ./SRR22904470.fastq.gz
2026/07/20 02:06:11 AM INFO: Attempting download method ena-ftp for run SRR22904480 ..
2026/07/20 02:06:11 AM INFO: Querying ENA for FTP paths for SRR22904480..
2026/07/20 02:06:11 AM INFO: Downloading ftp.sra.ebi.ac.uk/vol1/fastq/SRR229/080/SRR22904480/SRR22904480.fastq.gz ..

07/20 02:06:11 [[1;32mNOTICE[0m] Downloading 1 item(s)
[#837eaa 0B/0B CN:1 DL:0B]

07/20 02:06:13 [[1;32mNOTICE[0m] Download complete: /mnt/nvme0n1/e3_work/3c_D4_mixed_kingfisher_rep3/SRR22904480.fastq.gz

Download Results:
gid   |stat|avg speed  |path/URI
======+====+===========+=======================================================
837eaa|OK  |    48KiB/s|/mnt/nvme0n1/e3_work/3c_D4_mixed_kingfisher_rep3/SRR22904480.fastq.gz

Status Legend:
(OK):download completed.
2026/07/20 02:06:13 AM INFO: MD5sum OK for SRR22904480.fastq.gz
2026/07/20 02:06:13 AM INFO: Verifying gzip file ./SRR22904480.fastq.gz ..
2026/07/20 02:06:13 AM INFO: Method ena-ftp worked.
2026/07/20 02:06:13 AM INFO: Output files: ./SRR22904480.fastq.gz
2026/07/20 02:06:13 AM INFO: Attempting download method ena-ftp for run SRR1031060 ..
2026/07/20 02:06:13 AM INFO: Querying ENA for FTP paths for SRR1031060..
2026/07/20 02:06:14 AM ERROR: No ENA FTP download URLs found for run SRR1031060, cannot continue
2026/07/20 02:06:14 AM WARNING: Method ena-ftp failed
2026/07/20 02:06:14 AM ERROR: No more specified download methods, cannot continue
