[32mNote[0m: batch downloading 8 file(s) across 4 accession(s) with up to 8 worker(s) (configured max 16) (adaptive concurrency)
05:44:11.214 adaptiseq.engine.seam: Transport for ftp.sra.ebi.ac.uk: HTTPS mirror is range-capable; segmented HTTPS
05:44:11.740 adaptiseq.engine.seam: Transport for ftp.sra.ebi.ac.uk: HTTPS mirror is range-capable; segmented HTTPS
05:44:18.065 adaptiseq.engine.seam: Transport for ftp.sra.ebi.ac.uk: HTTPS mirror is range-capable; segmented HTTPS
05:44:18.066 adaptiseq.engine.seam: Transport for ftp.sra.ebi.ac.uk: HTTPS mirror is range-capable; segmented HTTPS
05:44:18.066 adaptiseq.engine.seam: Transport for ftp.sra.ebi.ac.uk: HTTPS mirror is range-capable; segmented HTTPS
05:44:18.066 adaptiseq.engine.seam: Transport for ftp.sra.ebi.ac.uk: HTTPS mirror is range-capable; segmented HTTPS
05:44:18.067 adaptiseq.engine.seam: Transport for ftp.sra.ebi.ac.uk: HTTPS mirror is range-capable; segmented HTTPS
05:44:18.067 adaptiseq.engine.seam: Transport for ftp.sra.ebi.ac.uk: HTTPS mirror is range-capable; segmented HTTPS
05:44:27.445 adaptiseq.batch: adaptive probe: workers=8 throughput=1970.8Mbps score=-1971
05:44:36.945 adaptiseq.batch: adaptive probe: workers=4 throughput=2831.4Mbps score=-2831
05:44:45.053 adaptiseq.batch: downloaded SRR15852426_1.fastq.gz
05:44:46.447 adaptiseq.batch: adaptive probe: workers=2 throughput=2397.9Mbps score=-2398
05:44:46.447 adaptiseq.batch: adaptive commit: workers=4
05:44:52.436 adaptiseq.batch: downloaded SRR15852443_2.fastq.gz
05:44:53.596 adaptiseq.batch: downloaded SRR15852443_1.fastq.gz
05:45:02.696 adaptiseq.batch: downloaded SRR15852426_2.fastq.gz
05:45:03.445 adaptiseq.batch: downloaded SRR15852401_2.fastq.gz
05:45:03.585 adaptiseq.batch: downloaded SRR15852401_1.fastq.gz
05:45:04.209 adaptiseq.batch: downloaded SRR15852420_1.fastq.gz
05:45:08.520 adaptiseq.batch: downloaded SRR15852420_2.fastq.gz
[32mNote[0m: adaptive worker summary: 3 probe(s); best 2831 Mbps at 4 worker(s); last 2398 Mbps at 2 worker(s); recent: 8w@1971Mbps, 4w@2831Mbps, 2w@2398Mbps
[32mNote[0m: SRR15852401.metadata.tsv exists, skip downloading metadata for SRR15852401
      SRR15852401_1.fastq.gz 1.26G 	       SRR15852401_2.fastq.gz 1.30G 	 
[32mNote[0m: Above Run will be downloaded. You can see the details in SRR15852401.metadata.tsv
[92mSRR15852401 download and md5 check successful, save SRR15852401 in success.log[0m
=======================SRR15852401 download finished=======================
[32mNote[0m: SRR15852420.metadata.tsv exists, skip downloading metadata for SRR15852420
      SRR15852420_1.fastq.gz 1.86G 	       SRR15852420_2.fastq.gz 1.89G 	 
[32mNote[0m: Above Run will be downloaded. You can see the details in SRR15852420.metadata.tsv
[92mSRR15852420 download and md5 check successful, save SRR15852420 in success.log[0m
=======================SRR15852420 download finished=======================
[32mNote[0m: SRR15852426.metadata.tsv exists, skip downloading metadata for SRR15852426
      SRR15852426_1.fastq.gz 1.30G 	       SRR15852426_2.fastq.gz 1.32G 	 
[32mNote[0m: Above Run will be downloaded. You can see the details in SRR15852426.metadata.tsv
[92mSRR15852426 download and md5 check successful, save SRR15852426 in success.log[0m
=======================SRR15852426 download finished=======================
[32mNote[0m: SRR15852443.metadata.tsv exists, skip downloading metadata for SRR15852443
      SRR15852443_1.fastq.gz 1.04G 	       SRR15852443_2.fastq.gz 1.08G 	 
[32mNote[0m: Above Run will be downloaded. You can see the details in SRR15852443.metadata.tsv
[92mSRR15852443 download and md5 check successful, save SRR15852443 in success.log[0m
=======================SRR15852443 download finished=======================
