[32mNote[0m: batch downloading 8 file(s) across 4 accession(s) with up to 8 worker(s) (fixed concurrency)
05:50:03.228 adaptiseq.engine.seam: Transport for ftp.sra.ebi.ac.uk: HTTPS mirror is range-capable; segmented HTTPS
05:50:03.235 adaptiseq.engine.seam: Transport for ftp.sra.ebi.ac.uk: HTTPS mirror is range-capable; segmented HTTPS
05:50:03.274 adaptiseq.engine.seam: Transport for ftp.sra.ebi.ac.uk: HTTPS mirror is range-capable; segmented HTTPS
05:50:03.281 adaptiseq.engine.seam: Transport for ftp.sra.ebi.ac.uk: HTTPS mirror is range-capable; segmented HTTPS
05:50:03.296 adaptiseq.engine.seam: Transport for ftp.sra.ebi.ac.uk: HTTPS mirror is range-capable; segmented HTTPS
05:50:03.411 adaptiseq.engine.seam: Transport for ftp.sra.ebi.ac.uk: HTTPS mirror is range-capable; segmented HTTPS
05:50:03.412 adaptiseq.engine.seam: Transport for ftp.sra.ebi.ac.uk: HTTPS mirror is range-capable; segmented HTTPS
05:50:03.542 adaptiseq.engine.seam: Transport for ftp.sra.ebi.ac.uk: HTTPS mirror is range-capable; segmented HTTPS
05:50:26.939 adaptiseq.batch: downloaded SRR15852443_2.fastq.gz
05:50:32.866 adaptiseq.batch: downloaded SRR15852401_2.fastq.gz
05:50:39.004 adaptiseq.batch: downloaded SRR15852420_1.fastq.gz
05:50:40.077 adaptiseq.batch: downloaded SRR15852401_1.fastq.gz
05:50:43.276 adaptiseq.batch: downloaded SRR15852443_1.fastq.gz
05:50:50.415 adaptiseq.batch: downloaded SRR15852426_2.fastq.gz
05:51:05.591 adaptiseq.batch: downloaded SRR15852420_2.fastq.gz
05:51:15.166 adaptiseq.batch: downloaded SRR15852426_1.fastq.gz
[32mNote[0m: SRR15852401.metadata.tsv exists, skip downloading metadata for SRR15852401
      SRR15852401_1.fastq.gz 1.26G 	       SRR15852401_2.fastq.gz 1.30G 	 
[32mNote[0m: Above Run will be downloaded. You can see the details in SRR15852401.metadata.tsv
[92mSRR15852401 download and md5 check successful, save SRR15852401 in success.log[0m
=======================SRR15852401 download finished=======================
[32mNote[0m: SRR15852420.metadata.tsv exists, skip downloading metadata for SRR15852420
      SRR15852420_1.fastq.gz 1.86G 	       SRR15852420_2.fastq.gz 1.89G 	 
[32mNote[0m: Above Run will be downloaded. You can see the details in SRR15852420.metadata.tsv
[92mSRR15852420 download and md5 check successful, save SRR15852420 in success.log[0m
=======================SRR15852420 download finished=======================
[32mNote[0m: SRR15852426.metadata.tsv exists, skip downloading metadata for SRR15852426
      SRR15852426_1.fastq.gz 1.30G 	       SRR15852426_2.fastq.gz 1.32G 	 
[32mNote[0m: Above Run will be downloaded. You can see the details in SRR15852426.metadata.tsv
[92mSRR15852426 download and md5 check successful, save SRR15852426 in success.log[0m
=======================SRR15852426 download finished=======================
[32mNote[0m: SRR15852443.metadata.tsv exists, skip downloading metadata for SRR15852443
      SRR15852443_1.fastq.gz 1.04G 	       SRR15852443_2.fastq.gz 1.08G 	 
[32mNote[0m: Above Run will be downloaded. You can see the details in SRR15852443.metadata.tsv
[92mSRR15852443 download and md5 check successful, save SRR15852443 in success.log[0m
=======================SRR15852443 download finished=======================
