[32mNote[0m: batch downloading 8 file(s) across 4 accession(s) with up to 8 worker(s) (configured max 16) (adaptive concurrency)
05:19:15.494 adaptiseq.engine.seam: Transport for ftp.sra.ebi.ac.uk: HTTPS mirror is range-capable; segmented HTTPS
05:19:15.532 adaptiseq.engine.seam: Transport for ftp.sra.ebi.ac.uk: HTTPS mirror is range-capable; segmented HTTPS
05:19:22.767 adaptiseq.engine.seam: Transport for ftp.sra.ebi.ac.uk: HTTPS mirror is range-capable; segmented HTTPS
05:19:22.768 adaptiseq.engine.seam: Transport for ftp.sra.ebi.ac.uk: HTTPS mirror is range-capable; segmented HTTPS
05:19:22.768 adaptiseq.engine.seam: Transport for ftp.sra.ebi.ac.uk: HTTPS mirror is range-capable; segmented HTTPS
05:19:22.768 adaptiseq.engine.seam: Transport for ftp.sra.ebi.ac.uk: HTTPS mirror is range-capable; segmented HTTPS
05:19:22.769 adaptiseq.engine.seam: Transport for ftp.sra.ebi.ac.uk: HTTPS mirror is range-capable; segmented HTTPS
05:19:22.769 adaptiseq.engine.seam: Transport for ftp.sra.ebi.ac.uk: HTTPS mirror is range-capable; segmented HTTPS
05:19:32.137 adaptiseq.batch: adaptive probe: workers=8 throughput=2246.0Mbps score=-2246
05:19:41.638 adaptiseq.batch: adaptive probe: workers=4 throughput=1873.1Mbps score=-1873
05:19:41.639 adaptiseq.batch: adaptive commit: workers=8
05:20:00.233 adaptiseq.batch: downloaded SRR15852443_1.fastq.gz
05:20:07.306 adaptiseq.batch: downloaded SRR15852426_1.fastq.gz
05:20:29.438 adaptiseq.batch: downloaded SRR15852443_2.fastq.gz
05:20:39.828 adaptiseq.batch: downloaded SRR15852401_1.fastq.gz
05:21:16.493 adaptiseq.batch: downloaded SRR15852420_2.fastq.gz
05:22:07.099 adaptiseq.batch: downloaded SRR15852420_1.fastq.gz
05:22:11.617 adaptiseq.batch: downloaded SRR15852401_2.fastq.gz
05:22:15.756 adaptiseq.batch: downloaded SRR15852426_2.fastq.gz
[32mNote[0m: adaptive worker summary: 5 probe(s); best 2246 Mbps at 8 worker(s); last 36 Mbps at 3 worker(s); recent: 8w@2246Mbps, 4w@1873Mbps, 4w@198Mbps, 3w@43Mbps, 3w@36Mbps
[32mNote[0m: SRR15852401.metadata.tsv exists, skip downloading metadata for SRR15852401
      SRR15852401_1.fastq.gz 1.26G 	       SRR15852401_2.fastq.gz 1.30G 	 
[32mNote[0m: Above Run will be downloaded. You can see the details in SRR15852401.metadata.tsv
[92mSRR15852401 download and md5 check successful, save SRR15852401 in success.log[0m
=======================SRR15852401 download finished=======================
[32mNote[0m: SRR15852420.metadata.tsv exists, skip downloading metadata for SRR15852420
      SRR15852420_1.fastq.gz 1.86G 	       SRR15852420_2.fastq.gz 1.89G 	 
[32mNote[0m: Above Run will be downloaded. You can see the details in SRR15852420.metadata.tsv
[92mSRR15852420 download and md5 check successful, save SRR15852420 in success.log[0m
=======================SRR15852420 download finished=======================
[32mNote[0m: SRR15852426.metadata.tsv exists, skip downloading metadata for SRR15852426
      SRR15852426_1.fastq.gz 1.30G 	       SRR15852426_2.fastq.gz 1.32G 	 
[32mNote[0m: Above Run will be downloaded. You can see the details in SRR15852426.metadata.tsv
[92mSRR15852426 download and md5 check successful, save SRR15852426 in success.log[0m
=======================SRR15852426 download finished=======================
[32mNote[0m: SRR15852443.metadata.tsv exists, skip downloading metadata for SRR15852443
      SRR15852443_1.fastq.gz 1.04G 	       SRR15852443_2.fastq.gz 1.08G 	 
[32mNote[0m: Above Run will be downloaded. You can see the details in SRR15852443.metadata.tsv
[92mSRR15852443 download and md5 check successful, save SRR15852443 in success.log[0m
=======================SRR15852443 download finished=======================
