=== adaptiSeq E8 (resource profile, Fig 6) ===
node    : exp-9-52
python  : /home/rswargo/.conda/envs/adaptiseq_e3/bin/python3  (Python 3.11.15)
results : /expanse/lustre/scratch/rswargo/temp_project/adaptiseq_e8/e8_52340455
panels  : 8-ENA 8-SRA   SRA_ACC=SRR1031060

=== egress check ===
  OK   https://ftp.sra.ebi.ac.uk -> 200
  OK   https://www.ebi.ac.uk -> 200
  OK   https://ftp.ncbi.nlm.nih.gov -> 200

=== tool check ===
  OK   adaptiseq     
  OK   iseq          
  OK   kingfisher    
  OK   prefetch      
  OK   fasterq-dump  
  OK   vdb-validate  
  OK   srapath       
  OK   md5sum        
  OK   curl          

=== versions ===
date: 2026-07-21T08:30:07-07:00
adaptiSeq 0.1.3
Version 1.9.8
0.5.0

Python 3.11.15

=== datasets ===
D1  PRJNA916347 (overhead-dominated)
  D1_full_PRJNA916347    runs=  241 files=  321 total=    7.59 GB  avg=   23.6 MB/file   robustness panel (3a-robust): runs-completed per tool
  D1_fair_PRJNA916347    runs=  201 files=  201 total=    4.42 GB  avg=   22.0 MB/file   fair timing panel (3a): all tools can complete
  D1_threefile_PRJNA916347 runs=   40 files=  120 total=    3.17 GB  avg=   26.4 MB/file   the runs iseq drops (E3 robustness call-out / E7e)
D2  PRJNA762469 (byte-dominated, seeded subset)
  D2_full_PRJNA762469    runs=   60 files=  120 total=  205.97 GB  avg= 1716.4 MB/file   reference only -- NOT run at 10 reps
  D2_subset_PRJNA762469  runs=    8 files=   16 total=   25.88 GB  avg= 1617.2 MB/file   byte-dominated panel (3b), seed=20260717
D3  PRJNA540705 (large per-file)
  D3_full_PRJNA540705    runs=    6 files=    6 total=   69.35 GB  avg=11557.5 MB/file   large-file arm (3b-large / feeds E4a)
  D3_seg_PRJNA540705     runs=    2 files=    2 total=   23.07 GB  avg=11534.8 MB/file   connections-per-worker sweep (3s): --max-segments 4/8/16
D4  mixed cross-database
  D4_mixed               runs=   20 (ENA=12 SRA-only=6 GSA=2)  manifest covers the ENA rows only
D0  sweep workload (D2 subset, 4 runs)
  D0_sweep_PRJNA762469   runs=    4 files=    8 total=   11.86 GB  avg= 1482.0 MB/file   concurrency sweep (3d): bounded
SMOKE  (3 smallest D1 runs)
  SMOKE_D1               runs=    3 files=    3 total=    0.00 GB  avg=    0.0 MB/file   harness validation only -- NOT a result

Wrote lists + manifests to /expanse/lustre/scratch/rswargo/temp_project/adaptiSeq/datasets

=== running panels ===

=== aggregating ===

=== Table (Fig 6) — resource profile, median over reps ===
panel   tool        reps  wall_s peakRSS_MB meanCPU% cpu_core_s  wr_MB/s  setup   data verify
8-ENA   adaptiseq      5  1800.1       63.4      2.6      47.16      1.4    3.1 1797.0    0.0
8-ENA   iseq           5  1800.4       21.3      0.1       2.37      0.4    5.8 1794.4    0.0
8-ENA   kingfisher     5  1289.0      153.2      5.4      69.45      2.1    4.2  687.0  384.8
8-SRA   adaptiseq      5    24.6     1145.5    308.1      77.96    138.0    3.1   17.8    3.6
8-SRA   iseq           5    23.5     1098.8    274.2      64.97    144.8    3.1   16.7    3.7
8-SRA   kingfisher     5    13.1     1195.6    253.4      34.57    213.8    8.9    3.7    0.5
8-SRA   prefetch       5     9.4       57.2     19.1       1.83     21.3    8.3    0.0    1.0
  wrote /expanse/lustre/scratch/rswargo/temp_project/adaptiseq_e8/e8_52340455/fig6b_taskbar_8-ENA.png
  wrote /expanse/lustre/scratch/rswargo/temp_project/adaptiseq_e8/e8_52340455/fig6b_taskbar_8-SRA.png
  wrote /expanse/lustre/scratch/rswargo/temp_project/adaptiseq_e8/e8_52340455/fig6a_traces_8-ENA.png
  wrote /expanse/lustre/scratch/rswargo/temp_project/adaptiseq_e8/e8_52340455/fig6a_traces_8-SRA.png

Figures + table in /expanse/lustre/scratch/rswargo/temp_project/adaptiseq_e8/e8_52340455
