[32mNote[0m: batch downloading 120 file(s) across 40 accession(s) with up to 8 worker(s) (adaptive concurrency)
04:38:34.494 adaptiseq.engine.seam: Transport for ftp.sra.ebi.ac.uk: HTTPS mirror is range-capable; segmented HTTPS
04:38:34.694 adaptiseq.engine.seam: Transport for ftp.sra.ebi.ac.uk: HTTPS mirror is range-capable; segmented HTTPS
04:38:34.703 adaptiseq.batch: downloaded SRR22904269_1.fastq.gz
04:38:34.703 adaptiseq.engine.seam: Transport for ftp.sra.ebi.ac.uk: HTTPS mirror is range-capable; segmented HTTPS
04:38:34.984 adaptiseq.batch: downloaded SRR22904269_2.fastq.gz
04:38:34.984 adaptiseq.engine.seam: Transport for ftp.sra.ebi.ac.uk: HTTPS mirror is range-capable; segmented HTTPS
04:38:41.081 adaptiseq.batch: downloaded SRR22904269.fastq.gz
04:38:41.081 adaptiseq.engine.seam: Transport for ftp.sra.ebi.ac.uk: HTTPS mirror is range-capable; segmented HTTPS
04:38:41.696 adaptiseq.batch: downloaded SRR22904272_1.fastq.gz
04:38:41.696 adaptiseq.engine.seam: Transport for ftp.sra.ebi.ac.uk: HTTPS mirror is range-capable; segmented HTTPS
04:38:42.439 adaptiseq.batch: downloaded SRR22904272_2.fastq.gz
04:38:42.439 adaptiseq.engine.seam: Transport for ftp.sra.ebi.ac.uk: HTTPS mirror is range-capable; segmented HTTPS
04:38:42.602 adaptiseq.batch: adaptive probe: workers=1 throughput=34.9Mbps score=-35
04:38:47.603 adaptiseq.batch: adaptive probe: workers=2 throughput=148.5Mbps score=-146
04:38:47.654 adaptiseq.engine.seam: Transport for ftp.sra.ebi.ac.uk: HTTPS mirror is range-capable; segmented HTTPS
04:38:47.655 adaptiseq.engine.seam: Transport for ftp.sra.ebi.ac.uk: HTTPS mirror is range-capable; segmented HTTPS
04:38:47.655 adaptiseq.engine.seam: Transport for ftp.sra.ebi.ac.uk: HTTPS mirror is range-capable; segmented HTTPS
04:38:47.655 adaptiseq.engine.seam: Transport for ftp.sra.ebi.ac.uk: HTTPS mirror is range-capable; segmented HTTPS
04:38:47.656 adaptiseq.engine.seam: Transport for ftp.sra.ebi.ac.uk: HTTPS mirror is range-capable; segmented HTTPS
04:38:52.605 adaptiseq.batch: adaptive probe: workers=7 throughput=147.6Mbps score=-138
04:38:53.156 adaptiseq.batch: downloaded SRR22904270_1.fastq.gz
04:38:53.156 adaptiseq.engine.seam: Transport for ftp.sra.ebi.ac.uk: HTTPS mirror is range-capable; segmented HTTPS
04:38:53.308 adaptiseq.batch: downloaded SRR22904270_2.fastq.gz
04:38:53.308 adaptiseq.engine.seam: Transport for ftp.sra.ebi.ac.uk: HTTPS mirror is range-capable; segmented HTTPS
04:38:53.575 adaptiseq.batch: downloaded SRR22904274_1.fastq.gz
04:38:53.575 adaptiseq.engine.seam: Transport for ftp.sra.ebi.ac.uk: HTTPS mirror is range-capable; segmented HTTPS
04:38:53.851 adaptiseq.batch: downloaded SRR22904274_2.fastq.gz
04:38:53.851 adaptiseq.engine.seam: Transport for ftp.sra.ebi.ac.uk: HTTPS mirror is range-capable; segmented HTTPS
04:38:53.866 adaptiseq.batch: downloaded SRR22904272.fastq.gz
04:38:53.866 adaptiseq.engine.seam: Transport for ftp.sra.ebi.ac.uk: HTTPS mirror is range-capable; segmented HTTPS
04:38:54.026 adaptiseq.batch: downloaded SRR22904273_2.fastq.gz
04:38:54.084 adaptiseq.batch: downloaded SRR22904273_1.fastq.gz
04:38:54.084 adaptiseq.engine.seam: Transport for ftp.sra.ebi.ac.uk: HTTPS mirror is range-capable; segmented HTTPS
04:38:54.791 adaptiseq.batch: downloaded SRR22904276_2.fastq.gz
04:38:54.792 adaptiseq.engine.seam: Transport for ftp.sra.ebi.ac.uk: HTTPS mirror is range-capable; segmented HTTPS
04:38:54.888 adaptiseq.batch: downloaded SRR22904270.fastq.gz
04:38:54.888 adaptiseq.engine.seam: Transport for ftp.sra.ebi.ac.uk: HTTPS mirror is range-capable; segmented HTTPS
04:38:55.041 adaptiseq.batch: downloaded SRR22904274.fastq.gz
04:38:55.041 adaptiseq.engine.seam: Transport for ftp.sra.ebi.ac.uk: HTTPS mirror is range-capable; segmented HTTPS
04:38:55.071 adaptiseq.batch: downloaded SRR22904276_1.fastq.gz
04:38:55.071 adaptiseq.engine.seam: Transport for ftp.sra.ebi.ac.uk: HTTPS mirror is range-capable; segmented HTTPS
04:38:55.416 adaptiseq.batch: downloaded SRR22904283_2.fastq.gz
04:38:55.416 adaptiseq.engine.seam: Transport for ftp.sra.ebi.ac.uk: HTTPS mirror is range-capable; segmented HTTPS
04:38:55.502 adaptiseq.batch: downloaded SRR22904283_1.fastq.gz
04:38:55.502 adaptiseq.engine.seam: Transport for ftp.sra.ebi.ac.uk: HTTPS mirror is range-capable; segmented HTTPS
04:38:56.088 adaptiseq.batch: downloaded SRR22904284_2.fastq.gz
04:38:56.088 adaptiseq.engine.seam: Transport for ftp.sra.ebi.ac.uk: HTTPS mirror is range-capable; segmented HTTPS
04:38:56.451 adaptiseq.batch: downloaded SRR22904284_1.fastq.gz
04:38:56.452 adaptiseq.engine.seam: Transport for ftp.sra.ebi.ac.uk: HTTPS mirror is range-capable; segmented HTTPS
04:38:56.726 adaptiseq.batch: downloaded SRR22904285_1.fastq.gz
04:38:56.727 adaptiseq.engine.seam: Transport for ftp.sra.ebi.ac.uk: HTTPS mirror is range-capable; segmented HTTPS
04:38:57.018 adaptiseq.batch: downloaded SRR22904285_2.fastq.gz
04:38:57.018 adaptiseq.engine.seam: Transport for ftp.sra.ebi.ac.uk: HTTPS mirror is range-capable; segmented HTTPS
04:38:57.178 adaptiseq.batch: downloaded SRR22904285.fastq.gz
04:38:57.178 adaptiseq.engine.seam: Transport for ftp.sra.ebi.ac.uk: HTTPS mirror is range-capable; segmented HTTPS
04:38:57.607 adaptiseq.batch: adaptive probe: workers=6 throughput=250.5Mbps score=-236
04:39:02.361 adaptiseq.batch: downloaded SRR22904276.fastq.gz
04:39:02.608 adaptiseq.batch: adaptive probe: workers=2 throughput=579.9Mbps score=-568
04:39:02.984 adaptiseq.batch: downloaded SRR22904286_1.fastq.gz
04:39:02.984 adaptiseq.engine.seam: Transport for ftp.sra.ebi.ac.uk: HTTPS mirror is range-capable; segmented HTTPS
04:39:03.616 adaptiseq.batch: downloaded SRR22904286_2.fastq.gz
04:39:03.616 adaptiseq.engine.seam: Transport for ftp.sra.ebi.ac.uk: HTTPS mirror is range-capable; segmented HTTPS
04:39:07.609 adaptiseq.batch: adaptive probe: workers=1 throughput=421.6Mbps score=-417
04:39:12.611 adaptiseq.batch: adaptive probe: workers=2 throughput=612.9Mbps score=-601
04:39:17.613 adaptiseq.batch: adaptive probe: workers=3 throughput=158.8Mbps score=-154
04:39:18.564 adaptiseq.batch: downloaded SRR22904286.fastq.gz
04:39:22.615 adaptiseq.batch: adaptive probe: workers=1 throughput=49.2Mbps score=-49
04:39:22.966 adaptiseq.batch: downloaded SRR22904283.fastq.gz
04:39:27.616 adaptiseq.batch: adaptive probe: workers=2 throughput=30.1Mbps score=-29
04:39:32.306 adaptiseq.batch: downloaded SRR22904284.fastq.gz
04:39:32.618 adaptiseq.batch: adaptive probe: workers=1 throughput=61.2Mbps score=-61
04:39:33.247 adaptiseq.batch: downloaded SRR22904273.fastq.gz
04:39:37.619 adaptiseq.batch: adaptive probe: workers=1 throughput=91.6Mbps score=-91
04:39:37.726 adaptiseq.engine.seam: Transport for ftp.sra.ebi.ac.uk: HTTPS mirror is range-capable; segmented HTTPS
04:39:41.779 adaptiseq.batch: downloaded SRR22904288_1.fastq.gz
04:39:41.779 adaptiseq.engine.seam: Transport for ftp.sra.ebi.ac.uk: HTTPS mirror is range-capable; segmented HTTPS
04:39:42.622 adaptiseq.batch: adaptive probe: workers=2 throughput=76.5Mbps score=-75
04:39:47.188 adaptiseq.batch: downloaded SRR22904288_2.fastq.gz
04:39:47.624 adaptiseq.batch: adaptive probe: workers=1 throughput=0.9Mbps score=-1
04:39:47.640 adaptiseq.engine.seam: Transport for ftp.sra.ebi.ac.uk: HTTPS mirror is range-capable; segmented HTTPS
04:39:52.626 adaptiseq.batch: adaptive probe: workers=2 throughput=0.0Mbps score=0
04:39:57.627 adaptiseq.batch: adaptive probe: workers=1 throughput=26.8Mbps score=-27
04:39:57.628 adaptiseq.batch: Degenerate probe (prev score == 0); holding worker count steady.
04:40:02.630 adaptiseq.batch: adaptive probe: workers=1 throughput=83.3Mbps score=-82
04:40:02.703 adaptiseq.engine.seam: Transport for ftp.sra.ebi.ac.uk: HTTPS mirror is range-capable; segmented HTTPS
04:40:05.519 adaptiseq.batch: downloaded SRR22904289_1.fastq.gz
04:40:05.520 adaptiseq.engine.seam: Transport for ftp.sra.ebi.ac.uk: HTTPS mirror is range-capable; segmented HTTPS
04:40:07.632 adaptiseq.batch: adaptive probe: workers=3 throughput=132.5Mbps score=-129
04:40:07.698 adaptiseq.engine.seam: Transport for ftp.sra.ebi.ac.uk: HTTPS mirror is range-capable; segmented HTTPS
04:40:08.079 adaptiseq.batch: downloaded SRR22904288.fastq.gz
04:40:08.079 adaptiseq.engine.seam: Transport for ftp.sra.ebi.ac.uk: HTTPS mirror is range-capable; segmented HTTPS
04:40:11.314 adaptiseq.batch: downloaded SRR22904289_2.fastq.gz
04:40:11.314 adaptiseq.engine.seam: Transport for ftp.sra.ebi.ac.uk: HTTPS mirror is range-capable; segmented HTTPS
04:40:11.726 adaptiseq.batch: downloaded SRR22904294_1.fastq.gz
04:40:11.726 adaptiseq.engine.seam: Transport for ftp.sra.ebi.ac.uk: HTTPS mirror is range-capable; segmented HTTPS
04:40:11.875 adaptiseq.batch: downloaded SRR22904294_2.fastq.gz
04:40:11.875 adaptiseq.engine.seam: Transport for ftp.sra.ebi.ac.uk: HTTPS mirror is range-capable; segmented HTTPS
04:40:12.388 adaptiseq.batch: downloaded SRR22904295_1.fastq.gz
04:40:12.388 adaptiseq.engine.seam: Transport for ftp.sra.ebi.ac.uk: HTTPS mirror is range-capable; segmented HTTPS
04:40:12.634 adaptiseq.batch: adaptive probe: workers=4 throughput=100.7Mbps score=-97
04:40:14.182 adaptiseq.batch: downloaded SRR22904289.fastq.gz
04:40:14.182 adaptiseq.engine.seam: Transport for ftp.sra.ebi.ac.uk: HTTPS mirror is range-capable; segmented HTTPS
04:40:17.636 adaptiseq.batch: adaptive probe: workers=3 throughput=211.2Mbps score=-205
04:40:18.359 adaptiseq.batch: downloaded SRR22904295_2.fastq.gz
04:40:22.638 adaptiseq.batch: adaptive probe: workers=1 throughput=91.4Mbps score=-90
04:40:27.510 adaptiseq.batch: downloaded SRR22904296.fastq.gz
04:40:27.511 adaptiseq.engine.seam: Transport for ftp.sra.ebi.ac.uk: HTTPS mirror is range-capable; segmented HTTPS
04:40:27.640 adaptiseq.batch: adaptive probe: workers=2 throughput=80.0Mbps score=-78
04:40:30.230 adaptiseq.batch: downloaded SRR22904296_1.fastq.gz
04:40:32.642 adaptiseq.batch: adaptive probe: workers=1 throughput=64.5Mbps score=-64
04:40:32.788 adaptiseq.engine.seam: Transport for ftp.sra.ebi.ac.uk: HTTPS mirror is range-capable; segmented HTTPS
04:40:36.869 adaptiseq.batch: downloaded SRR22904296_2.fastq.gz
04:40:36.869 adaptiseq.engine.seam: Transport for ftp.sra.ebi.ac.uk: HTTPS mirror is range-capable; segmented HTTPS
04:40:37.643 adaptiseq.batch: adaptive probe: workers=2 throughput=59.7Mbps score=-59
04:40:42.644 adaptiseq.batch: adaptive probe: workers=1 throughput=66.3Mbps score=-66
04:40:47.645 adaptiseq.batch: adaptive probe: workers=1 throughput=105.3Mbps score=-104
04:40:52.648 adaptiseq.batch: adaptive probe: workers=2 throughput=118.0Mbps score=-116
04:40:52.682 adaptiseq.engine.seam: Transport for ftp.sra.ebi.ac.uk: HTTPS mirror is range-capable; segmented HTTPS
04:40:55.859 adaptiseq.batch: downloaded SRR22904298_1.fastq.gz
04:40:55.860 adaptiseq.engine.seam: Transport for ftp.sra.ebi.ac.uk: HTTPS mirror is range-capable; segmented HTTPS
04:40:56.278 adaptiseq.batch: downloaded SRR22904298_2.fastq.gz
04:40:56.278 adaptiseq.engine.seam: Transport for ftp.sra.ebi.ac.uk: HTTPS mirror is range-capable; segmented HTTPS
04:40:57.648 adaptiseq.batch: adaptive probe: workers=3 throughput=106.9Mbps score=-104
04:40:58.427 adaptiseq.batch: downloaded SRR22904307.fastq.gz
04:41:02.650 adaptiseq.batch: adaptive probe: workers=2 throughput=108.8Mbps score=-107
04:41:02.896 adaptiseq.batch: downloaded SRR22904295.fastq.gz
04:41:02.896 adaptiseq.engine.seam: Transport for ftp.sra.ebi.ac.uk: HTTPS mirror is range-capable; segmented HTTPS
04:41:03.427 adaptiseq.batch: downloaded SRR22904307_1.fastq.gz
04:41:03.427 adaptiseq.engine.seam: Transport for ftp.sra.ebi.ac.uk: HTTPS mirror is range-capable; segmented HTTPS
04:41:07.651 adaptiseq.batch: adaptive probe: workers=1 throughput=64.2Mbps score=-64
04:41:09.033 adaptiseq.batch: downloaded SRR22904307_2.fastq.gz
04:41:09.033 adaptiseq.engine.seam: Transport for ftp.sra.ebi.ac.uk: HTTPS mirror is range-capable; segmented HTTPS
04:41:09.306 adaptiseq.batch: downloaded SRR22904313.fastq.gz
04:41:09.306 adaptiseq.engine.seam: Transport for ftp.sra.ebi.ac.uk: HTTPS mirror is range-capable; segmented HTTPS
04:41:12.653 adaptiseq.batch: adaptive probe: workers=2 throughput=44.3Mbps score=-43
04:41:14.409 adaptiseq.batch: downloaded SRR22904313_1.fastq.gz
04:41:14.409 adaptiseq.engine.seam: Transport for ftp.sra.ebi.ac.uk: HTTPS mirror is range-capable; segmented HTTPS
04:41:14.678 adaptiseq.batch: downloaded SRR22904313_2.fastq.gz
04:41:14.679 adaptiseq.engine.seam: Transport for ftp.sra.ebi.ac.uk: HTTPS mirror is range-capable; segmented HTTPS
04:41:15.962 adaptiseq.batch: downloaded SRR22904318.fastq.gz
04:41:15.962 adaptiseq.engine.seam: Transport for ftp.sra.ebi.ac.uk: HTTPS mirror is range-capable; segmented HTTPS
04:41:17.656 adaptiseq.batch: adaptive probe: workers=1 throughput=25.6Mbps score=-25
04:41:19.571 adaptiseq.batch: downloaded SRR22904318_1.fastq.gz
04:41:19.572 adaptiseq.engine.seam: Transport for ftp.sra.ebi.ac.uk: HTTPS mirror is range-capable; segmented HTTPS
04:41:21.036 adaptiseq.batch: downloaded SRR22904318_2.fastq.gz
04:41:21.036 adaptiseq.engine.seam: Transport for ftp.sra.ebi.ac.uk: HTTPS mirror is range-capable; segmented HTTPS
04:41:22.659 adaptiseq.batch: adaptive probe: workers=2 throughput=15.4Mbps score=-15
04:41:25.869 adaptiseq.batch: downloaded SRR22904326.fastq.gz
04:41:25.870 adaptiseq.engine.seam: Transport for ftp.sra.ebi.ac.uk: HTTPS mirror is range-capable; segmented HTTPS
04:41:27.662 adaptiseq.batch: adaptive probe: workers=1 throughput=44.9Mbps score=-44
04:41:30.129 adaptiseq.batch: downloaded SRR22904326_1.fastq.gz
04:41:30.130 adaptiseq.engine.seam: Transport for ftp.sra.ebi.ac.uk: HTTPS mirror is range-capable; segmented HTTPS
04:41:32.663 adaptiseq.batch: adaptive probe: workers=1 throughput=40.9Mbps score=-41
04:41:33.100 adaptiseq.batch: downloaded SRR22904326_2.fastq.gz
04:41:33.101 adaptiseq.engine.seam: Transport for ftp.sra.ebi.ac.uk: HTTPS mirror is range-capable; segmented HTTPS
04:41:33.101 adaptiseq.batch: downloaded SRR22904294.fastq.gz
04:41:37.664 adaptiseq.batch: adaptive probe: workers=1 throughput=17.7Mbps score=-18
04:41:42.666 adaptiseq.batch: adaptive probe: workers=1 throughput=24.8Mbps score=-25
04:41:44.181 adaptiseq.batch: downloaded SRR22904328.fastq.gz
04:41:44.182 adaptiseq.engine.seam: Transport for ftp.sra.ebi.ac.uk: HTTPS mirror is range-capable; segmented HTTPS
04:41:47.668 adaptiseq.batch: adaptive probe: workers=2 throughput=12.8Mbps score=-13
04:41:50.393 adaptiseq.batch: downloaded SRR22904328_1.fastq.gz
04:41:50.394 adaptiseq.engine.seam: Transport for ftp.sra.ebi.ac.uk: HTTPS mirror is range-capable; segmented HTTPS
04:41:52.669 adaptiseq.batch: adaptive probe: workers=1 throughput=6.8Mbps score=-7
04:41:53.746 adaptiseq.batch: downloaded SRR22904328_2.fastq.gz
04:41:53.747 adaptiseq.engine.seam: Transport for ftp.sra.ebi.ac.uk: HTTPS mirror is range-capable; segmented HTTPS
04:41:57.671 adaptiseq.batch: adaptive probe: workers=2 throughput=7.9Mbps score=-8
04:41:57.784 adaptiseq.engine.seam: Transport for ftp.sra.ebi.ac.uk: HTTPS mirror is range-capable; segmented HTTPS
04:42:00.609 adaptiseq.batch: downloaded SRR22904330_1.fastq.gz
04:42:00.609 adaptiseq.engine.seam: Transport for ftp.sra.ebi.ac.uk: HTTPS mirror is range-capable; segmented HTTPS
04:42:02.673 adaptiseq.batch: adaptive probe: workers=3 throughput=24.9Mbps score=-24
04:42:02.686 adaptiseq.engine.seam: Transport for ftp.sra.ebi.ac.uk: HTTPS mirror is range-capable; segmented HTTPS
04:42:02.756 adaptiseq.engine.seam: Transport for ftp.sra.ebi.ac.uk: HTTPS mirror is range-capable; segmented HTTPS
04:42:02.781 adaptiseq.engine.seam: Transport for ftp.sra.ebi.ac.uk: HTTPS mirror is range-capable; segmented HTTPS
04:42:02.781 adaptiseq.engine.seam: Transport for ftp.sra.ebi.ac.uk: HTTPS mirror is range-capable; segmented HTTPS
04:42:02.782 adaptiseq.engine.seam: Transport for ftp.sra.ebi.ac.uk: HTTPS mirror is range-capable; segmented HTTPS
04:42:03.711 adaptiseq.batch: downloaded SRR22904330_2.fastq.gz
04:42:03.712 adaptiseq.engine.seam: Transport for ftp.sra.ebi.ac.uk: HTTPS mirror is range-capable; segmented HTTPS
04:42:04.178 adaptiseq.batch: downloaded SRR22904330.fastq.gz
04:42:04.179 adaptiseq.engine.seam: Transport for ftp.sra.ebi.ac.uk: HTTPS mirror is range-capable; segmented HTTPS
04:42:05.738 adaptiseq.batch: downloaded SRR22904340_1.fastq.gz
04:42:05.738 adaptiseq.engine.seam: Transport for ftp.sra.ebi.ac.uk: HTTPS mirror is range-capable; segmented HTTPS
04:42:07.677 adaptiseq.batch: adaptive probe: workers=8 throughput=16.1Mbps score=-15
04:42:08.673 adaptiseq.batch: downloaded SRR22904331_1.fastq.gz
04:42:08.673 adaptiseq.engine.seam: Transport for ftp.sra.ebi.ac.uk: HTTPS mirror is range-capable; segmented HTTPS
04:42:08.715 adaptiseq.batch: downloaded SRR22904331_2.fastq.gz
04:42:08.716 adaptiseq.engine.seam: Transport for ftp.sra.ebi.ac.uk: HTTPS mirror is range-capable; segmented HTTPS
04:42:08.824 adaptiseq.batch: downloaded SRR22904340_2.fastq.gz
04:42:08.825 adaptiseq.engine.seam: Transport for ftp.sra.ebi.ac.uk: HTTPS mirror is range-capable; segmented HTTPS
04:42:08.894 adaptiseq.batch: downloaded SRR22904340.fastq.gz
04:42:08.894 adaptiseq.engine.seam: Transport for ftp.sra.ebi.ac.uk: HTTPS mirror is range-capable; segmented HTTPS
04:42:10.834 adaptiseq.batch: downloaded SRR22904344_2.fastq.gz
04:42:10.834 adaptiseq.engine.seam: Transport for ftp.sra.ebi.ac.uk: HTTPS mirror is range-capable; segmented HTTPS
04:42:11.051 adaptiseq.batch: downloaded SRR22904344.fastq.gz
04:42:11.051 adaptiseq.engine.seam: Transport for ftp.sra.ebi.ac.uk: HTTPS mirror is range-capable; segmented HTTPS
04:42:11.099 adaptiseq.batch: downloaded SRR22904341_1.fastq.gz
04:42:11.169 adaptiseq.batch: downloaded SRR22904344_1.fastq.gz
04:42:11.169 adaptiseq.engine.seam: Transport for ftp.sra.ebi.ac.uk: HTTPS mirror is range-capable; segmented HTTPS
04:42:12.678 adaptiseq.batch: adaptive probe: workers=7 throughput=9.9Mbps score=-9
04:42:12.757 adaptiseq.engine.seam: Transport for ftp.sra.ebi.ac.uk: HTTPS mirror is range-capable; segmented HTTPS
04:42:13.899 adaptiseq.batch: downloaded SRR22904350_1.fastq.gz
04:42:13.899 adaptiseq.engine.seam: Transport for ftp.sra.ebi.ac.uk: HTTPS mirror is range-capable; segmented HTTPS
04:42:13.925 adaptiseq.batch: downloaded SRR22904350_2.fastq.gz
04:42:13.926 adaptiseq.engine.seam: Transport for ftp.sra.ebi.ac.uk: HTTPS mirror is range-capable; segmented HTTPS
04:42:14.024 adaptiseq.batch: downloaded SRR22904350.fastq.gz
04:42:14.024 adaptiseq.engine.seam: Transport for ftp.sra.ebi.ac.uk: HTTPS mirror is range-capable; segmented HTTPS
04:42:14.437 adaptiseq.batch: downloaded SRR22904341_2.fastq.gz
04:42:14.437 adaptiseq.engine.seam: Transport for ftp.sra.ebi.ac.uk: HTTPS mirror is range-capable; segmented HTTPS
04:42:17.680 adaptiseq.batch: adaptive probe: workers=8 throughput=10.9Mbps score=-10
04:42:18.987 adaptiseq.batch: downloaded SRR22904357_1.fastq.gz
04:42:18.987 adaptiseq.engine.seam: Transport for ftp.sra.ebi.ac.uk: HTTPS mirror is range-capable; segmented HTTPS
04:42:21.033 adaptiseq.batch: downloaded SRR22904357_2.fastq.gz
04:42:21.033 adaptiseq.engine.seam: Transport for ftp.sra.ebi.ac.uk: HTTPS mirror is range-capable; segmented HTTPS
04:42:21.076 adaptiseq.batch: downloaded SRR22904357.fastq.gz
04:42:21.077 adaptiseq.engine.seam: Transport for ftp.sra.ebi.ac.uk: HTTPS mirror is range-capable; segmented HTTPS
04:42:21.381 adaptiseq.batch: downloaded SRR22904352_2.fastq.gz
04:42:21.381 adaptiseq.engine.seam: Transport for ftp.sra.ebi.ac.uk: HTTPS mirror is range-capable; segmented HTTPS
04:42:21.479 adaptiseq.batch: downloaded SRR22904352_1.fastq.gz
04:42:21.479 adaptiseq.engine.seam: Transport for ftp.sra.ebi.ac.uk: HTTPS mirror is range-capable; segmented HTTPS
04:42:22.681 adaptiseq.batch: adaptive probe: workers=8 throughput=11.2Mbps score=-10
04:42:24.203 adaptiseq.batch: downloaded SRR22904364.fastq.gz
04:42:24.203 adaptiseq.engine.seam: Transport for ftp.sra.ebi.ac.uk: HTTPS mirror is range-capable; segmented HTTPS
04:42:24.293 adaptiseq.batch: downloaded SRR22904363_1.fastq.gz
04:42:24.293 adaptiseq.engine.seam: Transport for ftp.sra.ebi.ac.uk: HTTPS mirror is range-capable; segmented HTTPS
04:42:24.489 adaptiseq.batch: downloaded SRR22904363_2.fastq.gz
04:42:24.489 adaptiseq.engine.seam: Transport for ftp.sra.ebi.ac.uk: HTTPS mirror is range-capable; segmented HTTPS
04:42:24.751 adaptiseq.batch: downloaded SRR22904341.fastq.gz
04:42:24.751 adaptiseq.engine.seam: Transport for ftp.sra.ebi.ac.uk: HTTPS mirror is range-capable; segmented HTTPS
04:42:26.025 adaptiseq.batch: downloaded SRR22904364_1.fastq.gz
04:42:26.025 adaptiseq.engine.seam: Transport for ftp.sra.ebi.ac.uk: HTTPS mirror is range-capable; segmented HTTPS
04:42:26.045 adaptiseq.batch: downloaded SRR22904364_2.fastq.gz
04:42:26.045 adaptiseq.engine.seam: Transport for ftp.sra.ebi.ac.uk: HTTPS mirror is range-capable; segmented HTTPS
04:42:26.197 adaptiseq.batch: downloaded SRR22904367.fastq.gz
04:42:26.197 adaptiseq.engine.seam: Transport for ftp.sra.ebi.ac.uk: HTTPS mirror is range-capable; segmented HTTPS
04:42:26.301 adaptiseq.batch: downloaded SRR22904367_2.fastq.gz
04:42:26.301 adaptiseq.engine.seam: Transport for ftp.sra.ebi.ac.uk: HTTPS mirror is range-capable; segmented HTTPS
04:42:26.712 adaptiseq.batch: downloaded SRR22904363.fastq.gz
04:42:26.712 adaptiseq.engine.seam: Transport for ftp.sra.ebi.ac.uk: HTTPS mirror is range-capable; segmented HTTPS
04:42:27.683 adaptiseq.batch: adaptive probe: workers=8 throughput=34.3Mbps score=-32
04:42:29.259 adaptiseq.batch: downloaded SRR22904367_1.fastq.gz
04:42:29.259 adaptiseq.engine.seam: Transport for ftp.sra.ebi.ac.uk: HTTPS mirror is range-capable; segmented HTTPS
04:42:30.446 adaptiseq.batch: downloaded SRR22904352.fastq.gz
04:42:30.447 adaptiseq.engine.seam: Transport for ftp.sra.ebi.ac.uk: HTTPS mirror is range-capable; segmented HTTPS
04:42:31.407 adaptiseq.batch: downloaded SRR22904385_2.fastq.gz
04:42:31.407 adaptiseq.engine.seam: Transport for ftp.sra.ebi.ac.uk: HTTPS mirror is range-capable; segmented HTTPS
04:42:31.412 adaptiseq.batch: downloaded SRR22904413_2.fastq.gz
04:42:31.412 adaptiseq.engine.seam: Transport for ftp.sra.ebi.ac.uk: HTTPS mirror is range-capable; segmented HTTPS
04:42:31.422 adaptiseq.batch: downloaded SRR22904385_1.fastq.gz
04:42:31.422 adaptiseq.engine.seam: Transport for ftp.sra.ebi.ac.uk: HTTPS mirror is range-capable; segmented HTTPS
04:42:31.449 adaptiseq.batch: downloaded SRR22904413_1.fastq.gz
04:42:31.450 adaptiseq.engine.seam: Transport for ftp.sra.ebi.ac.uk: HTTPS mirror is range-capable; segmented HTTPS
04:42:31.980 adaptiseq.batch: downloaded SRR22904385.fastq.gz
04:42:31.980 adaptiseq.engine.seam: Transport for ftp.sra.ebi.ac.uk: HTTPS mirror is range-capable; segmented HTTPS
04:42:32.685 adaptiseq.batch: adaptive probe: workers=8 throughput=23.3Mbps score=-22
04:42:34.961 adaptiseq.batch: downloaded SRR22904413.fastq.gz
04:42:34.961 adaptiseq.engine.seam: Transport for ftp.sra.ebi.ac.uk: HTTPS mirror is range-capable; segmented HTTPS
04:42:36.003 adaptiseq.batch: downloaded SRR22904331.fastq.gz
04:42:36.464 adaptiseq.batch: downloaded SRR22904435_2.fastq.gz
04:42:36.464 adaptiseq.engine.seam: Transport for ftp.sra.ebi.ac.uk: HTTPS mirror is range-capable; segmented HTTPS
04:42:36.532 adaptiseq.batch: downloaded SRR22904435_1.fastq.gz
04:42:36.532 adaptiseq.engine.seam: Transport for ftp.sra.ebi.ac.uk: HTTPS mirror is range-capable; segmented HTTPS
04:42:36.808 adaptiseq.batch: downloaded SRR22904431_1.fastq.gz
04:42:37.046 adaptiseq.batch: downloaded SRR22904431_2.fastq.gz
04:42:37.046 adaptiseq.engine.seam: Transport for ftp.sra.ebi.ac.uk: HTTPS mirror is range-capable; segmented HTTPS
04:42:37.686 adaptiseq.batch: adaptive probe: workers=6 throughput=30.7Mbps score=-29
04:42:38.316 adaptiseq.batch: downloaded SRR22904446_1.fastq.gz
04:42:38.316 adaptiseq.engine.seam: Transport for ftp.sra.ebi.ac.uk: HTTPS mirror is range-capable; segmented HTTPS
04:42:41.508 adaptiseq.batch: downloaded SRR22904431.fastq.gz
04:42:41.508 adaptiseq.engine.seam: Transport for ftp.sra.ebi.ac.uk: HTTPS mirror is range-capable; segmented HTTPS
04:42:41.837 adaptiseq.batch: downloaded SRR22904458_1.fastq.gz
04:42:41.837 adaptiseq.engine.seam: Transport for ftp.sra.ebi.ac.uk: HTTPS mirror is range-capable; segmented HTTPS
04:42:41.854 adaptiseq.batch: downloaded SRR22904446.fastq.gz
04:42:41.926 adaptiseq.batch: downloaded SRR22904446_2.fastq.gz
04:42:41.926 adaptiseq.engine.seam: Transport for ftp.sra.ebi.ac.uk: HTTPS mirror is range-capable; segmented HTTPS
04:42:41.946 adaptiseq.batch: downloaded SRR22904435.fastq.gz
04:42:41.946 adaptiseq.engine.seam: Transport for ftp.sra.ebi.ac.uk: HTTPS mirror is range-capable; segmented HTTPS
04:42:42.689 adaptiseq.batch: adaptive probe: workers=5 throughput=319.9Mbps score=-304
04:42:45.748 adaptiseq.batch: downloaded SRR22904458_2.fastq.gz
04:42:45.979 adaptiseq.batch: downloaded SRR22904460_1.fastq.gz
04:42:45.979 adaptiseq.engine.seam: Transport for ftp.sra.ebi.ac.uk: HTTPS mirror is range-capable; segmented HTTPS
04:42:47.221 adaptiseq.batch: downloaded SRR22904460_2.fastq.gz
04:42:47.222 adaptiseq.engine.seam: Transport for ftp.sra.ebi.ac.uk: HTTPS mirror is range-capable; segmented HTTPS
04:42:47.392 adaptiseq.batch: downloaded SRR22904460.fastq.gz
04:42:47.431 adaptiseq.batch: downloaded SRR22904458.fastq.gz
04:42:47.690 adaptiseq.batch: adaptive probe: workers=1 throughput=16.4Mbps score=-16
04:42:52.486 adaptiseq.batch: downloaded SRR22904482.fastq.gz
04:42:52.487 adaptiseq.engine.seam: Transport for ftp.sra.ebi.ac.uk: HTTPS mirror is range-capable; segmented HTTPS
04:42:52.693 adaptiseq.batch: adaptive probe: workers=2 throughput=52.8Mbps score=-52
04:42:52.815 adaptiseq.engine.seam: Transport for ftp.sra.ebi.ac.uk: HTTPS mirror is range-capable; segmented HTTPS
04:42:52.967 adaptiseq.batch: downloaded SRR22904482_1.fastq.gz
04:42:53.303 adaptiseq.batch: downloaded SRR22904482_2.fastq.gz
04:42:57.694 adaptiseq.batch: adaptive probe: workers=1 throughput=39.9Mbps score=-39
04:43:02.696 adaptiseq.batch: adaptive probe: workers=1 throughput=15.2Mbps score=-15
04:43:07.697 adaptiseq.batch: adaptive probe: workers=1 throughput=14.6Mbps score=-14
04:43:12.698 adaptiseq.batch: adaptive probe: workers=1 throughput=16.4Mbps score=-16
04:43:17.376 adaptiseq.batch: downloaded SRR22904298.fastq.gz
[32mNote[0m: adaptive worker summary: 55 probe(s); best 613 Mbps at 2 worker(s); last 16 Mbps at 1 worker(s); recent: 8w@11Mbps, 8w@11Mbps, 8w@34Mbps, 8w@23Mbps, 6w@31Mbps, 5w@320Mbps, 1w@16Mbps, 2w@53Mbps, 1w@40Mbps, 1w@15Mbps, 1w@15Mbps, 1w@16Mbps
[32mNote[0m: SRR22904269.metadata.tsv exists, skip downloading metadata for SRR22904269
      SRR22904269.fastq.gz 0.02G 	       SRR22904269_1.fastq.gz 0.00G 	       SRR22904269_2.fastq.gz 0.00G 	 
[32mNote[0m: Above Run will be downloaded. You can see the details in SRR22904269.metadata.tsv
[92mSRR22904269 download and md5 check successful, save SRR22904269 in success.log[0m
=======================SRR22904269 download finished=======================
[32mNote[0m: SRR22904270.metadata.tsv exists, skip downloading metadata for SRR22904270
      SRR22904270.fastq.gz 0.02G 	       SRR22904270_1.fastq.gz 0.00G 	       SRR22904270_2.fastq.gz 0.00G 	 
[32mNote[0m: Above Run will be downloaded. You can see the details in SRR22904270.metadata.tsv
[92mSRR22904270 download and md5 check successful, save SRR22904270 in success.log[0m
=======================SRR22904270 download finished=======================
[32mNote[0m: SRR22904272.metadata.tsv exists, skip downloading metadata for SRR22904272
      SRR22904272.fastq.gz 0.19G 	       SRR22904272_1.fastq.gz 0.00G 	       SRR22904272_2.fastq.gz 0.00G 	 
[32mNote[0m: Above Run will be downloaded. You can see the details in SRR22904272.metadata.tsv
[92mSRR22904272 download and md5 check successful, save SRR22904272 in success.log[0m
=======================SRR22904272 download finished=======================
[32mNote[0m: SRR22904273.metadata.tsv exists, skip downloading metadata for SRR22904273
      SRR22904273.fastq.gz 0.15G 	       SRR22904273_1.fastq.gz 0.00G 	       SRR22904273_2.fastq.gz 0.00G 	 
[32mNote[0m: Above Run will be downloaded. You can see the details in SRR22904273.metadata.tsv
[92mSRR22904273 download and md5 check successful, save SRR22904273 in success.log[0m
=======================SRR22904273 download finished=======================
[32mNote[0m: SRR22904274.metadata.tsv exists, skip downloading metadata for SRR22904274
      SRR22904274.fastq.gz 0.02G 	       SRR22904274_1.fastq.gz 0.00G 	       SRR22904274_2.fastq.gz 0.00G 	 
[32mNote[0m: Above Run will be downloaded. You can see the details in SRR22904274.metadata.tsv
[92mSRR22904274 download and md5 check successful, save SRR22904274 in success.log[0m
=======================SRR22904274 download finished=======================
[32mNote[0m: SRR22904276.metadata.tsv exists, skip downloading metadata for SRR22904276
      SRR22904276.fastq.gz 0.17G 	       SRR22904276_1.fastq.gz 0.00G 	       SRR22904276_2.fastq.gz 0.00G 	 
[32mNote[0m: Above Run will be downloaded. You can see the details in SRR22904276.metadata.tsv
[92mSRR22904276 download and md5 check successful, save SRR22904276 in success.log[0m
=======================SRR22904276 download finished=======================
[32mNote[0m: SRR22904283.metadata.tsv exists, skip downloading metadata for SRR22904283
      SRR22904283.fastq.gz 0.15G 	       SRR22904283_1.fastq.gz 0.00G 	       SRR22904283_2.fastq.gz 0.00G 	 
[32mNote[0m: Above Run will be downloaded. You can see the details in SRR22904283.metadata.tsv
[92mSRR22904283 download and md5 check successful, save SRR22904283 in success.log[0m
=======================SRR22904283 download finished=======================
[32mNote[0m: SRR22904284.metadata.tsv exists, skip downloading metadata for SRR22904284
      SRR22904284.fastq.gz 0.33G 	       SRR22904284_1.fastq.gz 0.00G 	       SRR22904284_2.fastq.gz 0.00G 	 
[32mNote[0m: Above Run will be downloaded. You can see the details in SRR22904284.metadata.tsv
[92mSRR22904284 download and md5 check successful, save SRR22904284 in success.log[0m
=======================SRR22904284 download finished=======================
[32mNote[0m: SRR22904285.metadata.tsv exists, skip downloading metadata for SRR22904285
      SRR22904285.fastq.gz 0.02G 	       SRR22904285_1.fastq.gz 0.00G 	       SRR22904285_2.fastq.gz 0.00G 	 
[32mNote[0m: Above Run will be downloaded. You can see the details in SRR22904285.metadata.tsv
[92mSRR22904285 download and md5 check successful, save SRR22904285 in success.log[0m
=======================SRR22904285 download finished=======================
[32mNote[0m: SRR22904286.metadata.tsv exists, skip downloading metadata for SRR22904286
      SRR22904286.fastq.gz 0.18G 	       SRR22904286_1.fastq.gz 0.00G 	       SRR22904286_2.fastq.gz 0.00G 	 
[32mNote[0m: Above Run will be downloaded. You can see the details in SRR22904286.metadata.tsv
[92mSRR22904286 download and md5 check successful, save SRR22904286 in success.log[0m
=======================SRR22904286 download finished=======================
[32mNote[0m: SRR22904288.metadata.tsv exists, skip downloading metadata for SRR22904288
      SRR22904288.fastq.gz 0.36G 	       SRR22904288_1.fastq.gz 0.00G 	       SRR22904288_2.fastq.gz 0.00G 	 
[32mNote[0m: Above Run will be downloaded. You can see the details in SRR22904288.metadata.tsv
[92mSRR22904288 download and md5 check successful, save SRR22904288 in success.log[0m
=======================SRR22904288 download finished=======================
[32mNote[0m: SRR22904289.metadata.tsv exists, skip downloading metadata for SRR22904289
      SRR22904289.fastq.gz 0.20G 	       SRR22904289_1.fastq.gz 0.00G 	       SRR22904289_2.fastq.gz 0.00G 	 
[32mNote[0m: Above Run will be downloaded. You can see the details in SRR22904289.metadata.tsv
[92mSRR22904289 download and md5 check successful, save SRR22904289 in success.log[0m
=======================SRR22904289 download finished=======================
[32mNote[0m: SRR22904294.metadata.tsv exists, skip downloading metadata for SRR22904294
      SRR22904294.fastq.gz 0.33G 	       SRR22904294_1.fastq.gz 0.00G 	       SRR22904294_2.fastq.gz 0.00G 	 
[32mNote[0m: Above Run will be downloaded. You can see the details in SRR22904294.metadata.tsv
[92mSRR22904294 download and md5 check successful, save SRR22904294 in success.log[0m
=======================SRR22904294 download finished=======================
[32mNote[0m: SRR22904295.metadata.tsv exists, skip downloading metadata for SRR22904295
      SRR22904295.fastq.gz 0.19G 	       SRR22904295_1.fastq.gz 0.00G 	       SRR22904295_2.fastq.gz 0.00G 	 
[32mNote[0m: Above Run will be downloaded. You can see the details in SRR22904295.metadata.tsv
[92mSRR22904295 download and md5 check successful, save SRR22904295 in success.log[0m
=======================SRR22904295 download finished=======================
[32mNote[0m: SRR22904296.metadata.tsv exists, skip downloading metadata for SRR22904296
      SRR22904296.fastq.gz 0.02G 	       SRR22904296_1.fastq.gz 0.00G 	       SRR22904296_2.fastq.gz 0.00G 	 
[32mNote[0m: Above Run will be downloaded. You can see the details in SRR22904296.metadata.tsv
[92mSRR22904296 download and md5 check successful, save SRR22904296 in success.log[0m
=======================SRR22904296 download finished=======================
[32mNote[0m: SRR22904298.metadata.tsv exists, skip downloading metadata for SRR22904298
      SRR22904298.fastq.gz 0.32G 	       SRR22904298_1.fastq.gz 0.00G 	       SRR22904298_2.fastq.gz 0.00G 	 
[32mNote[0m: Above Run will be downloaded. You can see the details in SRR22904298.metadata.tsv
[92mSRR22904298 download and md5 check successful, save SRR22904298 in success.log[0m
=======================SRR22904298 download finished=======================
[32mNote[0m: SRR22904307.metadata.tsv exists, skip downloading metadata for SRR22904307
      SRR22904307.fastq.gz 0.00G 	       SRR22904307_1.fastq.gz 0.00G 	       SRR22904307_2.fastq.gz 0.00G 	 
[32mNote[0m: Above Run will be downloaded. You can see the details in SRR22904307.metadata.tsv
[92mSRR22904307 download and md5 check successful, save SRR22904307 in success.log[0m
=======================SRR22904307 download finished=======================
[32mNote[0m: SRR22904313.metadata.tsv exists, skip downloading metadata for SRR22904313
      SRR22904313.fastq.gz 0.00G 	       SRR22904313_1.fastq.gz 0.00G 	       SRR22904313_2.fastq.gz 0.00G 	 
[32mNote[0m: Above Run will be downloaded. You can see the details in SRR22904313.metadata.tsv
[92mSRR22904313 download and md5 check successful, save SRR22904313 in success.log[0m
=======================SRR22904313 download finished=======================
[32mNote[0m: SRR22904318.metadata.tsv exists, skip downloading metadata for SRR22904318
      SRR22904318.fastq.gz 0.00G 	       SRR22904318_1.fastq.gz 0.00G 	       SRR22904318_2.fastq.gz 0.00G 	 
[32mNote[0m: Above Run will be downloaded. You can see the details in SRR22904318.metadata.tsv
[92mSRR22904318 download and md5 check successful, save SRR22904318 in success.log[0m
=======================SRR22904318 download finished=======================
[32mNote[0m: SRR22904326.metadata.tsv exists, skip downloading metadata for SRR22904326
      SRR22904326.fastq.gz 0.02G 	       SRR22904326_1.fastq.gz 0.00G 	       SRR22904326_2.fastq.gz 0.00G 	 
[32mNote[0m: Above Run will be downloaded. You can see the details in SRR22904326.metadata.tsv
[92mSRR22904326 download and md5 check successful, save SRR22904326 in success.log[0m
=======================SRR22904326 download finished=======================
[32mNote[0m: SRR22904328.metadata.tsv exists, skip downloading metadata for SRR22904328
      SRR22904328.fastq.gz 0.01G 	       SRR22904328_1.fastq.gz 0.00G 	       SRR22904328_2.fastq.gz 0.00G 	 
[32mNote[0m: Above Run will be downloaded. You can see the details in SRR22904328.metadata.tsv
[92mSRR22904328 download and md5 check successful, save SRR22904328 in success.log[0m
=======================SRR22904328 download finished=======================
[32mNote[0m: SRR22904330.metadata.tsv exists, skip downloading metadata for SRR22904330
      SRR22904330.fastq.gz 0.01G 	       SRR22904330_1.fastq.gz 0.00G 	       SRR22904330_2.fastq.gz 0.00G 	 
[32mNote[0m: Above Run will be downloaded. You can see the details in SRR22904330.metadata.tsv
[92mSRR22904330 download and md5 check successful, save SRR22904330 in success.log[0m
=======================SRR22904330 download finished=======================
[32mNote[0m: SRR22904331.metadata.tsv exists, skip downloading metadata for SRR22904331
      SRR22904331.fastq.gz 0.02G 	       SRR22904331_1.fastq.gz 0.00G 	       SRR22904331_2.fastq.gz 0.00G 	 
[32mNote[0m: Above Run will be downloaded. You can see the details in SRR22904331.metadata.tsv
[92mSRR22904331 download and md5 check successful, save SRR22904331 in success.log[0m
=======================SRR22904331 download finished=======================
[32mNote[0m: SRR22904340.metadata.tsv exists, skip downloading metadata for SRR22904340
      SRR22904340.fastq.gz 0.00G 	       SRR22904340_1.fastq.gz 0.00G 	       SRR22904340_2.fastq.gz 0.00G 	 
[32mNote[0m: Above Run will be downloaded. You can see the details in SRR22904340.metadata.tsv
[92mSRR22904340 download and md5 check successful, save SRR22904340 in success.log[0m
=======================SRR22904340 download finished=======================
[32mNote[0m: SRR22904341.metadata.tsv exists, skip downloading metadata for SRR22904341
      SRR22904341.fastq.gz 0.00G 	       SRR22904341_1.fastq.gz 0.00G 	       SRR22904341_2.fastq.gz 0.00G 	 
[32mNote[0m: Above Run will be downloaded. You can see the details in SRR22904341.metadata.tsv
[92mSRR22904341 download and md5 check successful, save SRR22904341 in success.log[0m
=======================SRR22904341 download finished=======================
[32mNote[0m: SRR22904344.metadata.tsv exists, skip downloading metadata for SRR22904344
      SRR22904344.fastq.gz 0.00G 	       SRR22904344_1.fastq.gz 0.00G 	       SRR22904344_2.fastq.gz 0.00G 	 
[32mNote[0m: Above Run will be downloaded. You can see the details in SRR22904344.metadata.tsv
[92mSRR22904344 download and md5 check successful, save SRR22904344 in success.log[0m
=======================SRR22904344 download finished=======================
[32mNote[0m: SRR22904350.metadata.tsv exists, skip downloading metadata for SRR22904350
      SRR22904350.fastq.gz 0.00G 	       SRR22904350_1.fastq.gz 0.00G 	       SRR22904350_2.fastq.gz 0.00G 	 
[32mNote[0m: Above Run will be downloaded. You can see the details in SRR22904350.metadata.tsv
[92mSRR22904350 download and md5 check successful, save SRR22904350 in success.log[0m
=======================SRR22904350 download finished=======================
[32mNote[0m: SRR22904352.metadata.tsv exists, skip downloading metadata for SRR22904352
      SRR22904352.fastq.gz 0.00G 	       SRR22904352_1.fastq.gz 0.00G 	       SRR22904352_2.fastq.gz 0.00G 	 
[32mNote[0m: Above Run will be downloaded. You can see the details in SRR22904352.metadata.tsv
[92mSRR22904352 download and md5 check successful, save SRR22904352 in success.log[0m
=======================SRR22904352 download finished=======================
[32mNote[0m: SRR22904357.metadata.tsv exists, skip downloading metadata for SRR22904357
      SRR22904357.fastq.gz 0.00G 	       SRR22904357_1.fastq.gz 0.00G 	       SRR22904357_2.fastq.gz 0.00G 	 
[32mNote[0m: Above Run will be downloaded. You can see the details in SRR22904357.metadata.tsv
[92mSRR22904357 download and md5 check successful, save SRR22904357 in success.log[0m
=======================SRR22904357 download finished=======================
[32mNote[0m: SRR22904363.metadata.tsv exists, skip downloading metadata for SRR22904363
      SRR22904363.fastq.gz 0.00G 	       SRR22904363_1.fastq.gz 0.00G 	       SRR22904363_2.fastq.gz 0.00G 	 
[32mNote[0m: Above Run will be downloaded. You can see the details in SRR22904363.metadata.tsv
[92mSRR22904363 download and md5 check successful, save SRR22904363 in success.log[0m
=======================SRR22904363 download finished=======================
[32mNote[0m: SRR22904364.metadata.tsv exists, skip downloading metadata for SRR22904364
      SRR22904364.fastq.gz 0.00G 	       SRR22904364_1.fastq.gz 0.00G 	       SRR22904364_2.fastq.gz 0.00G 	 
[32mNote[0m: Above Run will be downloaded. You can see the details in SRR22904364.metadata.tsv
[92mSRR22904364 download and md5 check successful, save SRR22904364 in success.log[0m
=======================SRR22904364 download finished=======================
[32mNote[0m: SRR22904367.metadata.tsv exists, skip downloading metadata for SRR22904367
      SRR22904367.fastq.gz 0.00G 	       SRR22904367_1.fastq.gz 0.00G 	       SRR22904367_2.fastq.gz 0.00G 	 
[32mNote[0m: Above Run will be downloaded. You can see the details in SRR22904367.metadata.tsv
[92mSRR22904367 download and md5 check successful, save SRR22904367 in success.log[0m
=======================SRR22904367 download finished=======================
[32mNote[0m: SRR22904385.metadata.tsv exists, skip downloading metadata for SRR22904385
      SRR22904385.fastq.gz 0.00G 	       SRR22904385_1.fastq.gz 0.00G 	       SRR22904385_2.fastq.gz 0.00G 	 
[32mNote[0m: Above Run will be downloaded. You can see the details in SRR22904385.metadata.tsv
[92mSRR22904385 download and md5 check successful, save SRR22904385 in success.log[0m
=======================SRR22904385 download finished=======================
[32mNote[0m: SRR22904413.metadata.tsv exists, skip downloading metadata for SRR22904413
      SRR22904413.fastq.gz 0.00G 	       SRR22904413_1.fastq.gz 0.00G 	       SRR22904413_2.fastq.gz 0.00G 	 
[32mNote[0m: Above Run will be downloaded. You can see the details in SRR22904413.metadata.tsv
[92mSRR22904413 download and md5 check successful, save SRR22904413 in success.log[0m
=======================SRR22904413 download finished=======================
[32mNote[0m: SRR22904431.metadata.tsv exists, skip downloading metadata for SRR22904431
      SRR22904431.fastq.gz 0.12G 	       SRR22904431_1.fastq.gz 0.00G 	       SRR22904431_2.fastq.gz 0.00G 	 
[32mNote[0m: Above Run will be downloaded. You can see the details in SRR22904431.metadata.tsv
[92mSRR22904431 download and md5 check successful, save SRR22904431 in success.log[0m
=======================SRR22904431 download finished=======================
[32mNote[0m: SRR22904435.metadata.tsv exists, skip downloading metadata for SRR22904435
      SRR22904435.fastq.gz 0.02G 	       SRR22904435_1.fastq.gz 0.00G 	       SRR22904435_2.fastq.gz 0.00G 	 
[32mNote[0m: Above Run will be downloaded. You can see the details in SRR22904435.metadata.tsv
[92mSRR22904435 download and md5 check successful, save SRR22904435 in success.log[0m
=======================SRR22904435 download finished=======================
[32mNote[0m: SRR22904446.metadata.tsv exists, skip downloading metadata for SRR22904446
      SRR22904446.fastq.gz 0.02G 	       SRR22904446_1.fastq.gz 0.00G 	       SRR22904446_2.fastq.gz 0.00G 	 
[32mNote[0m: Above Run will be downloaded. You can see the details in SRR22904446.metadata.tsv
[92mSRR22904446 download and md5 check successful, save SRR22904446 in success.log[0m
=======================SRR22904446 download finished=======================
[32mNote[0m: SRR22904458.metadata.tsv exists, skip downloading metadata for SRR22904458
      SRR22904458.fastq.gz 0.02G 	       SRR22904458_1.fastq.gz 0.00G 	       SRR22904458_2.fastq.gz 0.00G 	 
[32mNote[0m: Above Run will be downloaded. You can see the details in SRR22904458.metadata.tsv
[92mSRR22904458 download and md5 check successful, save SRR22904458 in success.log[0m
=======================SRR22904458 download finished=======================
[32mNote[0m: SRR22904460.metadata.tsv exists, skip downloading metadata for SRR22904460
      SRR22904460.fastq.gz 0.00G 	       SRR22904460_1.fastq.gz 0.00G 	       SRR22904460_2.fastq.gz 0.00G 	 
[32mNote[0m: Above Run will be downloaded. You can see the details in SRR22904460.metadata.tsv
[92mSRR22904460 download and md5 check successful, save SRR22904460 in success.log[0m
=======================SRR22904460 download finished=======================
[32mNote[0m: SRR22904482.metadata.tsv exists, skip downloading metadata for SRR22904482
      SRR22904482.fastq.gz 0.00G 	       SRR22904482_1.fastq.gz 0.00G 	       SRR22904482_2.fastq.gz 0.00G 	 
[32mNote[0m: Above Run will be downloaded. You can see the details in SRR22904482.metadata.tsv
[92mSRR22904482 download and md5 check successful, save SRR22904482 in success.log[0m
=======================SRR22904482 download finished=======================
