2026-07-18 09:37:03 INFO     Query: SRR15852400                  download.py:373
                    INFO     Archive: ENA                        download.py:374
                    INFO     Total Runs To Download: 1           download.py:379
                    INFO     Working on run SRR15852400...       download.py:402
                    INFO     /mnt/nvme0n1/e3_work/3b_D2_subset_PRJNA7 ena.py:202
                             62469_fastq-dl_rep2/SRR15852400_1.fastq.           
                             gz FTP download attempt 1                          
2026-07-18 09:39:33 INFO     Successfully downloaded                  ena.py:232
                             /mnt/nvme0n1/e3_work/3b_D2_subset_PRJNA7           
                             62469_fastq-dl_rep2/SRR15852400_1.fastq.           
                             gz                                                 
                    INFO     /mnt/nvme0n1/e3_work/3b_D2_subset_PRJNA7 ena.py:202
                             62469_fastq-dl_rep2/SRR15852400_2.fastq.           
                             gz FTP download attempt 1                          
2026-07-18 09:41:00 INFO     Successfully downloaded                  ena.py:232
                             /mnt/nvme0n1/e3_work/3b_D2_subset_PRJNA7           
                             62469_fastq-dl_rep2/SRR15852400_2.fastq.           
                             gz                                                 
                    INFO     Writing metadata to                 download.py:469
                             /mnt/nvme0n1/e3_work/3b_D2_subset_P                
                             RJNA762469_fastq-dl_rep2/fastq-run-                
                             info.tsv                                           
2026-07-18 09:41:01 INFO     Query: SRR15852404                  download.py:373
                    INFO     Archive: ENA                        download.py:374
                    INFO     Total Runs To Download: 1           download.py:379
                    INFO     Working on run SRR15852404...       download.py:402
                    INFO     /mnt/nvme0n1/e3_work/3b_D2_subset_PRJNA7 ena.py:202
                             62469_fastq-dl_rep2/SRR15852404_1.fastq.           
                             gz FTP download attempt 1                          
2026-07-18 09:42:55 INFO     Successfully downloaded                  ena.py:232
                             /mnt/nvme0n1/e3_work/3b_D2_subset_PRJNA7           
                             62469_fastq-dl_rep2/SRR15852404_1.fastq.           
                             gz                                                 
                    INFO     /mnt/nvme0n1/e3_work/3b_D2_subset_PRJNA7 ena.py:202
                             62469_fastq-dl_rep2/SRR15852404_2.fastq.           
                             gz FTP download attempt 1                          
2026-07-18 09:45:02 INFO     Successfully downloaded                  ena.py:232
                             /mnt/nvme0n1/e3_work/3b_D2_subset_PRJNA7           
                             62469_fastq-dl_rep2/SRR15852404_2.fastq.           
                             gz                                                 
                    INFO     Writing metadata to                 download.py:469
                             /mnt/nvme0n1/e3_work/3b_D2_subset_P                
                             RJNA762469_fastq-dl_rep2/fastq-run-                
                             info.tsv                                           
2026-07-18 09:45:03 INFO     Query: SRR15852406                  download.py:373
                    INFO     Archive: ENA                        download.py:374
                    INFO     Total Runs To Download: 1           download.py:379
                    INFO     Working on run SRR15852406...       download.py:402
                    INFO     /mnt/nvme0n1/e3_work/3b_D2_subset_PRJNA7 ena.py:202
                             62469_fastq-dl_rep2/SRR15852406_1.fastq.           
                             gz FTP download attempt 1                          
2026-07-18 09:47:45 INFO     Successfully downloaded                  ena.py:232
                             /mnt/nvme0n1/e3_work/3b_D2_subset_PRJNA7           
                             62469_fastq-dl_rep2/SRR15852406_1.fastq.           
                             gz                                                 
                    INFO     /mnt/nvme0n1/e3_work/3b_D2_subset_PRJNA7 ena.py:202
                             62469_fastq-dl_rep2/SRR15852406_2.fastq.           
                             gz FTP download attempt 1                          
2026-07-18 09:50:13 INFO     Successfully downloaded                  ena.py:232
                             /mnt/nvme0n1/e3_work/3b_D2_subset_PRJNA7           
                             62469_fastq-dl_rep2/SRR15852406_2.fastq.           
                             gz                                                 
                    INFO     Writing metadata to                 download.py:469
                             /mnt/nvme0n1/e3_work/3b_D2_subset_P                
                             RJNA762469_fastq-dl_rep2/fastq-run-                
                             info.tsv                                           
2026-07-18 09:50:15 INFO     Query: SRR15852407                  download.py:373
                    INFO     Archive: ENA                        download.py:374
                    INFO     Total Runs To Download: 1           download.py:379
                    INFO     Working on run SRR15852407...       download.py:402
                    INFO     /mnt/nvme0n1/e3_work/3b_D2_subset_PRJNA7 ena.py:202
                             62469_fastq-dl_rep2/SRR15852407_1.fastq.           
                             gz FTP download attempt 1                          
2026-07-18 09:52:09 INFO     Successfully downloaded                  ena.py:232
                             /mnt/nvme0n1/e3_work/3b_D2_subset_PRJNA7           
                             62469_fastq-dl_rep2/SRR15852407_1.fastq.           
                             gz                                                 
                    INFO     /mnt/nvme0n1/e3_work/3b_D2_subset_PRJNA7 ena.py:202
                             62469_fastq-dl_rep2/SRR15852407_2.fastq.           
                             gz FTP download attempt 1                          
2026-07-18 09:52:57 INFO     Successfully downloaded                  ena.py:232
                             /mnt/nvme0n1/e3_work/3b_D2_subset_PRJNA7           
                             62469_fastq-dl_rep2/SRR15852407_2.fastq.           
                             gz                                                 
                    INFO     Writing metadata to                 download.py:469
                             /mnt/nvme0n1/e3_work/3b_D2_subset_P                
                             RJNA762469_fastq-dl_rep2/fastq-run-                
                             info.tsv                                           
2026-07-18 09:52:58 INFO     Query: SRR15852411                  download.py:373
                    INFO     Archive: ENA                        download.py:374
                    INFO     Total Runs To Download: 1           download.py:379
                    INFO     Working on run SRR15852411...       download.py:402
                    INFO     /mnt/nvme0n1/e3_work/3b_D2_subset_PRJNA7 ena.py:202
                             62469_fastq-dl_rep2/SRR15852411_1.fastq.           
                             gz FTP download attempt 1                          
2026-07-18 09:54:40 INFO     Successfully downloaded                  ena.py:232
                             /mnt/nvme0n1/e3_work/3b_D2_subset_PRJNA7           
                             62469_fastq-dl_rep2/SRR15852411_1.fastq.           
                             gz                                                 
                    INFO     /mnt/nvme0n1/e3_work/3b_D2_subset_PRJNA7 ena.py:202
                             62469_fastq-dl_rep2/SRR15852411_2.fastq.           
                             gz FTP download attempt 1                          
2026-07-18 09:56:25 INFO     Successfully downloaded                  ena.py:232
                             /mnt/nvme0n1/e3_work/3b_D2_subset_PRJNA7           
                             62469_fastq-dl_rep2/SRR15852411_2.fastq.           
                             gz                                                 
                    INFO     Writing metadata to                 download.py:469
                             /mnt/nvme0n1/e3_work/3b_D2_subset_P                
                             RJNA762469_fastq-dl_rep2/fastq-run-                
                             info.tsv                                           
2026-07-18 09:56:27 INFO     Query: SRR15852415                  download.py:373
                    INFO     Archive: ENA                        download.py:374
                    INFO     Total Runs To Download: 1           download.py:379
                    INFO     Working on run SRR15852415...       download.py:402
                    INFO     /mnt/nvme0n1/e3_work/3b_D2_subset_PRJNA7 ena.py:202
                             62469_fastq-dl_rep2/SRR15852415_1.fastq.           
                             gz FTP download attempt 1                          
2026-07-18 09:58:45 INFO     Successfully downloaded                  ena.py:232
                             /mnt/nvme0n1/e3_work/3b_D2_subset_PRJNA7           
                             62469_fastq-dl_rep2/SRR15852415_1.fastq.           
                             gz                                                 
                    INFO     /mnt/nvme0n1/e3_work/3b_D2_subset_PRJNA7 ena.py:202
                             62469_fastq-dl_rep2/SRR15852415_2.fastq.           
                             gz FTP download attempt 1                          
2026-07-18 10:01:43 INFO     Successfully downloaded                  ena.py:232
                             /mnt/nvme0n1/e3_work/3b_D2_subset_PRJNA7           
                             62469_fastq-dl_rep2/SRR15852415_2.fastq.           
                             gz                                                 
                    INFO     Writing metadata to                 download.py:469
                             /mnt/nvme0n1/e3_work/3b_D2_subset_P                
                             RJNA762469_fastq-dl_rep2/fastq-run-                
                             info.tsv                                           
2026-07-18 10:01:44 INFO     Query: SRR15852425                  download.py:373
                    INFO     Archive: ENA                        download.py:374
                    INFO     Total Runs To Download: 1           download.py:379
                    INFO     Working on run SRR15852425...       download.py:402
                    INFO     /mnt/nvme0n1/e3_work/3b_D2_subset_PRJNA7 ena.py:202
                             62469_fastq-dl_rep2/SRR15852425_1.fastq.           
                             gz FTP download attempt 1                          
2026-07-18 10:06:17 INFO     Successfully downloaded                  ena.py:232
                             /mnt/nvme0n1/e3_work/3b_D2_subset_PRJNA7           
                             62469_fastq-dl_rep2/SRR15852425_1.fastq.           
                             gz                                                 
                    INFO     /mnt/nvme0n1/e3_work/3b_D2_subset_PRJNA7 ena.py:202
                             62469_fastq-dl_rep2/SRR15852425_2.fastq.           
                             gz FTP download attempt 1                          
2026-07-18 10:10:36 INFO     Successfully downloaded                  ena.py:232
                             /mnt/nvme0n1/e3_work/3b_D2_subset_PRJNA7           
                             62469_fastq-dl_rep2/SRR15852425_2.fastq.           
                             gz                                                 
                    INFO     Writing metadata to                 download.py:469
                             /mnt/nvme0n1/e3_work/3b_D2_subset_P                
                             RJNA762469_fastq-dl_rep2/fastq-run-                
                             info.tsv                                           
2026-07-18 10:10:38 INFO     Query: SRR15852430                  download.py:373
                    INFO     Archive: ENA                        download.py:374
                    INFO     Total Runs To Download: 1           download.py:379
                    INFO     Working on run SRR15852430...       download.py:402
                    INFO     /mnt/nvme0n1/e3_work/3b_D2_subset_PRJNA7 ena.py:202
                             62469_fastq-dl_rep2/SRR15852430_1.fastq.           
                             gz FTP download attempt 1                          
2026-07-18 10:12:48 INFO     Successfully downloaded                  ena.py:232
                             /mnt/nvme0n1/e3_work/3b_D2_subset_PRJNA7           
                             62469_fastq-dl_rep2/SRR15852430_1.fastq.           
                             gz                                                 
                    INFO     /mnt/nvme0n1/e3_work/3b_D2_subset_PRJNA7 ena.py:202
                             62469_fastq-dl_rep2/SRR15852430_2.fastq.           
                             gz FTP download attempt 1                          
2026-07-18 10:17:42 INFO     Successfully downloaded                  ena.py:232
                             /mnt/nvme0n1/e3_work/3b_D2_subset_PRJNA7           
                             62469_fastq-dl_rep2/SRR15852430_2.fastq.           
                             gz                                                 
                    INFO     Writing metadata to                 download.py:469
                             /mnt/nvme0n1/e3_work/3b_D2_subset_P                
                             RJNA762469_fastq-dl_rep2/fastq-run-                
                             info.tsv                                           
