[32mNote[0m: batch downloading 16 file(s) across 8 accession(s) with up to 16 worker(s) (configured max 20) (adaptive concurrency)
10:17:53.494 adaptiseq.engine.seam: Transport for ftp.sra.ebi.ac.uk: HTTPS mirror is range-capable; segmented HTTPS
10:17:53.788 adaptiseq.engine.seam: Transport for ftp.sra.ebi.ac.uk: HTTPS mirror is range-capable; segmented HTTPS
10:18:02.923 adaptiseq.batch: adaptive probe: workers=1 throughput=399.2Mbps score=-395
10:18:07.926 adaptiseq.batch: adaptive probe: workers=2 throughput=282.5Mbps score=-277
10:18:12.928 adaptiseq.batch: adaptive probe: workers=1 throughput=321.7Mbps score=-318
10:18:17.929 adaptiseq.batch: adaptive probe: workers=1 throughput=324.6Mbps score=-321
10:18:22.931 adaptiseq.batch: adaptive probe: workers=2 throughput=335.9Mbps score=-329
10:18:23.042 adaptiseq.engine.seam: Transport for ftp.sra.ebi.ac.uk: HTTPS mirror is range-capable; segmented HTTPS
10:18:27.933 adaptiseq.batch: adaptive probe: workers=3 throughput=570.2Mbps score=-553
10:18:28.008 adaptiseq.engine.seam: Transport for ftp.sra.ebi.ac.uk: HTTPS mirror is range-capable; segmented HTTPS
10:18:28.009 adaptiseq.engine.seam: Transport for ftp.sra.ebi.ac.uk: HTTPS mirror is range-capable; segmented HTTPS
10:18:32.938 adaptiseq.batch: adaptive probe: workers=5 throughput=1330.6Mbps score=-1266
10:18:32.974 adaptiseq.engine.seam: Transport for ftp.sra.ebi.ac.uk: HTTPS mirror is range-capable; segmented HTTPS
10:18:32.975 adaptiseq.engine.seam: Transport for ftp.sra.ebi.ac.uk: HTTPS mirror is range-capable; segmented HTTPS
10:18:32.975 adaptiseq.engine.seam: Transport for ftp.sra.ebi.ac.uk: HTTPS mirror is range-capable; segmented HTTPS
10:18:37.943 adaptiseq.batch: adaptive probe: workers=8 throughput=2354.0Mbps score=-2174
10:18:37.971 adaptiseq.engine.seam: Transport for ftp.sra.ebi.ac.uk: HTTPS mirror is range-capable; segmented HTTPS
10:18:37.972 adaptiseq.engine.seam: Transport for ftp.sra.ebi.ac.uk: HTTPS mirror is range-capable; segmented HTTPS
10:18:42.948 adaptiseq.batch: adaptive probe: workers=10 throughput=3449.9Mbps score=-3123
10:18:43.057 adaptiseq.engine.seam: Transport for ftp.sra.ebi.ac.uk: HTTPS mirror is range-capable; segmented HTTPS
10:18:43.058 adaptiseq.engine.seam: Transport for ftp.sra.ebi.ac.uk: HTTPS mirror is range-capable; segmented HTTPS
10:18:47.955 adaptiseq.batch: adaptive probe: workers=12 throughput=2906.6Mbps score=-2579
10:18:49.360 adaptiseq.batch: downloaded SRR15852400_2.fastq.gz
10:18:49.360 adaptiseq.engine.seam: Transport for ftp.sra.ebi.ac.uk: HTTPS mirror is range-capable; segmented HTTPS
10:18:53.221 adaptiseq.batch: adaptive probe: workers=10 throughput=2636.3Mbps score=-2387
10:18:58.252 adaptiseq.batch: adaptive probe: workers=11 throughput=2229.6Mbps score=-1998
10:19:03.253 adaptiseq.batch: adaptive probe: workers=9 throughput=1343.1Mbps score=-1228
10:19:08.255 adaptiseq.batch: adaptive probe: workers=11 throughput=1327.2Mbps score=-1190
10:19:13.257 adaptiseq.batch: adaptive probe: workers=10 throughput=1463.7Mbps score=-1325
10:19:18.258 adaptiseq.batch: adaptive probe: workers=9 throughput=986.6Mbps score=-902
10:19:20.606 adaptiseq.batch: downloaded SRR15852406_1.fastq.gz
10:19:20.606 adaptiseq.engine.seam: Transport for ftp.sra.ebi.ac.uk: HTTPS mirror is range-capable; segmented HTTPS
10:19:23.259 adaptiseq.batch: adaptive probe: workers=12 throughput=1153.2Mbps score=-1023
10:19:23.340 adaptiseq.engine.seam: Transport for ftp.sra.ebi.ac.uk: HTTPS mirror is range-capable; segmented HTTPS
10:19:26.288 adaptiseq.batch: downloaded SRR15852400_1.fastq.gz
10:19:26.288 adaptiseq.engine.seam: Transport for ftp.sra.ebi.ac.uk: HTTPS mirror is range-capable; segmented HTTPS
10:19:28.266 adaptiseq.batch: adaptive probe: workers=13 throughput=1660.9Mbps score=-1459
10:19:31.128 adaptiseq.batch: downloaded SRR15852406_2.fastq.gz
10:19:32.105 adaptiseq.batch: downloaded SRR15852407_1.fastq.gz
10:19:33.296 adaptiseq.batch: adaptive probe: workers=11 throughput=1861.0Mbps score=-1668
10:19:38.300 adaptiseq.batch: adaptive probe: workers=11 throughput=1559.4Mbps score=-1398
10:19:40.457 adaptiseq.batch: downloaded SRR15852411_2.fastq.gz
10:19:43.302 adaptiseq.batch: adaptive probe: workers=8 throughput=1119.8Mbps score=-1034
10:19:43.596 adaptiseq.batch: downloaded SRR15852425_1.fastq.gz
10:19:46.660 adaptiseq.engine.segmented: Segment errors for SRR15852425_2.fastq.gz: Cannot connect to host ftp.sra.ebi.ac.uk:443 ssl:default [Connect call failed ('193.62.193.165', 443)]
10:19:46.733 adaptiseq.engine.seam: Transport for ftp.sra.ebi.ac.uk: HTTPS mirror is range-capable; segmented HTTPS
10:19:48.305 adaptiseq.batch: adaptive probe: workers=9 throughput=1214.7Mbps score=-1111
10:19:49.313 adaptiseq.batch: downloaded SRR15852404_1.fastq.gz
10:19:53.308 adaptiseq.batch: adaptive probe: workers=8 throughput=1235.8Mbps score=-1141
10:19:58.318 adaptiseq.batch: adaptive probe: workers=8 throughput=1177.9Mbps score=-1088
10:20:03.320 adaptiseq.batch: adaptive probe: workers=8 throughput=1145.6Mbps score=-1058
10:20:08.324 adaptiseq.batch: adaptive probe: workers=8 throughput=1091.7Mbps score=-1008
10:20:13.325 adaptiseq.batch: adaptive probe: workers=8 throughput=892.6Mbps score=-824
10:20:16.219 adaptiseq.batch: downloaded SRR15852404_2.fastq.gz
10:20:18.330 adaptiseq.batch: adaptive probe: workers=7 throughput=864.6Mbps score=-806
10:20:22.136 adaptiseq.batch: downloaded SRR15852411_1.fastq.gz
10:20:23.331 adaptiseq.batch: adaptive probe: workers=6 throughput=715.6Mbps score=-674
10:20:28.333 adaptiseq.batch: adaptive probe: workers=6 throughput=488.0Mbps score=-460
10:20:33.335 adaptiseq.batch: adaptive probe: workers=6 throughput=502.3Mbps score=-473
10:20:36.336 adaptiseq.batch: downloaded SRR15852415_1.fastq.gz
10:20:38.336 adaptiseq.batch: adaptive probe: workers=5 throughput=554.9Mbps score=-528
10:20:39.809 adaptiseq.batch: downloaded SRR15852407_2.fastq.gz
10:20:40.483 adaptiseq.batch: downloaded SRR15852425_2.fastq.gz
10:20:43.337 adaptiseq.batch: adaptive probe: workers=3 throughput=364.4Mbps score=-354
10:20:44.687 adaptiseq.batch: downloaded SRR15852430_2.fastq.gz
10:20:48.340 adaptiseq.batch: adaptive probe: workers=2 throughput=172.4Mbps score=-169
10:20:53.341 adaptiseq.batch: adaptive probe: workers=2 throughput=126.5Mbps score=-124
10:20:57.501 adaptiseq.batch: downloaded SRR15852415_2.fastq.gz
10:20:58.342 adaptiseq.batch: adaptive probe: workers=1 throughput=150.9Mbps score=-149
10:21:03.344 adaptiseq.batch: adaptive probe: workers=1 throughput=33.2Mbps score=-33
10:21:08.345 adaptiseq.batch: adaptive probe: workers=1 throughput=24.7Mbps score=-24
10:21:13.347 adaptiseq.batch: adaptive probe: workers=1 throughput=22.6Mbps score=-22
10:21:18.348 adaptiseq.batch: adaptive probe: workers=1 throughput=22.9Mbps score=-23
10:21:23.351 adaptiseq.batch: adaptive probe: workers=1 throughput=23.3Mbps score=-23
10:21:28.351 adaptiseq.batch: adaptive probe: workers=1 throughput=22.0Mbps score=-22
10:21:33.353 adaptiseq.batch: adaptive probe: workers=1 throughput=12.1Mbps score=-12
10:21:38.353 adaptiseq.batch: adaptive probe: workers=1 throughput=12.6Mbps score=-12
10:21:43.355 adaptiseq.batch: adaptive probe: workers=1 throughput=25.0Mbps score=-25
10:21:48.356 adaptiseq.batch: adaptive probe: workers=1 throughput=78.0Mbps score=-77
10:21:51.125 adaptiseq.batch: downloaded SRR15852430_1.fastq.gz
[32mNote[0m: adaptive worker summary: 46 probe(s); best 3450 Mbps at 10 worker(s); last 78 Mbps at 1 worker(s); recent: 2w@127Mbps, 1w@151Mbps, 1w@33Mbps, 1w@25Mbps, 1w@23Mbps, 1w@23Mbps, 1w@23Mbps, 1w@22Mbps, 1w@12Mbps, 1w@13Mbps, 1w@25Mbps, 1w@78Mbps
[32mNote[0m: SRR15852400.metadata.tsv exists, skip downloading metadata for SRR15852400
      SRR15852400_1.fastq.gz 1.23G 	       SRR15852400_2.fastq.gz 1.24G 	 
[32mNote[0m: Above Run will be downloaded. You can see the details in SRR15852400.metadata.tsv
[92mSRR15852400 download and md5 check successful, save SRR15852400 in success.log[0m
=======================SRR15852400 download finished=======================
[32mNote[0m: SRR15852404.metadata.tsv exists, skip downloading metadata for SRR15852404
      SRR15852404_1.fastq.gz 1.31G 	       SRR15852404_2.fastq.gz 1.36G 	 
[32mNote[0m: Above Run will be downloaded. You can see the details in SRR15852404.metadata.tsv
[92mSRR15852404 download and md5 check successful, save SRR15852404 in success.log[0m
=======================SRR15852404 download finished=======================
[32mNote[0m: SRR15852406.metadata.tsv exists, skip downloading metadata for SRR15852406
      SRR15852406_1.fastq.gz 1.48G 	       SRR15852406_2.fastq.gz 1.53G 	 
[32mNote[0m: Above Run will be downloaded. You can see the details in SRR15852406.metadata.tsv
[92mSRR15852406 download and md5 check successful, save SRR15852406 in success.log[0m
=======================SRR15852406 download finished=======================
[32mNote[0m: SRR15852407.metadata.tsv exists, skip downloading metadata for SRR15852407
      SRR15852407_1.fastq.gz 1.15G 	       SRR15852407_2.fastq.gz 1.18G 	 
[32mNote[0m: Above Run will be downloaded. You can see the details in SRR15852407.metadata.tsv
[92mSRR15852407 download and md5 check successful, save SRR15852407 in success.log[0m
=======================SRR15852407 download finished=======================
[32mNote[0m: SRR15852411.metadata.tsv exists, skip downloading metadata for SRR15852411
      SRR15852411_1.fastq.gz 1.30G 	       SRR15852411_2.fastq.gz 1.35G 	 
[32mNote[0m: Above Run will be downloaded. You can see the details in SRR15852411.metadata.tsv
[92mSRR15852411 download and md5 check successful, save SRR15852411 in success.log[0m
=======================SRR15852411 download finished=======================
[32mNote[0m: SRR15852415.metadata.tsv exists, skip downloading metadata for SRR15852415
      SRR15852415_1.fastq.gz 1.81G 	       SRR15852415_2.fastq.gz 1.86G 	 
[32mNote[0m: Above Run will be downloaded. You can see the details in SRR15852415.metadata.tsv
[92mSRR15852415 download and md5 check successful, save SRR15852415 in success.log[0m
=======================SRR15852415 download finished=======================
[32mNote[0m: SRR15852425.metadata.tsv exists, skip downloading metadata for SRR15852425
      SRR15852425_1.fastq.gz 1.75G 	       SRR15852425_2.fastq.gz 1.79G 	 
[32mNote[0m: Above Run will be downloaded. You can see the details in SRR15852425.metadata.tsv
[92mSRR15852425 download and md5 check successful, save SRR15852425 in success.log[0m
=======================SRR15852425 download finished=======================
[32mNote[0m: SRR15852430.metadata.tsv exists, skip downloading metadata for SRR15852430
      SRR15852430_1.fastq.gz 1.84G 	       SRR15852430_2.fastq.gz 1.91G 	 
[32mNote[0m: Above Run will be downloaded. You can see the details in SRR15852430.metadata.tsv
[92mSRR15852430 download and md5 check successful, save SRR15852430 in success.log[0m
=======================SRR15852430 download finished=======================
