2026/07/18 10:39:22 AM INFO: Kingfisher v0.5.0
2026/07/18 10:39:22 AM INFO: Attempting download method ena-ftp for run SRR15852400 ..
2026/07/18 10:39:22 AM INFO: Querying ENA for FTP paths for SRR15852400..
2026/07/18 10:39:22 AM INFO: Downloading ftp.sra.ebi.ac.uk/vol1/fastq/SRR158/000/SRR15852400/SRR15852400_1.fastq.gz ..

07/18 10:39:22 [[1;32mNOTICE[0m] Downloading 1 item(s)
[#f059d9 0B/0B CN:1 DL:0B]
[#f059d9 0B/1.2GiB(0%) CN:5 DL:0B]
[#f059d9 0B/1.2GiB(0%) CN:5 DL:0B]
[#f059d9 432KiB/1.2GiB(0%) CN:5 DL:889KiB ETA:24m14s]
[#f059d9 41MiB/1.2GiB(3%) CN:5 DL:27MiB ETA:43s]
[#f059d9 85MiB/1.2GiB(6%) CN:5 DL:33MiB ETA:35s]
[#f059d9 101MiB/1.2GiB(8%) CN:5 DL:28MiB ETA:40s]
[#f059d9 113MiB/1.2GiB(8%) CN:5 DL:24MiB ETA:46s]
[#f059d9 140MiB/1.2GiB(11%) CN:5 DL:25MiB ETA:44s]
[#f059d9 173MiB/1.2GiB(13%) CN:5 DL:26MiB ETA:41s]
[#f059d9 215MiB/1.2GiB(17%) CN:5 DL:28MiB ETA:36s]
[#f059d9 269MiB/1.2GiB(21%) CN:5 DL:31MiB ETA:31s]
[#f059d9 321MiB/1.2GiB(25%) CN:5 DL:33MiB ETA:27s]
[#f059d9 372MiB/1.2GiB(29%) CN:5 DL:38MiB ETA:23s]
[#f059d9 417MiB/1.2GiB(33%) CN:5 DL:36MiB ETA:23s]
[#f059d9 466MiB/1.2GiB(36%) CN:5 DL:39MiB ETA:20s]
[#f059d9 506MiB/1.2GiB(40%) CN:5 DL:42MiB ETA:17s]
[#f059d9 542MiB/1.2GiB(42%) CN:5 DL:43MiB ETA:16s]
[#f059d9 586MiB/1.2GiB(46%) CN:5 DL:45MiB ETA:14s]
[#f059d9 647MiB/1.2GiB(51%) CN:5 DL:47MiB ETA:12s]
[#f059d9 713MiB/1.2GiB(56%) CN:5 DL:49MiB ETA:11s]
[#f059d9 785MiB/1.2GiB(62%) CN:5 DL:51MiB ETA:9s]
[#f059d9 849MiB/1.2GiB(67%) CN:5 DL:52MiB ETA:7s]
[#f059d9 897MiB/1.2GiB(71%) CN:5 DL:52MiB ETA:6s]
[#f059d9 0.9GiB/1.2GiB(74%) CN:5 DL:52MiB ETA:5s]
[#f059d9 0.9GiB/1.2GiB(77%) CN:5 DL:51MiB ETA:5s]
[#f059d9 0.9GiB/1.2GiB(79%) CN:5 DL:51MiB ETA:5s]
[#f059d9 0.9GiB/1.2GiB(80%) CN:5 DL:48MiB ETA:5s]
[#f059d9 1.0GiB/1.2GiB(81%) CN:5 DL:44MiB ETA:5s]
[#f059d9 1.0GiB/1.2GiB(82%) CN:5 DL:38MiB ETA:5s]
[#f059d9 1.0GiB/1.2GiB(82%) CN:5 DL:30MiB ETA:7s]
[#f059d9 1.0GiB/1.2GiB(82%) CN:5 DL:23MiB ETA:9s]
[#f059d9 1.0GiB/1.2GiB(83%) CN:5 DL:17MiB ETA:12s]
[#f059d9 1.0GiB/1.2GiB(83%) CN:5 DL:12MiB ETA:16s]
[#f059d9 1.0GiB/1.2GiB(87%) CN:5 DL:14MiB ETA:10s]
[#f059d9 1.1GiB/1.2GiB(90%) CN:5 DL:15MiB ETA:8s]
[#f059d9 1.1GiB/1.2GiB(90%) CN:5 DL:14MiB ETA:8s]
[#f059d9 1.1GiB/1.2GiB(91%) CN:5 DL:13MiB ETA:8s]
[#f059d9 1.1GiB/1.2GiB(91%) CN:4 DL:11MiB ETA:9s]
[#f059d9 1.1GiB/1.2GiB(91%) CN:4 DL:11MiB ETA:9s]
[#f059d9 1.1GiB/1.2GiB(91%) CN:4 DL:11MiB ETA:9s]
[#f059d9 1.1GiB/1.2GiB(91%) CN:4 DL:11MiB ETA:9s]
[#f059d9 1.1GiB/1.2GiB(93%) CN:3 DL:13MiB ETA:6s]
[#f059d9 1.1GiB/1.2GiB(93%) CN:3 DL:9.6MiB ETA:8s]
[#f059d9 1.1GiB/1.2GiB(93%) CN:3 DL:4.8MiB ETA:17s]
[#f059d9 1.1GiB/1.2GiB(93%) CN:3 DL:4.1MiB ETA:19s]
[#f059d9 1.1GiB/1.2GiB(94%) CN:3 DL:4.0MiB ETA:17s]
[#f059d9 1.1GiB/1.2GiB(94%) CN:3 DL:4.9MiB ETA:12s]
[#f059d9 1.1GiB/1.2GiB(95%) CN:3 DL:6.1MiB ETA:8s]
[#f059d9 1.1GiB/1.2GiB(96%) CN:3 DL:6.7MiB ETA:6s]
[#f059d9 1.1GiB/1.2GiB(96%) CN:3 DL:6.7MiB ETA:6s]
[#f059d9 1.1GiB/1.2GiB(96%) CN:3 DL:5.2MiB ETA:8s]
[#f059d9 1.1GiB/1.2GiB(96%) CN:3 DL:4.6MiB ETA:8s]
[#f059d9 1.1GiB/1.2GiB(96%) CN:3 DL:4.6MiB ETA:8s]
[#f059d9 1.1GiB/1.2GiB(96%) CN:2 DL:4.4MiB ETA:9s]
[#f059d9 1.1GiB/1.2GiB(96%) CN:2 DL:3.7MiB ETA:10s]
[#f059d9 1.1GiB/1.2GiB(96%) CN:2 DL:2.7MiB ETA:14s]
[#f059d9 1.1GiB/1.2GiB(96%) CN:2 DL:1.5MiB ETA:24s]
[#f059d9 1.1GiB/1.2GiB(96%) CN:2 DL:629KiB ETA:1m2s]
 *** Download Progress Summary as of Sat Jul 18 10:40:23 2026 *** 
===============================================================================
[#f059d9 1.1GiB/1.2GiB(96%) CN:2 DL:560KiB ETA:1m9s]
FILE: /mnt/nvme0n1/e3_work/3b_D2_subset_PRJNA762469_kingfisher_rep2/SRR15852400_1.fastq.gz
-------------------------------------------------------------------------------

[#f059d9 1.1GiB/1.2GiB(96%) CN:2 DL:560KiB ETA:1m9s]
[#f059d9 1.2GiB/1.2GiB(97%) CN:2 DL:1.4MiB ETA:19s]
[#f059d9 1.2GiB/1.2GiB(98%) CN:1 DL:2.4MiB ETA:8s]
[#f059d9 1.2GiB/1.2GiB(98%) CN:1 DL:2.1MiB ETA:9s]
[#f059d9 1.2GiB/1.2GiB(98%) CN:1 DL:1.9MiB ETA:10s]
[#f059d9 1.2GiB/1.2GiB(98%) CN:1 DL:2.7MiB ETA:7s]
[#f059d9 1.2GiB/1.2GiB(98%) CN:1 DL:2.4MiB ETA:8s]
[#f059d9 1.2GiB/1.2GiB(98%) CN:1 DL:2.1MiB ETA:9s]
[#f059d9 1.2GiB/1.2GiB(98%) CN:1 DL:1.9MiB ETA:10s]
[#f059d9 1.2GiB/1.2GiB(98%) CN:1 DL:1.0MiB ETA:18s]
[#f059d9 1.2GiB/1.2GiB(98%) CN:1 DL:384KiB ETA:52s]
[#f059d9 1.2GiB/1.2GiB(98%) CN:1 DL:0.9MiB ETA:15s]

07/18 10:40:36 [[1;32mNOTICE[0m] Download complete: /mnt/nvme0n1/e3_work/3b_D2_subset_PRJNA762469_kingfisher_rep2/SRR15852400_1.fastq.gz

Download Results:
gid   |stat|avg speed  |path/URI
======+====+===========+=======================================================
f059d9|OK  |    17MiB/s|/mnt/nvme0n1/e3_work/3b_D2_subset_PRJNA762469_kingfisher_rep2/SRR15852400_1.fastq.gz

Status Legend:
(OK):download completed.
2026/07/18 10:40:38 AM INFO: MD5sum OK for SRR15852400_1.fastq.gz
2026/07/18 10:40:38 AM INFO: Downloading ftp.sra.ebi.ac.uk/vol1/fastq/SRR158/000/SRR15852400/SRR15852400_2.fastq.gz ..

07/18 10:40:38 [[1;32mNOTICE[0m] Downloading 1 item(s)
[#c902d8 0B/0B CN:1 DL:0B]
[#c902d8 0B/1.2GiB(0%) CN:5 DL:0B]
[#c902d8 0B/1.2GiB(0%) CN:5 DL:0B]
[#c902d8 3.4MiB/1.2GiB(0%) CN:5 DL:3.7MiB ETA:5m38s]
[#c902d8 45MiB/1.2GiB(3%) CN:5 DL:23MiB ETA:52s]
[#c902d8 84MiB/1.2GiB(6%) CN:5 DL:28MiB ETA:41s]
[#c902d8 124MiB/1.2GiB(9%) CN:5 DL:31MiB ETA:35s]
[#c902d8 163MiB/1.2GiB(12%) CN:5 DL:33MiB ETA:33s]
[#c902d8 203MiB/1.2GiB(16%) CN:5 DL:34MiB ETA:31s]
[#c902d8 245MiB/1.2GiB(19%) CN:5 DL:35MiB ETA:29s]
[#c902d8 320MiB/1.2GiB(25%) CN:5 DL:40MiB ETA:23s]
[#c902d8 416MiB/1.2GiB(32%) CN:5 DL:46MiB ETA:18s]
[#c902d8 498MiB/1.2GiB(39%) CN:5 DL:49MiB ETA:15s]
[#c902d8 582MiB/1.2GiB(45%) CN:5 DL:57MiB ETA:11s]
[#c902d8 657MiB/1.2GiB(51%) CN:5 DL:61MiB ETA:9s]
[#c902d8 723MiB/1.2GiB(57%) CN:5 DL:64MiB ETA:8s]
[#c902d8 779MiB/1.2GiB(61%) CN:5 DL:65MiB ETA:7s]
[#c902d8 831MiB/1.2GiB(65%) CN:5 DL:67MiB ETA:6s]
[#c902d8 874MiB/1.2GiB(69%) CN:5 DL:67MiB ETA:5s]
[#c902d8 0.9GiB/1.2GiB(73%) CN:5 DL:68MiB ETA:4s]
[#c902d8 0.9GiB/1.2GiB(77%) CN:5 DL:65MiB ETA:4s]
[#c902d8 0.9GiB/1.2GiB(80%) CN:5 DL:60MiB ETA:4s]
[#c902d8 1.0GiB/1.2GiB(83%) CN:5 DL:54MiB ETA:3s]
[#c902d8 1.0GiB/1.2GiB(85%) CN:5 DL:49MiB ETA:3s]
[#c902d8 1.0GiB/1.2GiB(88%) CN:5 DL:44MiB ETA:3s]
[#c902d8 1.1GiB/1.2GiB(90%) CN:5 DL:41MiB ETA:2s]
[#c902d8 1.1GiB/1.2GiB(92%) CN:5 DL:38MiB ETA:2s]
[#c902d8 1.1GiB/1.2GiB(93%) CN:5 DL:34MiB ETA:2s]
[#c902d8 1.1GiB/1.2GiB(95%) CN:5 DL:32MiB ETA:1s]
[#c902d8 1.1GiB/1.2GiB(96%) CN:4 DL:24MiB ETA:1s]
[#c902d8 1.1GiB/1.2GiB(96%) CN:3 DL:20MiB ETA:2s]
[#c902d8 1.1GiB/1.2GiB(96%) CN:3 DL:16MiB ETA:2s]
[#c902d8 1.1GiB/1.2GiB(96%) CN:3 DL:13MiB ETA:3s]
[#c902d8 1.2GiB/1.2GiB(98%) CN:2 DL:12MiB ETA:1s]
[#c902d8 1.2GiB/1.2GiB(98%) CN:2 DL:9.7MiB ETA:2s]
[#c902d8 1.2GiB/1.2GiB(99%) CN:1 DL:8.2MiB ETA:1s]

07/18 10:41:16 [[1;32mNOTICE[0m] Download complete: /mnt/nvme0n1/e3_work/3b_D2_subset_PRJNA762469_kingfisher_rep2/SRR15852400_2.fastq.gz

Download Results:
gid   |stat|avg speed  |path/URI
======+====+===========+=======================================================
c902d8|OK  |    35MiB/s|/mnt/nvme0n1/e3_work/3b_D2_subset_PRJNA762469_kingfisher_rep2/SRR15852400_2.fastq.gz

Status Legend:
(OK):download completed.
2026/07/18 10:41:19 AM INFO: MD5sum OK for SRR15852400_2.fastq.gz
2026/07/18 10:41:19 AM INFO: Verifying gzip file ./SRR15852400_1.fastq.gz ..
2026/07/18 10:41:40 AM INFO: Verifying gzip file ./SRR15852400_2.fastq.gz ..
2026/07/18 10:41:58 AM INFO: Method ena-ftp worked.
2026/07/18 10:41:58 AM INFO: Output files: ./SRR15852400_1.fastq.gz, ./SRR15852400_2.fastq.gz
2026/07/18 10:41:58 AM INFO: Attempting download method ena-ftp for run SRR15852404 ..
2026/07/18 10:41:58 AM INFO: Querying ENA for FTP paths for SRR15852404..
2026/07/18 10:41:58 AM INFO: Downloading ftp.sra.ebi.ac.uk/vol1/fastq/SRR158/004/SRR15852404/SRR15852404_1.fastq.gz ..

07/18 10:41:58 [[1;32mNOTICE[0m] Downloading 1 item(s)
[#4170f4 0B/0B CN:1 DL:0B]
[#4170f4 0B/1.3GiB(0%) CN:5 DL:0B]
[#4170f4 400KiB/1.3GiB(0%) CN:5 DL:874KiB ETA:26m13s]
[#4170f4 15MiB/1.3GiB(1%) CN:5 DL:10MiB ETA:2m7s]
[#4170f4 45MiB/1.3GiB(3%) CN:5 DL:18MiB ETA:1m11s]
[#4170f4 98MiB/1.3GiB(7%) CN:5 DL:28MiB ETA:44s]
[#4170f4 156MiB/1.3GiB(11%) CN:5 DL:34MiB ETA:34s]
[#4170f4 206MiB/1.3GiB(15%) CN:5 DL:37MiB ETA:30s]
[#4170f4 258MiB/1.3GiB(19%) CN:5 DL:39MiB ETA:27s]
[#4170f4 298MiB/1.3GiB(22%) CN:5 DL:39MiB ETA:26s]
[#4170f4 326MiB/1.3GiB(24%) CN:5 DL:38MiB ETA:26s]
[#4170f4 357MiB/1.3GiB(26%) CN:5 DL:37MiB ETA:26s]
[#4170f4 389MiB/1.3GiB(28%) CN:5 DL:40MiB ETA:23s]
[#4170f4 415MiB/1.3GiB(30%) CN:5 DL:41MiB ETA:22s]
[#4170f4 444MiB/1.3GiB(33%) CN:5 DL:38MiB ETA:23s]
[#4170f4 498MiB/1.3GiB(37%) CN:5 DL:38MiB ETA:21s]
[#4170f4 556MiB/1.3GiB(41%) CN:5 DL:38MiB ETA:20s]
[#4170f4 611MiB/1.3GiB(45%) CN:5 DL:40MiB ETA:18s]
[#4170f4 655MiB/1.3GiB(48%) CN:5 DL:39MiB ETA:17s]
[#4170f4 705MiB/1.3GiB(52%) CN:5 DL:41MiB ETA:15s]
[#4170f4 739MiB/1.3GiB(54%) CN:5 DL:41MiB ETA:14s]
[#4170f4 775MiB/1.3GiB(57%) CN:5 DL:42MiB ETA:13s]
[#4170f4 811MiB/1.3GiB(60%) CN:5 DL:43MiB ETA:12s]
[#4170f4 868MiB/1.3GiB(64%) CN:5 DL:47MiB ETA:10s]
[#4170f4 0.9GiB/1.3GiB(69%) CN:5 DL:49MiB ETA:8s]
[#4170f4 0.9GiB/1.3GiB(73%) CN:5 DL:49MiB ETA:7s]
[#4170f4 1.0GiB/1.3GiB(77%) CN:5 DL:47MiB ETA:6s]
[#4170f4 1.0GiB/1.3GiB(80%) CN:5 DL:47MiB ETA:5s]
[#4170f4 1.0GiB/1.3GiB(83%) CN:5 DL:46MiB ETA:4s]
[#4170f4 1.1GiB/1.3GiB(85%) CN:5 DL:44MiB ETA:4s]
[#4170f4 1.1GiB/1.3GiB(88%) CN:5 DL:46MiB ETA:3s]
[#4170f4 1.2GiB/1.3GiB(92%) CN:5 DL:48MiB ETA:1s]
[#4170f4 1.2GiB/1.3GiB(96%) CN:3 DL:48MiB]
[#4170f4 1.2GiB/1.3GiB(98%) CN:2 DL:43MiB]
[#4170f4 1.2GiB/1.3GiB(98%) CN:1 DL:36MiB]
[#4170f4 1.3GiB/1.3GiB(99%) CN:1 DL:32MiB]

07/18 10:42:35 [[1;32mNOTICE[0m] Download complete: /mnt/nvme0n1/e3_work/3b_D2_subset_PRJNA762469_kingfisher_rep2/SRR15852404_1.fastq.gz

Download Results:
gid   |stat|avg speed  |path/URI
======+====+===========+=======================================================
4170f4|OK  |    38MiB/s|/mnt/nvme0n1/e3_work/3b_D2_subset_PRJNA762469_kingfisher_rep2/SRR15852404_1.fastq.gz

Status Legend:
(OK):download completed.
2026/07/18 10:42:38 AM INFO: MD5sum OK for SRR15852404_1.fastq.gz
2026/07/18 10:42:38 AM INFO: Downloading ftp.sra.ebi.ac.uk/vol1/fastq/SRR158/004/SRR15852404/SRR15852404_2.fastq.gz ..

07/18 10:42:38 [[1;32mNOTICE[0m] Downloading 1 item(s)
[#1bc83f 0B/0B CN:1 DL:0B]
[#1bc83f 0B/1.3GiB(0%) CN:5 DL:0B]
[#1bc83f 0B/1.3GiB(0%) CN:5 DL:0B]
[#1bc83f 2.1MiB/1.3GiB(0%) CN:5 DL:3.0MiB ETA:7m29s]
[#1bc83f 52MiB/1.3GiB(3%) CN:5 DL:30MiB ETA:43s]
[#1bc83f 125MiB/1.3GiB(9%) CN:5 DL:46MiB ETA:27s]
[#1bc83f 250MiB/1.3GiB(18%) CN:5 DL:67MiB ETA:16s]
[#1bc83f 356MiB/1.3GiB(25%) CN:5 DL:76MiB ETA:13s]
[#1bc83f 452MiB/1.3GiB(32%) CN:5 DL:79MiB ETA:11s]
[#1bc83f 538MiB/1.3GiB(38%) CN:5 DL:80MiB ETA:10s]
[#1bc83f 615MiB/1.3GiB(44%) CN:5 DL:80MiB ETA:9s]
[#1bc83f 680MiB/1.3GiB(49%) CN:5 DL:78MiB ETA:8s]
[#1bc83f 736MiB/1.3GiB(53%) CN:5 DL:76MiB ETA:8s]
[#1bc83f 790MiB/1.3GiB(56%) CN:5 DL:81MiB ETA:7s]
[#1bc83f 840MiB/1.3GiB(60%) CN:5 DL:80MiB ETA:6s]
[#1bc83f 888MiB/1.3GiB(64%) CN:5 DL:75MiB ETA:6s]
[#1bc83f 0.9GiB/1.3GiB(67%) CN:5 DL:67MiB ETA:6s]
[#1bc83f 0.9GiB/1.3GiB(69%) CN:5 DL:60MiB ETA:6s]
[#1bc83f 0.9GiB/1.3GiB(72%) CN:5 DL:54MiB ETA:6s]
[#1bc83f 1.0GiB/1.3GiB(76%) CN:5 DL:50MiB ETA:6s]
[#1bc83f 1.1GiB/1.3GiB(81%) CN:5 DL:51MiB ETA:5s]
[#1bc83f 1.1GiB/1.3GiB(85%) CN:5 DL:50MiB ETA:4s]
[#1bc83f 1.1GiB/1.3GiB(88%) CN:5 DL:48MiB ETA:3s]
[#1bc83f 1.2GiB/1.3GiB(89%) CN:5 DL:46MiB ETA:3s]
[#1bc83f 1.2GiB/1.3GiB(93%) CN:5 DL:45MiB ETA:1s]
[#1bc83f 1.2GiB/1.3GiB(95%) CN:4 DL:44MiB ETA:1s]
[#1bc83f 1.3GiB/1.3GiB(98%) CN:2 DL:43MiB]
[#1bc83f 1.3GiB/1.3GiB(98%) CN:2 DL:39MiB]
[#1bc83f 1.3GiB/1.3GiB(98%) CN:2 DL:35MiB]
[#1bc83f 1.3GiB/1.3GiB(98%) CN:2 DL:28MiB]
[#1bc83f 1.3GiB/1.3GiB(98%) CN:2 DL:17MiB ETA:1s]
[#1bc83f 1.3GiB/1.3GiB(98%) CN:1 DL:14MiB ETA:1s]
[#1bc83f 1.3GiB/1.3GiB(99%) CN:1 DL:11MiB]

07/18 10:43:12 [[1;32mNOTICE[0m] Download complete: /mnt/nvme0n1/e3_work/3b_D2_subset_PRJNA762469_kingfisher_rep2/SRR15852404_2.fastq.gz

Download Results:
gid   |stat|avg speed  |path/URI
======+====+===========+=======================================================
1bc83f|OK  |    42MiB/s|/mnt/nvme0n1/e3_work/3b_D2_subset_PRJNA762469_kingfisher_rep2/SRR15852404_2.fastq.gz

Status Legend:
(OK):download completed.
2026/07/18 10:43:15 AM INFO: MD5sum OK for SRR15852404_2.fastq.gz
2026/07/18 10:43:15 AM INFO: Verifying gzip file ./SRR15852404_1.fastq.gz ..
2026/07/18 10:43:36 AM INFO: Verifying gzip file ./SRR15852404_2.fastq.gz ..
2026/07/18 10:43:58 AM INFO: Method ena-ftp worked.
2026/07/18 10:43:58 AM INFO: Output files: ./SRR15852404_1.fastq.gz, ./SRR15852404_2.fastq.gz
2026/07/18 10:43:58 AM INFO: Attempting download method ena-ftp for run SRR15852406 ..
2026/07/18 10:43:58 AM INFO: Querying ENA for FTP paths for SRR15852406..
2026/07/18 10:43:59 AM INFO: Downloading ftp.sra.ebi.ac.uk/vol1/fastq/SRR158/006/SRR15852406/SRR15852406_1.fastq.gz ..

07/18 10:43:59 [[1;32mNOTICE[0m] Downloading 1 item(s)
[#72ce6d 0B/0B CN:1 DL:0B]
[#72ce6d 0B/1.4GiB(0%) CN:5 DL:0B]
[#72ce6d 3.2MiB/1.4GiB(0%) CN:5 DL:4.0MiB ETA:6m15s]
[#72ce6d 54MiB/1.4GiB(3%) CN:5 DL:30MiB ETA:48s]
[#72ce6d 212MiB/1.4GiB(14%) CN:5 DL:75MiB ETA:17s]
[#72ce6d 361MiB/1.4GiB(23%) CN:5 DL:95MiB ETA:12s]
[#72ce6d 506MiB/1.4GiB(33%) CN:5 DL:105MiB ETA:9s]
[#72ce6d 632MiB/1.4GiB(41%) CN:5 DL:109MiB ETA:8s]
[#72ce6d 718MiB/1.4GiB(47%) CN:5 DL:106MiB ETA:7s]
[#72ce6d 776MiB/1.4GiB(51%) CN:5 DL:100MiB ETA:7s]
[#72ce6d 829MiB/1.4GiB(54%) CN:5 DL:94MiB ETA:7s]
[#72ce6d 896MiB/1.4GiB(59%) CN:5 DL:92MiB ETA:6s]
[#72ce6d 0.9GiB/1.4GiB(62%) CN:5 DL:96MiB ETA:5s]
[#72ce6d 1.0GiB/1.4GiB(67%) CN:5 DL:97MiB ETA:4s]
[#72ce6d 1.0GiB/1.4GiB(72%) CN:5 DL:86MiB ETA:4s]
[#72ce6d 1.1GiB/1.4GiB(76%) CN:5 DL:78MiB ETA:4s]
[#72ce6d 1.1GiB/1.4GiB(79%) CN:5 DL:68MiB ETA:4s]
[#72ce6d 1.2GiB/1.4GiB(81%) CN:5 DL:59MiB ETA:4s]
[#72ce6d 1.2GiB/1.4GiB(83%) CN:5 DL:55MiB ETA:4s]
[#72ce6d 1.2GiB/1.4GiB(85%) CN:5 DL:53MiB ETA:4s]
[#72ce6d 1.2GiB/1.4GiB(87%) CN:5 DL:49MiB ETA:3s]
[#72ce6d 1.3GiB/1.4GiB(88%) CN:5 DL:44MiB ETA:3s]
[#72ce6d 1.3GiB/1.4GiB(89%) CN:5 DL:39MiB ETA:3s]
[#72ce6d 1.3GiB/1.4GiB(92%) CN:5 DL:35MiB ETA:3s]
[#72ce6d 1.3GiB/1.4GiB(94%) CN:5 DL:32MiB ETA:2s]
[#72ce6d 1.4GiB/1.4GiB(97%) CN:4 DL:30MiB ETA:1s]
[#72ce6d 1.4GiB/1.4GiB(98%) CN:2 DL:29MiB]
[#72ce6d 1.4GiB/1.4GiB(98%) CN:2 DL:26MiB]

07/18 10:44:28 [[1;32mNOTICE[0m] Download complete: /mnt/nvme0n1/e3_work/3b_D2_subset_PRJNA762469_kingfisher_rep2/SRR15852406_1.fastq.gz

Download Results:
gid   |stat|avg speed  |path/URI
======+====+===========+=======================================================
72ce6d|OK  |    55MiB/s|/mnt/nvme0n1/e3_work/3b_D2_subset_PRJNA762469_kingfisher_rep2/SRR15852406_1.fastq.gz

Status Legend:
(OK):download completed.
2026/07/18 10:44:31 AM INFO: MD5sum OK for SRR15852406_1.fastq.gz
2026/07/18 10:44:31 AM INFO: Downloading ftp.sra.ebi.ac.uk/vol1/fastq/SRR158/006/SRR15852406/SRR15852406_2.fastq.gz ..

07/18 10:44:31 [[1;32mNOTICE[0m] Downloading 1 item(s)
[#b9e400 0B/0B CN:1 DL:0B]
[#b9e400 0B/1.5GiB(0%) CN:5 DL:0B]
[#b9e400 80KiB/1.5GiB(0%) CN:5 DL:338KiB ETA:1h19m2s]
[#b9e400 10MiB/1.5GiB(0%) CN:5 DL:8.1MiB ETA:3m10s]
[#b9e400 51MiB/1.5GiB(3%) CN:5 DL:22MiB ETA:1m6s]
[#b9e400 114MiB/1.5GiB(7%) CN:5 DL:35MiB ETA:41s]
[#b9e400 159MiB/1.5GiB(10%) CN:5 DL:37MiB ETA:37s]
[#b9e400 210MiB/1.5GiB(13%) CN:5 DL:40MiB ETA:33s]
[#b9e400 282MiB/1.5GiB(17%) CN:5 DL:45MiB ETA:28s]
[#b9e400 346MiB/1.5GiB(22%) CN:5 DL:48MiB ETA:25s]
[#b9e400 402MiB/1.5GiB(25%) CN:5 DL:49MiB ETA:23s]
[#b9e400 453MiB/1.5GiB(28%) CN:5 DL:49MiB ETA:22s]
[#b9e400 506MiB/1.5GiB(32%) CN:5 DL:54MiB ETA:19s]
[#b9e400 554MiB/1.5GiB(35%) CN:5 DL:56MiB ETA:18s]
[#b9e400 598MiB/1.5GiB(38%) CN:5 DL:54MiB ETA:17s]
[#b9e400 634MiB/1.5GiB(40%) CN:5 DL:52MiB ETA:17s]
[#b9e400 666MiB/1.5GiB(42%) CN:5 DL:51MiB ETA:17s]
[#b9e400 709MiB/1.5GiB(45%) CN:5 DL:47MiB ETA:17s]
[#b9e400 745MiB/1.5GiB(47%) CN:5 DL:46MiB ETA:17s]
[#b9e400 779MiB/1.5GiB(49%) CN:5 DL:43MiB ETA:17s]
[#b9e400 808MiB/1.5GiB(51%) CN:5 DL:40MiB ETA:18s]
[#b9e400 852MiB/1.5GiB(54%) CN:5 DL:40MiB ETA:17s]
[#b9e400 892MiB/1.5GiB(56%) CN:5 DL:38MiB ETA:17s]
[#b9e400 0.9GiB/1.5GiB(59%) CN:5 DL:38MiB ETA:16s]
[#b9e400 0.9GiB/1.5GiB(62%) CN:5 DL:37MiB ETA:15s]
[#b9e400 0.9GiB/1.5GiB(64%) CN:5 DL:38MiB ETA:14s]
[#b9e400 1.0GiB/1.5GiB(66%) CN:5 DL:38MiB ETA:13s]
[#b9e400 1.0GiB/1.5GiB(69%) CN:5 DL:38MiB ETA:12s]
[#b9e400 1.1GiB/1.5GiB(72%) CN:5 DL:38MiB ETA:11s]
[#b9e400 1.1GiB/1.5GiB(74%) CN:5 DL:38MiB ETA:10s]
[#b9e400 1.1GiB/1.5GiB(76%) CN:5 DL:39MiB ETA:9s]
[#b9e400 1.1GiB/1.5GiB(78%) CN:5 DL:37MiB ETA:9s]
[#b9e400 1.2GiB/1.5GiB(79%) CN:5 DL:35MiB ETA:9s]
[#b9e400 1.2GiB/1.5GiB(80%) CN:5 DL:33MiB ETA:8s]
[#b9e400 1.2GiB/1.5GiB(82%) CN:5 DL:32MiB ETA:8s]
[#b9e400 1.2GiB/1.5GiB(83%) CN:5 DL:30MiB ETA:8s]
[#b9e400 1.2GiB/1.5GiB(84%) CN:5 DL:27MiB ETA:9s]
[#b9e400 1.2GiB/1.5GiB(84%) CN:5 DL:24MiB ETA:9s]
[#b9e400 1.3GiB/1.5GiB(86%) CN:5 DL:22MiB ETA:9s]
[#b9e400 1.3GiB/1.5GiB(88%) CN:5 DL:22MiB ETA:8s]
[#b9e400 1.3GiB/1.5GiB(90%) CN:5 DL:21MiB ETA:6s]
[#b9e400 1.4GiB/1.5GiB(93%) CN:5 DL:23MiB ETA:4s]
[#b9e400 1.4GiB/1.5GiB(94%) CN:3 DL:23MiB ETA:3s]
[#b9e400 1.4GiB/1.5GiB(95%) CN:3 DL:23MiB ETA:2s]
[#b9e400 1.4GiB/1.5GiB(96%) CN:2 DL:22MiB ETA:2s]
[#b9e400 1.4GiB/1.5GiB(97%) CN:2 DL:21MiB ETA:1s]
[#b9e400 1.4GiB/1.5GiB(97%) CN:2 DL:21MiB ETA:1s]
[#b9e400 1.4GiB/1.5GiB(97%) CN:2 DL:20MiB ETA:1s]
[#b9e400 1.4GiB/1.5GiB(97%) CN:2 DL:17MiB ETA:1s]
[#b9e400 1.5GiB/1.5GiB(98%) CN:1 DL:16MiB ETA:1s]
[#b9e400 1.5GiB/1.5GiB(98%) CN:1 DL:12MiB ETA:1s]
[#b9e400 1.5GiB/1.5GiB(98%) CN:1 DL:8.3MiB ETA:2s]
[#b9e400 1.5GiB/1.5GiB(98%) CN:1 DL:6.8MiB ETA:2s]
[#b9e400 1.5GiB/1.5GiB(99%) CN:1 DL:4.0MiB ETA:3s]
[#b9e400 1.5GiB/1.5GiB(99%) CN:1 DL:3.3MiB ETA:4s]
[#b9e400 1.5GiB/1.5GiB(99%) CN:1 DL:2.9MiB ETA:4s]
[#b9e400 1.5GiB/1.5GiB(99%) CN:1 DL:2.8MiB ETA:4s]
[#b9e400 1.5GiB/1.5GiB(99%) CN:1 DL:2.6MiB ETA:4s]
[#b9e400 1.5GiB/1.5GiB(99%) CN:1 DL:1.9MiB ETA:4s]

07/18 10:45:30 [[1;32mNOTICE[0m] Download complete: /mnt/nvme0n1/e3_work/3b_D2_subset_PRJNA762469_kingfisher_rep2/SRR15852406_2.fastq.gz

Download Results:
gid   |stat|avg speed  |path/URI
======+====+===========+=======================================================
b9e400|OK  |    27MiB/s|/mnt/nvme0n1/e3_work/3b_D2_subset_PRJNA762469_kingfisher_rep2/SRR15852406_2.fastq.gz

Status Legend:
(OK):download completed.
2026/07/18 10:45:33 AM INFO: MD5sum OK for SRR15852406_2.fastq.gz
2026/07/18 10:45:33 AM INFO: Verifying gzip file ./SRR15852406_1.fastq.gz ..
2026/07/18 10:45:57 AM INFO: Verifying gzip file ./SRR15852406_2.fastq.gz ..
2026/07/18 10:46:22 AM INFO: Method ena-ftp worked.
2026/07/18 10:46:22 AM INFO: Output files: ./SRR15852406_1.fastq.gz, ./SRR15852406_2.fastq.gz
2026/07/18 10:46:22 AM INFO: Attempting download method ena-ftp for run SRR15852407 ..
2026/07/18 10:46:22 AM INFO: Querying ENA for FTP paths for SRR15852407..
2026/07/18 10:46:23 AM INFO: Downloading ftp.sra.ebi.ac.uk/vol1/fastq/SRR158/007/SRR15852407/SRR15852407_1.fastq.gz ..

07/18 10:46:23 [[1;32mNOTICE[0m] Downloading 1 item(s)
[#0028e4 0B/0B CN:1 DL:0B]
[#0028e4 0B/1.1GiB(0%) CN:5 DL:0B]
[#0028e4 0B/1.1GiB(0%) CN:5 DL:137KiB ETA:2h26m34s]
[#0028e4 9.8MiB/1.1GiB(0%) CN:5 DL:8.9MiB ETA:2m11s]
[#0028e4 57MiB/1.1GiB(4%) CN:5 DL:27MiB ETA:41s]
[#0028e4 103MiB/1.1GiB(8%) CN:5 DL:33MiB ETA:32s]
[#0028e4 149MiB/1.1GiB(12%) CN:5 DL:36MiB ETA:28s]
[#0028e4 203MiB/1.1GiB(17%) CN:5 DL:39MiB ETA:24s]
[#0028e4 248MiB/1.1GiB(21%) CN:5 DL:40MiB ETA:22s]
[#0028e4 307MiB/1.1GiB(26%) CN:5 DL:43MiB ETA:20s]
[#0028e4 358MiB/1.1GiB(30%) CN:5 DL:44MiB ETA:18s]
[#0028e4 401MiB/1.1GiB(34%) CN:5 DL:44MiB ETA:17s]
[#0028e4 446MiB/1.1GiB(37%) CN:5 DL:48MiB ETA:15s]
[#0028e4 506MiB/1.1GiB(42%) CN:5 DL:50MiB ETA:13s]
[#0028e4 564MiB/1.1GiB(47%) CN:5 DL:51MiB ETA:11s]
[#0028e4 619MiB/1.1GiB(52%) CN:5 DL:52MiB ETA:10s]
[#0028e4 670MiB/1.1GiB(56%) CN:5 DL:52MiB ETA:9s]
[#0028e4 712MiB/1.1GiB(60%) CN:5 DL:51MiB ETA:9s]
[#0028e4 749MiB/1.1GiB(63%) CN:5 DL:49MiB ETA:8s]
[#0028e4 785MiB/1.1GiB(66%) CN:5 DL:48MiB ETA:8s]
[#0028e4 815MiB/1.1GiB(69%) CN:5 DL:45MiB ETA:7s]
[#0028e4 865MiB/1.1GiB(73%) CN:5 DL:46MiB ETA:6s]
[#0028e4 0.9GiB/1.1GiB(79%) CN:5 DL:49MiB ETA:4s]
[#0028e4 0.9GiB/1.1GiB(86%) CN:5 DL:51MiB ETA:3s]
[#0028e4 1.0GiB/1.1GiB(92%) CN:5 DL:52MiB ETA:1s]
[#0028e4 1.0GiB/1.1GiB(95%) CN:4 DL:50MiB ETA:1s]
[#0028e4 1.1GiB/1.1GiB(97%) CN:2 DL:47MiB]
[#0028e4 1.1GiB/1.1GiB(99%) CN:2 DL:45MiB]
[#0028e4 1.1GiB/1.1GiB(99%) CN:1 DL:41MiB]
[#0028e4 1.1GiB/1.1GiB(99%) CN:1 DL:38MiB]

07/18 10:46:54 [[1;32mNOTICE[0m] Download complete: /mnt/nvme0n1/e3_work/3b_D2_subset_PRJNA762469_kingfisher_rep2/SRR15852407_1.fastq.gz

Download Results:
gid   |stat|avg speed  |path/URI
======+====+===========+=======================================================
0028e4|OK  |    40MiB/s|/mnt/nvme0n1/e3_work/3b_D2_subset_PRJNA762469_kingfisher_rep2/SRR15852407_1.fastq.gz

Status Legend:
(OK):download completed.
2026/07/18 10:46:57 AM INFO: MD5sum OK for SRR15852407_1.fastq.gz
2026/07/18 10:46:57 AM INFO: Downloading ftp.sra.ebi.ac.uk/vol1/fastq/SRR158/007/SRR15852407/SRR15852407_2.fastq.gz ..

07/18 10:46:57 [[1;32mNOTICE[0m] Downloading 1 item(s)
[#39974e 0B/0B CN:1 DL:0B]
[#39974e 0B/1.1GiB(0%) CN:5 DL:0B]
[#39974e 4.2MiB/1.1GiB(0%) CN:5 DL:4.2MiB ETA:4m46s]
[#39974e 38MiB/1.1GiB(3%) CN:5 DL:19MiB ETA:1m]
[#39974e 171MiB/1.1GiB(14%) CN:5 DL:57MiB ETA:18s]
[#39974e 320MiB/1.1GiB(26%) CN:5 DL:80MiB ETA:11s]
[#39974e 432MiB/1.1GiB(35%) CN:5 DL:86MiB ETA:8s]
[#39974e 538MiB/1.1GiB(44%) CN:5 DL:90MiB ETA:7s]
[#39974e 628MiB/1.1GiB(51%) CN:5 DL:90MiB ETA:6s]
[#39974e 732MiB/1.1GiB(60%) CN:5 DL:92MiB ETA:5s]
[#39974e 830MiB/1.1GiB(68%) CN:5 DL:92MiB ETA:4s]
[#39974e 0.9GiB/1.1GiB(76%) CN:5 DL:92MiB ETA:3s]
[#39974e 0.9GiB/1.1GiB(82%) CN:5 DL:100MiB ETA:2s]
[#39974e 1.0GiB/1.1GiB(87%) CN:5 DL:103MiB ETA:1s]
[#39974e 1.0GiB/1.1GiB(90%) CN:5 DL:92MiB ETA:1s]
[#39974e 1.1GiB/1.1GiB(94%) CN:4 DL:82MiB]
[#39974e 1.1GiB/1.1GiB(97%) CN:2 DL:74MiB]

07/18 10:47:16 [[1;32mNOTICE[0m] Download complete: /mnt/nvme0n1/e3_work/3b_D2_subset_PRJNA762469_kingfisher_rep2/SRR15852407_2.fastq.gz

Download Results:
gid   |stat|avg speed  |path/URI
======+====+===========+=======================================================
39974e|OK  |    72MiB/s|/mnt/nvme0n1/e3_work/3b_D2_subset_PRJNA762469_kingfisher_rep2/SRR15852407_2.fastq.gz

Status Legend:
(OK):download completed.
2026/07/18 10:47:18 AM INFO: MD5sum OK for SRR15852407_2.fastq.gz
2026/07/18 10:47:18 AM INFO: Verifying gzip file ./SRR15852407_1.fastq.gz ..
2026/07/18 10:47:37 AM INFO: Verifying gzip file ./SRR15852407_2.fastq.gz ..
2026/07/18 10:47:56 AM INFO: Method ena-ftp worked.
2026/07/18 10:47:56 AM INFO: Output files: ./SRR15852407_1.fastq.gz, ./SRR15852407_2.fastq.gz
2026/07/18 10:47:56 AM INFO: Attempting download method ena-ftp for run SRR15852411 ..
2026/07/18 10:47:56 AM INFO: Querying ENA for FTP paths for SRR15852411..
2026/07/18 10:47:58 AM INFO: Downloading ftp.sra.ebi.ac.uk/vol1/fastq/SRR158/011/SRR15852411/SRR15852411_1.fastq.gz ..

07/18 10:47:58 [[1;32mNOTICE[0m] Downloading 1 item(s)
[#8e4229 0B/0B CN:1 DL:0B]
[#8e4229 0B/1.3GiB(0%) CN:5 DL:0B]
[#8e4229 1.5MiB/1.3GiB(0%) CN:5 DL:2.2MiB ETA:9m55s]
[#8e4229 8.5MiB/1.3GiB(0%) CN:5 DL:5.0MiB ETA:4m24s]
[#8e4229 50MiB/1.3GiB(3%) CN:5 DL:18MiB ETA:1m7s]
[#8e4229 128MiB/1.3GiB(9%) CN:5 DL:34MiB ETA:34s]
[#8e4229 185MiB/1.3GiB(13%) CN:5 DL:39MiB ETA:28s]
[#8e4229 248MiB/1.3GiB(18%) CN:5 DL:43MiB ETA:24s]
[#8e4229 316MiB/1.3GiB(23%) CN:5 DL:47MiB ETA:21s]
[#8e4229 374MiB/1.3GiB(28%) CN:5 DL:48MiB ETA:19s]
[#8e4229 429MiB/1.3GiB(32%) CN:5 DL:49MiB ETA:18s]
[#8e4229 484MiB/1.3GiB(36%) CN:5 DL:50MiB ETA:16s]
[#8e4229 513MiB/1.3GiB(38%) CN:5 DL:52MiB ETA:15s]
[#8e4229 556MiB/1.3GiB(41%) CN:5 DL:55MiB ETA:13s]
[#8e4229 601MiB/1.3GiB(45%) CN:5 DL:54MiB ETA:13s]
[#8e4229 649MiB/1.3GiB(48%) CN:5 DL:51MiB ETA:13s]
[#8e4229 700MiB/1.3GiB(52%) CN:5 DL:51MiB ETA:12s]
[#8e4229 744MiB/1.3GiB(55%) CN:5 DL:48MiB ETA:12s]
[#8e4229 784MiB/1.3GiB(58%) CN:5 DL:46MiB ETA:11s]
[#8e4229 817MiB/1.3GiB(61%) CN:5 DL:43MiB ETA:11s]
[#8e4229 859MiB/1.3GiB(64%) CN:5 DL:42MiB ETA:11s]
[#8e4229 920MiB/1.3GiB(68%) CN:5 DL:44MiB ETA:9s]
[#8e4229 0.9GiB/1.3GiB(73%) CN:5 DL:47MiB ETA:7s]
[#8e4229 1.0GiB/1.3GiB(80%) CN:5 DL:52MiB ETA:5s]
[#8e4229 1.0GiB/1.3GiB(83%) CN:5 DL:51MiB ETA:4s]
[#8e4229 1.1GiB/1.3GiB(86%) CN:5 DL:50MiB ETA:3s]
[#8e4229 1.1GiB/1.3GiB(87%) CN:5 DL:46MiB ETA:3s]
[#8e4229 1.1GiB/1.3GiB(89%) CN:5 DL:45MiB ETA:3s]
[#8e4229 1.1GiB/1.3GiB(91%) CN:5 DL:44MiB ETA:2s]
[#8e4229 1.2GiB/1.3GiB(93%) CN:4 DL:43MiB ETA:2s]
[#8e4229 1.2GiB/1.3GiB(95%) CN:4 DL:41MiB ETA:1s]
[#8e4229 1.2GiB/1.3GiB(97%) CN:2 DL:36MiB]
[#8e4229 1.2GiB/1.3GiB(97%) CN:2 DL:28MiB ETA:1s]
[#8e4229 1.2GiB/1.3GiB(97%) CN:2 DL:21MiB ETA:1s]
[#8e4229 1.2GiB/1.3GiB(98%) CN:2 DL:18MiB ETA:1s]
[#8e4229 1.2GiB/1.3GiB(99%) CN:2 DL:18MiB]
[#8e4229 1.3GiB/1.3GiB(99%) CN:1 DL:16MiB]

07/18 10:48:36 [[1;32mNOTICE[0m] Download complete: /mnt/nvme0n1/e3_work/3b_D2_subset_PRJNA762469_kingfisher_rep2/SRR15852411_1.fastq.gz

Download Results:
gid   |stat|avg speed  |path/URI
======+====+===========+=======================================================
8e4229|OK  |    36MiB/s|/mnt/nvme0n1/e3_work/3b_D2_subset_PRJNA762469_kingfisher_rep2/SRR15852411_1.fastq.gz

Status Legend:
(OK):download completed.
2026/07/18 10:48:38 AM INFO: MD5sum OK for SRR15852411_1.fastq.gz
2026/07/18 10:48:38 AM INFO: Downloading ftp.sra.ebi.ac.uk/vol1/fastq/SRR158/011/SRR15852411/SRR15852411_2.fastq.gz ..

07/18 10:48:38 [[1;32mNOTICE[0m] Downloading 1 item(s)
[#498a36 0B/0B CN:1 DL:0B]
[#498a36 0B/1.3GiB(0%) CN:5 DL:1.0MiB ETA:21m36s]
[#498a36 6.4MiB/1.3GiB(0%) CN:5 DL:6.3MiB ETA:3m36s]
[#498a36 52MiB/1.3GiB(3%) CN:5 DL:26MiB ETA:50s]
[#498a36 166MiB/1.3GiB(12%) CN:5 DL:55MiB ETA:21s]
[#498a36 311MiB/1.3GiB(22%) CN:5 DL:77MiB ETA:13s]
[#498a36 448MiB/1.3GiB(32%) CN:5 DL:89MiB ETA:10s]
[#498a36 576MiB/1.3GiB(41%) CN:5 DL:96MiB ETA:8s]
[#498a36 677MiB/1.3GiB(49%) CN:5 DL:97MiB ETA:7s]
[#498a36 759MiB/1.3GiB(55%) CN:5 DL:95MiB ETA:6s]
[#498a36 824MiB/1.3GiB(59%) CN:5 DL:92MiB ETA:6s]
[#498a36 875MiB/1.3GiB(63%) CN:5 DL:87MiB ETA:5s]
[#498a36 0.9GiB/1.3GiB(69%) CN:5 DL:97MiB ETA:4s]
[#498a36 1.0GiB/1.3GiB(77%) CN:5 DL:102MiB ETA:3s]
[#498a36 1.1GiB/1.3GiB(85%) CN:5 DL:102MiB ETA:1s]
[#498a36 1.2GiB/1.3GiB(90%) CN:5 DL:94MiB ETA:1s]
[#498a36 1.2GiB/1.3GiB(95%) CN:3 DL:86MiB]
[#498a36 1.2GiB/1.3GiB(96%) CN:2 DL:75MiB]
[#498a36 1.3GiB/1.3GiB(98%) CN:2 DL:68MiB]
[#498a36 1.3GiB/1.3GiB(99%) CN:1 DL:60MiB]

07/18 10:49:00 [[1;32mNOTICE[0m] Download complete: /mnt/nvme0n1/e3_work/3b_D2_subset_PRJNA762469_kingfisher_rep2/SRR15852411_2.fastq.gz

Download Results:
gid   |stat|avg speed  |path/URI
======+====+===========+=======================================================
498a36|OK  |    71MiB/s|/mnt/nvme0n1/e3_work/3b_D2_subset_PRJNA762469_kingfisher_rep2/SRR15852411_2.fastq.gz

Status Legend:
(OK):download completed.
2026/07/18 10:49:03 AM INFO: MD5sum OK for SRR15852411_2.fastq.gz
2026/07/18 10:49:03 AM INFO: Verifying gzip file ./SRR15852411_1.fastq.gz ..
2026/07/18 10:49:23 AM INFO: Verifying gzip file ./SRR15852411_2.fastq.gz ..
2026/07/18 10:49:45 AM INFO: Method ena-ftp worked.
2026/07/18 10:49:45 AM INFO: Output files: ./SRR15852411_1.fastq.gz, ./SRR15852411_2.fastq.gz
2026/07/18 10:49:45 AM INFO: Attempting download method ena-ftp for run SRR15852415 ..
2026/07/18 10:49:45 AM INFO: Querying ENA for FTP paths for SRR15852415..
2026/07/18 10:49:46 AM INFO: Downloading ftp.sra.ebi.ac.uk/vol1/fastq/SRR158/015/SRR15852415/SRR15852415_1.fastq.gz ..

07/18 10:49:46 [[1;32mNOTICE[0m] Downloading 1 item(s)
[#94b183 0B/0B CN:1 DL:0B]
[#94b183 0B/1.8GiB(0%) CN:5 DL:0B]
[#94b183 8.9MiB/1.8GiB(0%) CN:5 DL:9.2MiB ETA:3m19s]
[#94b183 37MiB/1.8GiB(2%) CN:5 DL:18MiB ETA:1m36s]
[#94b183 141MiB/1.8GiB(7%) CN:5 DL:47MiB ETA:35s]
[#94b183 278MiB/1.8GiB(15%) CN:5 DL:70MiB ETA:22s]
[#94b183 401MiB/1.8GiB(21%) CN:5 DL:81MiB ETA:17s]
[#94b183 521MiB/1.8GiB(28%) CN:5 DL:87MiB ETA:15s]
[#94b183 632MiB/1.8GiB(34%) CN:5 DL:91MiB ETA:13s]
[#94b183 735MiB/1.8GiB(39%) CN:5 DL:92MiB ETA:12s]
[#94b183 834MiB/1.8GiB(44%) CN:5 DL:93MiB ETA:10s]
[#94b183 903MiB/1.8GiB(48%) CN:5 DL:91MiB ETA:10s]
[#94b183 0.9GiB/1.8GiB(50%) CN:5 DL:95MiB ETA:9s]
[#94b183 0.9GiB/1.8GiB(52%) CN:5 DL:95MiB ETA:9s]
[#94b183 0.9GiB/1.8GiB(54%) CN:5 DL:88MiB ETA:9s]
[#94b183 1.0GiB/1.8GiB(58%) CN:5 DL:81MiB ETA:9s]
[#94b183 1.1GiB/1.8GiB(62%) CN:5 DL:76MiB ETA:8s]
[#94b183 1.1GiB/1.8GiB(66%) CN:5 DL:70MiB ETA:8s]
[#94b183 1.2GiB/1.8GiB(68%) CN:5 DL:64MiB ETA:9s]
[#94b183 1.2GiB/1.8GiB(70%) CN:5 DL:56MiB ETA:9s]
[#94b183 1.3GiB/1.8GiB(71%) CN:5 DL:49MiB ETA:10s]
[#94b183 1.3GiB/1.8GiB(73%) CN:5 DL:46MiB ETA:10s]
[#94b183 1.3GiB/1.8GiB(75%) CN:5 DL:46MiB ETA:9s]
[#94b183 1.3GiB/1.8GiB(77%) CN:5 DL:46MiB ETA:9s]
[#94b183 1.4GiB/1.8GiB(78%) CN:5 DL:43MiB ETA:8s]
[#94b183 1.4GiB/1.8GiB(80%) CN:5 DL:39MiB ETA:9s]
[#94b183 1.4GiB/1.8GiB(82%) CN:5 DL:35MiB ETA:9s]
[#94b183 1.5GiB/1.8GiB(83%) CN:5 DL:32MiB ETA:9s]
[#94b183 1.5GiB/1.8GiB(85%) CN:5 DL:30MiB ETA:8s]
[#94b183 1.6GiB/1.8GiB(88%) CN:5 DL:34MiB ETA:5s]
[#94b183 1.6GiB/1.8GiB(93%) CN:5 DL:40MiB ETA:2s]
[#94b183 1.7GiB/1.8GiB(96%) CN:3 DL:43MiB ETA:1s]
[#94b183 1.7GiB/1.8GiB(97%) CN:2 DL:41MiB ETA:1s]
[#94b183 1.7GiB/1.8GiB(97%) CN:2 DL:38MiB ETA:1s]
[#94b183 1.7GiB/1.8GiB(98%) CN:2 DL:37MiB]
[#94b183 1.7GiB/1.8GiB(99%) CN:1 DL:34MiB]
[#94b183 1.7GiB/1.8GiB(99%) CN:1 DL:30MiB]
[#94b183 1.8GiB/1.8GiB(99%) CN:1 DL:28MiB]

07/18 10:50:24 [[1;32mNOTICE[0m] Download complete: /mnt/nvme0n1/e3_work/3b_D2_subset_PRJNA762469_kingfisher_rep2/SRR15852415_1.fastq.gz

Download Results:
gid   |stat|avg speed  |path/URI
======+====+===========+=======================================================
94b183|OK  |    50MiB/s|/mnt/nvme0n1/e3_work/3b_D2_subset_PRJNA762469_kingfisher_rep2/SRR15852415_1.fastq.gz

Status Legend:
(OK):download completed.
2026/07/18 10:50:27 AM INFO: MD5sum OK for SRR15852415_1.fastq.gz
2026/07/18 10:50:27 AM INFO: Downloading ftp.sra.ebi.ac.uk/vol1/fastq/SRR158/015/SRR15852415/SRR15852415_2.fastq.gz ..

07/18 10:50:27 [[1;32mNOTICE[0m] Downloading 1 item(s)
[#a75384 0B/0B CN:1 DL:0B]
[#a75384 0B/1.8GiB(0%) CN:5 DL:0B]
[#a75384 6.5MiB/1.8GiB(0%) CN:5 DL:7.1MiB ETA:4m25s]
[#a75384 40MiB/1.8GiB(2%) CN:5 DL:21MiB ETA:1m26s]
[#a75384 185MiB/1.8GiB(9%) CN:5 DL:64MiB ETA:26s]
[#a75384 316MiB/1.8GiB(16%) CN:5 DL:81MiB ETA:19s]
[#a75384 429MiB/1.8GiB(22%) CN:5 DL:88MiB ETA:16s]
[#a75384 537MiB/1.8GiB(28%) CN:5 DL:91MiB ETA:15s]
[#a75384 581MiB/1.8GiB(30%) CN:5 DL:84MiB ETA:15s]
[#a75384 621MiB/1.8GiB(32%) CN:5 DL:78MiB ETA:16s]
[#a75384 664MiB/1.8GiB(34%) CN:5 DL:74MiB ETA:16s]
[#a75384 706MiB/1.8GiB(37%) CN:5 DL:71MiB ETA:16s]
[#a75384 751MiB/1.8GiB(39%) CN:5 DL:75MiB ETA:15s]
[#a75384 791MiB/1.8GiB(41%) CN:5 DL:75MiB ETA:14s]
[#a75384 831MiB/1.8GiB(43%) CN:5 DL:64MiB ETA:16s]
[#a75384 874MiB/1.8GiB(45%) CN:5 DL:54MiB ETA:19s]
[#a75384 0.9GiB/1.8GiB(48%) CN:5 DL:48MiB ETA:20s]
[#a75384 0.9GiB/1.8GiB(51%) CN:5 DL:44MiB ETA:20s]
[#a75384 1.0GiB/1.8GiB(53%) CN:5 DL:44MiB ETA:19s]
[#a75384 1.0GiB/1.8GiB(55%) CN:5 DL:44MiB ETA:18s]
[#a75384 1.0GiB/1.8GiB(58%) CN:5 DL:45MiB ETA:17s]
[#a75384 1.1GiB/1.8GiB(60%) CN:5 DL:45MiB ETA:16s]
[#a75384 1.1GiB/1.8GiB(62%) CN:5 DL:45MiB ETA:15s]
[#a75384 1.2GiB/1.8GiB(64%) CN:5 DL:44MiB ETA:15s]
[#a75384 1.2GiB/1.8GiB(67%) CN:5 DL:46MiB ETA:13s]
[#a75384 1.2GiB/1.8GiB(69%) CN:5 DL:46MiB ETA:12s]
[#a75384 1.3GiB/1.8GiB(71%) CN:5 DL:44MiB ETA:12s]
[#a75384 1.3GiB/1.8GiB(73%) CN:5 DL:42MiB ETA:11s]
[#a75384 1.4GiB/1.8GiB(75%) CN:5 DL:42MiB ETA:10s]
[#a75384 1.4GiB/1.8GiB(77%) CN:5 DL:41MiB ETA:10s]
[#a75384 1.4GiB/1.8GiB(79%) CN:5 DL:40MiB ETA:9s]
[#a75384 1.5GiB/1.8GiB(81%) CN:5 DL:39MiB ETA:8s]
[#a75384 1.5GiB/1.8GiB(82%) CN:5 DL:38MiB ETA:8s]
[#a75384 1.5GiB/1.8GiB(84%) CN:5 DL:37MiB ETA:7s]
[#a75384 1.6GiB/1.8GiB(86%) CN:5 DL:35MiB ETA:7s]
[#a75384 1.6GiB/1.8GiB(89%) CN:5 DL:37MiB ETA:5s]
[#a75384 1.7GiB/1.8GiB(91%) CN:5 DL:38MiB ETA:4s]
[#a75384 1.7GiB/1.8GiB(93%) CN:5 DL:37MiB ETA:3s]
[#a75384 1.7GiB/1.8GiB(96%) CN:4 DL:39MiB ETA:1s]
[#a75384 1.8GiB/1.8GiB(96%) CN:3 DL:36MiB ETA:1s]
[#a75384 1.8GiB/1.8GiB(97%) CN:3 DL:33MiB ETA:1s]
[#a75384 1.8GiB/1.8GiB(98%) CN:2 DL:33MiB]
[#a75384 1.8GiB/1.8GiB(98%) CN:2 DL:30MiB]
[#a75384 1.8GiB/1.8GiB(99%) CN:1 DL:29MiB]

07/18 10:51:12 [[1;32mNOTICE[0m] Download complete: /mnt/nvme0n1/e3_work/3b_D2_subset_PRJNA762469_kingfisher_rep2/SRR15852415_2.fastq.gz

Download Results:
gid   |stat|avg speed  |path/URI
======+====+===========+=======================================================
a75384|OK  |    44MiB/s|/mnt/nvme0n1/e3_work/3b_D2_subset_PRJNA762469_kingfisher_rep2/SRR15852415_2.fastq.gz

Status Legend:
(OK):download completed.
2026/07/18 10:51:15 AM INFO: MD5sum OK for SRR15852415_2.fastq.gz
2026/07/18 10:51:15 AM INFO: Verifying gzip file ./SRR15852415_1.fastq.gz ..
2026/07/18 10:51:44 AM INFO: Verifying gzip file ./SRR15852415_2.fastq.gz ..
2026/07/18 10:52:15 AM INFO: Method ena-ftp worked.
2026/07/18 10:52:15 AM INFO: Output files: ./SRR15852415_1.fastq.gz, ./SRR15852415_2.fastq.gz
2026/07/18 10:52:15 AM INFO: Attempting download method ena-ftp for run SRR15852425 ..
2026/07/18 10:52:15 AM INFO: Querying ENA for FTP paths for SRR15852425..
2026/07/18 10:52:16 AM INFO: Downloading ftp.sra.ebi.ac.uk/vol1/fastq/SRR158/025/SRR15852425/SRR15852425_1.fastq.gz ..

07/18 10:52:16 [[1;32mNOTICE[0m] Downloading 1 item(s)
[#8526bc 0B/0B CN:1 DL:0B]
[#8526bc 0B/0B CN:1 DL:0B]
[#8526bc 0B/0B CN:1 DL:0B]
[#8526bc 0B/0B CN:1 DL:0B]
[#8526bc 0B/1.7GiB(0%) CN:5 DL:0B]
[#8526bc 192KiB/1.7GiB(0%) CN:5 DL:515KiB ETA:59m31s]
[#8526bc 22MiB/1.7GiB(1%) CN:5 DL:16MiB ETA:1m50s]
[#8526bc 72MiB/1.7GiB(4%) CN:5 DL:30MiB ETA:56s]
[#8526bc 204MiB/1.7GiB(11%) CN:5 DL:60MiB ETA:26s]
[#8526bc 368MiB/1.7GiB(20%) CN:5 DL:84MiB ETA:16s]
[#8526bc 471MiB/1.7GiB(26%) CN:5 DL:87MiB ETA:15s]
[#8526bc 505MiB/1.7GiB(28%) CN:5 DL:79MiB ETA:16s]
[#8526bc 537MiB/1.7GiB(29%) CN:5 DL:73MiB ETA:17s]
[#8526bc 570MiB/1.7GiB(31%) CN:5 DL:68MiB ETA:17s]
[#8526bc 614MiB/1.7GiB(34%) CN:5 DL:65MiB ETA:18s]
[#8526bc 667MiB/1.7GiB(37%) CN:5 DL:70MiB ETA:15s]
[#8526bc 720MiB/1.7GiB(40%) CN:5 DL:71MiB ETA:14s]
[#8526bc 769MiB/1.7GiB(42%) CN:5 DL:66MiB ETA:15s]
[#8526bc 802MiB/1.7GiB(44%) CN:5 DL:51MiB ETA:19s]
[#8526bc 828MiB/1.7GiB(46%) CN:5 DL:39MiB ETA:24s]
[#8526bc 862MiB/1.7GiB(47%) CN:5 DL:39MiB ETA:23s]
[#8526bc 897MiB/1.7GiB(49%) CN:5 DL:39MiB ETA:22s]
[#8526bc 0.9GiB/1.7GiB(51%) CN:5 DL:39MiB ETA:21s]
[#8526bc 0.9GiB/1.7GiB(53%) CN:5 DL:38MiB ETA:21s]
[#8526bc 0.9GiB/1.7GiB(54%) CN:5 DL:35MiB ETA:22s]
[#8526bc 0.9GiB/1.7GiB(56%) CN:5 DL:32MiB ETA:24s]
[#8526bc 1.0GiB/1.7GiB(57%) CN:5 DL:30MiB ETA:24s]
[#8526bc 1.0GiB/1.7GiB(61%) CN:5 DL:33MiB ETA:21s]
[#8526bc 1.1GiB/1.7GiB(64%) CN:5 DL:36MiB ETA:17s]
[#8526bc 1.1GiB/1.7GiB(67%) CN:5 DL:38MiB ETA:15s]
[#8526bc 1.2GiB/1.7GiB(70%) CN:5 DL:40MiB ETA:13s]
[#8526bc 1.2GiB/1.7GiB(72%) CN:5 DL:41MiB ETA:12s]
[#8526bc 1.3GiB/1.7GiB(75%) CN:5 DL:43MiB ETA:10s]
[#8526bc 1.3GiB/1.7GiB(77%) CN:5 DL:45MiB ETA:8s]
[#8526bc 1.3GiB/1.7GiB(79%) CN:5 DL:46MiB ETA:8s]
[#8526bc 1.4GiB/1.7GiB(81%) CN:5 DL:46MiB ETA:7s]
[#8526bc 1.4GiB/1.7GiB(84%) CN:5 DL:46MiB ETA:6s]
[#8526bc 1.5GiB/1.7GiB(87%) CN:5 DL:46MiB ETA:4s]
[#8526bc 1.5GiB/1.7GiB(88%) CN:5 DL:42MiB ETA:4s]
[#8526bc 1.5GiB/1.7GiB(89%) CN:5 DL:40MiB ETA:4s]
[#8526bc 1.5GiB/1.7GiB(91%) CN:5 DL:37MiB ETA:4s]
[#8526bc 1.6GiB/1.7GiB(92%) CN:5 DL:36MiB ETA:3s]
[#8526bc 1.6GiB/1.7GiB(95%) CN:4 DL:36MiB ETA:2s]
[#8526bc 1.7GiB/1.7GiB(97%) CN:2 DL:35MiB ETA:1s]
[#8526bc 1.7GiB/1.7GiB(97%) CN:2 DL:32MiB ETA:1s]
[#8526bc 1.7GiB/1.7GiB(97%) CN:2 DL:29MiB ETA:1s]
[#8526bc 1.7GiB/1.7GiB(97%) CN:2 DL:20MiB ETA:1s]
[#8526bc 1.7GiB/1.7GiB(97%) CN:2 DL:17MiB ETA:2s]
[#8526bc 1.7GiB/1.7GiB(97%) CN:1 DL:14MiB ETA:2s]
[#8526bc 1.7GiB/1.7GiB(97%) CN:1 DL:12MiB ETA:3s]
[#8526bc 1.7GiB/1.7GiB(97%) CN:1 DL:9.9MiB ETA:3s]
[#8526bc 1.7GiB/1.7GiB(97%) CN:1 DL:3.9MiB ETA:9s]
[#8526bc 1.7GiB/1.7GiB(97%) CN:1 DL:1.2MiB ETA:31s]
[#8526bc 1.7GiB/1.7GiB(97%) CN:1 DL:785KiB ETA:49s]
[#8526bc 1.7GiB/1.7GiB(97%) CN:1 DL:294KiB ETA:2m10s]
[#8526bc 1.7GiB/1.7GiB(97%) CN:1 DL:268KiB ETA:2m23s]
[#8526bc 1.7GiB/1.7GiB(97%) CN:1 DL:238KiB ETA:2m41s]
[#8526bc 1.7GiB/1.7GiB(97%) CN:1 DL:308KiB ETA:2m4s]
 *** Download Progress Summary as of Sat Jul 18 10:53:16 2026 *** 
===============================================================================
[#8526bc 1.7GiB/1.7GiB(97%) CN:1 DL:90KiB ETA:7m5s]
FILE: /mnt/nvme0n1/e3_work/3b_D2_subset_PRJNA762469_kingfisher_rep2/SRR15852425_1.fastq.gz
-------------------------------------------------------------------------------

[#8526bc 1.7GiB/1.7GiB(97%) CN:1 DL:90KiB ETA:7m5s]
[#8526bc 1.7GiB/1.7GiB(97%) CN:1 DL:52KiB ETA:12m7s]
[#8526bc 1.7GiB/1.7GiB(97%) CN:1 DL:37KiB ETA:17m8s]
[#8526bc 1.7GiB/1.7GiB(97%) CN:1 DL:28KiB ETA:22m9s]
[#8526bc 1.7GiB/1.7GiB(97%) CN:1 DL:23KiB ETA:27m9s]
[#8526bc 1.7GiB/1.7GiB(97%) CN:1 DL:19KiB ETA:32m10s]
[#8526bc 1.7GiB/1.7GiB(97%) CN:1 DL:17KiB ETA:37m11s]
[#8526bc 1.7GiB/1.7GiB(97%) CN:1 DL:15KiB ETA:42m12s]
[#8526bc 1.7GiB/1.7GiB(97%) CN:1 DL:13KiB ETA:47m13s]
[#8526bc 1.7GiB/1.7GiB(97%) CN:1 DL:0B]
[#8526bc 1.7GiB/1.7GiB(97%) CN:1 DL:0B]
[#8526bc 1.7GiB/1.7GiB(97%) CN:1 DL:0B]
[#8526bc 1.7GiB/1.7GiB(97%) CN:1 DL:0B]
[#8526bc 1.7GiB/1.7GiB(97%) CN:1 DL:0B]
[#8526bc 1.7GiB/1.7GiB(97%) CN:1 DL:0B]
[#8526bc 1.7GiB/1.7GiB(97%) CN:1 DL:0B]
[#8526bc 1.7GiB/1.7GiB(97%) CN:1 DL:0B]
[#8526bc 1.7GiB/1.7GiB(97%) CN:1 DL:0B]
[#8526bc 1.7GiB/1.7GiB(97%) CN:1 DL:525KiB ETA:1m12s]
[#8526bc 1.7GiB/1.7GiB(98%) CN:1 DL:11MiB ETA:1s]

07/18 10:53:37 [[1;32mNOTICE[0m] Download complete: /mnt/nvme0n1/e3_work/3b_D2_subset_PRJNA762469_kingfisher_rep2/SRR15852425_1.fastq.gz

Download Results:
gid   |stat|avg speed  |path/URI
======+====+===========+=======================================================
8526bc|OK  |    23MiB/s|/mnt/nvme0n1/e3_work/3b_D2_subset_PRJNA762469_kingfisher_rep2/SRR15852425_1.fastq.gz

Status Legend:
(OK):download completed.
2026/07/18 10:53:40 AM INFO: MD5sum OK for SRR15852425_1.fastq.gz
2026/07/18 10:53:40 AM INFO: Downloading ftp.sra.ebi.ac.uk/vol1/fastq/SRR158/025/SRR15852425/SRR15852425_2.fastq.gz ..

07/18 10:53:40 [[1;32mNOTICE[0m] Downloading 1 item(s)
[#658d63 0B/0B CN:1 DL:0B]
[#658d63 16KiB/1.7GiB(0%) CN:5 DL:191KiB ETA:2h43m35s]
[#658d63 336KiB/1.7GiB(0%) CN:5 DL:316KiB ETA:1h38m45s]
[#658d63 5.2MiB/1.7GiB(0%) CN:5 DL:2.5MiB ETA:12m10s]
[#658d63 86MiB/1.7GiB(4%) CN:5 DL:28MiB ETA:1m2s]
[#658d63 115MiB/1.7GiB(6%) CN:5 DL:28MiB ETA:1m]
[#658d63 156MiB/1.7GiB(8%) CN:5 DL:30MiB ETA:54s]
[#658d63 203MiB/1.7GiB(11%) CN:5 DL:33MiB ETA:48s]
[#658d63 252MiB/1.7GiB(13%) CN:5 DL:35MiB ETA:44s]
[#658d63 308MiB/1.7GiB(16%) CN:5 DL:38MiB ETA:39s]
[#658d63 362MiB/1.7GiB(19%) CN:5 DL:39MiB ETA:36s]
[#658d63 405MiB/1.7GiB(22%) CN:5 DL:44MiB ETA:31s]
[#658d63 448MiB/1.7GiB(24%) CN:5 DL:49MiB ETA:28s]
[#658d63 503MiB/1.7GiB(27%) CN:5 DL:46MiB ETA:28s]
[#658d63 558MiB/1.7GiB(30%) CN:5 DL:49MiB ETA:25s]
[#658d63 614MiB/1.7GiB(33%) CN:5 DL:51MiB ETA:23s]
[#658d63 674MiB/1.7GiB(36%) CN:5 DL:52MiB ETA:22s]
[#658d63 731MiB/1.7GiB(39%) CN:5 DL:53MiB ETA:20s]
[#658d63 791MiB/1.7GiB(43%) CN:5 DL:54MiB ETA:19s]
[#658d63 843MiB/1.7GiB(46%) CN:5 DL:53MiB ETA:18s]
[#658d63 885MiB/1.7GiB(48%) CN:5 DL:52MiB ETA:17s]
[#658d63 0.9GiB/1.7GiB(50%) CN:5 DL:52MiB ETA:17s]
[#658d63 0.9GiB/1.7GiB(54%) CN:5 DL:54MiB ETA:15s]
[#658d63 1.0GiB/1.7GiB(57%) CN:5 DL:56MiB ETA:13s]
[#658d63 1.1GiB/1.7GiB(62%) CN:5 DL:58MiB ETA:11s]
[#658d63 1.1GiB/1.7GiB(65%) CN:5 DL:59MiB ETA:10s]
[#658d63 1.2GiB/1.7GiB(68%) CN:5 DL:57MiB ETA:10s]
[#658d63 1.2GiB/1.7GiB(70%) CN:5 DL:55MiB ETA:9s]
[#658d63 1.2GiB/1.7GiB(72%) CN:5 DL:53MiB ETA:9s]
[#658d63 1.3GiB/1.7GiB(75%) CN:5 DL:54MiB ETA:8s]
[#658d63 1.4GiB/1.7GiB(79%) CN:5 DL:57MiB ETA:6s]
[#658d63 1.4GiB/1.7GiB(82%) CN:5 DL:58MiB ETA:5s]
[#658d63 1.4GiB/1.7GiB(83%) CN:5 DL:54MiB ETA:5s]
[#658d63 1.5GiB/1.7GiB(85%) CN:5 DL:49MiB ETA:5s]
[#658d63 1.5GiB/1.7GiB(87%) CN:5 DL:47MiB ETA:4s]
[#658d63 1.6GiB/1.7GiB(91%) CN:5 DL:46MiB ETA:3s]
[#658d63 1.6GiB/1.7GiB(92%) CN:5 DL:44MiB ETA:3s]
[#658d63 1.6GiB/1.7GiB(92%) CN:5 DL:42MiB ETA:3s]
[#658d63 1.6GiB/1.7GiB(94%) CN:5 DL:39MiB ETA:2s]
[#658d63 1.7GiB/1.7GiB(96%) CN:5 DL:38MiB ETA:1s]
[#658d63 1.7GiB/1.7GiB(98%) CN:2 DL:34MiB]
[#658d63 1.7GiB/1.7GiB(98%) CN:2 DL:30MiB]
[#658d63 1.7GiB/1.7GiB(99%) CN:1 DL:29MiB]

07/18 10:54:24 [[1;32mNOTICE[0m] Download complete: /mnt/nvme0n1/e3_work/3b_D2_subset_PRJNA762469_kingfisher_rep2/SRR15852425_2.fastq.gz

Download Results:
gid   |stat|avg speed  |path/URI
======+====+===========+=======================================================
658d63|OK  |    43MiB/s|/mnt/nvme0n1/e3_work/3b_D2_subset_PRJNA762469_kingfisher_rep2/SRR15852425_2.fastq.gz

Status Legend:
(OK):download completed.
2026/07/18 10:54:27 AM INFO: MD5sum OK for SRR15852425_2.fastq.gz
2026/07/18 10:54:27 AM INFO: Verifying gzip file ./SRR15852425_1.fastq.gz ..
2026/07/18 10:54:53 AM INFO: Verifying gzip file ./SRR15852425_2.fastq.gz ..
2026/07/18 10:55:22 AM INFO: Method ena-ftp worked.
2026/07/18 10:55:22 AM INFO: Output files: ./SRR15852425_1.fastq.gz, ./SRR15852425_2.fastq.gz
2026/07/18 10:55:22 AM INFO: Attempting download method ena-ftp for run SRR15852430 ..
2026/07/18 10:55:22 AM INFO: Querying ENA for FTP paths for SRR15852430..
2026/07/18 10:55:23 AM INFO: Downloading ftp.sra.ebi.ac.uk/vol1/fastq/SRR158/030/SRR15852430/SRR15852430_1.fastq.gz ..

07/18 10:55:23 [[1;32mNOTICE[0m] Downloading 1 item(s)
[#ff862b 0B/0B CN:1 DL:0B]
[#ff862b 0B/1.8GiB(0%) CN:5 DL:0B]
[#ff862b 7.4MiB/1.8GiB(0%) CN:5 DL:7.5MiB ETA:4m8s]
[#ff862b 52MiB/1.8GiB(2%) CN:5 DL:26MiB ETA:1m8s]
[#ff862b 190MiB/1.8GiB(10%) CN:5 DL:64MiB ETA:26s]
[#ff862b 308MiB/1.8GiB(16%) CN:5 DL:77MiB ETA:20s]
[#ff862b 402MiB/1.8GiB(21%) CN:5 DL:81MiB ETA:18s]
[#ff862b 473MiB/1.8GiB(25%) CN:5 DL:79MiB ETA:17s]
[#ff862b 505MiB/1.8GiB(26%) CN:5 DL:72MiB ETA:18s]
[#ff862b 535MiB/1.8GiB(28%) CN:5 DL:67MiB ETA:19s]
[#ff862b 566MiB/1.8GiB(30%) CN:5 DL:63MiB ETA:20s]
[#ff862b 598MiB/1.8GiB(31%) CN:5 DL:60MiB ETA:21s]
[#ff862b 629MiB/1.8GiB(33%) CN:5 DL:63MiB ETA:19s]
[#ff862b 660MiB/1.8GiB(35%) CN:5 DL:60MiB ETA:20s]
[#ff862b 694MiB/1.8GiB(36%) CN:5 DL:49MiB ETA:23s]
[#ff862b 733MiB/1.8GiB(39%) CN:5 DL:41MiB ETA:27s]
[#ff862b 771MiB/1.8GiB(41%) CN:5 DL:36MiB ETA:30s]
[#ff862b 800MiB/1.8GiB(42%) CN:5 DL:32MiB ETA:33s]
[#ff862b 821MiB/1.8GiB(43%) CN:5 DL:31MiB ETA:33s]
[#ff862b 828MiB/1.8GiB(44%) CN:5 DL:29MiB ETA:35s]
[#ff862b 833MiB/1.8GiB(44%) CN:5 DL:26MiB ETA:38s]
[#ff862b 851MiB/1.8GiB(45%) CN:5 DL:25MiB ETA:40s]
[#ff862b 875MiB/1.8GiB(46%) CN:5 DL:24MiB ETA:40s]
[#ff862b 908MiB/1.8GiB(48%) CN:5 DL:24MiB ETA:38s]
[#ff862b 0.9GiB/1.8GiB(49%) CN:5 DL:22MiB ETA:42s]
[#ff862b 0.9GiB/1.8GiB(50%) CN:5 DL:21MiB ETA:44s]
[#ff862b 0.9GiB/1.8GiB(50%) CN:5 DL:18MiB ETA:50s]
[#ff862b 0.9GiB/1.8GiB(51%) CN:5 DL:17MiB ETA:52s]
[#ff862b 0.9GiB/1.8GiB(53%) CN:5 DL:18MiB ETA:47s]
[#ff862b 1.0GiB/1.8GiB(54%) CN:5 DL:20MiB ETA:41s]
[#ff862b 1.0GiB/1.8GiB(56%) CN:5 DL:22MiB ETA:36s]
[#ff862b 1.0GiB/1.8GiB(57%) CN:5 DL:23MiB ETA:34s]
[#ff862b 1.0GiB/1.8GiB(58%) CN:5 DL:22MiB ETA:33s]
[#ff862b 1.1GiB/1.8GiB(60%) CN:5 DL:22MiB ETA:32s]
[#ff862b 1.1GiB/1.8GiB(61%) CN:5 DL:23MiB ETA:30s]
[#ff862b 1.1GiB/1.8GiB(62%) CN:5 DL:24MiB ETA:28s]
[#ff862b 1.1GiB/1.8GiB(64%) CN:5 DL:25MiB ETA:26s]
[#ff862b 1.2GiB/1.8GiB(65%) CN:5 DL:25MiB ETA:25s]
[#ff862b 1.2GiB/1.8GiB(66%) CN:5 DL:24MiB ETA:25s]
[#ff862b 1.2GiB/1.8GiB(66%) CN:5 DL:22MiB ETA:28s]
[#ff862b 1.2GiB/1.8GiB(66%) CN:5 DL:19MiB ETA:31s]
[#ff862b 1.2GiB/1.8GiB(68%) CN:5 DL:21MiB ETA:27s]
[#ff862b 1.3GiB/1.8GiB(71%) CN:5 DL:22MiB ETA:23s]
[#ff862b 1.3GiB/1.8GiB(72%) CN:5 DL:23MiB ETA:22s]
[#ff862b 1.3GiB/1.8GiB(73%) CN:5 DL:21MiB ETA:23s]
[#ff862b 1.3GiB/1.8GiB(73%) CN:5 DL:19MiB ETA:24s]
[#ff862b 1.3GiB/1.8GiB(75%) CN:5 DL:20MiB ETA:22s]
[#ff862b 1.4GiB/1.8GiB(77%) CN:5 DL:22MiB ETA:19s]
[#ff862b 1.4GiB/1.8GiB(79%) CN:5 DL:25MiB ETA:15s]
[#ff862b 1.4GiB/1.8GiB(79%) CN:5 DL:26MiB ETA:14s]
[#ff862b 1.4GiB/1.8GiB(80%) CN:5 DL:25MiB ETA:14s]
[#ff862b 1.5GiB/1.8GiB(81%) CN:5 DL:23MiB ETA:14s]
[#ff862b 1.5GiB/1.8GiB(83%) CN:5 DL:22MiB ETA:13s]
[#ff862b 1.5GiB/1.8GiB(84%) CN:5 DL:24MiB ETA:11s]
[#ff862b 1.5GiB/1.8GiB(85%) CN:5 DL:23MiB ETA:11s]
[#ff862b 1.5GiB/1.8GiB(85%) CN:5 DL:23MiB ETA:11s]
[#ff862b 1.5GiB/1.8GiB(86%) CN:5 DL:20MiB ETA:12s]
[#ff862b 1.6GiB/1.8GiB(89%) CN:5 DL:20MiB ETA:9s]
[#ff862b 1.6GiB/1.8GiB(89%) CN:5 DL:19MiB ETA:9s]
[#ff862b 1.6GiB/1.8GiB(89%) CN:5 DL:19MiB ETA:9s]
 *** Download Progress Summary as of Sat Jul 18 10:56:23 2026 *** 
===============================================================================
[#ff862b 1.6GiB/1.8GiB(90%) CN:5 DL:19MiB ETA:9s]
FILE: /mnt/nvme0n1/e3_work/3b_D2_subset_PRJNA762469_kingfisher_rep2/SRR15852430_1.fastq.gz
-------------------------------------------------------------------------------

[#ff862b 1.6GiB/1.8GiB(90%) CN:5 DL:19MiB ETA:9s]
[#ff862b 1.6GiB/1.8GiB(91%) CN:5 DL:18MiB ETA:8s]
[#ff862b 1.7GiB/1.8GiB(93%) CN:5 DL:18MiB ETA:6s]
[#ff862b 1.7GiB/1.8GiB(94%) CN:5 DL:19MiB ETA:5s]
[#ff862b 1.7GiB/1.8GiB(95%) CN:4 DL:20MiB ETA:3s]
[#ff862b 1.7GiB/1.8GiB(96%) CN:3 DL:21MiB ETA:2s]
[#ff862b 1.7GiB/1.8GiB(97%) CN:3 DL:17MiB ETA:3s]
[#ff862b 1.7GiB/1.8GiB(97%) CN:3 DL:16MiB ETA:3s]
[#ff862b 1.7GiB/1.8GiB(97%) CN:2 DL:15MiB ETA:2s]
[#ff862b 1.7GiB/1.8GiB(97%) CN:2 DL:15MiB ETA:2s]
[#ff862b 1.7GiB/1.8GiB(97%) CN:2 DL:12MiB ETA:3s]
[#ff862b 1.7GiB/1.8GiB(97%) CN:2 DL:11MiB ETA:3s]
[#ff862b 1.7GiB/1.8GiB(97%) CN:2 DL:6.6MiB ETA:5s]
[#ff862b 1.8GiB/1.8GiB(98%) CN:2 DL:6.4MiB ETA:5s]
[#ff862b 1.8GiB/1.8GiB(98%) CN:1 DL:5.7MiB ETA:3s]
[#ff862b 1.8GiB/1.8GiB(99%) CN:1 DL:4.1MiB ETA:4s]
[#ff862b 1.8GiB/1.8GiB(99%) CN:1 DL:3.6MiB ETA:4s]
[#ff862b 1.8GiB/1.8GiB(99%) CN:1 DL:3.2MiB ETA:5s]
[#ff862b 1.8GiB/1.8GiB(99%) CN:1 DL:3.0MiB ETA:5s]
[#ff862b 1.8GiB/1.8GiB(99%) CN:1 DL:2.8MiB ETA:5s]
[#ff862b 1.8GiB/1.8GiB(99%) CN:1 DL:2.6MiB ETA:5s]
[#ff862b 1.8GiB/1.8GiB(99%) CN:1 DL:2.7MiB ETA:5s]
[#ff862b 1.8GiB/1.8GiB(99%) CN:1 DL:2.4MiB ETA:5s]
[#ff862b 1.8GiB/1.8GiB(99%) CN:1 DL:2.4MiB ETA:3s]

07/18 10:56:47 [[1;32mNOTICE[0m] Download complete: /mnt/nvme0n1/e3_work/3b_D2_subset_PRJNA762469_kingfisher_rep2/SRR15852430_1.fastq.gz

Download Results:
gid   |stat|avg speed  |path/URI
======+====+===========+=======================================================
ff862b|OK  |    22MiB/s|/mnt/nvme0n1/e3_work/3b_D2_subset_PRJNA762469_kingfisher_rep2/SRR15852430_1.fastq.gz

Status Legend:
(OK):download completed.
2026/07/18 10:56:50 AM INFO: MD5sum OK for SRR15852430_1.fastq.gz
2026/07/18 10:56:50 AM INFO: Downloading ftp.sra.ebi.ac.uk/vol1/fastq/SRR158/030/SRR15852430/SRR15852430_2.fastq.gz ..

07/18 10:56:50 [[1;32mNOTICE[0m] Downloading 1 item(s)
[#a75ba0 0B/0B CN:1 DL:0B]
[#a75ba0 0B/1.9GiB(0%) CN:5 DL:0B]
[#a75ba0 4.4MiB/1.9GiB(0%) CN:5 DL:4.7MiB ETA:6m53s]
[#a75ba0 43MiB/1.9GiB(2%) CN:5 DL:22MiB ETA:1m24s]
[#a75ba0 160MiB/1.9GiB(8%) CN:5 DL:55MiB ETA:32s]
[#a75ba0 281MiB/1.9GiB(14%) CN:5 DL:72MiB ETA:23s]
[#a75ba0 383MiB/1.9GiB(19%) CN:5 DL:78MiB ETA:20s]
[#a75ba0 482MiB/1.9GiB(24%) CN:5 DL:82MiB ETA:18s]
[#a75ba0 560MiB/1.9GiB(28%) CN:5 DL:81MiB ETA:17s]
[#a75ba0 635MiB/1.9GiB(32%) CN:5 DL:80MiB ETA:16s]
[#a75ba0 678MiB/1.9GiB(34%) CN:5 DL:76MiB ETA:16s]
[#a75ba0 723MiB/1.9GiB(36%) CN:5 DL:73MiB ETA:16s]
[#a75ba0 768MiB/1.9GiB(39%) CN:5 DL:77MiB ETA:15s]
[#a75ba0 814MiB/1.9GiB(41%) CN:5 DL:77MiB ETA:14s]
[#a75ba0 855MiB/1.9GiB(43%) CN:5 DL:68MiB ETA:16s]
[#a75ba0 893MiB/1.9GiB(45%) CN:5 DL:60MiB ETA:17s]
[#a75ba0 921MiB/1.9GiB(47%) CN:5 DL:53MiB ETA:19s]
[#a75ba0 0.9GiB/1.9GiB(48%) CN:5 DL:46MiB ETA:21s]
[#a75ba0 0.9GiB/1.9GiB(49%) CN:5 DL:41MiB ETA:23s]
[#a75ba0 0.9GiB/1.9GiB(51%) CN:5 DL:38MiB ETA:24s]
[#a75ba0 1.0GiB/1.9GiB(54%) CN:5 DL:38MiB ETA:23s]
[#a75ba0 1.0GiB/1.9GiB(56%) CN:5 DL:38MiB ETA:22s]
[#a75ba0 1.1GiB/1.9GiB(58%) CN:5 DL:38MiB ETA:20s]
[#a75ba0 1.1GiB/1.9GiB(61%) CN:5 DL:38MiB ETA:19s]
[#a75ba0 1.2GiB/1.9GiB(63%) CN:5 DL:39MiB ETA:18s]
[#a75ba0 1.2GiB/1.9GiB(66%) CN:5 DL:41MiB ETA:16s]
[#a75ba0 1.3GiB/1.9GiB(68%) CN:5 DL:43MiB ETA:14s]
[#a75ba0 1.3GiB/1.9GiB(71%) CN:5 DL:45MiB ETA:12s]
[#a75ba0 1.4GiB/1.9GiB(73%) CN:5 DL:46MiB ETA:11s]
[#a75ba0 1.4GiB/1.9GiB(76%) CN:5 DL:48MiB ETA:9s]
[#a75ba0 1.5GiB/1.9GiB(79%) CN:5 DL:50MiB ETA:7s]
[#a75ba0 1.5GiB/1.9GiB(82%) CN:5 DL:51MiB ETA:6s]
[#a75ba0 1.6GiB/1.9GiB(85%) CN:5 DL:52MiB ETA:5s]
[#a75ba0 1.6GiB/1.9GiB(87%) CN:5 DL:52MiB ETA:4s]
[#a75ba0 1.7GiB/1.9GiB(89%) CN:5 DL:51MiB ETA:4s]
[#a75ba0 1.7GiB/1.9GiB(92%) CN:5 DL:52MiB ETA:2s]
[#a75ba0 1.8GiB/1.9GiB(96%) CN:4 DL:54MiB ETA:1s]
[#a75ba0 1.8GiB/1.9GiB(97%) CN:3 DL:52MiB]
[#a75ba0 1.8GiB/1.9GiB(98%) CN:2 DL:48MiB]
[#a75ba0 1.8GiB/1.9GiB(98%) CN:2 DL:42MiB]
[#a75ba0 1.8GiB/1.9GiB(98%) CN:2 DL:36MiB]
[#a75ba0 1.9GiB/1.9GiB(99%) CN:1 DL:31MiB]

07/18 10:57:33 [[1;32mNOTICE[0m] Download complete: /mnt/nvme0n1/e3_work/3b_D2_subset_PRJNA762469_kingfisher_rep2/SRR15852430_2.fastq.gz

Download Results:
gid   |stat|avg speed  |path/URI
======+====+===========+=======================================================
a75ba0|OK  |    47MiB/s|/mnt/nvme0n1/e3_work/3b_D2_subset_PRJNA762469_kingfisher_rep2/SRR15852430_2.fastq.gz

Status Legend:
(OK):download completed.
2026/07/18 10:57:37 AM INFO: MD5sum OK for SRR15852430_2.fastq.gz
2026/07/18 10:57:37 AM INFO: Verifying gzip file ./SRR15852430_1.fastq.gz ..
2026/07/18 10:58:07 AM INFO: Verifying gzip file ./SRR15852430_2.fastq.gz ..
2026/07/18 10:58:37 AM INFO: Method ena-ftp worked.
2026/07/18 10:58:37 AM INFO: Output files: ./SRR15852430_1.fastq.gz, ./SRR15852430_2.fastq.gz
2026/07/18 10:58:37 AM INFO: Kingfisher done.
