2026/07/18 05:05:26 AM INFO: Kingfisher v0.5.0
2026/07/18 05:05:26 AM INFO: Attempting download method ena-ftp for run SRR22904259 ..
2026/07/18 05:05:26 AM INFO: Querying ENA for FTP paths for SRR22904259..
2026/07/18 05:05:26 AM INFO: Downloading ftp.sra.ebi.ac.uk/vol1/fastq/SRR229/059/SRR22904259/SRR22904259.fastq.gz ..

07/18 05:05:26 [[1;32mNOTICE[0m] Downloading 1 item(s)
[#b384d8 0B/0B CN:1 DL:0B]
[#b384d8 25KiB/25KiB(100%) CN:1]

07/18 05:05:28 [[1;32mNOTICE[0m] Download complete: /mnt/nvme0n1/e3_work/3c_D4_mixed_kingfisher_rep2/SRR22904259.fastq.gz

Download Results:
gid   |stat|avg speed  |path/URI
======+====+===========+=======================================================
b384d8|OK  |    42KiB/s|/mnt/nvme0n1/e3_work/3c_D4_mixed_kingfisher_rep2/SRR22904259.fastq.gz

Status Legend:
(OK):download completed.
2026/07/18 05:05:28 AM INFO: MD5sum OK for SRR22904259.fastq.gz
2026/07/18 05:05:28 AM INFO: Verifying gzip file ./SRR22904259.fastq.gz ..
2026/07/18 05:05:28 AM INFO: Method ena-ftp worked.
2026/07/18 05:05:28 AM INFO: Output files: ./SRR22904259.fastq.gz
2026/07/18 05:05:28 AM INFO: Attempting download method ena-ftp for run SRR22904292 ..
2026/07/18 05:05:28 AM INFO: Querying ENA for FTP paths for SRR22904292..
2026/07/18 05:05:29 AM INFO: Downloading ftp.sra.ebi.ac.uk/vol1/fastq/SRR229/092/SRR22904292/SRR22904292.fastq.gz ..

07/18 05:05:29 [[1;32mNOTICE[0m] Downloading 1 item(s)
[#0a2e02 0B/0B CN:1 DL:0B]
[#0a2e02 0B/204MiB(0%) CN:5 DL:0B]
[#0a2e02 192KiB/204MiB(0%) CN:5 DL:483KiB ETA:7m12s]
[#0a2e02 23MiB/204MiB(11%) CN:5 DL:16MiB ETA:10s]
[#0a2e02 48MiB/204MiB(23%) CN:5 DL:20MiB ETA:7s]
[#0a2e02 161MiB/204MiB(78%) CN:4 DL:47MiB]

07/18 05:05:36 [[1;32mNOTICE[0m] Download complete: /mnt/nvme0n1/e3_work/3c_D4_mixed_kingfisher_rep2/SRR22904292.fastq.gz

Download Results:
gid   |stat|avg speed  |path/URI
======+====+===========+=======================================================
0a2e02|OK  |    40MiB/s|/mnt/nvme0n1/e3_work/3c_D4_mixed_kingfisher_rep2/SRR22904292.fastq.gz

Status Legend:
(OK):download completed.
2026/07/18 05:05:36 AM INFO: MD5sum OK for SRR22904292.fastq.gz
2026/07/18 05:05:36 AM INFO: Verifying gzip file ./SRR22904292.fastq.gz ..
2026/07/18 05:05:39 AM INFO: Method ena-ftp worked.
2026/07/18 05:05:39 AM INFO: Output files: ./SRR22904292.fastq.gz
2026/07/18 05:05:39 AM INFO: Attempting download method ena-ftp for run SRR22904353 ..
2026/07/18 05:05:39 AM INFO: Querying ENA for FTP paths for SRR22904353..
2026/07/18 05:05:40 AM INFO: Downloading ftp.sra.ebi.ac.uk/vol1/fastq/SRR229/053/SRR22904353/SRR22904353.fastq.gz ..

07/18 05:05:40 [[1;32mNOTICE[0m] Downloading 1 item(s)
[#2a9021 0B/0B CN:1 DL:0B]
[#2a9021 22KiB/22KiB(100%) CN:1]

07/18 05:05:42 [[1;32mNOTICE[0m] Download complete: /mnt/nvme0n1/e3_work/3c_D4_mixed_kingfisher_rep2/SRR22904353.fastq.gz

Download Results:
gid   |stat|avg speed  |path/URI
======+====+===========+=======================================================
2a9021|OK  |    39KiB/s|/mnt/nvme0n1/e3_work/3c_D4_mixed_kingfisher_rep2/SRR22904353.fastq.gz

Status Legend:
(OK):download completed.
2026/07/18 05:05:42 AM INFO: MD5sum OK for SRR22904353.fastq.gz
2026/07/18 05:05:42 AM INFO: Verifying gzip file ./SRR22904353.fastq.gz ..
2026/07/18 05:05:42 AM INFO: Method ena-ftp worked.
2026/07/18 05:05:42 AM INFO: Output files: ./SRR22904353.fastq.gz
2026/07/18 05:05:42 AM INFO: Attempting download method ena-ftp for run SRR22904368 ..
2026/07/18 05:05:42 AM INFO: Querying ENA for FTP paths for SRR22904368..
2026/07/18 05:05:42 AM INFO: Downloading ftp.sra.ebi.ac.uk/vol1/fastq/SRR229/068/SRR22904368/SRR22904368.fastq.gz ..

07/18 05:05:42 [[1;32mNOTICE[0m] Downloading 1 item(s)
[#69bcfd 0B/0B CN:1 DL:0B]
[#69bcfd 29KiB/29KiB(100%) CN:1]

07/18 05:05:44 [[1;32mNOTICE[0m] Download complete: /mnt/nvme0n1/e3_work/3c_D4_mixed_kingfisher_rep2/SRR22904368.fastq.gz

Download Results:
gid   |stat|avg speed  |path/URI
======+====+===========+=======================================================
69bcfd|OK  |    49KiB/s|/mnt/nvme0n1/e3_work/3c_D4_mixed_kingfisher_rep2/SRR22904368.fastq.gz

Status Legend:
(OK):download completed.
2026/07/18 05:05:44 AM INFO: MD5sum OK for SRR22904368.fastq.gz
2026/07/18 05:05:44 AM INFO: Verifying gzip file ./SRR22904368.fastq.gz ..
2026/07/18 05:05:44 AM INFO: Method ena-ftp worked.
2026/07/18 05:05:44 AM INFO: Output files: ./SRR22904368.fastq.gz
2026/07/18 05:05:44 AM INFO: Attempting download method ena-ftp for run SRR22904389 ..
2026/07/18 05:05:44 AM INFO: Querying ENA for FTP paths for SRR22904389..
2026/07/18 05:05:45 AM INFO: Downloading ftp.sra.ebi.ac.uk/vol1/fastq/SRR229/089/SRR22904389/SRR22904389.fastq.gz ..

07/18 05:05:45 [[1;32mNOTICE[0m] Downloading 1 item(s)
[#d4e942 0B/0B CN:1 DL:0B]
[#d4e942 16KiB/16KiB(100%) CN:1]

07/18 05:05:47 [[1;32mNOTICE[0m] Download complete: /mnt/nvme0n1/e3_work/3c_D4_mixed_kingfisher_rep2/SRR22904389.fastq.gz

Download Results:
gid   |stat|avg speed  |path/URI
======+====+===========+=======================================================
d4e942|OK  |    29KiB/s|/mnt/nvme0n1/e3_work/3c_D4_mixed_kingfisher_rep2/SRR22904389.fastq.gz

Status Legend:
(OK):download completed.
2026/07/18 05:05:47 AM INFO: MD5sum OK for SRR22904389.fastq.gz
2026/07/18 05:05:47 AM INFO: Verifying gzip file ./SRR22904389.fastq.gz ..
2026/07/18 05:05:47 AM INFO: Method ena-ftp worked.
2026/07/18 05:05:47 AM INFO: Output files: ./SRR22904389.fastq.gz
2026/07/18 05:05:47 AM INFO: Attempting download method ena-ftp for run SRR22904391 ..
2026/07/18 05:05:47 AM INFO: Querying ENA for FTP paths for SRR22904391..
2026/07/18 05:05:47 AM INFO: Downloading ftp.sra.ebi.ac.uk/vol1/fastq/SRR229/091/SRR22904391/SRR22904391.fastq.gz ..

07/18 05:05:47 [[1;32mNOTICE[0m] Downloading 1 item(s)
[#e2318d 0B/0B CN:1 DL:0B]
[#e2318d 40KiB/40KiB(100%) CN:1]

07/18 05:05:49 [[1;32mNOTICE[0m] Download complete: /mnt/nvme0n1/e3_work/3c_D4_mixed_kingfisher_rep2/SRR22904391.fastq.gz

Download Results:
gid   |stat|avg speed  |path/URI
======+====+===========+=======================================================
e2318d|OK  |    67KiB/s|/mnt/nvme0n1/e3_work/3c_D4_mixed_kingfisher_rep2/SRR22904391.fastq.gz

Status Legend:
(OK):download completed.
2026/07/18 05:05:49 AM INFO: MD5sum OK for SRR22904391.fastq.gz
2026/07/18 05:05:49 AM INFO: Verifying gzip file ./SRR22904391.fastq.gz ..
2026/07/18 05:05:49 AM INFO: Method ena-ftp worked.
2026/07/18 05:05:49 AM INFO: Output files: ./SRR22904391.fastq.gz
2026/07/18 05:05:49 AM INFO: Attempting download method ena-ftp for run SRR22904396 ..
2026/07/18 05:05:49 AM INFO: Querying ENA for FTP paths for SRR22904396..
2026/07/18 05:05:50 AM INFO: Downloading ftp.sra.ebi.ac.uk/vol1/fastq/SRR229/096/SRR22904396/SRR22904396.fastq.gz ..

07/18 05:05:50 [[1;32mNOTICE[0m] Downloading 1 item(s)
[#9f7cf8 0B/0B CN:1 DL:0B]
[#9f7cf8 20KiB/20KiB(100%) CN:1]

07/18 05:05:52 [[1;32mNOTICE[0m] Download complete: /mnt/nvme0n1/e3_work/3c_D4_mixed_kingfisher_rep2/SRR22904396.fastq.gz

Download Results:
gid   |stat|avg speed  |path/URI
======+====+===========+=======================================================
9f7cf8|OK  |    36KiB/s|/mnt/nvme0n1/e3_work/3c_D4_mixed_kingfisher_rep2/SRR22904396.fastq.gz

Status Legend:
(OK):download completed.
2026/07/18 05:05:52 AM INFO: MD5sum OK for SRR22904396.fastq.gz
2026/07/18 05:05:52 AM INFO: Verifying gzip file ./SRR22904396.fastq.gz ..
2026/07/18 05:05:52 AM INFO: Method ena-ftp worked.
2026/07/18 05:05:52 AM INFO: Output files: ./SRR22904396.fastq.gz
2026/07/18 05:05:52 AM INFO: Attempting download method ena-ftp for run SRR22904447 ..
2026/07/18 05:05:52 AM INFO: Querying ENA for FTP paths for SRR22904447..
2026/07/18 05:05:52 AM INFO: Downloading ftp.sra.ebi.ac.uk/vol1/fastq/SRR229/047/SRR22904447/SRR22904447.fastq.gz ..

07/18 05:05:52 [[1;32mNOTICE[0m] Downloading 1 item(s)
[#6beccf 0B/0B CN:1 DL:0B]
[#6beccf 80KiB/3.5MiB(2%) CN:1 DL:291KiB ETA:12s]

07/18 05:05:55 [[1;32mNOTICE[0m] Download complete: /mnt/nvme0n1/e3_work/3c_D4_mixed_kingfisher_rep2/SRR22904447.fastq.gz

Download Results:
gid   |stat|avg speed  |path/URI
======+====+===========+=======================================================
6beccf|OK  |   2.6MiB/s|/mnt/nvme0n1/e3_work/3c_D4_mixed_kingfisher_rep2/SRR22904447.fastq.gz

Status Legend:
(OK):download completed.
2026/07/18 05:05:55 AM INFO: MD5sum OK for SRR22904447.fastq.gz
2026/07/18 05:05:55 AM INFO: Verifying gzip file ./SRR22904447.fastq.gz ..
2026/07/18 05:05:55 AM INFO: Method ena-ftp worked.
2026/07/18 05:05:55 AM INFO: Output files: ./SRR22904447.fastq.gz
2026/07/18 05:05:55 AM INFO: Attempting download method ena-ftp for run SRR22904461 ..
2026/07/18 05:05:55 AM INFO: Querying ENA for FTP paths for SRR22904461..
2026/07/18 05:05:56 AM INFO: Downloading ftp.sra.ebi.ac.uk/vol1/fastq/SRR229/061/SRR22904461/SRR22904461.fastq.gz ..

07/18 05:05:56 [[1;32mNOTICE[0m] Downloading 1 item(s)
[#e13246 0B/0B CN:1 DL:0B]
[#e13246 24KiB/24KiB(100%) CN:1]

07/18 05:05:58 [[1;32mNOTICE[0m] Download complete: /mnt/nvme0n1/e3_work/3c_D4_mixed_kingfisher_rep2/SRR22904461.fastq.gz

Download Results:
gid   |stat|avg speed  |path/URI
======+====+===========+=======================================================
e13246|OK  |    43KiB/s|/mnt/nvme0n1/e3_work/3c_D4_mixed_kingfisher_rep2/SRR22904461.fastq.gz

Status Legend:
(OK):download completed.
2026/07/18 05:05:58 AM INFO: MD5sum OK for SRR22904461.fastq.gz
2026/07/18 05:05:58 AM INFO: Verifying gzip file ./SRR22904461.fastq.gz ..
2026/07/18 05:05:58 AM INFO: Method ena-ftp worked.
2026/07/18 05:05:58 AM INFO: Output files: ./SRR22904461.fastq.gz
2026/07/18 05:05:58 AM INFO: Attempting download method ena-ftp for run SRR22904467 ..
2026/07/18 05:05:58 AM INFO: Querying ENA for FTP paths for SRR22904467..
2026/07/18 05:05:58 AM INFO: Downloading ftp.sra.ebi.ac.uk/vol1/fastq/SRR229/067/SRR22904467/SRR22904467.fastq.gz ..

07/18 05:05:58 [[1;32mNOTICE[0m] Downloading 1 item(s)
[#a61cc5 0B/0B CN:1 DL:0B]
[#a61cc5 23KiB/23KiB(100%) CN:1]

07/18 05:06:00 [[1;32mNOTICE[0m] Download complete: /mnt/nvme0n1/e3_work/3c_D4_mixed_kingfisher_rep2/SRR22904467.fastq.gz

Download Results:
gid   |stat|avg speed  |path/URI
======+====+===========+=======================================================
a61cc5|OK  |    41KiB/s|/mnt/nvme0n1/e3_work/3c_D4_mixed_kingfisher_rep2/SRR22904467.fastq.gz

Status Legend:
(OK):download completed.
2026/07/18 05:06:00 AM INFO: MD5sum OK for SRR22904467.fastq.gz
2026/07/18 05:06:00 AM INFO: Verifying gzip file ./SRR22904467.fastq.gz ..
2026/07/18 05:06:00 AM INFO: Method ena-ftp worked.
2026/07/18 05:06:00 AM INFO: Output files: ./SRR22904467.fastq.gz
2026/07/18 05:06:00 AM INFO: Attempting download method ena-ftp for run SRR22904470 ..
2026/07/18 05:06:00 AM INFO: Querying ENA for FTP paths for SRR22904470..
2026/07/18 05:06:01 AM INFO: Downloading ftp.sra.ebi.ac.uk/vol1/fastq/SRR229/070/SRR22904470/SRR22904470.fastq.gz ..

07/18 05:06:01 [[1;32mNOTICE[0m] Downloading 1 item(s)
[#e453cf 0B/0B CN:1 DL:0B]
[#e453cf 16KiB/16KiB(100%) CN:1]

07/18 05:06:03 [[1;32mNOTICE[0m] Download complete: /mnt/nvme0n1/e3_work/3c_D4_mixed_kingfisher_rep2/SRR22904470.fastq.gz

Download Results:
gid   |stat|avg speed  |path/URI
======+====+===========+=======================================================
e453cf|OK  |    30KiB/s|/mnt/nvme0n1/e3_work/3c_D4_mixed_kingfisher_rep2/SRR22904470.fastq.gz

Status Legend:
(OK):download completed.
2026/07/18 05:06:03 AM INFO: MD5sum OK for SRR22904470.fastq.gz
2026/07/18 05:06:03 AM INFO: Verifying gzip file ./SRR22904470.fastq.gz ..
2026/07/18 05:06:03 AM INFO: Method ena-ftp worked.
2026/07/18 05:06:03 AM INFO: Output files: ./SRR22904470.fastq.gz
2026/07/18 05:06:03 AM INFO: Attempting download method ena-ftp for run SRR22904480 ..
2026/07/18 05:06:03 AM INFO: Querying ENA for FTP paths for SRR22904480..
2026/07/18 05:06:03 AM INFO: Downloading ftp.sra.ebi.ac.uk/vol1/fastq/SRR229/080/SRR22904480/SRR22904480.fastq.gz ..

07/18 05:06:03 [[1;32mNOTICE[0m] Downloading 1 item(s)
[#89b2a3 0B/0B CN:1 DL:0B]
[#89b2a3 26KiB/26KiB(100%) CN:1]

07/18 05:06:05 [[1;32mNOTICE[0m] Download complete: /mnt/nvme0n1/e3_work/3c_D4_mixed_kingfisher_rep2/SRR22904480.fastq.gz

Download Results:
gid   |stat|avg speed  |path/URI
======+====+===========+=======================================================
89b2a3|OK  |    46KiB/s|/mnt/nvme0n1/e3_work/3c_D4_mixed_kingfisher_rep2/SRR22904480.fastq.gz

Status Legend:
(OK):download completed.
2026/07/18 05:06:05 AM INFO: MD5sum OK for SRR22904480.fastq.gz
2026/07/18 05:06:05 AM INFO: Verifying gzip file ./SRR22904480.fastq.gz ..
2026/07/18 05:06:05 AM INFO: Method ena-ftp worked.
2026/07/18 05:06:05 AM INFO: Output files: ./SRR22904480.fastq.gz
2026/07/18 05:06:05 AM INFO: Attempting download method ena-ftp for run SRR1031060 ..
2026/07/18 05:06:05 AM INFO: Querying ENA for FTP paths for SRR1031060..
2026/07/18 05:06:06 AM ERROR: No ENA FTP download URLs found for run SRR1031060, cannot continue
2026/07/18 05:06:06 AM WARNING: Method ena-ftp failed
2026/07/18 05:06:06 AM ERROR: No more specified download methods, cannot continue
