[32mNote[0m: batch downloading 18 file(s) across 18 accession(s) with up to 18 worker(s) (configured max 20) (fixed concurrency)
03:06:52.647 adaptiseq.engine.seam: Transport for sra-pub-run-odp.s3.amazonaws.com: HTTPS mirror is range-capable; segmented HTTPS
03:06:52.647 adaptiseq.engine.seam: Transport for sra-pub-run-odp.s3.amazonaws.com: HTTPS mirror is range-capable; segmented HTTPS
03:06:52.647 adaptiseq.engine.seam: Transport for sra-pub-run-odp.s3.amazonaws.com: HTTPS mirror is range-capable; segmented HTTPS
03:06:52.648 adaptiseq.engine.seam: Transport for sra-pub-run-odp.s3.amazonaws.com: HTTPS mirror is range-capable; segmented HTTPS
03:06:52.648 adaptiseq.engine.seam: Transport for sra-pub-run-odp.s3.amazonaws.com: HTTPS mirror is range-capable; segmented HTTPS
03:06:52.648 adaptiseq.engine.seam: Transport for sra-pub-run-odp.s3.amazonaws.com: HTTPS mirror is range-capable; segmented HTTPS
03:06:53.048 adaptiseq.engine.seam: Transport for ftp.sra.ebi.ac.uk: HTTPS mirror is range-capable; segmented HTTPS
03:06:53.056 adaptiseq.engine.seam: Transport for ftp.sra.ebi.ac.uk: HTTPS mirror is range-capable; segmented HTTPS
03:06:53.069 adaptiseq.engine.seam: Transport for ftp.sra.ebi.ac.uk: HTTPS mirror is range-capable; segmented HTTPS
03:06:53.070 adaptiseq.engine.seam: Transport for ftp.sra.ebi.ac.uk: HTTPS mirror is range-capable; segmented HTTPS
03:06:53.100 adaptiseq.engine.seam: Transport for ftp.sra.ebi.ac.uk: HTTPS mirror is range-capable; segmented HTTPS
03:06:53.109 adaptiseq.engine.seam: Transport for ftp.sra.ebi.ac.uk: HTTPS mirror is range-capable; segmented HTTPS
03:06:53.112 adaptiseq.engine.seam: Transport for ftp.sra.ebi.ac.uk: HTTPS mirror is range-capable; segmented HTTPS
03:06:53.115 adaptiseq.engine.seam: Transport for ftp.sra.ebi.ac.uk: HTTPS mirror is range-capable; segmented HTTPS
03:06:53.120 adaptiseq.engine.seam: Transport for ftp.sra.ebi.ac.uk: HTTPS mirror is range-capable; segmented HTTPS
03:06:53.126 adaptiseq.engine.seam: Transport for ftp.sra.ebi.ac.uk: HTTPS mirror is range-capable; segmented HTTPS
03:06:53.131 adaptiseq.engine.seam: Transport for ftp.sra.ebi.ac.uk: HTTPS mirror is range-capable; segmented HTTPS
03:06:53.362 adaptiseq.batch: downloaded SRR22904391.fastq.gz
03:06:53.368 adaptiseq.batch: downloaded SRR22904353.fastq.gz
03:06:53.382 adaptiseq.batch: downloaded SRR22904368.fastq.gz
03:06:53.383 adaptiseq.batch: downloaded SRR22904467.fastq.gz
03:06:53.412 adaptiseq.batch: downloaded SRR22904480.fastq.gz
03:06:53.421 adaptiseq.batch: downloaded SRR22904396.fastq.gz
03:06:53.426 adaptiseq.batch: downloaded SRR22904389.fastq.gz
03:06:53.433 adaptiseq.engine.seam: Transport for ftp.sra.ebi.ac.uk: HTTPS mirror is range-capable; segmented HTTPS
03:06:53.438 adaptiseq.batch: downloaded SRR22904259.fastq.gz
03:06:53.442 adaptiseq.batch: downloaded SRR22904470.fastq.gz
03:06:53.775 adaptiseq.batch: downloaded SRR22904461.fastq.gz
03:06:54.163 adaptiseq.batch: downloaded SRR22904447.fastq.gz
03:06:57.687 adaptiseq.batch: downloaded SRR1031060
03:06:58.575 adaptiseq.batch: downloaded SRR1031101
03:07:02.791 adaptiseq.batch: downloaded SRR1031090
03:07:05.403 adaptiseq.batch: downloaded SRR1031066
03:07:05.780 adaptiseq.batch: downloaded SRR1031080
03:07:09.552 adaptiseq.batch: downloaded SRR1031074
03:08:03.854 adaptiseq.batch: downloaded SRR22904292.fastq.gz
[32mNote[0m: SRR22904259.metadata.tsv exists, skip downloading metadata for SRR22904259
      SRR22904259.fastq.gz 0.00G 	 
[32mNote[0m: Above Run will be downloaded. You can see the details in SRR22904259.metadata.tsv
[92mSRR22904259 download and md5 check successful, save SRR22904259 in success.log[0m
=======================SRR22904259 download finished=======================
[32mNote[0m: SRR22904292.metadata.tsv exists, skip downloading metadata for SRR22904292
      SRR22904292.fastq.gz 0.20G 	 
[32mNote[0m: Above Run will be downloaded. You can see the details in SRR22904292.metadata.tsv
[92mSRR22904292 download and md5 check successful, save SRR22904292 in success.log[0m
=======================SRR22904292 download finished=======================
[32mNote[0m: SRR22904353.metadata.tsv exists, skip downloading metadata for SRR22904353
      SRR22904353.fastq.gz 0.00G 	 
[32mNote[0m: Above Run will be downloaded. You can see the details in SRR22904353.metadata.tsv
[92mSRR22904353 download and md5 check successful, save SRR22904353 in success.log[0m
=======================SRR22904353 download finished=======================
[32mNote[0m: SRR22904368.metadata.tsv exists, skip downloading metadata for SRR22904368
      SRR22904368.fastq.gz 0.00G 	 
[32mNote[0m: Above Run will be downloaded. You can see the details in SRR22904368.metadata.tsv
[92mSRR22904368 download and md5 check successful, save SRR22904368 in success.log[0m
=======================SRR22904368 download finished=======================
[32mNote[0m: SRR22904389.metadata.tsv exists, skip downloading metadata for SRR22904389
      SRR22904389.fastq.gz 0.00G 	 
[32mNote[0m: Above Run will be downloaded. You can see the details in SRR22904389.metadata.tsv
[92mSRR22904389 download and md5 check successful, save SRR22904389 in success.log[0m
=======================SRR22904389 download finished=======================
[32mNote[0m: SRR22904391.metadata.tsv exists, skip downloading metadata for SRR22904391
      SRR22904391.fastq.gz 0.00G 	 
[32mNote[0m: Above Run will be downloaded. You can see the details in SRR22904391.metadata.tsv
[92mSRR22904391 download and md5 check successful, save SRR22904391 in success.log[0m
=======================SRR22904391 download finished=======================
[32mNote[0m: SRR22904396.metadata.tsv exists, skip downloading metadata for SRR22904396
      SRR22904396.fastq.gz 0.00G 	 
[32mNote[0m: Above Run will be downloaded. You can see the details in SRR22904396.metadata.tsv
[92mSRR22904396 download and md5 check successful, save SRR22904396 in success.log[0m
=======================SRR22904396 download finished=======================
[32mNote[0m: SRR22904447.metadata.tsv exists, skip downloading metadata for SRR22904447
      SRR22904447.fastq.gz 0.00G 	 
[32mNote[0m: Above Run will be downloaded. You can see the details in SRR22904447.metadata.tsv
[92mSRR22904447 download and md5 check successful, save SRR22904447 in success.log[0m
=======================SRR22904447 download finished=======================
[32mNote[0m: SRR22904461.metadata.tsv exists, skip downloading metadata for SRR22904461
      SRR22904461.fastq.gz 0.00G 	 
[32mNote[0m: Above Run will be downloaded. You can see the details in SRR22904461.metadata.tsv
[92mSRR22904461 download and md5 check successful, save SRR22904461 in success.log[0m
=======================SRR22904461 download finished=======================
[32mNote[0m: SRR22904467.metadata.tsv exists, skip downloading metadata for SRR22904467
      SRR22904467.fastq.gz 0.00G 	 
[32mNote[0m: Above Run will be downloaded. You can see the details in SRR22904467.metadata.tsv
[92mSRR22904467 download and md5 check successful, save SRR22904467 in success.log[0m
=======================SRR22904467 download finished=======================
[32mNote[0m: SRR22904470.metadata.tsv exists, skip downloading metadata for SRR22904470
      SRR22904470.fastq.gz 0.00G 	 
[32mNote[0m: Above Run will be downloaded. You can see the details in SRR22904470.metadata.tsv
[92mSRR22904470 download and md5 check successful, save SRR22904470 in success.log[0m
=======================SRR22904470 download finished=======================
[32mNote[0m: SRR22904480.metadata.tsv exists, skip downloading metadata for SRR22904480
      SRR22904480.fastq.gz 0.00G 	 
[32mNote[0m: Above Run will be downloaded. You can see the details in SRR22904480.metadata.tsv
[92mSRR22904480 download and md5 check successful, save SRR22904480 in success.log[0m
=======================SRR22904480 download finished=======================
[32mNote[0m: SRR1031060.metadata.tsv exists, skip downloading metadata for SRR1031060
      SRR1031060	0.00G
[32mNote[0m: Above Run will be downloaded. You can see the details in SRR1031060.metadata.tsv
[93mNote[0m: SRR1031060 FASTQ file is also not available in the ENA database, switch to download SRA file
File size: 0.19G	Database: SRA	Mode: https
03:08:05.925 adaptiseq.engine.seam: Transport for sra-pub-run-odp.s3.amazonaws.com: HTTPS mirror is range-capable; segmented HTTPS
[93mNote[0m: No FASTQ files found for SRR1031060
[93mNote[0m: SRR1031060 FASTQ file is also not available in the ENA database, switch to download SRA file
File size: 0.19G	Database: SRA	Mode: https
03:08:07.899 adaptiseq.engine.seam: Transport for sra-pub-run-odp.s3.amazonaws.com: HTTPS mirror is range-capable; segmented HTTPS
[93mNote[0m: No FASTQ files found for SRR1031060
[93mNote[0m: SRR1031060 FASTQ file is also not available in the ENA database, switch to download SRA file
File size: 0.19G	Database: SRA	Mode: https
03:08:09.224 adaptiseq.engine.seam: Transport for sra-pub-run-odp.s3.amazonaws.com: HTTPS mirror is range-capable; segmented HTTPS
[93mNote[0m: No FASTQ files found for SRR1031060
[91mSRR1031060 failed: no FASTQ files after retry, saving to fail.log[0m
[32mNote[0m: Converting SRR1031060 to fastq files using 8 threads
[32mNote[0m: Compressing SRR1031060_1.fastq to SRR1031060_1.fastq.gz using 8 threads, may take a while
[32mNote[0m: Compressing SRR1031060_2.fastq to SRR1031060_2.fastq.gz using 8 threads, may take a while
========================SRR1031060 download finished========================
[32mNote[0m: SRR1031066.metadata.tsv exists, skip downloading metadata for SRR1031066
      SRR1031066	0.00G
[32mNote[0m: Above Run will be downloaded. You can see the details in SRR1031066.metadata.tsv
[93mNote[0m: SRR1031066 FASTQ file is also not available in the ENA database, switch to download SRA file
File size: 0.51G	Database: SRA	Mode: https
03:08:21.337 adaptiseq.engine.seam: Transport for sra-pub-run-odp.s3.amazonaws.com: HTTPS mirror is range-capable; segmented HTTPS
[93mNote[0m: No FASTQ files found for SRR1031066
[93mNote[0m: SRR1031066 FASTQ file is also not available in the ENA database, switch to download SRA file
File size: 0.51G	Database: SRA	Mode: https
03:08:22.650 adaptiseq.engine.seam: Transport for sra-pub-run-odp.s3.amazonaws.com: HTTPS mirror is range-capable; segmented HTTPS
[93mNote[0m: No FASTQ files found for SRR1031066
[93mNote[0m: SRR1031066 FASTQ file is also not available in the ENA database, switch to download SRA file
File size: 0.51G	Database: SRA	Mode: https
03:08:23.496 adaptiseq.engine.seam: Transport for sra-pub-run-odp.s3.amazonaws.com: HTTPS mirror is range-capable; segmented HTTPS
[93mNote[0m: No FASTQ files found for SRR1031066
[91mSRR1031066 failed: no FASTQ files after retry, saving to fail.log[0m
[32mNote[0m: Converting SRR1031066 to fastq files using 8 threads
[32mNote[0m: Compressing SRR1031066_1.fastq to SRR1031066_1.fastq.gz using 8 threads, may take a while
[32mNote[0m: Compressing SRR1031066_2.fastq to SRR1031066_2.fastq.gz using 8 threads, may take a while
========================SRR1031066 download finished========================
[32mNote[0m: SRR1031074.metadata.tsv exists, skip downloading metadata for SRR1031074
      SRR1031074	0.00G
[32mNote[0m: Above Run will be downloaded. You can see the details in SRR1031074.metadata.tsv
[93mNote[0m: SRR1031074 FASTQ file is also not available in the ENA database, switch to download SRA file
File size: 0.63G	Database: SRA	Mode: https
03:08:49.032 adaptiseq.engine.seam: Transport for sra-pub-run-odp.s3.amazonaws.com: HTTPS mirror is range-capable; segmented HTTPS
[93mNote[0m: No FASTQ files found for SRR1031074
[93mNote[0m: SRR1031074 FASTQ file is also not available in the ENA database, switch to download SRA file
File size: 0.63G	Database: SRA	Mode: https
03:08:50.143 adaptiseq.engine.seam: Transport for sra-pub-run-odp.s3.amazonaws.com: HTTPS mirror is range-capable; segmented HTTPS
[93mNote[0m: No FASTQ files found for SRR1031074
[93mNote[0m: SRR1031074 FASTQ file is also not available in the ENA database, switch to download SRA file
File size: 0.63G	Database: SRA	Mode: https
03:08:51.190 adaptiseq.engine.seam: Transport for sra-pub-run-odp.s3.amazonaws.com: HTTPS mirror is range-capable; segmented HTTPS
[93mNote[0m: No FASTQ files found for SRR1031074
[91mSRR1031074 failed: no FASTQ files after retry, saving to fail.log[0m
[32mNote[0m: Converting SRR1031074 to fastq files using 8 threads
[32mNote[0m: Compressing SRR1031074_1.fastq to SRR1031074_1.fastq.gz using 8 threads, may take a while
[32mNote[0m: Compressing SRR1031074_2.fastq to SRR1031074_2.fastq.gz using 8 threads, may take a while
========================SRR1031074 download finished========================
[32mNote[0m: SRR1031080.metadata.tsv exists, skip downloading metadata for SRR1031080
      SRR1031080	0.00G
[32mNote[0m: Above Run will be downloaded. You can see the details in SRR1031080.metadata.tsv
[93mNote[0m: SRR1031080 FASTQ file is also not available in the ENA database, switch to download SRA file
File size: 0.51G	Database: SRA	Mode: https
03:09:36.913 adaptiseq.engine.seam: Transport for sra-pub-run-odp.s3.amazonaws.com: HTTPS mirror is range-capable; segmented HTTPS
[93mNote[0m: No FASTQ files found for SRR1031080
[93mNote[0m: SRR1031080 FASTQ file is also not available in the ENA database, switch to download SRA file
File size: 0.51G	Database: SRA	Mode: https
03:09:38.076 adaptiseq.engine.seam: Transport for sra-pub-run-odp.s3.amazonaws.com: HTTPS mirror is range-capable; segmented HTTPS
[93mNote[0m: No FASTQ files found for SRR1031080
[93mNote[0m: SRR1031080 FASTQ file is also not available in the ENA database, switch to download SRA file
File size: 0.51G	Database: SRA	Mode: https
03:09:38.943 adaptiseq.engine.seam: Transport for sra-pub-run-odp.s3.amazonaws.com: HTTPS mirror is range-capable; segmented HTTPS
[93mNote[0m: No FASTQ files found for SRR1031080
[91mSRR1031080 failed: no FASTQ files after retry, saving to fail.log[0m
[32mNote[0m: Converting SRR1031080 to fastq files using 8 threads
[32mNote[0m: Compressing SRR1031080_1.fastq to SRR1031080_1.fastq.gz using 8 threads, may take a while
[32mNote[0m: Compressing SRR1031080_2.fastq to SRR1031080_2.fastq.gz using 8 threads, may take a while
========================SRR1031080 download finished========================
[32mNote[0m: SRR1031090.metadata.tsv exists, skip downloading metadata for SRR1031090
      SRR1031090	0.00G
[32mNote[0m: Above Run will be downloaded. You can see the details in SRR1031090.metadata.tsv
[93mNote[0m: SRR1031090 FASTQ file is also not available in the ENA database, switch to download SRA file
File size: 0.41G	Database: SRA	Mode: https
03:10:16.331 adaptiseq.engine.seam: Transport for sra-pub-run-odp.s3.amazonaws.com: HTTPS mirror is range-capable; segmented HTTPS
[93mNote[0m: No FASTQ files found for SRR1031090
[93mNote[0m: SRR1031090 FASTQ file is also not available in the ENA database, switch to download SRA file
File size: 0.41G	Database: SRA	Mode: https
03:10:17.294 adaptiseq.engine.seam: Transport for sra-pub-run-odp.s3.amazonaws.com: HTTPS mirror is range-capable; segmented HTTPS
[93mNote[0m: No FASTQ files found for SRR1031090
[93mNote[0m: SRR1031090 FASTQ file is also not available in the ENA database, switch to download SRA file
File size: 0.41G	Database: SRA	Mode: https
03:10:18.221 adaptiseq.engine.seam: Transport for sra-pub-run-odp.s3.amazonaws.com: HTTPS mirror is range-capable; segmented HTTPS
[93mNote[0m: No FASTQ files found for SRR1031090
[91mSRR1031090 failed: no FASTQ files after retry, saving to fail.log[0m
[32mNote[0m: Converting SRR1031090 to fastq files using 8 threads
[32mNote[0m: Compressing SRR1031090_1.fastq to SRR1031090_1.fastq.gz using 8 threads, may take a while
[32mNote[0m: Compressing SRR1031090_2.fastq to SRR1031090_2.fastq.gz using 8 threads, may take a while
========================SRR1031090 download finished========================
[32mNote[0m: SRR1031101.metadata.tsv exists, skip downloading metadata for SRR1031101
      SRR1031101	0.00G
[32mNote[0m: Above Run will be downloaded. You can see the details in SRR1031101.metadata.tsv
[93mNote[0m: SRR1031101 FASTQ file is also not available in the ENA database, switch to download SRA file
File size: 0.18G	Database: SRA	Mode: https
03:10:47.009 adaptiseq.engine.seam: Transport for sra-pub-run-odp.s3.amazonaws.com: HTTPS mirror is range-capable; segmented HTTPS
[93mNote[0m: No FASTQ files found for SRR1031101
[93mNote[0m: SRR1031101 FASTQ file is also not available in the ENA database, switch to download SRA file
File size: 0.18G	Database: SRA	Mode: https
03:10:48.034 adaptiseq.engine.seam: Transport for sra-pub-run-odp.s3.amazonaws.com: HTTPS mirror is range-capable; segmented HTTPS
[93mNote[0m: No FASTQ files found for SRR1031101
[93mNote[0m: SRR1031101 FASTQ file is also not available in the ENA database, switch to download SRA file
File size: 0.18G	Database: SRA	Mode: https
03:10:48.909 adaptiseq.engine.seam: Transport for sra-pub-run-odp.s3.amazonaws.com: HTTPS mirror is range-capable; segmented HTTPS
[93mNote[0m: No FASTQ files found for SRR1031101
[91mSRR1031101 failed: no FASTQ files after retry, saving to fail.log[0m
[32mNote[0m: Converting SRR1031101 to fastq files using 8 threads
[32mNote[0m: Compressing SRR1031101_1.fastq to SRR1031101_1.fastq.gz using 8 threads, may take a while
[32mNote[0m: Compressing SRR1031101_2.fastq to SRR1031101_2.fastq.gz using 8 threads, may take a while
========================SRR1031101 download finished========================
[32mNote[0m: CRX095512 belongs to CRA002399, CRA002399.metadata.xlsx will also be downloaded
      CRR120307.fastq.gz 1.99G 	 
[32mNote[0m: Above Run will be downloaded. You can see the details in CRX095512.metadata.csv
File size: 1.99G	Database: GSA	Mode: ftp
03:11:38.754 adaptiseq.engine.seam: Transport for download.big.ac.cn: FTP supports REST + concurrency; segmented FTP
03:14:14.900 adaptiseq.engine.ftp: FTP segment 1 attempt 1/3 failed: Waiting for ('2xx',) but got 426 [' Failure writing network stream.']
03:14:59.833 adaptiseq.engine.ftp: FTP segment 0 attempt 1/3 failed: Waiting for ('2xx',) but got 426 [' Failure writing network stream.']
03:15:00.835 adaptiseq.engine.ftp: Completed (ftp) CRR120307.fastq.gz
[32mNote[0m: Skip md5 check for CRR120307.fastq.gz, as md5sum command is not available or CRA002399.md5sum.txt is empty
[92mCRR120307.fastq.gz download successful, save CRR120307.fastq.gz in success.log[0m
========================CRX095512 download finished========================
[32mNote[0m: CRX917377 belongs to CRA014342, CRA014342.metadata.xlsx will also be downloaded
      CRR1007729.fq.gz 0.54G 	 
[32mNote[0m: Above Run will be downloaded. You can see the details in CRX917377.metadata.csv
File size: 0.54G	Database: GSA	Mode: ftp
03:15:28.660 adaptiseq.engine.seam: Transport for download.big.ac.cn: FTP supports REST + concurrency; segmented FTP
03:17:45.200 adaptiseq.engine.ftp: Completed (ftp) CRR1007729.fq.gz
[1;31mError[0m: Download failures detected. Please check [4mfail.log[0m for details.
[1;33mNote:[0m You can re-run the script to retry failed items.
[92mCRR1007729.fq.gz download and md5 check successful, save CRR1007729.fq.gz in success.log[0m
========================CRX917377 download finished========================
