2026-07-18 04:46:42 INFO     Query: SRR22904259                  download.py:373
                    INFO     Archive: ENA                        download.py:374
                    INFO     Total Runs To Download: 1           download.py:379
                    INFO     Working on run SRR22904259...       download.py:402
                    INFO     /mnt/nvme0n1/e3_work/3c_D4_mixed_fastq-d ena.py:202
                             l_rep2/SRR22904259.fastq.gz FTP download           
                             attempt 1                                          
2026-07-18 04:46:43 INFO     Successfully downloaded                  ena.py:232
                             /mnt/nvme0n1/e3_work/3c_D4_mixed_fastq-d           
                             l_rep2/SRR22904259.fastq.gz                        
                    INFO     Writing metadata to                 download.py:469
                             /mnt/nvme0n1/e3_work/3c_D4_mixed_fa                
                             stq-dl_rep2/fastq-run-info.tsv                     
2026-07-18 04:46:44 INFO     Query: SRR22904292                  download.py:373
                    INFO     Archive: ENA                        download.py:374
                    INFO     Total Runs To Download: 1           download.py:379
                    INFO     Working on run SRR22904292...       download.py:402
                    INFO     /mnt/nvme0n1/e3_work/3c_D4_mixed_fastq-d ena.py:202
                             l_rep2/SRR22904292.fastq.gz FTP download           
                             attempt 1                                          
2026-07-18 04:46:55 INFO     Successfully downloaded                  ena.py:232
                             /mnt/nvme0n1/e3_work/3c_D4_mixed_fastq-d           
                             l_rep2/SRR22904292.fastq.gz                        
                    INFO     Writing metadata to                 download.py:469
                             /mnt/nvme0n1/e3_work/3c_D4_mixed_fa                
                             stq-dl_rep2/fastq-run-info.tsv                     
2026-07-18 04:46:56 INFO     Query: SRR22904353                  download.py:373
                    INFO     Archive: ENA                        download.py:374
                    INFO     Total Runs To Download: 1           download.py:379
                    INFO     Working on run SRR22904353...       download.py:402
                    INFO     /mnt/nvme0n1/e3_work/3c_D4_mixed_fastq-d ena.py:202
                             l_rep2/SRR22904353.fastq.gz FTP download           
                             attempt 1                                          
2026-07-18 04:46:58 INFO     Successfully downloaded                  ena.py:232
                             /mnt/nvme0n1/e3_work/3c_D4_mixed_fastq-d           
                             l_rep2/SRR22904353.fastq.gz                        
                    INFO     Writing metadata to                 download.py:469
                             /mnt/nvme0n1/e3_work/3c_D4_mixed_fa                
                             stq-dl_rep2/fastq-run-info.tsv                     
2026-07-18 04:46:59 INFO     Query: SRR22904368                  download.py:373
                    INFO     Archive: ENA                        download.py:374
                    INFO     Total Runs To Download: 1           download.py:379
                    INFO     Working on run SRR22904368...       download.py:402
                    INFO     /mnt/nvme0n1/e3_work/3c_D4_mixed_fastq-d ena.py:202
                             l_rep2/SRR22904368.fastq.gz FTP download           
                             attempt 1                                          
2026-07-18 04:47:00 INFO     Successfully downloaded                  ena.py:232
                             /mnt/nvme0n1/e3_work/3c_D4_mixed_fastq-d           
                             l_rep2/SRR22904368.fastq.gz                        
                    INFO     Writing metadata to                 download.py:469
                             /mnt/nvme0n1/e3_work/3c_D4_mixed_fa                
                             stq-dl_rep2/fastq-run-info.tsv                     
2026-07-18 04:47:01 INFO     Query: SRR22904389                  download.py:373
                    INFO     Archive: ENA                        download.py:374
                    INFO     Total Runs To Download: 1           download.py:379
                    INFO     Working on run SRR22904389...       download.py:402
                    INFO     /mnt/nvme0n1/e3_work/3c_D4_mixed_fastq-d ena.py:202
                             l_rep2/SRR22904389.fastq.gz FTP download           
                             attempt 1                                          
2026-07-18 04:47:03 INFO     Successfully downloaded                  ena.py:232
                             /mnt/nvme0n1/e3_work/3c_D4_mixed_fastq-d           
                             l_rep2/SRR22904389.fastq.gz                        
                    INFO     Writing metadata to                 download.py:469
                             /mnt/nvme0n1/e3_work/3c_D4_mixed_fa                
                             stq-dl_rep2/fastq-run-info.tsv                     
2026-07-18 04:47:04 INFO     Query: SRR22904391                  download.py:373
                    INFO     Archive: ENA                        download.py:374
                    INFO     Total Runs To Download: 1           download.py:379
                    INFO     Working on run SRR22904391...       download.py:402
                    INFO     /mnt/nvme0n1/e3_work/3c_D4_mixed_fastq-d ena.py:202
                             l_rep2/SRR22904391.fastq.gz FTP download           
                             attempt 1                                          
2026-07-18 04:47:05 INFO     Successfully downloaded                  ena.py:232
                             /mnt/nvme0n1/e3_work/3c_D4_mixed_fastq-d           
                             l_rep2/SRR22904391.fastq.gz                        
                    INFO     Writing metadata to                 download.py:469
                             /mnt/nvme0n1/e3_work/3c_D4_mixed_fa                
                             stq-dl_rep2/fastq-run-info.tsv                     
2026-07-18 04:47:06 INFO     Query: SRR22904396                  download.py:373
                    INFO     Archive: ENA                        download.py:374
                    INFO     Total Runs To Download: 1           download.py:379
                    INFO     Working on run SRR22904396...       download.py:402
                    INFO     /mnt/nvme0n1/e3_work/3c_D4_mixed_fastq-d ena.py:202
                             l_rep2/SRR22904396.fastq.gz FTP download           
                             attempt 1                                          
2026-07-18 04:47:08 INFO     Successfully downloaded                  ena.py:232
                             /mnt/nvme0n1/e3_work/3c_D4_mixed_fastq-d           
                             l_rep2/SRR22904396.fastq.gz                        
                    INFO     Writing metadata to                 download.py:469
                             /mnt/nvme0n1/e3_work/3c_D4_mixed_fa                
                             stq-dl_rep2/fastq-run-info.tsv                     
2026-07-18 04:47:09 INFO     Query: SRR22904447                  download.py:373
                    INFO     Archive: ENA                        download.py:374
                    INFO     Total Runs To Download: 1           download.py:379
                    INFO     Working on run SRR22904447...       download.py:402
                    INFO     /mnt/nvme0n1/e3_work/3c_D4_mixed_fastq-d ena.py:202
                             l_rep2/SRR22904447.fastq.gz FTP download           
                             attempt 1                                          
2026-07-18 04:47:11 INFO     Successfully downloaded                  ena.py:232
                             /mnt/nvme0n1/e3_work/3c_D4_mixed_fastq-d           
                             l_rep2/SRR22904447.fastq.gz                        
                    INFO     Writing metadata to                 download.py:469
                             /mnt/nvme0n1/e3_work/3c_D4_mixed_fa                
                             stq-dl_rep2/fastq-run-info.tsv                     
2026-07-18 04:47:12 INFO     Query: SRR22904461                  download.py:373
                    INFO     Archive: ENA                        download.py:374
                    INFO     Total Runs To Download: 1           download.py:379
                    INFO     Working on run SRR22904461...       download.py:402
                    INFO     /mnt/nvme0n1/e3_work/3c_D4_mixed_fastq-d ena.py:202
                             l_rep2/SRR22904461.fastq.gz FTP download           
                             attempt 1                                          
2026-07-18 04:47:14 INFO     Successfully downloaded                  ena.py:232
                             /mnt/nvme0n1/e3_work/3c_D4_mixed_fastq-d           
                             l_rep2/SRR22904461.fastq.gz                        
                    INFO     Writing metadata to                 download.py:469
                             /mnt/nvme0n1/e3_work/3c_D4_mixed_fa                
                             stq-dl_rep2/fastq-run-info.tsv                     
2026-07-18 04:47:15 INFO     Query: SRR22904467                  download.py:373
                    INFO     Archive: ENA                        download.py:374
                    INFO     Total Runs To Download: 1           download.py:379
                    INFO     Working on run SRR22904467...       download.py:402
                    INFO     /mnt/nvme0n1/e3_work/3c_D4_mixed_fastq-d ena.py:202
                             l_rep2/SRR22904467.fastq.gz FTP download           
                             attempt 1                                          
2026-07-18 04:47:16 INFO     Successfully downloaded                  ena.py:232
                             /mnt/nvme0n1/e3_work/3c_D4_mixed_fastq-d           
                             l_rep2/SRR22904467.fastq.gz                        
                    INFO     Writing metadata to                 download.py:469
                             /mnt/nvme0n1/e3_work/3c_D4_mixed_fa                
                             stq-dl_rep2/fastq-run-info.tsv                     
2026-07-18 04:47:17 INFO     Query: SRR22904470                  download.py:373
                    INFO     Archive: ENA                        download.py:374
                    INFO     Total Runs To Download: 1           download.py:379
                    INFO     Working on run SRR22904470...       download.py:402
                    INFO     /mnt/nvme0n1/e3_work/3c_D4_mixed_fastq-d ena.py:202
                             l_rep2/SRR22904470.fastq.gz FTP download           
                             attempt 1                                          
2026-07-18 04:47:19 INFO     Successfully downloaded                  ena.py:232
                             /mnt/nvme0n1/e3_work/3c_D4_mixed_fastq-d           
                             l_rep2/SRR22904470.fastq.gz                        
                    INFO     Writing metadata to                 download.py:469
                             /mnt/nvme0n1/e3_work/3c_D4_mixed_fa                
                             stq-dl_rep2/fastq-run-info.tsv                     
2026-07-18 04:47:20 INFO     Query: SRR22904480                  download.py:373
                    INFO     Archive: ENA                        download.py:374
                    INFO     Total Runs To Download: 1           download.py:379
                    INFO     Working on run SRR22904480...       download.py:402
                    INFO     /mnt/nvme0n1/e3_work/3c_D4_mixed_fastq-d ena.py:202
                             l_rep2/SRR22904480.fastq.gz FTP download           
                             attempt 1                                          
2026-07-18 04:47:21 INFO     Successfully downloaded                  ena.py:232
                             /mnt/nvme0n1/e3_work/3c_D4_mixed_fastq-d           
                             l_rep2/SRR22904480.fastq.gz                        
                    INFO     Writing metadata to                 download.py:469
                             /mnt/nvme0n1/e3_work/3c_D4_mixed_fa                
                             stq-dl_rep2/fastq-run-info.tsv                     
2026-07-18 04:47:22 INFO     Query: SRR1031060                   download.py:373
                    INFO     Archive: ENA                        download.py:374
                    INFO     Total Runs To Download: 1           download.py:379
                    INFO     Working on run SRR1031060...        download.py:402
                    INFO     SRR1031060 not found on ENA,        download.py:586
                             retrying from SRA                                  
2026-07-18 04:47:26 INFO     Downloaded FASTQs for SRR1031060         sra.py:157
                    INFO     Writing metadata to                 download.py:469
                             /mnt/nvme0n1/e3_work/3c_D4_mixed_fa                
                             stq-dl_rep2/fastq-run-info.tsv                     
2026-07-18 04:47:27 INFO     Query: SRR1031066                   download.py:373
                    INFO     Archive: ENA                        download.py:374
                    INFO     Total Runs To Download: 1           download.py:379
                    INFO     Working on run SRR1031066...        download.py:402
                    INFO     SRR1031066 not found on ENA,        download.py:586
                             retrying from SRA                                  
2026-07-18 04:47:35 INFO     Downloaded FASTQs for SRR1031066         sra.py:157
                    INFO     Writing metadata to                 download.py:469
                             /mnt/nvme0n1/e3_work/3c_D4_mixed_fa                
                             stq-dl_rep2/fastq-run-info.tsv                     
2026-07-18 04:47:36 INFO     Query: SRR1031074                   download.py:373
                    INFO     Archive: ENA                        download.py:374
                    INFO     Total Runs To Download: 1           download.py:379
                    INFO     Working on run SRR1031074...        download.py:402
                    INFO     SRR1031074 not found on ENA,        download.py:586
                             retrying from SRA                                  
2026-07-18 04:47:44 INFO     Downloaded FASTQs for SRR1031074         sra.py:157
                    INFO     Writing metadata to                 download.py:469
                             /mnt/nvme0n1/e3_work/3c_D4_mixed_fa                
                             stq-dl_rep2/fastq-run-info.tsv                     
2026-07-18 04:47:45 INFO     Query: SRR1031080                   download.py:373
                    INFO     Archive: ENA                        download.py:374
                    INFO     Total Runs To Download: 1           download.py:379
                    INFO     Working on run SRR1031080...        download.py:402
                    INFO     SRR1031080 not found on ENA,        download.py:586
                             retrying from SRA                                  
2026-07-18 04:47:52 INFO     Downloaded FASTQs for SRR1031080         sra.py:157
                    INFO     Writing metadata to                 download.py:469
                             /mnt/nvme0n1/e3_work/3c_D4_mixed_fa                
                             stq-dl_rep2/fastq-run-info.tsv                     
2026-07-18 04:47:53 INFO     Query: SRR1031090                   download.py:373
                    INFO     Archive: ENA                        download.py:374
                    INFO     Total Runs To Download: 1           download.py:379
                    INFO     Working on run SRR1031090...        download.py:402
                    INFO     SRR1031090 not found on ENA,        download.py:586
                             retrying from SRA                                  
2026-07-18 04:47:58 INFO     Downloaded FASTQs for SRR1031090         sra.py:157
                    INFO     Writing metadata to                 download.py:469
                             /mnt/nvme0n1/e3_work/3c_D4_mixed_fa                
                             stq-dl_rep2/fastq-run-info.tsv                     
2026-07-18 04:47:59 INFO     Query: SRR1031101                   download.py:373
                    INFO     Archive: ENA                        download.py:374
                    INFO     Total Runs To Download: 1           download.py:379
                    INFO     Working on run SRR1031101...        download.py:402
                    INFO     SRR1031101 not found on ENA,        download.py:586
                             retrying from SRA                                  
2026-07-18 04:48:03 INFO     Downloaded FASTQs for SRR1031101         sra.py:157
                    INFO     Writing metadata to                 download.py:469
                             /mnt/nvme0n1/e3_work/3c_D4_mixed_fa                
                             stq-dl_rep2/fastq-run-info.tsv                     
2026-07-18 04:48:03 ERROR    CRX095512 is not a Study, Sample,   download.py:307
                             Experiment, or Run accession. See                  
                             https://ena-docs.readthedocs.io/en/                
                             latest/submit/general-guide/accessi                
                             ons.html for valid options                         
2026-07-18 04:48:04 ERROR    CRX917377 is not a Study, Sample,   download.py:307
                             Experiment, or Run accession. See                  
                             https://ena-docs.readthedocs.io/en/                
                             latest/submit/general-guide/accessi                
                             ons.html for valid options                         
