[32mNote[0m: batch downloading 3 file(s) across 3 accession(s) with up to 3 worker(s) (configured max 20) (fixed concurrency)
20:18:16.425 adaptiseq.engine.seam: Transport for ftp.sra.ebi.ac.uk: HTTPS mirror is range-capable; segmented HTTPS
20:18:16.426 adaptiseq.engine.seam: Transport for ftp.sra.ebi.ac.uk: HTTPS mirror is range-capable; segmented HTTPS
20:18:16.426 adaptiseq.engine.seam: Transport for ftp.sra.ebi.ac.uk: HTTPS mirror is range-capable; segmented HTTPS
20:18:16.634 adaptiseq.batch: downloaded SRR22904390.fastq.gz
20:18:16.635 adaptiseq.batch: downloaded SRR22904387.fastq.gz
20:18:16.738 adaptiseq.batch: downloaded SRR22904370.fastq.gz
[32mNote[0m: SRR22904390.metadata.tsv exists, skip downloading metadata for SRR22904390
      SRR22904390.fastq.gz 0.00G 	 
[32mNote[0m: Above Run will be downloaded. You can see the details in SRR22904390.metadata.tsv
[92mSRR22904390 download and md5 check successful, save SRR22904390 in success.log[0m
=======================SRR22904390 download finished=======================
[32mNote[0m: SRR22904370.metadata.tsv exists, skip downloading metadata for SRR22904370
      SRR22904370.fastq.gz 0.00G 	 
[32mNote[0m: Above Run will be downloaded. You can see the details in SRR22904370.metadata.tsv
[92mSRR22904370 download and md5 check successful, save SRR22904370 in success.log[0m
=======================SRR22904370 download finished=======================
[32mNote[0m: SRR22904387.metadata.tsv exists, skip downloading metadata for SRR22904387
      SRR22904387.fastq.gz 0.00G 	 
[32mNote[0m: Above Run will be downloaded. You can see the details in SRR22904387.metadata.tsv
[92mSRR22904387 download and md5 check successful, save SRR22904387 in success.log[0m
=======================SRR22904387 download finished=======================
