      SRR22904390.fastq.gz 0.00G 	 
[32mNote[0m: Above Run will be downloaded. You can see the details in SRR22904390.metadata.tsv
[32mNote[0m: -g used, download FASTQ files in gzip format directly
File size: 0.00G	Database: ENA	Mode: ftp

     0K .......... .....                                      100%  475M=0s

[92mSRR22904390 download and md5 check successful, save SRR22904390 in success.log[0m
=======================SRR22904390 download finished=======================
      SRR22904370.fastq.gz 0.00G 	 
[32mNote[0m: Above Run will be downloaded. You can see the details in SRR22904370.metadata.tsv
[32mNote[0m: -g used, download FASTQ files in gzip format directly
File size: 0.00G	Database: ENA	Mode: ftp

     0K .......... .....                                      100%  152K=0.1s

[92mSRR22904370 download and md5 check successful, save SRR22904370 in success.log[0m
=======================SRR22904370 download finished=======================
      SRR22904387.fastq.gz 0.00G 	 
[32mNote[0m: Above Run will be downloaded. You can see the details in SRR22904387.metadata.tsv
[32mNote[0m: -g used, download FASTQ files in gzip format directly
File size: 0.00G	Database: ENA	Mode: ftp

     0K .......... .....                                      100%  155K=0.1s

[92mSRR22904387 download and md5 check successful, save SRR22904387 in success.log[0m
=======================SRR22904387 download finished=======================
